[0.035s] Invoking command in '/home/user/ros2_ws/build/slam_gmapping': CMAKE_PREFIX_PATH=/home/user/ros2_ws/install/openslam_gmapping:/home/user/ros2_ws/install/slam_gmapping:/home/user/ros2_ws/install/serial:/home/user/ros2_ws/install/rtabmap_ros:/home/user/ros2_ws/install/rtabmap_launch:/home/user/ros2_ws/install/rtabmap_examples:/home/user/ros2_ws/install/rtabmap_demos:/home/user/ros2_ws/install/rtabmap_viz:/home/user/ros2_ws/install/rtabmap_slam:/home/user/ros2_ws/install/rtabmap_odom:/home/user/ros2_ws/install/rtabmap_util:/home/user/ros2_ws/install/rtabmap_sync:/home/user/ros2_ws/install/rtabmap_rviz_plugins:/home/user/ros2_ws/install/rtabmap_conversions:/home/user/ros2_ws/install/rtabmap_python:/opt/ros/humble:/home/user/ros2_ws/install/rtabmap_msgs:/home/user/ros2_ws/install/rtabmap:/home/user/ros2_ws/install/roboteq_ros2_driver:/home/user/ros2_ws/install/realsense2_description:/home/user/ros2_ws/install/realsense2_camera:/home/user/ros2_ws/install/realsense2_camera_msgs:/home/user/ros2_ws/install/lslidar_driver:/home/user/ros2_ws/install/lslidar_msgs:/home/user/ros2_ws/install/amr_bot /usr/bin/cmake --build /home/user/ros2_ws/build/slam_gmapping
[0.079s] [100%] Built target slam_gmapping
[0.087s] Invoked command in '/home/user/ros2_ws/build/slam_gmapping' returned '0': CMAKE_PREFIX_PATH=/home/user/ros2_ws/install/openslam_gmapping:/home/user/ros2_ws/install/slam_gmapping:/home/user/ros2_ws/install/serial:/home/user/ros2_ws/install/rtabmap_ros:/home/user/ros2_ws/install/rtabmap_launch:/home/user/ros2_ws/install/rtabmap_examples:/home/user/ros2_ws/install/rtabmap_demos:/home/user/ros2_ws/install/rtabmap_viz:/home/user/ros2_ws/install/rtabmap_slam:/home/user/ros2_ws/install/rtabmap_odom:/home/user/ros2_ws/install/rtabmap_util:/home/user/ros2_ws/install/rtabmap_sync:/home/user/ros2_ws/install/rtabmap_rviz_plugins:/home/user/ros2_ws/install/rtabmap_conversions:/home/user/ros2_ws/install/rtabmap_python:/opt/ros/humble:/home/user/ros2_ws/install/rtabmap_msgs:/home/user/ros2_ws/install/rtabmap:/home/user/ros2_ws/install/roboteq_ros2_driver:/home/user/ros2_ws/install/realsense2_description:/home/user/ros2_ws/install/realsense2_camera:/home/user/ros2_ws/install/realsense2_camera_msgs:/home/user/ros2_ws/install/lslidar_driver:/home/user/ros2_ws/install/lslidar_msgs:/home/user/ros2_ws/install/amr_bot /usr/bin/cmake --build /home/user/ros2_ws/build/slam_gmapping
[0.107s] Invoking command in '/home/user/ros2_ws/build/slam_gmapping': CMAKE_PREFIX_PATH=/home/user/ros2_ws/install/openslam_gmapping:/home/user/ros2_ws/install/slam_gmapping:/home/user/ros2_ws/install/serial:/home/user/ros2_ws/install/rtabmap_ros:/home/user/ros2_ws/install/rtabmap_launch:/home/user/ros2_ws/install/rtabmap_examples:/home/user/ros2_ws/install/rtabmap_demos:/home/user/ros2_ws/install/rtabmap_viz:/home/user/ros2_ws/install/rtabmap_slam:/home/user/ros2_ws/install/rtabmap_odom:/home/user/ros2_ws/install/rtabmap_util:/home/user/ros2_ws/install/rtabmap_sync:/home/user/ros2_ws/install/rtabmap_rviz_plugins:/home/user/ros2_ws/install/rtabmap_conversions:/home/user/ros2_ws/install/rtabmap_python:/opt/ros/humble:/home/user/ros2_ws/install/rtabmap_msgs:/home/user/ros2_ws/install/rtabmap:/home/user/ros2_ws/install/roboteq_ros2_driver:/home/user/ros2_ws/install/realsense2_description:/home/user/ros2_ws/install/realsense2_camera:/home/user/ros2_ws/install/realsense2_camera_msgs:/home/user/ros2_ws/install/lslidar_driver:/home/user/ros2_ws/install/lslidar_msgs:/home/user/ros2_ws/install/amr_bot /usr/bin/cmake --install /home/user/ros2_ws/build/slam_gmapping
[0.112s] -- Install configuration: "Release"
[0.112s] -- Execute custom install script
[0.112s] -- Up-to-date symlink: /home/user/ros2_ws/install/slam_gmapping/lib/slam_gmapping/slam_gmapping
[0.112s] -- Up-to-date symlink: /home/user/ros2_ws/install/slam_gmapping/share/slam_gmapping/launch/slam_gmapping.launch.py
[0.112s] -- Up-to-date symlink: /home/user/ros2_ws/install/slam_gmapping/share/ament_index/resource_index/package_run_dependencies/slam_gmapping
[0.112s] -- Up-to-date symlink: /home/user/ros2_ws/install/slam_gmapping/share/ament_index/resource_index/parent_prefix_path/slam_gmapping
[0.113s] -- Up-to-date symlink: /home/user/ros2_ws/install/slam_gmapping/share/slam_gmapping/environment/ament_prefix_path.sh
[0.113s] -- Up-to-date symlink: /home/user/ros2_ws/install/slam_gmapping/share/slam_gmapping/environment/ament_prefix_path.dsv
[0.113s] -- Up-to-date symlink: /home/user/ros2_ws/install/slam_gmapping/share/slam_gmapping/environment/path.sh
[0.113s] -- Up-to-date symlink: /home/user/ros2_ws/install/slam_gmapping/share/slam_gmapping/environment/path.dsv
[0.113s] -- Up-to-date symlink: /home/user/ros2_ws/install/slam_gmapping/share/slam_gmapping/local_setup.bash
[0.113s] -- Up-to-date symlink: /home/user/ros2_ws/install/slam_gmapping/share/slam_gmapping/local_setup.sh
[0.113s] -- Up-to-date symlink: /home/user/ros2_ws/install/slam_gmapping/share/slam_gmapping/local_setup.zsh
[0.113s] -- Up-to-date symlink: /home/user/ros2_ws/install/slam_gmapping/share/slam_gmapping/local_setup.dsv
[0.113s] -- Symlinking: /home/user/ros2_ws/install/slam_gmapping/share/slam_gmapping/package.dsv
[0.120s] -- Up-to-date symlink: /home/user/ros2_ws/install/slam_gmapping/share/ament_index/resource_index/packages/slam_gmapping
[0.120s] -- Up-to-date symlink: /home/user/ros2_ws/install/slam_gmapping/share/slam_gmapping/cmake/slam_gmappingConfig.cmake
[0.120s] -- Up-to-date symlink: /home/user/ros2_ws/install/slam_gmapping/share/slam_gmapping/cmake/slam_gmappingConfig-version.cmake
[0.120s] -- Up-to-date symlink: /home/user/ros2_ws/install/slam_gmapping/share/slam_gmapping/package.xml
[0.122s] Invoked command in '/home/user/ros2_ws/build/slam_gmapping' returned '0': CMAKE_PREFIX_PATH=/home/user/ros2_ws/install/openslam_gmapping:/home/user/ros2_ws/install/slam_gmapping:/home/user/ros2_ws/install/serial:/home/user/ros2_ws/install/rtabmap_ros:/home/user/ros2_ws/install/rtabmap_launch:/home/user/ros2_ws/install/rtabmap_examples:/home/user/ros2_ws/install/rtabmap_demos:/home/user/ros2_ws/install/rtabmap_viz:/home/user/ros2_ws/install/rtabmap_slam:/home/user/ros2_ws/install/rtabmap_odom:/home/user/ros2_ws/install/rtabmap_util:/home/user/ros2_ws/install/rtabmap_sync:/home/user/ros2_ws/install/rtabmap_rviz_plugins:/home/user/ros2_ws/install/rtabmap_conversions:/home/user/ros2_ws/install/rtabmap_python:/opt/ros/humble:/home/user/ros2_ws/install/rtabmap_msgs:/home/user/ros2_ws/install/rtabmap:/home/user/ros2_ws/install/roboteq_ros2_driver:/home/user/ros2_ws/install/realsense2_description:/home/user/ros2_ws/install/realsense2_camera:/home/user/ros2_ws/install/realsense2_camera_msgs:/home/user/ros2_ws/install/lslidar_driver:/home/user/ros2_ws/install/lslidar_msgs:/home/user/ros2_ws/install/amr_bot /usr/bin/cmake --install /home/user/ros2_ws/build/slam_gmapping
