[0.036s] Invoking command in '/home/user/ros2_ws/build/rtabmap_slam': CMAKE_PREFIX_PATH=/home/user/ros2_ws/install/rtabmap_util:/home/user/ros2_ws/install/rtabmap_sync:/home/user/ros2_ws/install/rtabmap_conversions:/home/user/ros2_ws/install/rtabmap_python:/opt/ros/humble:/home/user/ros2_ws/install/rtabmap_msgs:/home/user/ros2_ws/install/rtabmap:/home/user/ros2_ws/install/rtabmap_ros:/home/user/ros2_ws/install/rtabmap_launch:/home/user/ros2_ws/install/rtabmap_examples:/home/user/ros2_ws/install/rtabmap_demos:/home/user/ros2_ws/install/rtabmap_viz:/home/user/ros2_ws/install/rtabmap_slam:/home/user/ros2_ws/install/rtabmap_odom:/home/user/ros2_ws/install/rtabmap_rviz_plugins:/home/user/ros2_ws/install/slam_gmapping:/home/user/ros2_ws/install/serial:/home/user/ros2_ws/install/roboteq_ros2_driver:/home/user/ros2_ws/install/realsense2_description:/home/user/ros2_ws/install/realsense2_camera:/home/user/ros2_ws/install/realsense2_camera_msgs:/home/user/ros2_ws/install/openslam_gmapping:/home/user/ros2_ws/install/lslidar_driver:/home/user/ros2_ws/install/lslidar_msgs:/home/user/ros2_ws/install/lidar_odometry:/home/user/ros2_ws/install/amr_bot LD_LIBRARY_PATH=/home/user/ros2_ws/install/rtabmap_util/lib:/home/user/ros2_ws/install/rtabmap_sync/lib:/home/user/ros2_ws/install/rtabmap_conversions/lib:/home/user/ros2_ws/install/rtabmap_msgs/lib:/home/user/ros2_ws/install/rtabmap/lib:/home/user/ros2_ws/install/rtabmap_slam/lib:/home/user/ros2_ws/install/rtabmap_odom/lib:/home/user/ros2_ws/install/rtabmap_rviz_plugins/lib:/home/user/ros2_ws/install/serial/lib:/home/user/ros2_ws/install/realsense2_camera/lib:/home/user/ros2_ws/install/realsense2_camera_msgs/lib:/home/user/ros2_ws/install/openslam_gmapping/lib:/home/user/ros2_ws/install/lslidar_msgs/lib:/usr/lib/x86_64-linux-gnu/gazebo-11/plugins:/opt/ros/humble/opt/rviz_ogre_vendor/lib:/opt/ros/humble/lib/x86_64-linux-gnu:/opt/ros/humble/lib PYTHONPATH=/home/user/ros2_ws/install/rtabmap_msgs/local/lib/python3.10/dist-packages:/home/user/ros2_ws/build/rtabmap_python:/home/user/ros2_ws/install/rtabmap_python/lib/python3.10/site-packages:/home/user/ros2_ws/install/realsense2_camera_msgs/local/lib/python3.10/dist-packages:/home/user/ros2_ws/install/lslidar_msgs/local/lib/python3.10/dist-packages:/opt/ros/humble/lib/python3.10/site-packages:/opt/ros/humble/local/lib/python3.10/dist-packages /usr/bin/cmake /home/user/ros2_ws/src/rtabmap_ros/rtabmap_slam -DCMAKE_BUILD_TYPE=Release -DAMENT_CMAKE_SYMLINK_INSTALL=1 -DCMAKE_INSTALL_PREFIX=/home/user/ros2_ws/install/rtabmap_slam
[0.069s] -- The C compiler identification is GNU 11.4.0
[0.101s] -- The CXX compiler identification is GNU 11.4.0
[0.105s] -- Detecting C compiler ABI info
[0.148s] -- Detecting C compiler ABI info - done
[0.152s] -- Check for working C compiler: /usr/bin/cc - skipped
[0.152s] -- Detecting C compile features
[0.152s] -- Detecting C compile features - done
[0.154s] -- Detecting CXX compiler ABI info
[0.201s] -- Detecting CXX compiler ABI info - done
[0.205s] -- Check for working CXX compiler: /usr/bin/c++ - skipped
[0.205s] -- Detecting CXX compile features
[0.205s] -- Detecting CXX compile features - done
[0.206s] -- Found ament_cmake: 1.3.7 (/opt/ros/humble/share/ament_cmake/cmake)
[0.318s] -- Found Python3: /usr/bin/python3.10 (found version "3.10.12") found components: Interpreter 
[0.354s] -- Override CMake install command with custom implementation using symlinks instead of copying resources
[0.370s] -- Found cv_bridge: 3.2.1 (/opt/ros/humble/share/cv_bridge/cmake)
[0.398s] -- Found rosidl_generator_c: 3.1.5 (/opt/ros/humble/share/rosidl_generator_c/cmake)
[0.400s] -- Found rosidl_adapter: 3.1.5 (/opt/ros/humble/share/rosidl_adapter/cmake)
[0.405s] -- Found rosidl_generator_cpp: 3.1.5 (/opt/ros/humble/share/rosidl_generator_cpp/cmake)
[0.414s] -- Using all available rosidl_typesupport_c: rosidl_typesupport_fastrtps_c;rosidl_typesupport_introspection_c
[0.425s] -- Using all available rosidl_typesupport_cpp: rosidl_typesupport_fastrtps_cpp;rosidl_typesupport_introspection_cpp
[0.546s] -- Found nav_msgs: 4.2.3 (/opt/ros/humble/share/nav_msgs/cmake)
[0.593s] -- Found nav2_msgs: 1.1.12 (/opt/ros/humble/share/nav2_msgs/cmake)
[0.711s] -- Found pluginlib: 5.1.0 (/opt/ros/humble/share/pluginlib/cmake)
[0.728s] -- Found rclcpp: 16.0.8 (/opt/ros/humble/share/rclcpp/cmake)
[0.761s] -- Found rmw_implementation_cmake: 6.1.1 (/opt/ros/humble/share/rmw_implementation_cmake/cmake)
[0.762s] -- Found rmw_fastrtps_cpp: 6.2.6 (/opt/ros/humble/share/rmw_fastrtps_cpp/cmake)
[0.783s] -- Found TinyXML2 via Config file: TinyXML2_DIR-NOTFOUND
[0.816s] -- Found OpenSSL: /usr/lib/x86_64-linux-gnu/libcrypto.so (found version "3.0.2")  
[0.817s] -- Found TinyXML2 via Config file: TinyXML2_DIR-NOTFOUND
[0.827s] -- Found FastRTPS: /opt/ros/humble/include  
[0.832s] -- Found TinyXML2 via Config file: TinyXML2_DIR-NOTFOUND
[0.837s] -- Found TinyXML2 via Config file: TinyXML2_DIR-NOTFOUND
[0.846s] -- Using RMW implementation 'rmw_fastrtps_cpp' as default
[0.853s] -- Looking for pthread.h
[0.899s] -- Looking for pthread.h - found
[0.900s] -- Performing Test CMAKE_HAVE_LIBC_PTHREAD
[0.943s] -- Performing Test CMAKE_HAVE_LIBC_PTHREAD - Success
[0.944s] -- Found Threads: TRUE  
[1.015s] -- Found rclcpp_components: 16.0.8 (/opt/ros/humble/share/rclcpp_components/cmake)
[1.047s] -- Found std_srvs: 4.2.3 (/opt/ros/humble/share/std_srvs/cmake)
[1.056s] -- Found tf2: 0.25.5 (/opt/ros/humble/share/tf2/cmake)
[1.061s] -- Found tf2_ros: 0.25.5 (/opt/ros/humble/share/tf2_ros/cmake)
[1.170s] -- Found visualization_msgs: 4.2.3 (/opt/ros/humble/share/visualization_msgs/cmake)
[1.237s] -- Found rtabmap_msgs: 0.21.3 (/home/user/ros2_ws/install/rtabmap_msgs/share/rtabmap_msgs/cmake)
[1.304s] -- Found rtabmap_util: 0.21.3 (/home/user/ros2_ws/install/rtabmap_util/share/rtabmap_util/cmake)
[1.766s] -- Found eigen3_cmake_module: 0.1.1 (/opt/ros/humble/share/eigen3_cmake_module/cmake)
[1.766s] -- Found Eigen3: TRUE (found version "3.4.0") 
[1.767s] -- Ensuring Eigen3 include directory is part of orocos-kdl CMake target
[1.978s] -- Checking for module 'eigen3'
[1.986s] --   Found eigen3, version 3.4.0
[2.007s] -- Found Eigen: /usr/include/eigen3 (Required is at least version "3.1") 
[2.007s] -- Eigen found (include: /usr/include/eigen3, version: 3.4.0)
[2.033s] -- Checking for module 'flann'
[2.041s] --   Found flann, version 1.9.1
[2.065s] -- Found FLANN: /usr/lib/x86_64-linux-gnu/libflann_cpp.so  
[2.065s] -- FLANN found (include: /usr/include, lib: /usr/lib/x86_64-linux-gnu/libflann_cpp.so)
[2.624s] -- Checking for module 'libusb-1.0'
[2.634s] --   Found libusb-1.0, version 1.0.25
[2.656s] -- Found libusb: /usr/lib/x86_64-linux-gnu/libusb-1.0.so  
[2.656s] -- OpenNI found (version: 1.5.4.0, include: /usr/include/ni, lib: /usr/lib/libOpenNI.so;libusb::libusb)
[2.690s] -- OpenNI2 found (version: 2.2.0.33, include: /usr/include/openni2, lib: /usr/lib/x86_64-linux-gnu/libOpenNI2.so;libusb::libusb)
[2.779s] -- Eigen found (include: /usr/include/eigen3, version: 3.4.0)
[2.782s] -- OpenNI found (version: 1.5.4.0, include: /usr/include/ni, lib: /usr/lib/libOpenNI.so;libusb::libusb)
[2.786s] -- OpenNI2 found (version: 2.2.0.33, include: /usr/include/openni2, lib: /usr/lib/x86_64-linux-gnu/libOpenNI2.so;libusb::libusb)
[2.870s] -- Found Qhull version 8.0.2
[2.956s] -- OpenNI found (version: 1.5.4.0, include: /usr/include/ni, lib: /usr/lib/libOpenNI.so;libusb::libusb)
[3.038s] -- Found PCL_COMMON: /usr/lib/x86_64-linux-gnu/libpcl_common.so  
[3.039s] -- Found PCL_KDTREE: /usr/lib/x86_64-linux-gnu/libpcl_kdtree.so  
[3.039s] -- Found PCL_OCTREE: /usr/lib/x86_64-linux-gnu/libpcl_octree.so  
[3.040s] -- Found PCL_SEARCH: /usr/lib/x86_64-linux-gnu/libpcl_search.so  
[3.040s] -- Found PCL_SAMPLE_CONSENSUS: /usr/lib/x86_64-linux-gnu/libpcl_sample_consensus.so  
[3.041s] -- Found PCL_FILTERS: /usr/lib/x86_64-linux-gnu/libpcl_filters.so  
[3.041s] -- Found PCL_2D: /usr/include/pcl-1.12  
[3.041s] -- Found PCL_GEOMETRY: /usr/include/pcl-1.12  
[3.041s] -- Found PCL_IO: /usr/lib/x86_64-linux-gnu/libpcl_io.so  
[3.042s] -- Found PCL_FEATURES: /usr/lib/x86_64-linux-gnu/libpcl_features.so  
[3.042s] -- Found PCL_ML: /usr/lib/x86_64-linux-gnu/libpcl_ml.so  
[3.043s] -- Found PCL_SEGMENTATION: /usr/lib/x86_64-linux-gnu/libpcl_segmentation.so  
[3.043s] -- Found PCL_VISUALIZATION: /usr/lib/x86_64-linux-gnu/libpcl_visualization.so  
[3.044s] -- Found PCL_SURFACE: /usr/lib/x86_64-linux-gnu/libpcl_surface.so  
[3.044s] -- Found PCL_REGISTRATION: /usr/lib/x86_64-linux-gnu/libpcl_registration.so  
[3.045s] -- Found PCL_KEYPOINTS: /usr/lib/x86_64-linux-gnu/libpcl_keypoints.so  
[3.046s] -- Found PCL_TRACKING: /usr/lib/x86_64-linux-gnu/libpcl_tracking.so  
[3.046s] -- Found PCL_RECOGNITION: /usr/lib/x86_64-linux-gnu/libpcl_recognition.so  
[3.047s] -- Found PCL_STEREO: /usr/lib/x86_64-linux-gnu/libpcl_stereo.so  
[3.047s] -- Found PCL_APPS: /usr/lib/x86_64-linux-gnu/libpcl_apps.so  
[3.048s] -- Found PCL_IN_HAND_SCANNER: /usr/include/pcl-1.12  
[3.048s] -- Found PCL_MODELER: /usr/include/pcl-1.12  
[3.048s] -- Found PCL_POINT_CLOUD_EDITOR: /usr/include/pcl-1.12  
[3.049s] -- Found PCL_OUTOFCORE: /usr/lib/x86_64-linux-gnu/libpcl_outofcore.so  
[3.049s] -- Found PCL_PEOPLE: /usr/lib/x86_64-linux-gnu/libpcl_people.so  
[3.254s] -- Found rtabmap_sync: 0.21.3 (/home/user/ros2_ws/install/rtabmap_sync/share/rtabmap_sync/cmake)
[3.349s] [33mCMake Warning at CMakeLists.txt:36 (find_package):
[3.349s]   By not providing "Findapriltag_msgs.cmake" in CMAKE_MODULE_PATH this
[3.349s]   project has asked CMake to find a package configuration file provided by
[3.349s]   "apriltag_msgs", but CMake did not find one.
[3.349s] 
[3.349s]   Could not find a package configuration file provided by "apriltag_msgs"
[3.349s]   with any of the following names:
[3.349s] 
[3.349s]     apriltag_msgsConfig.cmake
[3.349s]     apriltag_msgs-config.cmake
[3.349s] 
[3.349s]   Add the installation prefix of "apriltag_msgs" to CMAKE_PREFIX_PATH or set
[3.349s]   "apriltag_msgs_DIR" to a directory containing one of the above files.  If
[3.349s]   "apriltag_msgs" provides a separate development package or SDK, be sure it
[3.349s]   has been installed.
[3.349s] 
[3.349s] [0m
[3.407s] -- Configuring done
[3.454s] -- Generating done
[3.456s] -- Build files have been written to: /home/user/ros2_ws/build/rtabmap_slam
[3.470s] Invoked command in '/home/user/ros2_ws/build/rtabmap_slam' returned '0': CMAKE_PREFIX_PATH=/home/user/ros2_ws/install/rtabmap_util:/home/user/ros2_ws/install/rtabmap_sync:/home/user/ros2_ws/install/rtabmap_conversions:/home/user/ros2_ws/install/rtabmap_python:/opt/ros/humble:/home/user/ros2_ws/install/rtabmap_msgs:/home/user/ros2_ws/install/rtabmap:/home/user/ros2_ws/install/rtabmap_ros:/home/user/ros2_ws/install/rtabmap_launch:/home/user/ros2_ws/install/rtabmap_examples:/home/user/ros2_ws/install/rtabmap_demos:/home/user/ros2_ws/install/rtabmap_viz:/home/user/ros2_ws/install/rtabmap_slam:/home/user/ros2_ws/install/rtabmap_odom:/home/user/ros2_ws/install/rtabmap_rviz_plugins:/home/user/ros2_ws/install/slam_gmapping:/home/user/ros2_ws/install/serial:/home/user/ros2_ws/install/roboteq_ros2_driver:/home/user/ros2_ws/install/realsense2_description:/home/user/ros2_ws/install/realsense2_camera:/home/user/ros2_ws/install/realsense2_camera_msgs:/home/user/ros2_ws/install/openslam_gmapping:/home/user/ros2_ws/install/lslidar_driver:/home/user/ros2_ws/install/lslidar_msgs:/home/user/ros2_ws/install/lidar_odometry:/home/user/ros2_ws/install/amr_bot LD_LIBRARY_PATH=/home/user/ros2_ws/install/rtabmap_util/lib:/home/user/ros2_ws/install/rtabmap_sync/lib:/home/user/ros2_ws/install/rtabmap_conversions/lib:/home/user/ros2_ws/install/rtabmap_msgs/lib:/home/user/ros2_ws/install/rtabmap/lib:/home/user/ros2_ws/install/rtabmap_slam/lib:/home/user/ros2_ws/install/rtabmap_odom/lib:/home/user/ros2_ws/install/rtabmap_rviz_plugins/lib:/home/user/ros2_ws/install/serial/lib:/home/user/ros2_ws/install/realsense2_camera/lib:/home/user/ros2_ws/install/realsense2_camera_msgs/lib:/home/user/ros2_ws/install/openslam_gmapping/lib:/home/user/ros2_ws/install/lslidar_msgs/lib:/usr/lib/x86_64-linux-gnu/gazebo-11/plugins:/opt/ros/humble/opt/rviz_ogre_vendor/lib:/opt/ros/humble/lib/x86_64-linux-gnu:/opt/ros/humble/lib PYTHONPATH=/home/user/ros2_ws/install/rtabmap_msgs/local/lib/python3.10/dist-packages:/home/user/ros2_ws/build/rtabmap_python:/home/user/ros2_ws/install/rtabmap_python/lib/python3.10/site-packages:/home/user/ros2_ws/install/realsense2_camera_msgs/local/lib/python3.10/dist-packages:/home/user/ros2_ws/install/lslidar_msgs/local/lib/python3.10/dist-packages:/opt/ros/humble/lib/python3.10/site-packages:/opt/ros/humble/local/lib/python3.10/dist-packages /usr/bin/cmake /home/user/ros2_ws/src/rtabmap_ros/rtabmap_slam -DCMAKE_BUILD_TYPE=Release -DAMENT_CMAKE_SYMLINK_INSTALL=1 -DCMAKE_INSTALL_PREFIX=/home/user/ros2_ws/install/rtabmap_slam
[3.470s] Invoking command in '/home/user/ros2_ws/build/rtabmap_slam': CMAKE_PREFIX_PATH=/home/user/ros2_ws/install/rtabmap_util:/home/user/ros2_ws/install/rtabmap_sync:/home/user/ros2_ws/install/rtabmap_conversions:/home/user/ros2_ws/install/rtabmap_python:/opt/ros/humble:/home/user/ros2_ws/install/rtabmap_msgs:/home/user/ros2_ws/install/rtabmap:/home/user/ros2_ws/install/rtabmap_ros:/home/user/ros2_ws/install/rtabmap_launch:/home/user/ros2_ws/install/rtabmap_examples:/home/user/ros2_ws/install/rtabmap_demos:/home/user/ros2_ws/install/rtabmap_viz:/home/user/ros2_ws/install/rtabmap_slam:/home/user/ros2_ws/install/rtabmap_odom:/home/user/ros2_ws/install/rtabmap_rviz_plugins:/home/user/ros2_ws/install/slam_gmapping:/home/user/ros2_ws/install/serial:/home/user/ros2_ws/install/roboteq_ros2_driver:/home/user/ros2_ws/install/realsense2_description:/home/user/ros2_ws/install/realsense2_camera:/home/user/ros2_ws/install/realsense2_camera_msgs:/home/user/ros2_ws/install/openslam_gmapping:/home/user/ros2_ws/install/lslidar_driver:/home/user/ros2_ws/install/lslidar_msgs:/home/user/ros2_ws/install/lidar_odometry:/home/user/ros2_ws/install/amr_bot LD_LIBRARY_PATH=/home/user/ros2_ws/install/rtabmap_util/lib:/home/user/ros2_ws/install/rtabmap_sync/lib:/home/user/ros2_ws/install/rtabmap_conversions/lib:/home/user/ros2_ws/install/rtabmap_msgs/lib:/home/user/ros2_ws/install/rtabmap/lib:/home/user/ros2_ws/install/rtabmap_slam/lib:/home/user/ros2_ws/install/rtabmap_odom/lib:/home/user/ros2_ws/install/rtabmap_rviz_plugins/lib:/home/user/ros2_ws/install/serial/lib:/home/user/ros2_ws/install/realsense2_camera/lib:/home/user/ros2_ws/install/realsense2_camera_msgs/lib:/home/user/ros2_ws/install/openslam_gmapping/lib:/home/user/ros2_ws/install/lslidar_msgs/lib:/usr/lib/x86_64-linux-gnu/gazebo-11/plugins:/opt/ros/humble/opt/rviz_ogre_vendor/lib:/opt/ros/humble/lib/x86_64-linux-gnu:/opt/ros/humble/lib PYTHONPATH=/home/user/ros2_ws/install/rtabmap_msgs/local/lib/python3.10/dist-packages:/home/user/ros2_ws/build/rtabmap_python:/home/user/ros2_ws/install/rtabmap_python/lib/python3.10/site-packages:/home/user/ros2_ws/install/realsense2_camera_msgs/local/lib/python3.10/dist-packages:/home/user/ros2_ws/install/lslidar_msgs/local/lib/python3.10/dist-packages:/opt/ros/humble/lib/python3.10/site-packages:/opt/ros/humble/local/lib/python3.10/dist-packages /usr/bin/cmake --build /home/user/ros2_ws/build/rtabmap_slam
[3.502s] [ 25%] [32mBuilding CXX object CMakeFiles/rtabmap_slam_plugins.dir/src/CoreWrapper.cpp.o[0m
[59.733s] [ 50%] [32m[1mLinking CXX shared library librtabmap_slam_plugins.so[0m
[61.110s] [ 50%] Built target rtabmap_slam_plugins
[61.124s] [ 75%] [32mBuilding CXX object CMakeFiles/rtabmap_node.dir/src/CoreNode.cpp.o[0m
[68.139s] [100%] [32m[1mLinking CXX executable rtabmap[0m
[69.253s] [100%] Built target rtabmap_node
[69.260s] Invoked command in '/home/user/ros2_ws/build/rtabmap_slam' returned '0': CMAKE_PREFIX_PATH=/home/user/ros2_ws/install/rtabmap_util:/home/user/ros2_ws/install/rtabmap_sync:/home/user/ros2_ws/install/rtabmap_conversions:/home/user/ros2_ws/install/rtabmap_python:/opt/ros/humble:/home/user/ros2_ws/install/rtabmap_msgs:/home/user/ros2_ws/install/rtabmap:/home/user/ros2_ws/install/rtabmap_ros:/home/user/ros2_ws/install/rtabmap_launch:/home/user/ros2_ws/install/rtabmap_examples:/home/user/ros2_ws/install/rtabmap_demos:/home/user/ros2_ws/install/rtabmap_viz:/home/user/ros2_ws/install/rtabmap_slam:/home/user/ros2_ws/install/rtabmap_odom:/home/user/ros2_ws/install/rtabmap_rviz_plugins:/home/user/ros2_ws/install/slam_gmapping:/home/user/ros2_ws/install/serial:/home/user/ros2_ws/install/roboteq_ros2_driver:/home/user/ros2_ws/install/realsense2_description:/home/user/ros2_ws/install/realsense2_camera:/home/user/ros2_ws/install/realsense2_camera_msgs:/home/user/ros2_ws/install/openslam_gmapping:/home/user/ros2_ws/install/lslidar_driver:/home/user/ros2_ws/install/lslidar_msgs:/home/user/ros2_ws/install/lidar_odometry:/home/user/ros2_ws/install/amr_bot LD_LIBRARY_PATH=/home/user/ros2_ws/install/rtabmap_util/lib:/home/user/ros2_ws/install/rtabmap_sync/lib:/home/user/ros2_ws/install/rtabmap_conversions/lib:/home/user/ros2_ws/install/rtabmap_msgs/lib:/home/user/ros2_ws/install/rtabmap/lib:/home/user/ros2_ws/install/rtabmap_slam/lib:/home/user/ros2_ws/install/rtabmap_odom/lib:/home/user/ros2_ws/install/rtabmap_rviz_plugins/lib:/home/user/ros2_ws/install/serial/lib:/home/user/ros2_ws/install/realsense2_camera/lib:/home/user/ros2_ws/install/realsense2_camera_msgs/lib:/home/user/ros2_ws/install/openslam_gmapping/lib:/home/user/ros2_ws/install/lslidar_msgs/lib:/usr/lib/x86_64-linux-gnu/gazebo-11/plugins:/opt/ros/humble/opt/rviz_ogre_vendor/lib:/opt/ros/humble/lib/x86_64-linux-gnu:/opt/ros/humble/lib PYTHONPATH=/home/user/ros2_ws/install/rtabmap_msgs/local/lib/python3.10/dist-packages:/home/user/ros2_ws/build/rtabmap_python:/home/user/ros2_ws/install/rtabmap_python/lib/python3.10/site-packages:/home/user/ros2_ws/install/realsense2_camera_msgs/local/lib/python3.10/dist-packages:/home/user/ros2_ws/install/lslidar_msgs/local/lib/python3.10/dist-packages:/opt/ros/humble/lib/python3.10/site-packages:/opt/ros/humble/local/lib/python3.10/dist-packages /usr/bin/cmake --build /home/user/ros2_ws/build/rtabmap_slam
[69.280s] Invoking command in '/home/user/ros2_ws/build/rtabmap_slam': CMAKE_PREFIX_PATH=/home/user/ros2_ws/install/rtabmap_util:/home/user/ros2_ws/install/rtabmap_sync:/home/user/ros2_ws/install/rtabmap_conversions:/home/user/ros2_ws/install/rtabmap_python:/opt/ros/humble:/home/user/ros2_ws/install/rtabmap_msgs:/home/user/ros2_ws/install/rtabmap:/home/user/ros2_ws/install/rtabmap_ros:/home/user/ros2_ws/install/rtabmap_launch:/home/user/ros2_ws/install/rtabmap_examples:/home/user/ros2_ws/install/rtabmap_demos:/home/user/ros2_ws/install/rtabmap_viz:/home/user/ros2_ws/install/rtabmap_slam:/home/user/ros2_ws/install/rtabmap_odom:/home/user/ros2_ws/install/rtabmap_rviz_plugins:/home/user/ros2_ws/install/slam_gmapping:/home/user/ros2_ws/install/serial:/home/user/ros2_ws/install/roboteq_ros2_driver:/home/user/ros2_ws/install/realsense2_description:/home/user/ros2_ws/install/realsense2_camera:/home/user/ros2_ws/install/realsense2_camera_msgs:/home/user/ros2_ws/install/openslam_gmapping:/home/user/ros2_ws/install/lslidar_driver:/home/user/ros2_ws/install/lslidar_msgs:/home/user/ros2_ws/install/lidar_odometry:/home/user/ros2_ws/install/amr_bot LD_LIBRARY_PATH=/home/user/ros2_ws/install/rtabmap_util/lib:/home/user/ros2_ws/install/rtabmap_sync/lib:/home/user/ros2_ws/install/rtabmap_conversions/lib:/home/user/ros2_ws/install/rtabmap_msgs/lib:/home/user/ros2_ws/install/rtabmap/lib:/home/user/ros2_ws/install/rtabmap_slam/lib:/home/user/ros2_ws/install/rtabmap_odom/lib:/home/user/ros2_ws/install/rtabmap_rviz_plugins/lib:/home/user/ros2_ws/install/serial/lib:/home/user/ros2_ws/install/realsense2_camera/lib:/home/user/ros2_ws/install/realsense2_camera_msgs/lib:/home/user/ros2_ws/install/openslam_gmapping/lib:/home/user/ros2_ws/install/lslidar_msgs/lib:/usr/lib/x86_64-linux-gnu/gazebo-11/plugins:/opt/ros/humble/opt/rviz_ogre_vendor/lib:/opt/ros/humble/lib/x86_64-linux-gnu:/opt/ros/humble/lib PYTHONPATH=/home/user/ros2_ws/install/rtabmap_msgs/local/lib/python3.10/dist-packages:/home/user/ros2_ws/build/rtabmap_python:/home/user/ros2_ws/install/rtabmap_python/lib/python3.10/site-packages:/home/user/ros2_ws/install/realsense2_camera_msgs/local/lib/python3.10/dist-packages:/home/user/ros2_ws/install/lslidar_msgs/local/lib/python3.10/dist-packages:/opt/ros/humble/lib/python3.10/site-packages:/opt/ros/humble/local/lib/python3.10/dist-packages /usr/bin/cmake --install /home/user/ros2_ws/build/rtabmap_slam
[69.285s] -- Install configuration: "Release"
[69.285s] -- Execute custom install script
[69.285s] -- Symlinking: /home/user/ros2_ws/install/rtabmap_slam/share/rtabmap_slam/environment/library_path.sh
[69.290s] -- Symlinking: /home/user/ros2_ws/install/rtabmap_slam/share/rtabmap_slam/environment/library_path.dsv
[69.295s] -- Symlinking: /home/user/ros2_ws/install/rtabmap_slam/lib/rtabmap_slam/rtabmap
[69.300s] -- Symlinking: /home/user/ros2_ws/install/rtabmap_slam/share/ament_index/resource_index/package_run_dependencies/rtabmap_slam
[69.305s] -- Symlinking: /home/user/ros2_ws/install/rtabmap_slam/share/ament_index/resource_index/parent_prefix_path/rtabmap_slam
[69.310s] -- Symlinking: /home/user/ros2_ws/install/rtabmap_slam/share/rtabmap_slam/environment/ament_prefix_path.sh
[69.314s] -- Symlinking: /home/user/ros2_ws/install/rtabmap_slam/share/rtabmap_slam/environment/ament_prefix_path.dsv
[69.319s] -- Symlinking: /home/user/ros2_ws/install/rtabmap_slam/share/rtabmap_slam/environment/path.sh
[69.324s] -- Symlinking: /home/user/ros2_ws/install/rtabmap_slam/share/rtabmap_slam/environment/path.dsv
[69.329s] -- Symlinking: /home/user/ros2_ws/install/rtabmap_slam/share/rtabmap_slam/local_setup.bash
[69.334s] -- Symlinking: /home/user/ros2_ws/install/rtabmap_slam/share/rtabmap_slam/local_setup.sh
[69.339s] -- Symlinking: /home/user/ros2_ws/install/rtabmap_slam/share/rtabmap_slam/local_setup.zsh
[69.344s] -- Symlinking: /home/user/ros2_ws/install/rtabmap_slam/share/rtabmap_slam/local_setup.dsv
[69.350s] -- Symlinking: /home/user/ros2_ws/install/rtabmap_slam/share/rtabmap_slam/package.dsv
[69.355s] -- Symlinking: /home/user/ros2_ws/install/rtabmap_slam/share/ament_index/resource_index/packages/rtabmap_slam
[69.360s] -- Symlinking: /home/user/ros2_ws/install/rtabmap_slam/share/ament_index/resource_index/rclcpp_components/rtabmap_slam
[69.365s] -- Symlinking: /home/user/ros2_ws/install/rtabmap_slam/share/rtabmap_slam/cmake/ament_cmake_export_dependencies-extras.cmake
[69.370s] -- Symlinking: /home/user/ros2_ws/install/rtabmap_slam/share/rtabmap_slam/cmake/ament_cmake_export_include_directories-extras.cmake
[69.375s] -- Symlinking: /home/user/ros2_ws/install/rtabmap_slam/share/rtabmap_slam/cmake/ament_cmake_export_targets-extras.cmake
[69.379s] -- Symlinking: /home/user/ros2_ws/install/rtabmap_slam/share/rtabmap_slam/cmake/ament_cmake_export_libraries-extras.cmake
[69.384s] -- Symlinking: /home/user/ros2_ws/install/rtabmap_slam/share/rtabmap_slam/cmake/rtabmap_slamConfig.cmake
[69.389s] -- Symlinking: /home/user/ros2_ws/install/rtabmap_slam/share/rtabmap_slam/cmake/rtabmap_slamConfig-version.cmake
[69.394s] -- Symlinking: /home/user/ros2_ws/install/rtabmap_slam/share/rtabmap_slam/package.xml
[69.398s] -- Installing: /home/user/ros2_ws/install/rtabmap_slam/lib/librtabmap_slam_plugins.so
[69.405s] -- Set runtime path of "/home/user/ros2_ws/install/rtabmap_slam/lib/librtabmap_slam_plugins.so" to ""
[69.405s] -- Installing: /home/user/ros2_ws/install/rtabmap_slam/include
[69.405s] -- Installing: /home/user/ros2_ws/install/rtabmap_slam/include/rtabmap_slam
[69.405s] -- Installing: /home/user/ros2_ws/install/rtabmap_slam/include/rtabmap_slam/CoreWrapper.h
[69.405s] -- Installing: /home/user/ros2_ws/install/rtabmap_slam/include/rtabmap_slam/visibility.h
[69.405s] -- Installing: /home/user/ros2_ws/install/rtabmap_slam/share/rtabmap_slam/cmake/rtabmap_slamExport.cmake
[69.405s] -- Installing: /home/user/ros2_ws/install/rtabmap_slam/share/rtabmap_slam/cmake/rtabmap_slamExport-release.cmake
[69.406s] Invoked command in '/home/user/ros2_ws/build/rtabmap_slam' returned '0': CMAKE_PREFIX_PATH=/home/user/ros2_ws/install/rtabmap_util:/home/user/ros2_ws/install/rtabmap_sync:/home/user/ros2_ws/install/rtabmap_conversions:/home/user/ros2_ws/install/rtabmap_python:/opt/ros/humble:/home/user/ros2_ws/install/rtabmap_msgs:/home/user/ros2_ws/install/rtabmap:/home/user/ros2_ws/install/rtabmap_ros:/home/user/ros2_ws/install/rtabmap_launch:/home/user/ros2_ws/install/rtabmap_examples:/home/user/ros2_ws/install/rtabmap_demos:/home/user/ros2_ws/install/rtabmap_viz:/home/user/ros2_ws/install/rtabmap_slam:/home/user/ros2_ws/install/rtabmap_odom:/home/user/ros2_ws/install/rtabmap_rviz_plugins:/home/user/ros2_ws/install/slam_gmapping:/home/user/ros2_ws/install/serial:/home/user/ros2_ws/install/roboteq_ros2_driver:/home/user/ros2_ws/install/realsense2_description:/home/user/ros2_ws/install/realsense2_camera:/home/user/ros2_ws/install/realsense2_camera_msgs:/home/user/ros2_ws/install/openslam_gmapping:/home/user/ros2_ws/install/lslidar_driver:/home/user/ros2_ws/install/lslidar_msgs:/home/user/ros2_ws/install/lidar_odometry:/home/user/ros2_ws/install/amr_bot LD_LIBRARY_PATH=/home/user/ros2_ws/install/rtabmap_util/lib:/home/user/ros2_ws/install/rtabmap_sync/lib:/home/user/ros2_ws/install/rtabmap_conversions/lib:/home/user/ros2_ws/install/rtabmap_msgs/lib:/home/user/ros2_ws/install/rtabmap/lib:/home/user/ros2_ws/install/rtabmap_slam/lib:/home/user/ros2_ws/install/rtabmap_odom/lib:/home/user/ros2_ws/install/rtabmap_rviz_plugins/lib:/home/user/ros2_ws/install/serial/lib:/home/user/ros2_ws/install/realsense2_camera/lib:/home/user/ros2_ws/install/realsense2_camera_msgs/lib:/home/user/ros2_ws/install/openslam_gmapping/lib:/home/user/ros2_ws/install/lslidar_msgs/lib:/usr/lib/x86_64-linux-gnu/gazebo-11/plugins:/opt/ros/humble/opt/rviz_ogre_vendor/lib:/opt/ros/humble/lib/x86_64-linux-gnu:/opt/ros/humble/lib PYTHONPATH=/home/user/ros2_ws/install/rtabmap_msgs/local/lib/python3.10/dist-packages:/home/user/ros2_ws/build/rtabmap_python:/home/user/ros2_ws/install/rtabmap_python/lib/python3.10/site-packages:/home/user/ros2_ws/install/realsense2_camera_msgs/local/lib/python3.10/dist-packages:/home/user/ros2_ws/install/lslidar_msgs/local/lib/python3.10/dist-packages:/opt/ros/humble/lib/python3.10/site-packages:/opt/ros/humble/local/lib/python3.10/dist-packages /usr/bin/cmake --install /home/user/ros2_ws/build/rtabmap_slam
