[0.000000] (-) TimerEvent: {}
[0.000352] (amr_bot) JobQueued: {'identifier': 'amr_bot', 'dependencies': OrderedDict()}
[0.000487] (lslidar_msgs) JobQueued: {'identifier': 'lslidar_msgs', 'dependencies': OrderedDict()}
[0.000553] (openslam_gmapping) JobQueued: {'identifier': 'openslam_gmapping', 'dependencies': OrderedDict()}
[0.000595] (realsense2_camera_msgs) JobQueued: {'identifier': 'realsense2_camera_msgs', 'dependencies': OrderedDict()}
[0.000670] (rtabmap) JobQueued: {'identifier': 'rtabmap', 'dependencies': OrderedDict()}
[0.000730] (rtabmap_msgs) JobQueued: {'identifier': 'rtabmap_msgs', 'dependencies': OrderedDict()}
[0.001192] (rtabmap_python) JobQueued: {'identifier': 'rtabmap_python', 'dependencies': OrderedDict()}
[0.001239] (serial) JobQueued: {'identifier': 'serial', 'dependencies': OrderedDict()}
[0.001261] (lslidar_driver) JobQueued: {'identifier': 'lslidar_driver', 'dependencies': OrderedDict([('lslidar_msgs', '/home/user/ros2_ws/install/lslidar_msgs')])}
[0.001359] (realsense2_camera) JobQueued: {'identifier': 'realsense2_camera', 'dependencies': OrderedDict([('realsense2_camera_msgs', '/home/user/ros2_ws/install/realsense2_camera_msgs')])}
[0.001385] (realsense2_description) JobQueued: {'identifier': 'realsense2_description', 'dependencies': OrderedDict([('realsense2_camera_msgs', '/home/user/ros2_ws/install/realsense2_camera_msgs')])}
[0.001407] (roboteq_ros2_driver) JobQueued: {'identifier': 'roboteq_ros2_driver', 'dependencies': OrderedDict([('serial', '/home/user/ros2_ws/install/serial')])}
[0.001428] (rtabmap_conversions) JobQueued: {'identifier': 'rtabmap_conversions', 'dependencies': OrderedDict([('rtabmap', '/home/user/ros2_ws/install/rtabmap'), ('rtabmap_msgs', '/home/user/ros2_ws/install/rtabmap_msgs')])}
[0.001449] (slam_gmapping) JobQueued: {'identifier': 'slam_gmapping', 'dependencies': OrderedDict([('openslam_gmapping', '/home/user/ros2_ws/install/openslam_gmapping')])}
[0.001468] (rtabmap_rviz_plugins) JobQueued: {'identifier': 'rtabmap_rviz_plugins', 'dependencies': OrderedDict([('rtabmap', '/home/user/ros2_ws/install/rtabmap'), ('rtabmap_msgs', '/home/user/ros2_ws/install/rtabmap_msgs'), ('rtabmap_conversions', '/home/user/ros2_ws/install/rtabmap_conversions')])}
[0.001490] (rtabmap_sync) JobQueued: {'identifier': 'rtabmap_sync', 'dependencies': OrderedDict([('rtabmap', '/home/user/ros2_ws/install/rtabmap'), ('rtabmap_msgs', '/home/user/ros2_ws/install/rtabmap_msgs'), ('rtabmap_conversions', '/home/user/ros2_ws/install/rtabmap_conversions')])}
[0.001511] (rtabmap_util) JobQueued: {'identifier': 'rtabmap_util', 'dependencies': OrderedDict([('rtabmap', '/home/user/ros2_ws/install/rtabmap'), ('rtabmap_msgs', '/home/user/ros2_ws/install/rtabmap_msgs'), ('rtabmap_conversions', '/home/user/ros2_ws/install/rtabmap_conversions')])}
[0.001531] (rtabmap_odom) JobQueued: {'identifier': 'rtabmap_odom', 'dependencies': OrderedDict([('rtabmap', '/home/user/ros2_ws/install/rtabmap'), ('rtabmap_msgs', '/home/user/ros2_ws/install/rtabmap_msgs'), ('rtabmap_conversions', '/home/user/ros2_ws/install/rtabmap_conversions'), ('rtabmap_sync', '/home/user/ros2_ws/install/rtabmap_sync'), ('rtabmap_util', '/home/user/ros2_ws/install/rtabmap_util')])}
[0.001554] (rtabmap_slam) JobQueued: {'identifier': 'rtabmap_slam', 'dependencies': OrderedDict([('rtabmap', '/home/user/ros2_ws/install/rtabmap'), ('rtabmap_msgs', '/home/user/ros2_ws/install/rtabmap_msgs'), ('rtabmap_conversions', '/home/user/ros2_ws/install/rtabmap_conversions'), ('rtabmap_sync', '/home/user/ros2_ws/install/rtabmap_sync'), ('rtabmap_util', '/home/user/ros2_ws/install/rtabmap_util')])}
[0.001582] (rtabmap_viz) JobQueued: {'identifier': 'rtabmap_viz', 'dependencies': OrderedDict([('rtabmap', '/home/user/ros2_ws/install/rtabmap'), ('rtabmap_msgs', '/home/user/ros2_ws/install/rtabmap_msgs'), ('rtabmap_conversions', '/home/user/ros2_ws/install/rtabmap_conversions'), ('rtabmap_sync', '/home/user/ros2_ws/install/rtabmap_sync')])}
[0.001603] (rtabmap_demos) JobQueued: {'identifier': 'rtabmap_demos', 'dependencies': OrderedDict([('rtabmap', '/home/user/ros2_ws/install/rtabmap'), ('rtabmap_msgs', '/home/user/ros2_ws/install/rtabmap_msgs'), ('rtabmap_conversions', '/home/user/ros2_ws/install/rtabmap_conversions'), ('rtabmap_rviz_plugins', '/home/user/ros2_ws/install/rtabmap_rviz_plugins'), ('rtabmap_sync', '/home/user/ros2_ws/install/rtabmap_sync'), ('rtabmap_util', '/home/user/ros2_ws/install/rtabmap_util'), ('rtabmap_odom', '/home/user/ros2_ws/install/rtabmap_odom'), ('rtabmap_slam', '/home/user/ros2_ws/install/rtabmap_slam'), ('rtabmap_viz', '/home/user/ros2_ws/install/rtabmap_viz')])}
[0.001639] (rtabmap_examples) JobQueued: {'identifier': 'rtabmap_examples', 'dependencies': OrderedDict([('realsense2_camera_msgs', '/home/user/ros2_ws/install/realsense2_camera_msgs'), ('rtabmap', '/home/user/ros2_ws/install/rtabmap'), ('rtabmap_msgs', '/home/user/ros2_ws/install/rtabmap_msgs'), ('realsense2_camera', '/home/user/ros2_ws/install/realsense2_camera'), ('rtabmap_conversions', '/home/user/ros2_ws/install/rtabmap_conversions'), ('rtabmap_rviz_plugins', '/home/user/ros2_ws/install/rtabmap_rviz_plugins'), ('rtabmap_sync', '/home/user/ros2_ws/install/rtabmap_sync'), ('rtabmap_util', '/home/user/ros2_ws/install/rtabmap_util'), ('rtabmap_odom', '/home/user/ros2_ws/install/rtabmap_odom'), ('rtabmap_slam', '/home/user/ros2_ws/install/rtabmap_slam'), ('rtabmap_viz', '/home/user/ros2_ws/install/rtabmap_viz')])}
[0.001667] (rtabmap_launch) JobQueued: {'identifier': 'rtabmap_launch', 'dependencies': OrderedDict([('rtabmap', '/home/user/ros2_ws/install/rtabmap'), ('rtabmap_msgs', '/home/user/ros2_ws/install/rtabmap_msgs'), ('rtabmap_conversions', '/home/user/ros2_ws/install/rtabmap_conversions'), ('rtabmap_rviz_plugins', '/home/user/ros2_ws/install/rtabmap_rviz_plugins'), ('rtabmap_sync', '/home/user/ros2_ws/install/rtabmap_sync'), ('rtabmap_util', '/home/user/ros2_ws/install/rtabmap_util'), ('rtabmap_odom', '/home/user/ros2_ws/install/rtabmap_odom'), ('rtabmap_slam', '/home/user/ros2_ws/install/rtabmap_slam'), ('rtabmap_viz', '/home/user/ros2_ws/install/rtabmap_viz')])}
[0.001690] (rtabmap_ros) JobQueued: {'identifier': 'rtabmap_ros', 'dependencies': OrderedDict([('realsense2_camera_msgs', '/home/user/ros2_ws/install/realsense2_camera_msgs'), ('rtabmap', '/home/user/ros2_ws/install/rtabmap'), ('rtabmap_msgs', '/home/user/ros2_ws/install/rtabmap_msgs'), ('rtabmap_python', '/home/user/ros2_ws/install/rtabmap_python'), ('realsense2_camera', '/home/user/ros2_ws/install/realsense2_camera'), ('rtabmap_conversions', '/home/user/ros2_ws/install/rtabmap_conversions'), ('rtabmap_rviz_plugins', '/home/user/ros2_ws/install/rtabmap_rviz_plugins'), ('rtabmap_sync', '/home/user/ros2_ws/install/rtabmap_sync'), ('rtabmap_util', '/home/user/ros2_ws/install/rtabmap_util'), ('rtabmap_odom', '/home/user/ros2_ws/install/rtabmap_odom'), ('rtabmap_slam', '/home/user/ros2_ws/install/rtabmap_slam'), ('rtabmap_viz', '/home/user/ros2_ws/install/rtabmap_viz'), ('rtabmap_demos', '/home/user/ros2_ws/install/rtabmap_demos'), ('rtabmap_examples', '/home/user/ros2_ws/install/rtabmap_examples'), ('rtabmap_launch', '/home/user/ros2_ws/install/rtabmap_launch')])}
[0.001722] (amr_bot) JobStarted: {'identifier': 'amr_bot'}
[0.031431] (amr_bot) JobEnded: {'identifier': 'amr_bot', 'rc': 0}
[0.032075] (lslidar_msgs) JobSkipped: {'identifier': 'lslidar_msgs'}
[0.032107] (openslam_gmapping) JobSkipped: {'identifier': 'openslam_gmapping'}
[0.032127] (realsense2_camera_msgs) JobSkipped: {'identifier': 'realsense2_camera_msgs'}
[0.032145] (rtabmap) JobSkipped: {'identifier': 'rtabmap'}
[0.032162] (rtabmap_msgs) JobSkipped: {'identifier': 'rtabmap_msgs'}
[0.032179] (rtabmap_python) JobSkipped: {'identifier': 'rtabmap_python'}
[0.032196] (serial) JobSkipped: {'identifier': 'serial'}
[0.032213] (lslidar_driver) JobSkipped: {'identifier': 'lslidar_driver'}
[0.032229] (realsense2_camera) JobSkipped: {'identifier': 'realsense2_camera'}
[0.032245] (realsense2_description) JobSkipped: {'identifier': 'realsense2_description'}
[0.032262] (roboteq_ros2_driver) JobSkipped: {'identifier': 'roboteq_ros2_driver'}
[0.032278] (rtabmap_conversions) JobSkipped: {'identifier': 'rtabmap_conversions'}
[0.032301] (slam_gmapping) JobSkipped: {'identifier': 'slam_gmapping'}
[0.032318] (rtabmap_rviz_plugins) JobSkipped: {'identifier': 'rtabmap_rviz_plugins'}
[0.032335] (rtabmap_sync) JobSkipped: {'identifier': 'rtabmap_sync'}
[0.032351] (rtabmap_util) JobSkipped: {'identifier': 'rtabmap_util'}
[0.032367] (rtabmap_odom) JobSkipped: {'identifier': 'rtabmap_odom'}
[0.032383] (rtabmap_slam) JobSkipped: {'identifier': 'rtabmap_slam'}
[0.032399] (rtabmap_viz) JobSkipped: {'identifier': 'rtabmap_viz'}
[0.032415] (rtabmap_demos) JobSkipped: {'identifier': 'rtabmap_demos'}
[0.032431] (rtabmap_examples) JobSkipped: {'identifier': 'rtabmap_examples'}
[0.032447] (rtabmap_launch) JobSkipped: {'identifier': 'rtabmap_launch'}
[0.032463] (rtabmap_ros) JobSkipped: {'identifier': 'rtabmap_ros'}
[0.032480] (-) EventReactorShutdown: {}
