[0.035s] Invoking command in '/home/user/ros2_ws/build/nav2_common': CMAKE_PREFIX_PATH=/home/user/ros2_ws/install/slam_toolbox:/home/user/ros2_ws/install/slam_gmapping:/home/user/ros2_ws/install/serial:/home/user/ros2_ws/install/imu_tools:/home/user/ros2_ws/install/rviz_imu_plugin:/home/user/ros2_ws/install/rtabmap_ros:/home/user/ros2_ws/install/rtabmap_launch:/home/user/ros2_ws/install/rtabmap_examples:/home/user/ros2_ws/install/rtabmap_demos:/home/user/ros2_ws/install/rtabmap_viz:/home/user/ros2_ws/install/rtabmap_slam:/home/user/ros2_ws/install/rtabmap_odom:/home/user/ros2_ws/install/rtabmap_util:/home/user/ros2_ws/install/rtabmap_sync:/home/user/ros2_ws/install/rtabmap_rviz_plugins:/home/user/ros2_ws/install/rtabmap_conversions:/home/user/ros2_ws/install/rtabmap_python:/opt/ros/humble:/home/user/ros2_ws/install/rtabmap_msgs:/home/user/ros2_ws/install/rtabmap:/home/user/ros2_ws/install/roboteq_ros2_driver:/home/user/ros2_ws/install/realsense2_description:/home/user/ros2_ws/install/realsense2_camera:/home/user/ros2_ws/install/realsense2_camera_msgs:/home/user/ros2_ws/install/openslam_gmapping:/home/user/ros2_ws/install/lslidar_driver:/home/user/ros2_ws/install/lslidar_msgs:/home/user/ros2_ws/install/imu_filter_madgwick:/home/user/ros2_ws/install/imu_complementary_filter:/home/user/ros2_ws/install/amr_bot /usr/bin/cmake --build /home/user/ros2_ws/build/nav2_common
[0.071s] Built target ament_cmake_python_symlink_nav2_common
[0.201s] running egg_info
[0.201s] writing nav2_common.egg-info/PKG-INFO
[0.201s] writing dependency_links to nav2_common.egg-info/dependency_links.txt
[0.201s] writing top-level names to nav2_common.egg-info/top_level.txt
[0.202s] reading manifest file 'nav2_common.egg-info/SOURCES.txt'
[0.202s] writing manifest file 'nav2_common.egg-info/SOURCES.txt'
[0.218s] Built target ament_cmake_python_build_nav2_common_egg
[0.226s] Invoked command in '/home/user/ros2_ws/build/nav2_common' returned '0': CMAKE_PREFIX_PATH=/home/user/ros2_ws/install/slam_toolbox:/home/user/ros2_ws/install/slam_gmapping:/home/user/ros2_ws/install/serial:/home/user/ros2_ws/install/imu_tools:/home/user/ros2_ws/install/rviz_imu_plugin:/home/user/ros2_ws/install/rtabmap_ros:/home/user/ros2_ws/install/rtabmap_launch:/home/user/ros2_ws/install/rtabmap_examples:/home/user/ros2_ws/install/rtabmap_demos:/home/user/ros2_ws/install/rtabmap_viz:/home/user/ros2_ws/install/rtabmap_slam:/home/user/ros2_ws/install/rtabmap_odom:/home/user/ros2_ws/install/rtabmap_util:/home/user/ros2_ws/install/rtabmap_sync:/home/user/ros2_ws/install/rtabmap_rviz_plugins:/home/user/ros2_ws/install/rtabmap_conversions:/home/user/ros2_ws/install/rtabmap_python:/opt/ros/humble:/home/user/ros2_ws/install/rtabmap_msgs:/home/user/ros2_ws/install/rtabmap:/home/user/ros2_ws/install/roboteq_ros2_driver:/home/user/ros2_ws/install/realsense2_description:/home/user/ros2_ws/install/realsense2_camera:/home/user/ros2_ws/install/realsense2_camera_msgs:/home/user/ros2_ws/install/openslam_gmapping:/home/user/ros2_ws/install/lslidar_driver:/home/user/ros2_ws/install/lslidar_msgs:/home/user/ros2_ws/install/imu_filter_madgwick:/home/user/ros2_ws/install/imu_complementary_filter:/home/user/ros2_ws/install/amr_bot /usr/bin/cmake --build /home/user/ros2_ws/build/nav2_common
[0.241s] Invoking command in '/home/user/ros2_ws/build/nav2_common': CMAKE_PREFIX_PATH=/home/user/ros2_ws/install/slam_toolbox:/home/user/ros2_ws/install/slam_gmapping:/home/user/ros2_ws/install/serial:/home/user/ros2_ws/install/imu_tools:/home/user/ros2_ws/install/rviz_imu_plugin:/home/user/ros2_ws/install/rtabmap_ros:/home/user/ros2_ws/install/rtabmap_launch:/home/user/ros2_ws/install/rtabmap_examples:/home/user/ros2_ws/install/rtabmap_demos:/home/user/ros2_ws/install/rtabmap_viz:/home/user/ros2_ws/install/rtabmap_slam:/home/user/ros2_ws/install/rtabmap_odom:/home/user/ros2_ws/install/rtabmap_util:/home/user/ros2_ws/install/rtabmap_sync:/home/user/ros2_ws/install/rtabmap_rviz_plugins:/home/user/ros2_ws/install/rtabmap_conversions:/home/user/ros2_ws/install/rtabmap_python:/opt/ros/humble:/home/user/ros2_ws/install/rtabmap_msgs:/home/user/ros2_ws/install/rtabmap:/home/user/ros2_ws/install/roboteq_ros2_driver:/home/user/ros2_ws/install/realsense2_description:/home/user/ros2_ws/install/realsense2_camera:/home/user/ros2_ws/install/realsense2_camera_msgs:/home/user/ros2_ws/install/openslam_gmapping:/home/user/ros2_ws/install/lslidar_driver:/home/user/ros2_ws/install/lslidar_msgs:/home/user/ros2_ws/install/imu_filter_madgwick:/home/user/ros2_ws/install/imu_complementary_filter:/home/user/ros2_ws/install/amr_bot /usr/bin/cmake --install /home/user/ros2_ws/build/nav2_common
[0.246s] -- Install configuration: ""
[0.246s] -- Execute custom install script
[0.246s] -- Up-to-date symlink: /home/user/ros2_ws/install/nav2_common/share/nav2_common/environment/pythonpath.sh
[0.246s] -- Up-to-date symlink: /home/user/ros2_ws/install/nav2_common/share/nav2_common/environment/pythonpath.dsv
[0.247s] -- Up-to-date symlink: /home/user/ros2_ws/install/nav2_common/local/lib/python3.10/dist-packages/nav2_common-1.1.13-py3.10.egg-info/PKG-INFO
[0.247s] -- Up-to-date symlink: /home/user/ros2_ws/install/nav2_common/local/lib/python3.10/dist-packages/nav2_common-1.1.13-py3.10.egg-info/SOURCES.txt
[0.247s] -- Up-to-date symlink: /home/user/ros2_ws/install/nav2_common/local/lib/python3.10/dist-packages/nav2_common-1.1.13-py3.10.egg-info/dependency_links.txt
[0.247s] -- Up-to-date symlink: /home/user/ros2_ws/install/nav2_common/local/lib/python3.10/dist-packages/nav2_common-1.1.13-py3.10.egg-info/top_level.txt
[0.248s] -- Up-to-date symlink: /home/user/ros2_ws/install/nav2_common/local/lib/python3.10/dist-packages/nav2_common/__init__.py
[0.248s] -- Up-to-date symlink: /home/user/ros2_ws/install/nav2_common/local/lib/python3.10/dist-packages/nav2_common/launch/__init__.py
[0.248s] -- Up-to-date symlink: /home/user/ros2_ws/install/nav2_common/local/lib/python3.10/dist-packages/nav2_common/launch/has_node_params.py
[0.248s] -- Up-to-date symlink: /home/user/ros2_ws/install/nav2_common/local/lib/python3.10/dist-packages/nav2_common/launch/parse_multirobot_pose.py
[0.248s] -- Up-to-date symlink: /home/user/ros2_ws/install/nav2_common/local/lib/python3.10/dist-packages/nav2_common/launch/replace_string.py
[0.248s] -- Up-to-date symlink: /home/user/ros2_ws/install/nav2_common/local/lib/python3.10/dist-packages/nav2_common/launch/rewritten_yaml.py
[0.248s] -- Up-to-date symlink: /home/user/ros2_ws/install/nav2_common/share/ament_index/resource_index/package_run_dependencies/nav2_common
[0.248s] -- Up-to-date symlink: /home/user/ros2_ws/install/nav2_common/share/ament_index/resource_index/parent_prefix_path/nav2_common
[0.248s] -- Up-to-date symlink: /home/user/ros2_ws/install/nav2_common/share/nav2_common/environment/ament_prefix_path.sh
[0.248s] -- Up-to-date symlink: /home/user/ros2_ws/install/nav2_common/share/nav2_common/environment/ament_prefix_path.dsv
[0.249s] -- Up-to-date symlink: /home/user/ros2_ws/install/nav2_common/share/nav2_common/environment/path.sh
[0.249s] -- Up-to-date symlink: /home/user/ros2_ws/install/nav2_common/share/nav2_common/environment/path.dsv
[0.249s] -- Up-to-date symlink: /home/user/ros2_ws/install/nav2_common/share/nav2_common/local_setup.bash
[0.249s] -- Up-to-date symlink: /home/user/ros2_ws/install/nav2_common/share/nav2_common/local_setup.sh
[0.249s] -- Up-to-date symlink: /home/user/ros2_ws/install/nav2_common/share/nav2_common/local_setup.zsh
[0.249s] -- Up-to-date symlink: /home/user/ros2_ws/install/nav2_common/share/nav2_common/local_setup.dsv
[0.249s] -- Symlinking: /home/user/ros2_ws/install/nav2_common/share/nav2_common/package.dsv
[0.256s] -- Up-to-date symlink: /home/user/ros2_ws/install/nav2_common/share/ament_index/resource_index/packages/nav2_common
[0.256s] -- Up-to-date symlink: /home/user/ros2_ws/install/nav2_common/share/nav2_common/cmake/nav2_common-extras.cmake
[0.257s] -- Up-to-date symlink: /home/user/ros2_ws/install/nav2_common/share/nav2_common/cmake/nav2_commonConfig.cmake
[0.257s] -- Up-to-date symlink: /home/user/ros2_ws/install/nav2_common/share/nav2_common/cmake/nav2_commonConfig-version.cmake
[0.257s] -- Up-to-date symlink: /home/user/ros2_ws/install/nav2_common/share/nav2_common/package.xml
[0.257s] -- Up-to-date symlink: /home/user/ros2_ws/install/nav2_common/share/nav2_common/cmake/nav2_package.cmake
[0.278s] Listing '/home/user/ros2_ws/install/nav2_common/local/lib/python3.10/dist-packages/nav2_common'...
[0.278s] Listing '/home/user/ros2_ws/install/nav2_common/local/lib/python3.10/dist-packages/nav2_common/launch'...
[0.282s] Invoked command in '/home/user/ros2_ws/build/nav2_common' returned '0': CMAKE_PREFIX_PATH=/home/user/ros2_ws/install/slam_toolbox:/home/user/ros2_ws/install/slam_gmapping:/home/user/ros2_ws/install/serial:/home/user/ros2_ws/install/imu_tools:/home/user/ros2_ws/install/rviz_imu_plugin:/home/user/ros2_ws/install/rtabmap_ros:/home/user/ros2_ws/install/rtabmap_launch:/home/user/ros2_ws/install/rtabmap_examples:/home/user/ros2_ws/install/rtabmap_demos:/home/user/ros2_ws/install/rtabmap_viz:/home/user/ros2_ws/install/rtabmap_slam:/home/user/ros2_ws/install/rtabmap_odom:/home/user/ros2_ws/install/rtabmap_util:/home/user/ros2_ws/install/rtabmap_sync:/home/user/ros2_ws/install/rtabmap_rviz_plugins:/home/user/ros2_ws/install/rtabmap_conversions:/home/user/ros2_ws/install/rtabmap_python:/opt/ros/humble:/home/user/ros2_ws/install/rtabmap_msgs:/home/user/ros2_ws/install/rtabmap:/home/user/ros2_ws/install/roboteq_ros2_driver:/home/user/ros2_ws/install/realsense2_description:/home/user/ros2_ws/install/realsense2_camera:/home/user/ros2_ws/install/realsense2_camera_msgs:/home/user/ros2_ws/install/openslam_gmapping:/home/user/ros2_ws/install/lslidar_driver:/home/user/ros2_ws/install/lslidar_msgs:/home/user/ros2_ws/install/imu_filter_madgwick:/home/user/ros2_ws/install/imu_complementary_filter:/home/user/ros2_ws/install/amr_bot /usr/bin/cmake --install /home/user/ros2_ws/build/nav2_common
