[  8%] [32mBuilding CXX object CMakeFiles/rtabmap_odom.dir/src/OdometryROS.cpp.o[0m
[ 16%] [32m[1mLinking CXX shared library librtabmap_odom.so[0m
[ 16%] Built target rtabmap_odom
[ 25%] [32mBuilding CXX object CMakeFiles/rtabmap_odom_plugins.dir/src/nodelets/rgbd_odometry.cpp.o[0m
[ 33%] [32mBuilding CXX object CMakeFiles/rtabmap_odom_plugins.dir/src/nodelets/stereo_odometry.cpp.o[0m
[ 41%] [32mBuilding CXX object CMakeFiles/rtabmap_odom_plugins.dir/src/nodelets/icp_odometry.cpp.o[0m
[ 50%] [32m[1mLinking CXX shared library librtabmap_odom_plugins.so[0m
[ 50%] Built target rtabmap_odom_plugins
[ 58%] [32mBuilding CXX object CMakeFiles/rtabmap_rgbd_odometry.dir/src/RGBDOdometryNode.cpp.o[0m
[ 66%] [32m[1mLinking CXX executable rgbd_odometry[0m
[ 66%] Built target rtabmap_rgbd_odometry
[ 75%] [32mBuilding CXX object CMakeFiles/rtabmap_stereo_odometry.dir/src/StereoOdometryNode.cpp.o[0m
[ 83%] [32m[1mLinking CXX executable stereo_odometry[0m
[ 83%] Built target rtabmap_stereo_odometry
[ 91%] [32mBuilding CXX object CMakeFiles/rtabmap_icp_odometry.dir/src/ICPOdometryNode.cpp.o[0m
[100%] [32m[1mLinking CXX executable icp_odometry[0m
[100%] Built target rtabmap_icp_odometry
-- Install configuration: "Release"
-- Execute custom install script
-- Up-to-date symlink: /home/user/ros2_ws/install/rtabmap_odom/share/rtabmap_odom/environment/library_path.sh
-- Up-to-date symlink: /home/user/ros2_ws/install/rtabmap_odom/share/rtabmap_odom/environment/library_path.dsv
-- Up-to-date symlink: /home/user/ros2_ws/install/rtabmap_odom/lib/rtabmap_odom/rgbd_odometry
-- Up-to-date symlink: /home/user/ros2_ws/install/rtabmap_odom/lib/rtabmap_odom/icp_odometry
-- Up-to-date symlink: /home/user/ros2_ws/install/rtabmap_odom/lib/rtabmap_odom/stereo_odometry
-- Up-to-date symlink: /home/user/ros2_ws/install/rtabmap_odom/share/ament_index/resource_index/package_run_dependencies/rtabmap_odom
-- Up-to-date symlink: /home/user/ros2_ws/install/rtabmap_odom/share/ament_index/resource_index/parent_prefix_path/rtabmap_odom
-- Up-to-date symlink: /home/user/ros2_ws/install/rtabmap_odom/share/rtabmap_odom/environment/ament_prefix_path.sh
-- Up-to-date symlink: /home/user/ros2_ws/install/rtabmap_odom/share/rtabmap_odom/environment/ament_prefix_path.dsv
-- Up-to-date symlink: /home/user/ros2_ws/install/rtabmap_odom/share/rtabmap_odom/environment/path.sh
-- Up-to-date symlink: /home/user/ros2_ws/install/rtabmap_odom/share/rtabmap_odom/environment/path.dsv
-- Up-to-date symlink: /home/user/ros2_ws/install/rtabmap_odom/share/rtabmap_odom/local_setup.bash
-- Up-to-date symlink: /home/user/ros2_ws/install/rtabmap_odom/share/rtabmap_odom/local_setup.sh
-- Up-to-date symlink: /home/user/ros2_ws/install/rtabmap_odom/share/rtabmap_odom/local_setup.zsh
-- Up-to-date symlink: /home/user/ros2_ws/install/rtabmap_odom/share/rtabmap_odom/local_setup.dsv
-- Symlinking: /home/user/ros2_ws/install/rtabmap_odom/share/rtabmap_odom/package.dsv
-- Up-to-date symlink: /home/user/ros2_ws/install/rtabmap_odom/share/ament_index/resource_index/packages/rtabmap_odom
-- Up-to-date symlink: /home/user/ros2_ws/install/rtabmap_odom/share/ament_index/resource_index/rclcpp_components/rtabmap_odom
-- Up-to-date symlink: /home/user/ros2_ws/install/rtabmap_odom/share/rtabmap_odom/cmake/ament_cmake_export_dependencies-extras.cmake
-- Up-to-date symlink: /home/user/ros2_ws/install/rtabmap_odom/share/rtabmap_odom/cmake/ament_cmake_export_include_directories-extras.cmake
-- Up-to-date symlink: /home/user/ros2_ws/install/rtabmap_odom/share/rtabmap_odom/cmake/ament_cmake_export_targets-extras.cmake
-- Up-to-date symlink: /home/user/ros2_ws/install/rtabmap_odom/share/rtabmap_odom/cmake/ament_cmake_export_libraries-extras.cmake
-- Up-to-date symlink: /home/user/ros2_ws/install/rtabmap_odom/share/rtabmap_odom/cmake/rtabmap_odomConfig.cmake
-- Up-to-date symlink: /home/user/ros2_ws/install/rtabmap_odom/share/rtabmap_odom/cmake/rtabmap_odomConfig-version.cmake
-- Up-to-date symlink: /home/user/ros2_ws/install/rtabmap_odom/share/rtabmap_odom/package.xml
-- Installing: /home/user/ros2_ws/install/rtabmap_odom/lib/librtabmap_odom.so
-- Set runtime path of "/home/user/ros2_ws/install/rtabmap_odom/lib/librtabmap_odom.so" to ""
-- Installing: /home/user/ros2_ws/install/rtabmap_odom/lib/librtabmap_odom_plugins.so
-- Set runtime path of "/home/user/ros2_ws/install/rtabmap_odom/lib/librtabmap_odom_plugins.so" to ""
-- Up-to-date: /home/user/ros2_ws/install/rtabmap_odom/include
-- Up-to-date: /home/user/ros2_ws/install/rtabmap_odom/include/rtabmap_odom
-- Up-to-date: /home/user/ros2_ws/install/rtabmap_odom/include/rtabmap_odom/OdometryROS.h
-- Up-to-date: /home/user/ros2_ws/install/rtabmap_odom/include/rtabmap_odom/visibility.h
-- Up-to-date: /home/user/ros2_ws/install/rtabmap_odom/share/rtabmap_odom/cmake/rtabmap_odomExport.cmake
-- Up-to-date: /home/user/ros2_ws/install/rtabmap_odom/share/rtabmap_odom/cmake/rtabmap_odomExport-release.cmake
