[0.042s] Invoking command in '/home/user/ros2_ws/build/rtabmap_odom': CMAKE_PREFIX_PATH=/home/user/ros2_ws/install/rtabmap_util:/home/user/ros2_ws/install/rtabmap_sync:/home/user/ros2_ws/install/rtabmap_conversions:/home/user/ros2_ws/install/rtabmap_python:/opt/ros/humble:/home/user/ros2_ws/install/rtabmap_msgs:/home/user/ros2_ws/install/rtabmap:/home/user/ros2_ws/install/slam_toolbox:/home/user/ros2_ws/install/slam_gmapping:/home/user/ros2_ws/install/serial:/home/user/ros2_ws/install/imu_tools:/home/user/ros2_ws/install/rviz_imu_plugin:/home/user/ros2_ws/install/rtabmap_ros:/home/user/ros2_ws/install/rtabmap_launch:/home/user/ros2_ws/install/rtabmap_examples:/home/user/ros2_ws/install/rtabmap_demos:/home/user/ros2_ws/install/rtabmap_viz:/home/user/ros2_ws/install/rtabmap_slam:/home/user/ros2_ws/install/rtabmap_odom:/home/user/ros2_ws/install/rtabmap_rviz_plugins:/home/user/ros2_ws/install/roboteq_ros2_driver:/home/user/ros2_ws/install/realsense2_description:/home/user/ros2_ws/install/realsense2_camera:/home/user/ros2_ws/install/realsense2_camera_msgs:/home/user/ros2_ws/install/openslam_gmapping:/home/user/ros2_ws/install/lslidar_driver:/home/user/ros2_ws/install/lslidar_msgs:/home/user/ros2_ws/install/imu_filter_madgwick:/home/user/ros2_ws/install/imu_complementary_filter:/home/user/ros2_ws/install/amr_bot LD_LIBRARY_PATH=/home/user/ros2_ws/install/rtabmap_util/lib:/home/user/ros2_ws/install/rtabmap_sync/lib:/home/user/ros2_ws/install/rtabmap_conversions/lib:/home/user/ros2_ws/install/rtabmap_msgs/lib:/home/user/ros2_ws/install/rtabmap/lib:/home/user/ros2_ws/install/slam_toolbox/lib:/home/user/ros2_ws/install/serial/lib:/home/user/ros2_ws/install/rviz_imu_plugin/lib:/home/user/ros2_ws/install/rtabmap_slam/lib:/home/user/ros2_ws/install/rtabmap_odom/lib:/home/user/ros2_ws/install/rtabmap_rviz_plugins/lib:/home/user/ros2_ws/install/realsense2_camera/lib:/home/user/ros2_ws/install/realsense2_camera_msgs/lib:/home/user/ros2_ws/install/openslam_gmapping/lib:/home/user/ros2_ws/install/lslidar_msgs/lib:/home/user/ros2_ws/install/imu_filter_madgwick/lib:/home/user/ros2_ws/install/imu_complementary_filter/lib:/usr/lib/x86_64-linux-gnu/gazebo-11/plugins:/opt/ros/humble/opt/rviz_ogre_vendor/lib:/opt/ros/humble/lib/x86_64-linux-gnu:/opt/ros/humble/lib PYTHONPATH=/home/user/ros2_ws/install/rtabmap_msgs/local/lib/python3.10/dist-packages:/home/user/ros2_ws/install/slam_toolbox/local/lib/python3.10/dist-packages:/home/user/ros2_ws/build/rtabmap_python:/home/user/ros2_ws/install/rtabmap_python/lib/python3.10/site-packages:/home/user/ros2_ws/install/realsense2_camera_msgs/local/lib/python3.10/dist-packages:/home/user/ros2_ws/install/lslidar_msgs/local/lib/python3.10/dist-packages:/opt/ros/humble/lib/python3.10/site-packages:/opt/ros/humble/local/lib/python3.10/dist-packages /usr/bin/cmake --build /home/user/ros2_ws/build/rtabmap_odom
[0.104s] [  8%] [32mBuilding CXX object CMakeFiles/rtabmap_odom.dir/src/OdometryROS.cpp.o[0m
[19.970s] [ 16%] [32m[1mLinking CXX shared library librtabmap_odom.so[0m
[20.597s] [ 16%] Built target rtabmap_odom
[20.630s] [ 25%] [32mBuilding CXX object CMakeFiles/rtabmap_odom_plugins.dir/src/nodelets/rgbd_odometry.cpp.o[0m
[45.448s] [ 33%] [32mBuilding CXX object CMakeFiles/rtabmap_odom_plugins.dir/src/nodelets/stereo_odometry.cpp.o[0m
[69.449s] [ 41%] [32mBuilding CXX object CMakeFiles/rtabmap_odom_plugins.dir/src/nodelets/icp_odometry.cpp.o[0m
[84.111s] [ 50%] [32m[1mLinking CXX shared library librtabmap_odom_plugins.so[0m
[85.079s] [ 50%] Built target rtabmap_odom_plugins
[85.110s] [ 58%] [32mBuilding CXX object CMakeFiles/rtabmap_rgbd_odometry.dir/src/RGBDOdometryNode.cpp.o[0m
[92.819s] [ 66%] [32m[1mLinking CXX executable rgbd_odometry[0m
[94.037s] [ 66%] Built target rtabmap_rgbd_odometry
[94.074s] [ 75%] [32mBuilding CXX object CMakeFiles/rtabmap_stereo_odometry.dir/src/StereoOdometryNode.cpp.o[0m
[101.746s] [ 83%] [32m[1mLinking CXX executable stereo_odometry[0m
[102.947s] [ 83%] Built target rtabmap_stereo_odometry
[102.977s] [ 91%] [32mBuilding CXX object CMakeFiles/rtabmap_icp_odometry.dir/src/ICPOdometryNode.cpp.o[0m
[110.390s] [100%] [32m[1mLinking CXX executable icp_odometry[0m
[111.618s] [100%] Built target rtabmap_icp_odometry
[111.627s] Invoked command in '/home/user/ros2_ws/build/rtabmap_odom' returned '0': CMAKE_PREFIX_PATH=/home/user/ros2_ws/install/rtabmap_util:/home/user/ros2_ws/install/rtabmap_sync:/home/user/ros2_ws/install/rtabmap_conversions:/home/user/ros2_ws/install/rtabmap_python:/opt/ros/humble:/home/user/ros2_ws/install/rtabmap_msgs:/home/user/ros2_ws/install/rtabmap:/home/user/ros2_ws/install/slam_toolbox:/home/user/ros2_ws/install/slam_gmapping:/home/user/ros2_ws/install/serial:/home/user/ros2_ws/install/imu_tools:/home/user/ros2_ws/install/rviz_imu_plugin:/home/user/ros2_ws/install/rtabmap_ros:/home/user/ros2_ws/install/rtabmap_launch:/home/user/ros2_ws/install/rtabmap_examples:/home/user/ros2_ws/install/rtabmap_demos:/home/user/ros2_ws/install/rtabmap_viz:/home/user/ros2_ws/install/rtabmap_slam:/home/user/ros2_ws/install/rtabmap_odom:/home/user/ros2_ws/install/rtabmap_rviz_plugins:/home/user/ros2_ws/install/roboteq_ros2_driver:/home/user/ros2_ws/install/realsense2_description:/home/user/ros2_ws/install/realsense2_camera:/home/user/ros2_ws/install/realsense2_camera_msgs:/home/user/ros2_ws/install/openslam_gmapping:/home/user/ros2_ws/install/lslidar_driver:/home/user/ros2_ws/install/lslidar_msgs:/home/user/ros2_ws/install/imu_filter_madgwick:/home/user/ros2_ws/install/imu_complementary_filter:/home/user/ros2_ws/install/amr_bot LD_LIBRARY_PATH=/home/user/ros2_ws/install/rtabmap_util/lib:/home/user/ros2_ws/install/rtabmap_sync/lib:/home/user/ros2_ws/install/rtabmap_conversions/lib:/home/user/ros2_ws/install/rtabmap_msgs/lib:/home/user/ros2_ws/install/rtabmap/lib:/home/user/ros2_ws/install/slam_toolbox/lib:/home/user/ros2_ws/install/serial/lib:/home/user/ros2_ws/install/rviz_imu_plugin/lib:/home/user/ros2_ws/install/rtabmap_slam/lib:/home/user/ros2_ws/install/rtabmap_odom/lib:/home/user/ros2_ws/install/rtabmap_rviz_plugins/lib:/home/user/ros2_ws/install/realsense2_camera/lib:/home/user/ros2_ws/install/realsense2_camera_msgs/lib:/home/user/ros2_ws/install/openslam_gmapping/lib:/home/user/ros2_ws/install/lslidar_msgs/lib:/home/user/ros2_ws/install/imu_filter_madgwick/lib:/home/user/ros2_ws/install/imu_complementary_filter/lib:/usr/lib/x86_64-linux-gnu/gazebo-11/plugins:/opt/ros/humble/opt/rviz_ogre_vendor/lib:/opt/ros/humble/lib/x86_64-linux-gnu:/opt/ros/humble/lib PYTHONPATH=/home/user/ros2_ws/install/rtabmap_msgs/local/lib/python3.10/dist-packages:/home/user/ros2_ws/install/slam_toolbox/local/lib/python3.10/dist-packages:/home/user/ros2_ws/build/rtabmap_python:/home/user/ros2_ws/install/rtabmap_python/lib/python3.10/site-packages:/home/user/ros2_ws/install/realsense2_camera_msgs/local/lib/python3.10/dist-packages:/home/user/ros2_ws/install/lslidar_msgs/local/lib/python3.10/dist-packages:/opt/ros/humble/lib/python3.10/site-packages:/opt/ros/humble/local/lib/python3.10/dist-packages /usr/bin/cmake --build /home/user/ros2_ws/build/rtabmap_odom
[111.662s] Invoking command in '/home/user/ros2_ws/build/rtabmap_odom': CMAKE_PREFIX_PATH=/home/user/ros2_ws/install/rtabmap_util:/home/user/ros2_ws/install/rtabmap_sync:/home/user/ros2_ws/install/rtabmap_conversions:/home/user/ros2_ws/install/rtabmap_python:/opt/ros/humble:/home/user/ros2_ws/install/rtabmap_msgs:/home/user/ros2_ws/install/rtabmap:/home/user/ros2_ws/install/slam_toolbox:/home/user/ros2_ws/install/slam_gmapping:/home/user/ros2_ws/install/serial:/home/user/ros2_ws/install/imu_tools:/home/user/ros2_ws/install/rviz_imu_plugin:/home/user/ros2_ws/install/rtabmap_ros:/home/user/ros2_ws/install/rtabmap_launch:/home/user/ros2_ws/install/rtabmap_examples:/home/user/ros2_ws/install/rtabmap_demos:/home/user/ros2_ws/install/rtabmap_viz:/home/user/ros2_ws/install/rtabmap_slam:/home/user/ros2_ws/install/rtabmap_odom:/home/user/ros2_ws/install/rtabmap_rviz_plugins:/home/user/ros2_ws/install/roboteq_ros2_driver:/home/user/ros2_ws/install/realsense2_description:/home/user/ros2_ws/install/realsense2_camera:/home/user/ros2_ws/install/realsense2_camera_msgs:/home/user/ros2_ws/install/openslam_gmapping:/home/user/ros2_ws/install/lslidar_driver:/home/user/ros2_ws/install/lslidar_msgs:/home/user/ros2_ws/install/imu_filter_madgwick:/home/user/ros2_ws/install/imu_complementary_filter:/home/user/ros2_ws/install/amr_bot LD_LIBRARY_PATH=/home/user/ros2_ws/install/rtabmap_util/lib:/home/user/ros2_ws/install/rtabmap_sync/lib:/home/user/ros2_ws/install/rtabmap_conversions/lib:/home/user/ros2_ws/install/rtabmap_msgs/lib:/home/user/ros2_ws/install/rtabmap/lib:/home/user/ros2_ws/install/slam_toolbox/lib:/home/user/ros2_ws/install/serial/lib:/home/user/ros2_ws/install/rviz_imu_plugin/lib:/home/user/ros2_ws/install/rtabmap_slam/lib:/home/user/ros2_ws/install/rtabmap_odom/lib:/home/user/ros2_ws/install/rtabmap_rviz_plugins/lib:/home/user/ros2_ws/install/realsense2_camera/lib:/home/user/ros2_ws/install/realsense2_camera_msgs/lib:/home/user/ros2_ws/install/openslam_gmapping/lib:/home/user/ros2_ws/install/lslidar_msgs/lib:/home/user/ros2_ws/install/imu_filter_madgwick/lib:/home/user/ros2_ws/install/imu_complementary_filter/lib:/usr/lib/x86_64-linux-gnu/gazebo-11/plugins:/opt/ros/humble/opt/rviz_ogre_vendor/lib:/opt/ros/humble/lib/x86_64-linux-gnu:/opt/ros/humble/lib PYTHONPATH=/home/user/ros2_ws/install/rtabmap_msgs/local/lib/python3.10/dist-packages:/home/user/ros2_ws/install/slam_toolbox/local/lib/python3.10/dist-packages:/home/user/ros2_ws/build/rtabmap_python:/home/user/ros2_ws/install/rtabmap_python/lib/python3.10/site-packages:/home/user/ros2_ws/install/realsense2_camera_msgs/local/lib/python3.10/dist-packages:/home/user/ros2_ws/install/lslidar_msgs/local/lib/python3.10/dist-packages:/opt/ros/humble/lib/python3.10/site-packages:/opt/ros/humble/local/lib/python3.10/dist-packages /usr/bin/cmake --install /home/user/ros2_ws/build/rtabmap_odom
[111.668s] -- Install configuration: "Release"
[111.669s] -- Execute custom install script
[111.669s] -- Up-to-date symlink: /home/user/ros2_ws/install/rtabmap_odom/share/rtabmap_odom/environment/library_path.sh
[111.669s] -- Up-to-date symlink: /home/user/ros2_ws/install/rtabmap_odom/share/rtabmap_odom/environment/library_path.dsv
[111.669s] -- Up-to-date symlink: /home/user/ros2_ws/install/rtabmap_odom/lib/rtabmap_odom/rgbd_odometry
[111.669s] -- Up-to-date symlink: /home/user/ros2_ws/install/rtabmap_odom/lib/rtabmap_odom/icp_odometry
[111.669s] -- Up-to-date symlink: /home/user/ros2_ws/install/rtabmap_odom/lib/rtabmap_odom/stereo_odometry
[111.669s] -- Up-to-date symlink: /home/user/ros2_ws/install/rtabmap_odom/share/ament_index/resource_index/package_run_dependencies/rtabmap_odom
[111.670s] -- Up-to-date symlink: /home/user/ros2_ws/install/rtabmap_odom/share/ament_index/resource_index/parent_prefix_path/rtabmap_odom
[111.670s] -- Up-to-date symlink: /home/user/ros2_ws/install/rtabmap_odom/share/rtabmap_odom/environment/ament_prefix_path.sh
[111.670s] -- Up-to-date symlink: /home/user/ros2_ws/install/rtabmap_odom/share/rtabmap_odom/environment/ament_prefix_path.dsv
[111.670s] -- Up-to-date symlink: /home/user/ros2_ws/install/rtabmap_odom/share/rtabmap_odom/environment/path.sh
[111.670s] -- Up-to-date symlink: /home/user/ros2_ws/install/rtabmap_odom/share/rtabmap_odom/environment/path.dsv
[111.670s] -- Up-to-date symlink: /home/user/ros2_ws/install/rtabmap_odom/share/rtabmap_odom/local_setup.bash
[111.670s] -- Up-to-date symlink: /home/user/ros2_ws/install/rtabmap_odom/share/rtabmap_odom/local_setup.sh
[111.670s] -- Up-to-date symlink: /home/user/ros2_ws/install/rtabmap_odom/share/rtabmap_odom/local_setup.zsh
[111.670s] -- Up-to-date symlink: /home/user/ros2_ws/install/rtabmap_odom/share/rtabmap_odom/local_setup.dsv
[111.670s] -- Symlinking: /home/user/ros2_ws/install/rtabmap_odom/share/rtabmap_odom/package.dsv
[111.676s] -- Up-to-date symlink: /home/user/ros2_ws/install/rtabmap_odom/share/ament_index/resource_index/packages/rtabmap_odom
[111.677s] -- Up-to-date symlink: /home/user/ros2_ws/install/rtabmap_odom/share/ament_index/resource_index/rclcpp_components/rtabmap_odom
[111.677s] -- Up-to-date symlink: /home/user/ros2_ws/install/rtabmap_odom/share/rtabmap_odom/cmake/ament_cmake_export_dependencies-extras.cmake
[111.677s] -- Up-to-date symlink: /home/user/ros2_ws/install/rtabmap_odom/share/rtabmap_odom/cmake/ament_cmake_export_include_directories-extras.cmake
[111.677s] -- Up-to-date symlink: /home/user/ros2_ws/install/rtabmap_odom/share/rtabmap_odom/cmake/ament_cmake_export_targets-extras.cmake
[111.677s] -- Up-to-date symlink: /home/user/ros2_ws/install/rtabmap_odom/share/rtabmap_odom/cmake/ament_cmake_export_libraries-extras.cmake
[111.677s] -- Up-to-date symlink: /home/user/ros2_ws/install/rtabmap_odom/share/rtabmap_odom/cmake/rtabmap_odomConfig.cmake
[111.677s] -- Up-to-date symlink: /home/user/ros2_ws/install/rtabmap_odom/share/rtabmap_odom/cmake/rtabmap_odomConfig-version.cmake
[111.677s] -- Up-to-date symlink: /home/user/ros2_ws/install/rtabmap_odom/share/rtabmap_odom/package.xml
[111.677s] -- Installing: /home/user/ros2_ws/install/rtabmap_odom/lib/librtabmap_odom.so
[111.679s] -- Set runtime path of "/home/user/ros2_ws/install/rtabmap_odom/lib/librtabmap_odom.so" to ""
[111.679s] -- Installing: /home/user/ros2_ws/install/rtabmap_odom/lib/librtabmap_odom_plugins.so
[111.684s] -- Set runtime path of "/home/user/ros2_ws/install/rtabmap_odom/lib/librtabmap_odom_plugins.so" to ""
[111.684s] -- Up-to-date: /home/user/ros2_ws/install/rtabmap_odom/include
[111.684s] -- Up-to-date: /home/user/ros2_ws/install/rtabmap_odom/include/rtabmap_odom
[111.684s] -- Up-to-date: /home/user/ros2_ws/install/rtabmap_odom/include/rtabmap_odom/OdometryROS.h
[111.684s] -- Up-to-date: /home/user/ros2_ws/install/rtabmap_odom/include/rtabmap_odom/visibility.h
[111.685s] -- Up-to-date: /home/user/ros2_ws/install/rtabmap_odom/share/rtabmap_odom/cmake/rtabmap_odomExport.cmake
[111.685s] -- Up-to-date: /home/user/ros2_ws/install/rtabmap_odom/share/rtabmap_odom/cmake/rtabmap_odomExport-release.cmake
[111.687s] Invoked command in '/home/user/ros2_ws/build/rtabmap_odom' returned '0': CMAKE_PREFIX_PATH=/home/user/ros2_ws/install/rtabmap_util:/home/user/ros2_ws/install/rtabmap_sync:/home/user/ros2_ws/install/rtabmap_conversions:/home/user/ros2_ws/install/rtabmap_python:/opt/ros/humble:/home/user/ros2_ws/install/rtabmap_msgs:/home/user/ros2_ws/install/rtabmap:/home/user/ros2_ws/install/slam_toolbox:/home/user/ros2_ws/install/slam_gmapping:/home/user/ros2_ws/install/serial:/home/user/ros2_ws/install/imu_tools:/home/user/ros2_ws/install/rviz_imu_plugin:/home/user/ros2_ws/install/rtabmap_ros:/home/user/ros2_ws/install/rtabmap_launch:/home/user/ros2_ws/install/rtabmap_examples:/home/user/ros2_ws/install/rtabmap_demos:/home/user/ros2_ws/install/rtabmap_viz:/home/user/ros2_ws/install/rtabmap_slam:/home/user/ros2_ws/install/rtabmap_odom:/home/user/ros2_ws/install/rtabmap_rviz_plugins:/home/user/ros2_ws/install/roboteq_ros2_driver:/home/user/ros2_ws/install/realsense2_description:/home/user/ros2_ws/install/realsense2_camera:/home/user/ros2_ws/install/realsense2_camera_msgs:/home/user/ros2_ws/install/openslam_gmapping:/home/user/ros2_ws/install/lslidar_driver:/home/user/ros2_ws/install/lslidar_msgs:/home/user/ros2_ws/install/imu_filter_madgwick:/home/user/ros2_ws/install/imu_complementary_filter:/home/user/ros2_ws/install/amr_bot LD_LIBRARY_PATH=/home/user/ros2_ws/install/rtabmap_util/lib:/home/user/ros2_ws/install/rtabmap_sync/lib:/home/user/ros2_ws/install/rtabmap_conversions/lib:/home/user/ros2_ws/install/rtabmap_msgs/lib:/home/user/ros2_ws/install/rtabmap/lib:/home/user/ros2_ws/install/slam_toolbox/lib:/home/user/ros2_ws/install/serial/lib:/home/user/ros2_ws/install/rviz_imu_plugin/lib:/home/user/ros2_ws/install/rtabmap_slam/lib:/home/user/ros2_ws/install/rtabmap_odom/lib:/home/user/ros2_ws/install/rtabmap_rviz_plugins/lib:/home/user/ros2_ws/install/realsense2_camera/lib:/home/user/ros2_ws/install/realsense2_camera_msgs/lib:/home/user/ros2_ws/install/openslam_gmapping/lib:/home/user/ros2_ws/install/lslidar_msgs/lib:/home/user/ros2_ws/install/imu_filter_madgwick/lib:/home/user/ros2_ws/install/imu_complementary_filter/lib:/usr/lib/x86_64-linux-gnu/gazebo-11/plugins:/opt/ros/humble/opt/rviz_ogre_vendor/lib:/opt/ros/humble/lib/x86_64-linux-gnu:/opt/ros/humble/lib PYTHONPATH=/home/user/ros2_ws/install/rtabmap_msgs/local/lib/python3.10/dist-packages:/home/user/ros2_ws/install/slam_toolbox/local/lib/python3.10/dist-packages:/home/user/ros2_ws/build/rtabmap_python:/home/user/ros2_ws/install/rtabmap_python/lib/python3.10/site-packages:/home/user/ros2_ws/install/realsense2_camera_msgs/local/lib/python3.10/dist-packages:/home/user/ros2_ws/install/lslidar_msgs/local/lib/python3.10/dist-packages:/opt/ros/humble/lib/python3.10/site-packages:/opt/ros/humble/local/lib/python3.10/dist-packages /usr/bin/cmake --install /home/user/ros2_ws/build/rtabmap_odom
