[0.747s] Invoking command in '/home/user/ros2_ws/build/rtabmap_python': PYTHONPATH=/home/user/ros2_ws/build/rtabmap_python/prefix_override:/home/user/ros2_ws/install/rtabmap_python/lib/python3.10/site-packages:${PYTHONPATH} /usr/bin/python3 setup.py develop --editable --build-directory /home/user/ros2_ws/build/rtabmap_python/build --no-deps install_data
[1.029s] running develop
[1.029s] /usr/lib/python3/dist-packages/setuptools/command/easy_install.py:158: EasyInstallDeprecationWarning: easy_install command is deprecated. Use build and pip and other standards-based tools.
[1.029s]   warnings.warn(
[1.031s] /usr/lib/python3/dist-packages/setuptools/command/install.py:34: SetuptoolsDeprecationWarning: setup.py install is deprecated. Use build and pip and other standards-based tools.
[1.031s]   warnings.warn(
[1.206s] running egg_info
[1.206s] writing rtabmap_python.egg-info/PKG-INFO
[1.207s] writing dependency_links to rtabmap_python.egg-info/dependency_links.txt
[1.207s] writing entry points to rtabmap_python.egg-info/entry_points.txt
[1.207s] writing requirements to rtabmap_python.egg-info/requires.txt
[1.207s] writing top-level names to rtabmap_python.egg-info/top_level.txt
[1.208s] reading manifest file 'rtabmap_python.egg-info/SOURCES.txt'
[1.209s] writing manifest file 'rtabmap_python.egg-info/SOURCES.txt'
[1.210s] running build_ext
[1.210s] Creating /home/user/ros2_ws/install/rtabmap_python/lib/python3.10/site-packages/rtabmap-python.egg-link (link to .)
[1.211s] 
[1.211s] Installed /home/user/ros2_ws/build/rtabmap_python
[1.211s] running install_data
[1.249s] Invoked command in '/home/user/ros2_ws/build/rtabmap_python' returned '0': PYTHONPATH=/home/user/ros2_ws/build/rtabmap_python/prefix_override:/home/user/ros2_ws/install/rtabmap_python/lib/python3.10/site-packages:${PYTHONPATH} /usr/bin/python3 setup.py develop --editable --build-directory /home/user/ros2_ws/build/rtabmap_python/build --no-deps install_data
