[0.038s] Invoking command in '/home/user/ros2_ws/build/nav2_mppi_controller': AMENT_PREFIX_PATH=/home/user/ros2_ws/install/nav2_core:/home/user/ros2_ws/install/nav2_costmap_2d:/home/user/ros2_ws/install/nav2_util:/home/user/ros2_ws/install/nav2_voxel_grid:/home/user/ros2_ws/install/nav2_msgs:/home/user/ros2_ws/install/nav2_common:${AMENT_PREFIX_PATH} CMAKE_PREFIX_PATH=/home/user/ros2_ws/install/nav2_core:/home/user/ros2_ws/install/nav2_costmap_2d:/home/user/ros2_ws/install/nav2_util:/home/user/ros2_ws/install/nav2_voxel_grid:/home/user/ros2_ws/install/nav2_msgs:/home/user/ros2_ws/install/nav2_common:/home/user/ros2_ws/install/slam_toolbox:/home/user/ros2_ws/install/slam_gmapping:/home/user/ros2_ws/install/serial:/home/user/ros2_ws/install/imu_tools:/home/user/ros2_ws/install/rviz_imu_plugin:/home/user/ros2_ws/install/rtabmap_ros:/home/user/ros2_ws/install/rtabmap_launch:/home/user/ros2_ws/install/rtabmap_examples:/home/user/ros2_ws/install/rtabmap_demos:/home/user/ros2_ws/install/rtabmap_viz:/home/user/ros2_ws/install/rtabmap_slam:/home/user/ros2_ws/install/rtabmap_odom:/home/user/ros2_ws/install/rtabmap_util:/home/user/ros2_ws/install/rtabmap_sync:/home/user/ros2_ws/install/rtabmap_rviz_plugins:/home/user/ros2_ws/install/rtabmap_conversions:/home/user/ros2_ws/install/rtabmap_python:/opt/ros/humble:/home/user/ros2_ws/install/rtabmap_msgs:/home/user/ros2_ws/install/rtabmap:/home/user/ros2_ws/install/roboteq_ros2_driver:/home/user/ros2_ws/install/realsense2_description:/home/user/ros2_ws/install/realsense2_camera:/home/user/ros2_ws/install/realsense2_camera_msgs:/home/user/ros2_ws/install/openslam_gmapping:/home/user/ros2_ws/install/lslidar_driver:/home/user/ros2_ws/install/lslidar_msgs:/home/user/ros2_ws/install/imu_filter_madgwick:/home/user/ros2_ws/install/imu_complementary_filter:/home/user/ros2_ws/install/amr_bot LD_LIBRARY_PATH=/home/user/ros2_ws/install/nav2_costmap_2d/lib:/home/user/ros2_ws/install/nav2_util/lib:/home/user/ros2_ws/install/nav2_voxel_grid/lib:/home/user/ros2_ws/install/nav2_msgs/lib:${LD_LIBRARY_PATH} PYTHONPATH=/home/user/ros2_ws/install/nav2_msgs/local/lib/python3.10/dist-packages:/home/user/ros2_ws/install/nav2_common/local/lib/python3.10/dist-packages:${PYTHONPATH} /usr/bin/cmake /home/user/ros2_ws/src/navigation2/nav2_mppi_controller -DAMENT_CMAKE_SYMLINK_INSTALL=1 -DCMAKE_INSTALL_PREFIX=/home/user/ros2_ws/install/nav2_mppi_controller
[0.072s] -- The C compiler identification is GNU 11.4.0
[0.105s] -- The CXX compiler identification is GNU 11.4.0
[0.109s] -- Detecting C compiler ABI info
[0.152s] -- Detecting C compiler ABI info - done
[0.156s] -- Check for working C compiler: /usr/bin/cc - skipped
[0.156s] -- Detecting C compile features
[0.156s] -- Detecting C compile features - done
[0.158s] -- Detecting CXX compiler ABI info
[0.207s] -- Detecting CXX compiler ABI info - done
[0.211s] -- Check for working CXX compiler: /usr/bin/c++ - skipped
[0.211s] -- Detecting CXX compile features
[0.211s] -- Detecting CXX compile features - done
[0.214s] -- Found ament_cmake: 1.3.7 (/opt/ros/humble/share/ament_cmake/cmake)
[0.318s] -- Found Python3: /usr/bin/python3.10 (found version "3.10.12") found components: Interpreter 
[0.354s] -- Override CMake install command with custom implementation using symlinks instead of copying resources
[0.389s] -- Performing Test arch_native_supported
[0.438s] -- Performing Test arch_native_supported - Success
[0.443s] -- Found rclcpp: 16.0.8 (/opt/ros/humble/share/rclcpp/cmake)
[0.475s] -- Found rosidl_generator_c: 3.1.5 (/opt/ros/humble/share/rosidl_generator_c/cmake)
[0.479s] -- Found rosidl_adapter: 3.1.5 (/opt/ros/humble/share/rosidl_adapter/cmake)
[0.485s] -- Found rosidl_generator_cpp: 3.1.5 (/opt/ros/humble/share/rosidl_generator_cpp/cmake)
[0.495s] -- Using all available rosidl_typesupport_c: rosidl_typesupport_fastrtps_c;rosidl_typesupport_introspection_c
[0.508s] -- Using all available rosidl_typesupport_cpp: rosidl_typesupport_fastrtps_cpp;rosidl_typesupport_introspection_cpp
[0.554s] -- Found rmw_implementation_cmake: 6.1.1 (/opt/ros/humble/share/rmw_implementation_cmake/cmake)
[0.556s] -- Found rmw_fastrtps_cpp: 6.2.6 (/opt/ros/humble/share/rmw_fastrtps_cpp/cmake)
[0.620s] -- Found OpenSSL: /usr/lib/x86_64-linux-gnu/libcrypto.so (found version "3.0.2")  
[0.637s] -- Found FastRTPS: /opt/ros/humble/include  
[0.666s] -- Using RMW implementation 'rmw_fastrtps_cpp' as default
[0.674s] -- Looking for pthread.h
[0.720s] -- Looking for pthread.h - found
[0.721s] -- Performing Test CMAKE_HAVE_LIBC_PTHREAD
[0.769s] -- Performing Test CMAKE_HAVE_LIBC_PTHREAD - Success
[0.770s] -- Found Threads: TRUE  
[0.859s] -- Found nav2_common: 1.1.13 (/home/user/ros2_ws/install/nav2_common/share/nav2_common/cmake)
[0.861s] -- Found pluginlib: 5.1.0 (/opt/ros/humble/share/pluginlib/cmake)
[0.881s] -- Found tf2: 0.25.5 (/opt/ros/humble/share/tf2/cmake)
[0.913s] -- Found visualization_msgs: 4.2.3 (/opt/ros/humble/share/visualization_msgs/cmake)
[1.036s] -- Found nav_msgs: 4.2.3 (/opt/ros/humble/share/nav_msgs/cmake)
[1.082s] -- Found nav2_core: 1.1.13 (/home/user/ros2_ws/install/nav2_core/share/nav2_core/cmake)
[1.505s] -- Found Eigen3: TRUE (found version "3.4.0") 
[1.505s] -- Ensuring Eigen3 include directory is part of orocos-kdl CMake target
[2.392s] -- Found tf2_eigen: 0.25.5 (/opt/ros/humble/share/tf2_eigen/cmake)
[2.395s] -- Setting build type to Release as none was specified.
[2.396s] -- Performing Test COMPILER_SUPPORTS_AVX512
[2.445s] -- Performing Test COMPILER_SUPPORTS_AVX512 - Success
[2.445s] -- Performing Test COMPILER_SUPPORTS_SSE4
[2.494s] -- Performing Test COMPILER_SUPPORTS_SSE4 - Success
[2.494s] -- Performing Test COMPILER_SUPPORTS_AVX2
[2.544s] -- Performing Test COMPILER_SUPPORTS_AVX2 - Success
[2.544s] -- Performing Test COMPILER_SUPPORTS_FMA
[2.593s] -- Performing Test COMPILER_SUPPORTS_FMA - Success
[7.421s] -- Found ament_lint_auto: 0.12.10 (/opt/ros/humble/share/ament_lint_auto/cmake)
[7.423s] -- Found ament_cmake_gtest: 1.3.7 (/opt/ros/humble/share/ament_cmake_gtest/cmake)
[7.477s] -- Found gtest sources under '/opt/ros/humble/src/gtest_vendor': C++ tests using 'Google Test' will be built
[36.039s] -- Added test 'cppcheck' to perform static code analysis on C / C++ code
[36.039s] -- Configured cppcheck include dirs: /home/user/ros2_ws/src/navigation2/nav2_mppi_controller/include
[36.039s] -- Configured cppcheck exclude dirs and/or files: 
[36.040s] -- Added test 'cpplint' to check C / C++ code against the Google style
[36.040s] -- Configured cpplint exclude dirs and/or files: 
[36.041s] -- Added test 'lint_cmake' to check CMake code style
[36.043s] -- Added test 'uncrustify' to check C / C++ code style
[36.043s] -- Configured uncrustify additional arguments: 
[36.043s] -- Added test 'xmllint' to check XML markup files
[36.045s] -- Configuring done
[36.306s] -- Generating done
[36.307s] -- Build files have been written to: /home/user/ros2_ws/build/nav2_mppi_controller
[36.319s] Invoked command in '/home/user/ros2_ws/build/nav2_mppi_controller' returned '0': AMENT_PREFIX_PATH=/home/user/ros2_ws/install/nav2_core:/home/user/ros2_ws/install/nav2_costmap_2d:/home/user/ros2_ws/install/nav2_util:/home/user/ros2_ws/install/nav2_voxel_grid:/home/user/ros2_ws/install/nav2_msgs:/home/user/ros2_ws/install/nav2_common:${AMENT_PREFIX_PATH} CMAKE_PREFIX_PATH=/home/user/ros2_ws/install/nav2_core:/home/user/ros2_ws/install/nav2_costmap_2d:/home/user/ros2_ws/install/nav2_util:/home/user/ros2_ws/install/nav2_voxel_grid:/home/user/ros2_ws/install/nav2_msgs:/home/user/ros2_ws/install/nav2_common:/home/user/ros2_ws/install/slam_toolbox:/home/user/ros2_ws/install/slam_gmapping:/home/user/ros2_ws/install/serial:/home/user/ros2_ws/install/imu_tools:/home/user/ros2_ws/install/rviz_imu_plugin:/home/user/ros2_ws/install/rtabmap_ros:/home/user/ros2_ws/install/rtabmap_launch:/home/user/ros2_ws/install/rtabmap_examples:/home/user/ros2_ws/install/rtabmap_demos:/home/user/ros2_ws/install/rtabmap_viz:/home/user/ros2_ws/install/rtabmap_slam:/home/user/ros2_ws/install/rtabmap_odom:/home/user/ros2_ws/install/rtabmap_util:/home/user/ros2_ws/install/rtabmap_sync:/home/user/ros2_ws/install/rtabmap_rviz_plugins:/home/user/ros2_ws/install/rtabmap_conversions:/home/user/ros2_ws/install/rtabmap_python:/opt/ros/humble:/home/user/ros2_ws/install/rtabmap_msgs:/home/user/ros2_ws/install/rtabmap:/home/user/ros2_ws/install/roboteq_ros2_driver:/home/user/ros2_ws/install/realsense2_description:/home/user/ros2_ws/install/realsense2_camera:/home/user/ros2_ws/install/realsense2_camera_msgs:/home/user/ros2_ws/install/openslam_gmapping:/home/user/ros2_ws/install/lslidar_driver:/home/user/ros2_ws/install/lslidar_msgs:/home/user/ros2_ws/install/imu_filter_madgwick:/home/user/ros2_ws/install/imu_complementary_filter:/home/user/ros2_ws/install/amr_bot LD_LIBRARY_PATH=/home/user/ros2_ws/install/nav2_costmap_2d/lib:/home/user/ros2_ws/install/nav2_util/lib:/home/user/ros2_ws/install/nav2_voxel_grid/lib:/home/user/ros2_ws/install/nav2_msgs/lib:${LD_LIBRARY_PATH} PYTHONPATH=/home/user/ros2_ws/install/nav2_msgs/local/lib/python3.10/dist-packages:/home/user/ros2_ws/install/nav2_common/local/lib/python3.10/dist-packages:${PYTHONPATH} /usr/bin/cmake /home/user/ros2_ws/src/navigation2/nav2_mppi_controller -DAMENT_CMAKE_SYMLINK_INSTALL=1 -DCMAKE_INSTALL_PREFIX=/home/user/ros2_ws/install/nav2_mppi_controller
[36.319s] Invoking command in '/home/user/ros2_ws/build/nav2_mppi_controller': AMENT_PREFIX_PATH=/home/user/ros2_ws/install/nav2_core:/home/user/ros2_ws/install/nav2_costmap_2d:/home/user/ros2_ws/install/nav2_util:/home/user/ros2_ws/install/nav2_voxel_grid:/home/user/ros2_ws/install/nav2_msgs:/home/user/ros2_ws/install/nav2_common:${AMENT_PREFIX_PATH} CMAKE_PREFIX_PATH=/home/user/ros2_ws/install/nav2_core:/home/user/ros2_ws/install/nav2_costmap_2d:/home/user/ros2_ws/install/nav2_util:/home/user/ros2_ws/install/nav2_voxel_grid:/home/user/ros2_ws/install/nav2_msgs:/home/user/ros2_ws/install/nav2_common:/home/user/ros2_ws/install/slam_toolbox:/home/user/ros2_ws/install/slam_gmapping:/home/user/ros2_ws/install/serial:/home/user/ros2_ws/install/imu_tools:/home/user/ros2_ws/install/rviz_imu_plugin:/home/user/ros2_ws/install/rtabmap_ros:/home/user/ros2_ws/install/rtabmap_launch:/home/user/ros2_ws/install/rtabmap_examples:/home/user/ros2_ws/install/rtabmap_demos:/home/user/ros2_ws/install/rtabmap_viz:/home/user/ros2_ws/install/rtabmap_slam:/home/user/ros2_ws/install/rtabmap_odom:/home/user/ros2_ws/install/rtabmap_util:/home/user/ros2_ws/install/rtabmap_sync:/home/user/ros2_ws/install/rtabmap_rviz_plugins:/home/user/ros2_ws/install/rtabmap_conversions:/home/user/ros2_ws/install/rtabmap_python:/opt/ros/humble:/home/user/ros2_ws/install/rtabmap_msgs:/home/user/ros2_ws/install/rtabmap:/home/user/ros2_ws/install/roboteq_ros2_driver:/home/user/ros2_ws/install/realsense2_description:/home/user/ros2_ws/install/realsense2_camera:/home/user/ros2_ws/install/realsense2_camera_msgs:/home/user/ros2_ws/install/openslam_gmapping:/home/user/ros2_ws/install/lslidar_driver:/home/user/ros2_ws/install/lslidar_msgs:/home/user/ros2_ws/install/imu_filter_madgwick:/home/user/ros2_ws/install/imu_complementary_filter:/home/user/ros2_ws/install/amr_bot LD_LIBRARY_PATH=/home/user/ros2_ws/install/nav2_costmap_2d/lib:/home/user/ros2_ws/install/nav2_util/lib:/home/user/ros2_ws/install/nav2_voxel_grid/lib:/home/user/ros2_ws/install/nav2_msgs/lib:${LD_LIBRARY_PATH} PYTHONPATH=/home/user/ros2_ws/install/nav2_msgs/local/lib/python3.10/dist-packages:/home/user/ros2_ws/install/nav2_common/local/lib/python3.10/dist-packages:${PYTHONPATH} /usr/bin/cmake --build /home/user/ros2_ws/build/nav2_mppi_controller
[36.353s] [  2%] [32mBuilding CXX object CMakeFiles/mppi_controller.dir/src/controller.cpp.o[0m
[42.835s] [  4%] [32mBuilding CXX object CMakeFiles/mppi_controller.dir/src/optimizer.cpp.o[0m
[52.597s] [  6%] [32mBuilding CXX object CMakeFiles/mppi_controller.dir/src/critic_manager.cpp.o[0m
[58.952s] [  8%] [32mBuilding CXX object CMakeFiles/mppi_controller.dir/src/trajectory_visualizer.cpp.o[0m
[64.502s] [ 10%] [32mBuilding CXX object CMakeFiles/mppi_controller.dir/src/path_handler.cpp.o[0m
[68.900s] [ 12%] [32mBuilding CXX object CMakeFiles/mppi_controller.dir/src/parameters_handler.cpp.o[0m
[70.738s] [ 14%] [32mBuilding CXX object CMakeFiles/mppi_controller.dir/src/noise_generator.cpp.o[0m
[73.597s] [ 17%] [32m[1mLinking CXX shared library libmppi_controller.so[0m
[73.777s] [ 17%] Built target mppi_controller
[73.791s] [ 19%] [32mBuilding CXX object CMakeFiles/mppi_critics.dir/src/critics/obstacles_critic.cpp.o[0m
[78.713s] [ 21%] [32mBuilding CXX object CMakeFiles/mppi_critics.dir/src/critics/goal_critic.cpp.o[0m
[83.742s] [ 23%] [32mBuilding CXX object CMakeFiles/mppi_critics.dir/src/critics/goal_angle_critic.cpp.o[0m
[88.741s] [ 25%] [32mBuilding CXX object CMakeFiles/mppi_critics.dir/src/critics/path_align_critic.cpp.o[0m
[93.544s] [ 27%] [32mBuilding CXX object CMakeFiles/mppi_critics.dir/src/critics/path_align_legacy_critic.cpp.o[0m
[98.349s] [ 29%] [32mBuilding CXX object CMakeFiles/mppi_critics.dir/src/critics/path_follow_critic.cpp.o[0m
[103.373s] [ 31%] [32mBuilding CXX object CMakeFiles/mppi_critics.dir/src/critics/path_angle_critic.cpp.o[0m
[109.495s] [ 34%] [32mBuilding CXX object CMakeFiles/mppi_critics.dir/src/critics/prefer_forward_critic.cpp.o[0m
[114.163s] [ 36%] [32mBuilding CXX object CMakeFiles/mppi_critics.dir/src/critics/twirling_critic.cpp.o[0m
[118.818s] [ 38%] [32mBuilding CXX object CMakeFiles/mppi_critics.dir/src/critics/constraint_critic.cpp.o[0m
[124.429s] [ 40%] [32m[1mLinking CXX shared library libmppi_critics.so[0m
[124.614s] [ 40%] Built target mppi_critics
[124.627s] [ 42%] [32mBuilding CXX object gtest/CMakeFiles/gtest_main.dir/src/gtest_main.cc.o[0m
[125.071s] [ 44%] [32m[1mLinking CXX static library libgtest_main.a[0m
[125.091s] [ 44%] Built target gtest_main
[125.104s] [ 46%] [32mBuilding CXX object gtest/CMakeFiles/gtest.dir/src/gtest-all.cc.o[0m
[129.262s] [ 48%] [32m[1mLinking CXX static library libgtest.a[0m
[129.285s] [ 48%] Built target gtest
[129.299s] [ 51%] [32mBuilding CXX object test/CMakeFiles/optimizer_smoke_test.dir/optimizer_smoke_test.cpp.o[0m
[136.853s] [ 53%] [32m[1mLinking CXX executable optimizer_smoke_test[0m
[137.101s] [ 53%] Built target optimizer_smoke_test
[137.115s] [ 55%] [32mBuilding CXX object test/CMakeFiles/controller_state_transition_test.dir/controller_state_transition_test.cpp.o[0m
[144.215s] [ 57%] [32m[1mLinking CXX executable controller_state_transition_test[0m
[144.457s] [ 57%] Built target controller_state_transition_test
[144.471s] [ 59%] [32mBuilding CXX object test/CMakeFiles/models_test.dir/models_test.cpp.o[0m
[147.717s] [ 61%] [32m[1mLinking CXX executable models_test[0m
[147.889s] [ 61%] Built target models_test
[147.903s] [ 63%] [32mBuilding CXX object test/CMakeFiles/noise_generator_test.dir/noise_generator_test.cpp.o[0m
[151.316s] [ 65%] [32m[1mLinking CXX executable noise_generator_test[0m
[151.508s] [ 65%] Built target noise_generator_test
[151.522s] [ 68%] [32mBuilding CXX object test/CMakeFiles/parameter_handler_test.dir/parameter_handler_test.cpp.o[0m
[154.385s] [ 70%] [32m[1mLinking CXX executable parameter_handler_test[0m
[154.585s] [ 70%] Built target parameter_handler_test
[154.599s] [ 72%] [32mBuilding CXX object test/CMakeFiles/motion_model_tests.dir/motion_model_tests.cpp.o[0m
[158.930s] [ 74%] [32m[1mLinking CXX executable motion_model_tests[0m
[159.126s] [ 74%] Built target motion_model_tests
[159.140s] [ 76%] [32mBuilding CXX object test/CMakeFiles/trajectory_visualizer_tests.dir/trajectory_visualizer_tests.cpp.o[0m
[170.188s] [ 78%] [32m[1mLinking CXX executable trajectory_visualizer_tests[0m
[170.429s] [ 78%] Built target trajectory_visualizer_tests
[170.443s] [ 80%] [32mBuilding CXX object test/CMakeFiles/utils_test.dir/utils_test.cpp.o[0m
[177.032s] [ 82%] [32m[1mLinking CXX executable utils_test[0m
[177.256s] [ 82%] Built target utils_test
[177.270s] [ 85%] [32mBuilding CXX object test/CMakeFiles/path_handler_test.dir/path_handler_test.cpp.o[0m
[181.324s] [ 87%] [32m[1mLinking CXX executable path_handler_test[0m
[181.571s] [ 87%] Built target path_handler_test
[181.585s] [ 89%] [32mBuilding CXX object test/CMakeFiles/critic_manager_test.dir/critic_manager_test.cpp.o[0m
[188.615s] [ 91%] [32m[1mLinking CXX executable critic_manager_test[0m
[188.864s] [ 91%] Built target critic_manager_test
[188.879s] [ 93%] [32mBuilding CXX object test/CMakeFiles/optimizer_unit_tests.dir/optimizer_unit_tests.cpp.o[0m
[197.385s] [ 95%] [32m[1mLinking CXX executable optimizer_unit_tests[0m
[197.630s] [ 95%] Built target optimizer_unit_tests
[197.644s] [ 97%] [32mBuilding CXX object test/CMakeFiles/critics_tests.dir/critics_tests.cpp.o[0m
[206.314s] [100%] [32m[1mLinking CXX executable critics_tests[0m
[206.560s] [100%] Built target critics_tests
[206.568s] Invoked command in '/home/user/ros2_ws/build/nav2_mppi_controller' returned '0': AMENT_PREFIX_PATH=/home/user/ros2_ws/install/nav2_core:/home/user/ros2_ws/install/nav2_costmap_2d:/home/user/ros2_ws/install/nav2_util:/home/user/ros2_ws/install/nav2_voxel_grid:/home/user/ros2_ws/install/nav2_msgs:/home/user/ros2_ws/install/nav2_common:${AMENT_PREFIX_PATH} CMAKE_PREFIX_PATH=/home/user/ros2_ws/install/nav2_core:/home/user/ros2_ws/install/nav2_costmap_2d:/home/user/ros2_ws/install/nav2_util:/home/user/ros2_ws/install/nav2_voxel_grid:/home/user/ros2_ws/install/nav2_msgs:/home/user/ros2_ws/install/nav2_common:/home/user/ros2_ws/install/slam_toolbox:/home/user/ros2_ws/install/slam_gmapping:/home/user/ros2_ws/install/serial:/home/user/ros2_ws/install/imu_tools:/home/user/ros2_ws/install/rviz_imu_plugin:/home/user/ros2_ws/install/rtabmap_ros:/home/user/ros2_ws/install/rtabmap_launch:/home/user/ros2_ws/install/rtabmap_examples:/home/user/ros2_ws/install/rtabmap_demos:/home/user/ros2_ws/install/rtabmap_viz:/home/user/ros2_ws/install/rtabmap_slam:/home/user/ros2_ws/install/rtabmap_odom:/home/user/ros2_ws/install/rtabmap_util:/home/user/ros2_ws/install/rtabmap_sync:/home/user/ros2_ws/install/rtabmap_rviz_plugins:/home/user/ros2_ws/install/rtabmap_conversions:/home/user/ros2_ws/install/rtabmap_python:/opt/ros/humble:/home/user/ros2_ws/install/rtabmap_msgs:/home/user/ros2_ws/install/rtabmap:/home/user/ros2_ws/install/roboteq_ros2_driver:/home/user/ros2_ws/install/realsense2_description:/home/user/ros2_ws/install/realsense2_camera:/home/user/ros2_ws/install/realsense2_camera_msgs:/home/user/ros2_ws/install/openslam_gmapping:/home/user/ros2_ws/install/lslidar_driver:/home/user/ros2_ws/install/lslidar_msgs:/home/user/ros2_ws/install/imu_filter_madgwick:/home/user/ros2_ws/install/imu_complementary_filter:/home/user/ros2_ws/install/amr_bot LD_LIBRARY_PATH=/home/user/ros2_ws/install/nav2_costmap_2d/lib:/home/user/ros2_ws/install/nav2_util/lib:/home/user/ros2_ws/install/nav2_voxel_grid/lib:/home/user/ros2_ws/install/nav2_msgs/lib:${LD_LIBRARY_PATH} PYTHONPATH=/home/user/ros2_ws/install/nav2_msgs/local/lib/python3.10/dist-packages:/home/user/ros2_ws/install/nav2_common/local/lib/python3.10/dist-packages:${PYTHONPATH} /usr/bin/cmake --build /home/user/ros2_ws/build/nav2_mppi_controller
[206.625s] Invoking command in '/home/user/ros2_ws/build/nav2_mppi_controller': AMENT_PREFIX_PATH=/home/user/ros2_ws/install/nav2_core:/home/user/ros2_ws/install/nav2_costmap_2d:/home/user/ros2_ws/install/nav2_util:/home/user/ros2_ws/install/nav2_voxel_grid:/home/user/ros2_ws/install/nav2_msgs:/home/user/ros2_ws/install/nav2_common:${AMENT_PREFIX_PATH} CMAKE_PREFIX_PATH=/home/user/ros2_ws/install/nav2_core:/home/user/ros2_ws/install/nav2_costmap_2d:/home/user/ros2_ws/install/nav2_util:/home/user/ros2_ws/install/nav2_voxel_grid:/home/user/ros2_ws/install/nav2_msgs:/home/user/ros2_ws/install/nav2_common:/home/user/ros2_ws/install/slam_toolbox:/home/user/ros2_ws/install/slam_gmapping:/home/user/ros2_ws/install/serial:/home/user/ros2_ws/install/imu_tools:/home/user/ros2_ws/install/rviz_imu_plugin:/home/user/ros2_ws/install/rtabmap_ros:/home/user/ros2_ws/install/rtabmap_launch:/home/user/ros2_ws/install/rtabmap_examples:/home/user/ros2_ws/install/rtabmap_demos:/home/user/ros2_ws/install/rtabmap_viz:/home/user/ros2_ws/install/rtabmap_slam:/home/user/ros2_ws/install/rtabmap_odom:/home/user/ros2_ws/install/rtabmap_util:/home/user/ros2_ws/install/rtabmap_sync:/home/user/ros2_ws/install/rtabmap_rviz_plugins:/home/user/ros2_ws/install/rtabmap_conversions:/home/user/ros2_ws/install/rtabmap_python:/opt/ros/humble:/home/user/ros2_ws/install/rtabmap_msgs:/home/user/ros2_ws/install/rtabmap:/home/user/ros2_ws/install/roboteq_ros2_driver:/home/user/ros2_ws/install/realsense2_description:/home/user/ros2_ws/install/realsense2_camera:/home/user/ros2_ws/install/realsense2_camera_msgs:/home/user/ros2_ws/install/openslam_gmapping:/home/user/ros2_ws/install/lslidar_driver:/home/user/ros2_ws/install/lslidar_msgs:/home/user/ros2_ws/install/imu_filter_madgwick:/home/user/ros2_ws/install/imu_complementary_filter:/home/user/ros2_ws/install/amr_bot LD_LIBRARY_PATH=/home/user/ros2_ws/install/nav2_costmap_2d/lib:/home/user/ros2_ws/install/nav2_util/lib:/home/user/ros2_ws/install/nav2_voxel_grid/lib:/home/user/ros2_ws/install/nav2_msgs/lib:${LD_LIBRARY_PATH} PYTHONPATH=/home/user/ros2_ws/install/nav2_msgs/local/lib/python3.10/dist-packages:/home/user/ros2_ws/install/nav2_common/local/lib/python3.10/dist-packages:${PYTHONPATH} /usr/bin/cmake --install /home/user/ros2_ws/build/nav2_mppi_controller
[206.630s] -- Install configuration: "Release"
[206.630s] -- Execute custom install script
[206.630s] -- Symlinking: /home/user/ros2_ws/install/nav2_mppi_controller/lib/libmppi_controller.so
[206.636s] -- Symlinking: /home/user/ros2_ws/install/nav2_mppi_controller/lib/libmppi_critics.so
[206.642s] -- Symlinking: /home/user/ros2_ws/install/nav2_mppi_controller/include//nav2_mppi_controller/controller.hpp
[206.647s] -- Symlinking: /home/user/ros2_ws/install/nav2_mppi_controller/include//nav2_mppi_controller/critic_data.hpp
[206.652s] -- Symlinking: /home/user/ros2_ws/install/nav2_mppi_controller/include//nav2_mppi_controller/critic_function.hpp
[206.657s] -- Symlinking: /home/user/ros2_ws/install/nav2_mppi_controller/include//nav2_mppi_controller/critic_manager.hpp
[206.662s] -- Symlinking: /home/user/ros2_ws/install/nav2_mppi_controller/include//nav2_mppi_controller/critics/constraint_critic.hpp
[206.668s] -- Symlinking: /home/user/ros2_ws/install/nav2_mppi_controller/include//nav2_mppi_controller/critics/goal_angle_critic.hpp
[206.673s] -- Symlinking: /home/user/ros2_ws/install/nav2_mppi_controller/include//nav2_mppi_controller/critics/goal_critic.hpp
[206.678s] -- Symlinking: /home/user/ros2_ws/install/nav2_mppi_controller/include//nav2_mppi_controller/critics/obstacles_critic.hpp
[206.683s] -- Symlinking: /home/user/ros2_ws/install/nav2_mppi_controller/include//nav2_mppi_controller/critics/path_align_critic.hpp
[206.688s] -- Symlinking: /home/user/ros2_ws/install/nav2_mppi_controller/include//nav2_mppi_controller/critics/path_align_legacy_critic.hpp
[206.693s] -- Symlinking: /home/user/ros2_ws/install/nav2_mppi_controller/include//nav2_mppi_controller/critics/path_angle_critic.hpp
[206.698s] -- Symlinking: /home/user/ros2_ws/install/nav2_mppi_controller/include//nav2_mppi_controller/critics/path_follow_critic.hpp
[206.703s] -- Symlinking: /home/user/ros2_ws/install/nav2_mppi_controller/include//nav2_mppi_controller/critics/prefer_forward_critic.hpp
[206.710s] -- Symlinking: /home/user/ros2_ws/install/nav2_mppi_controller/include//nav2_mppi_controller/critics/twirling_critic.hpp
[206.715s] -- Symlinking: /home/user/ros2_ws/install/nav2_mppi_controller/include//nav2_mppi_controller/models/constraints.hpp
[206.720s] -- Symlinking: /home/user/ros2_ws/install/nav2_mppi_controller/include//nav2_mppi_controller/models/control_sequence.hpp
[206.725s] -- Symlinking: /home/user/ros2_ws/install/nav2_mppi_controller/include//nav2_mppi_controller/models/optimizer_settings.hpp
[206.730s] -- Symlinking: /home/user/ros2_ws/install/nav2_mppi_controller/include//nav2_mppi_controller/models/path.hpp
[206.735s] -- Symlinking: /home/user/ros2_ws/install/nav2_mppi_controller/include//nav2_mppi_controller/models/state.hpp
[206.740s] -- Symlinking: /home/user/ros2_ws/install/nav2_mppi_controller/include//nav2_mppi_controller/models/trajectories.hpp
[206.745s] -- Symlinking: /home/user/ros2_ws/install/nav2_mppi_controller/include//nav2_mppi_controller/motion_models.hpp
[206.750s] -- Symlinking: /home/user/ros2_ws/install/nav2_mppi_controller/include//nav2_mppi_controller/optimizer.hpp
[206.755s] -- Symlinking: /home/user/ros2_ws/install/nav2_mppi_controller/include//nav2_mppi_controller/tools/noise_generator.hpp
[206.760s] -- Symlinking: /home/user/ros2_ws/install/nav2_mppi_controller/include//nav2_mppi_controller/tools/parameters_handler.hpp
[206.766s] -- Symlinking: /home/user/ros2_ws/install/nav2_mppi_controller/include//nav2_mppi_controller/tools/path_handler.hpp
[206.771s] -- Symlinking: /home/user/ros2_ws/install/nav2_mppi_controller/include//nav2_mppi_controller/tools/trajectory_visualizer.hpp
[206.776s] -- Symlinking: /home/user/ros2_ws/install/nav2_mppi_controller/include//nav2_mppi_controller/tools/utils.hpp
[206.781s] -- Symlinking: /home/user/ros2_ws/install/nav2_mppi_controller/share/nav2_mppi_controller/environment/library_path.sh
[206.786s] -- Symlinking: /home/user/ros2_ws/install/nav2_mppi_controller/share/nav2_mppi_controller/environment/library_path.dsv
[206.791s] -- Symlinking: /home/user/ros2_ws/install/nav2_mppi_controller/share/nav2_mppi_controller//mppic.xml
[206.796s] -- Symlinking: /home/user/ros2_ws/install/nav2_mppi_controller/share/nav2_mppi_controller//critics.xml
[206.801s] -- Symlinking: /home/user/ros2_ws/install/nav2_mppi_controller/share/ament_index/resource_index/package_run_dependencies/nav2_mppi_controller
[206.806s] -- Symlinking: /home/user/ros2_ws/install/nav2_mppi_controller/share/ament_index/resource_index/parent_prefix_path/nav2_mppi_controller
[206.811s] -- Symlinking: /home/user/ros2_ws/install/nav2_mppi_controller/share/nav2_mppi_controller/environment/ament_prefix_path.sh
[206.816s] -- Symlinking: /home/user/ros2_ws/install/nav2_mppi_controller/share/nav2_mppi_controller/environment/ament_prefix_path.dsv
[206.822s] -- Symlinking: /home/user/ros2_ws/install/nav2_mppi_controller/share/nav2_mppi_controller/environment/path.sh
[206.827s] -- Symlinking: /home/user/ros2_ws/install/nav2_mppi_controller/share/nav2_mppi_controller/environment/path.dsv
[206.832s] -- Symlinking: /home/user/ros2_ws/install/nav2_mppi_controller/share/nav2_mppi_controller/local_setup.bash
[206.836s] -- Symlinking: /home/user/ros2_ws/install/nav2_mppi_controller/share/nav2_mppi_controller/local_setup.sh
[206.841s] -- Symlinking: /home/user/ros2_ws/install/nav2_mppi_controller/share/nav2_mppi_controller/local_setup.zsh
[206.847s] -- Symlinking: /home/user/ros2_ws/install/nav2_mppi_controller/share/nav2_mppi_controller/local_setup.dsv
[206.852s] -- Symlinking: /home/user/ros2_ws/install/nav2_mppi_controller/share/nav2_mppi_controller/package.dsv
[206.857s] -- Symlinking: /home/user/ros2_ws/install/nav2_mppi_controller/share/ament_index/resource_index/packages/nav2_mppi_controller
[206.862s] -- Symlinking: /home/user/ros2_ws/install/nav2_mppi_controller/share/ament_index/resource_index/nav2_core__pluginlib__plugin/nav2_mppi_controller
[206.868s] -- Symlinking: /home/user/ros2_ws/install/nav2_mppi_controller/share/ament_index/resource_index/nav2_mppi_controller__pluginlib__plugin/nav2_mppi_controller
[206.873s] -- Symlinking: /home/user/ros2_ws/install/nav2_mppi_controller/share/nav2_mppi_controller/cmake/ament_cmake_export_libraries-extras.cmake
[206.879s] -- Symlinking: /home/user/ros2_ws/install/nav2_mppi_controller/share/nav2_mppi_controller/cmake/ament_cmake_export_dependencies-extras.cmake
[206.884s] -- Symlinking: /home/user/ros2_ws/install/nav2_mppi_controller/share/nav2_mppi_controller/cmake/ament_cmake_export_include_directories-extras.cmake
[206.891s] -- Symlinking: /home/user/ros2_ws/install/nav2_mppi_controller/share/nav2_mppi_controller/cmake/nav2_mppi_controllerConfig.cmake
[206.896s] -- Symlinking: /home/user/ros2_ws/install/nav2_mppi_controller/share/nav2_mppi_controller/cmake/nav2_mppi_controllerConfig-version.cmake
[206.901s] -- Symlinking: /home/user/ros2_ws/install/nav2_mppi_controller/share/nav2_mppi_controller/package.xml
[206.908s] Invoked command in '/home/user/ros2_ws/build/nav2_mppi_controller' returned '0': AMENT_PREFIX_PATH=/home/user/ros2_ws/install/nav2_core:/home/user/ros2_ws/install/nav2_costmap_2d:/home/user/ros2_ws/install/nav2_util:/home/user/ros2_ws/install/nav2_voxel_grid:/home/user/ros2_ws/install/nav2_msgs:/home/user/ros2_ws/install/nav2_common:${AMENT_PREFIX_PATH} CMAKE_PREFIX_PATH=/home/user/ros2_ws/install/nav2_core:/home/user/ros2_ws/install/nav2_costmap_2d:/home/user/ros2_ws/install/nav2_util:/home/user/ros2_ws/install/nav2_voxel_grid:/home/user/ros2_ws/install/nav2_msgs:/home/user/ros2_ws/install/nav2_common:/home/user/ros2_ws/install/slam_toolbox:/home/user/ros2_ws/install/slam_gmapping:/home/user/ros2_ws/install/serial:/home/user/ros2_ws/install/imu_tools:/home/user/ros2_ws/install/rviz_imu_plugin:/home/user/ros2_ws/install/rtabmap_ros:/home/user/ros2_ws/install/rtabmap_launch:/home/user/ros2_ws/install/rtabmap_examples:/home/user/ros2_ws/install/rtabmap_demos:/home/user/ros2_ws/install/rtabmap_viz:/home/user/ros2_ws/install/rtabmap_slam:/home/user/ros2_ws/install/rtabmap_odom:/home/user/ros2_ws/install/rtabmap_util:/home/user/ros2_ws/install/rtabmap_sync:/home/user/ros2_ws/install/rtabmap_rviz_plugins:/home/user/ros2_ws/install/rtabmap_conversions:/home/user/ros2_ws/install/rtabmap_python:/opt/ros/humble:/home/user/ros2_ws/install/rtabmap_msgs:/home/user/ros2_ws/install/rtabmap:/home/user/ros2_ws/install/roboteq_ros2_driver:/home/user/ros2_ws/install/realsense2_description:/home/user/ros2_ws/install/realsense2_camera:/home/user/ros2_ws/install/realsense2_camera_msgs:/home/user/ros2_ws/install/openslam_gmapping:/home/user/ros2_ws/install/lslidar_driver:/home/user/ros2_ws/install/lslidar_msgs:/home/user/ros2_ws/install/imu_filter_madgwick:/home/user/ros2_ws/install/imu_complementary_filter:/home/user/ros2_ws/install/amr_bot LD_LIBRARY_PATH=/home/user/ros2_ws/install/nav2_costmap_2d/lib:/home/user/ros2_ws/install/nav2_util/lib:/home/user/ros2_ws/install/nav2_voxel_grid/lib:/home/user/ros2_ws/install/nav2_msgs/lib:${LD_LIBRARY_PATH} PYTHONPATH=/home/user/ros2_ws/install/nav2_msgs/local/lib/python3.10/dist-packages:/home/user/ros2_ws/install/nav2_common/local/lib/python3.10/dist-packages:${PYTHONPATH} /usr/bin/cmake --install /home/user/ros2_ws/build/nav2_mppi_controller
