[0.035s] Invoking command in '/home/user/ros2_ws/build/nav2_amcl': AMENT_PREFIX_PATH=/home/user/ros2_ws/install/nav2_util:/home/user/ros2_ws/install/nav2_msgs:/home/user/ros2_ws/install/nav2_common:${AMENT_PREFIX_PATH} CMAKE_PREFIX_PATH=/home/user/ros2_ws/install/nav2_util:/home/user/ros2_ws/install/nav2_msgs:/home/user/ros2_ws/install/nav2_common:/home/user/ros2_ws/install/slam_toolbox:/home/user/ros2_ws/install/slam_gmapping:/home/user/ros2_ws/install/serial:/home/user/ros2_ws/install/imu_tools:/home/user/ros2_ws/install/rviz_imu_plugin:/home/user/ros2_ws/install/rtabmap_ros:/home/user/ros2_ws/install/rtabmap_launch:/home/user/ros2_ws/install/rtabmap_examples:/home/user/ros2_ws/install/rtabmap_demos:/home/user/ros2_ws/install/rtabmap_viz:/home/user/ros2_ws/install/rtabmap_slam:/home/user/ros2_ws/install/rtabmap_odom:/home/user/ros2_ws/install/rtabmap_util:/home/user/ros2_ws/install/rtabmap_sync:/home/user/ros2_ws/install/rtabmap_rviz_plugins:/home/user/ros2_ws/install/rtabmap_conversions:/home/user/ros2_ws/install/rtabmap_python:/opt/ros/humble:/home/user/ros2_ws/install/rtabmap_msgs:/home/user/ros2_ws/install/rtabmap:/home/user/ros2_ws/install/roboteq_ros2_driver:/home/user/ros2_ws/install/realsense2_description:/home/user/ros2_ws/install/realsense2_camera:/home/user/ros2_ws/install/realsense2_camera_msgs:/home/user/ros2_ws/install/openslam_gmapping:/home/user/ros2_ws/install/lslidar_driver:/home/user/ros2_ws/install/lslidar_msgs:/home/user/ros2_ws/install/imu_filter_madgwick:/home/user/ros2_ws/install/imu_complementary_filter:/home/user/ros2_ws/install/amr_bot LD_LIBRARY_PATH=/home/user/ros2_ws/install/nav2_util/lib:/home/user/ros2_ws/install/nav2_msgs/lib:${LD_LIBRARY_PATH} PYTHONPATH=/home/user/ros2_ws/install/nav2_msgs/local/lib/python3.10/dist-packages:/home/user/ros2_ws/install/nav2_common/local/lib/python3.10/dist-packages:${PYTHONPATH} /usr/bin/cmake --build /home/user/ros2_ws/build/nav2_amcl
[0.063s] [35m[1mConsolidate compiler generated dependencies of target map_lib[0m
[0.071s] [ 20%] Built target map_lib
[0.077s] [35m[1mConsolidate compiler generated dependencies of target pf_lib[0m
[0.085s] [ 50%] Built target pf_lib
[0.092s] [35m[1mConsolidate compiler generated dependencies of target sensors_lib[0m
[0.101s] [ 70%] Built target sensors_lib
[0.108s] [35m[1mConsolidate compiler generated dependencies of target amcl_core[0m
[0.122s] [ 79%] Built target amcl_core
[0.130s] [35m[1mConsolidate compiler generated dependencies of target amcl[0m
[0.143s] [ 87%] Built target amcl
[0.151s] [35m[1mConsolidate compiler generated dependencies of target motions_lib[0m
[0.160s] [100%] Built target motions_lib
[0.167s] Invoked command in '/home/user/ros2_ws/build/nav2_amcl' returned '0': AMENT_PREFIX_PATH=/home/user/ros2_ws/install/nav2_util:/home/user/ros2_ws/install/nav2_msgs:/home/user/ros2_ws/install/nav2_common:${AMENT_PREFIX_PATH} CMAKE_PREFIX_PATH=/home/user/ros2_ws/install/nav2_util:/home/user/ros2_ws/install/nav2_msgs:/home/user/ros2_ws/install/nav2_common:/home/user/ros2_ws/install/slam_toolbox:/home/user/ros2_ws/install/slam_gmapping:/home/user/ros2_ws/install/serial:/home/user/ros2_ws/install/imu_tools:/home/user/ros2_ws/install/rviz_imu_plugin:/home/user/ros2_ws/install/rtabmap_ros:/home/user/ros2_ws/install/rtabmap_launch:/home/user/ros2_ws/install/rtabmap_examples:/home/user/ros2_ws/install/rtabmap_demos:/home/user/ros2_ws/install/rtabmap_viz:/home/user/ros2_ws/install/rtabmap_slam:/home/user/ros2_ws/install/rtabmap_odom:/home/user/ros2_ws/install/rtabmap_util:/home/user/ros2_ws/install/rtabmap_sync:/home/user/ros2_ws/install/rtabmap_rviz_plugins:/home/user/ros2_ws/install/rtabmap_conversions:/home/user/ros2_ws/install/rtabmap_python:/opt/ros/humble:/home/user/ros2_ws/install/rtabmap_msgs:/home/user/ros2_ws/install/rtabmap:/home/user/ros2_ws/install/roboteq_ros2_driver:/home/user/ros2_ws/install/realsense2_description:/home/user/ros2_ws/install/realsense2_camera:/home/user/ros2_ws/install/realsense2_camera_msgs:/home/user/ros2_ws/install/openslam_gmapping:/home/user/ros2_ws/install/lslidar_driver:/home/user/ros2_ws/install/lslidar_msgs:/home/user/ros2_ws/install/imu_filter_madgwick:/home/user/ros2_ws/install/imu_complementary_filter:/home/user/ros2_ws/install/amr_bot LD_LIBRARY_PATH=/home/user/ros2_ws/install/nav2_util/lib:/home/user/ros2_ws/install/nav2_msgs/lib:${LD_LIBRARY_PATH} PYTHONPATH=/home/user/ros2_ws/install/nav2_msgs/local/lib/python3.10/dist-packages:/home/user/ros2_ws/install/nav2_common/local/lib/python3.10/dist-packages:${PYTHONPATH} /usr/bin/cmake --build /home/user/ros2_ws/build/nav2_amcl
[0.191s] Invoking command in '/home/user/ros2_ws/build/nav2_amcl': AMENT_PREFIX_PATH=/home/user/ros2_ws/install/nav2_util:/home/user/ros2_ws/install/nav2_msgs:/home/user/ros2_ws/install/nav2_common:${AMENT_PREFIX_PATH} CMAKE_PREFIX_PATH=/home/user/ros2_ws/install/nav2_util:/home/user/ros2_ws/install/nav2_msgs:/home/user/ros2_ws/install/nav2_common:/home/user/ros2_ws/install/slam_toolbox:/home/user/ros2_ws/install/slam_gmapping:/home/user/ros2_ws/install/serial:/home/user/ros2_ws/install/imu_tools:/home/user/ros2_ws/install/rviz_imu_plugin:/home/user/ros2_ws/install/rtabmap_ros:/home/user/ros2_ws/install/rtabmap_launch:/home/user/ros2_ws/install/rtabmap_examples:/home/user/ros2_ws/install/rtabmap_demos:/home/user/ros2_ws/install/rtabmap_viz:/home/user/ros2_ws/install/rtabmap_slam:/home/user/ros2_ws/install/rtabmap_odom:/home/user/ros2_ws/install/rtabmap_util:/home/user/ros2_ws/install/rtabmap_sync:/home/user/ros2_ws/install/rtabmap_rviz_plugins:/home/user/ros2_ws/install/rtabmap_conversions:/home/user/ros2_ws/install/rtabmap_python:/opt/ros/humble:/home/user/ros2_ws/install/rtabmap_msgs:/home/user/ros2_ws/install/rtabmap:/home/user/ros2_ws/install/roboteq_ros2_driver:/home/user/ros2_ws/install/realsense2_description:/home/user/ros2_ws/install/realsense2_camera:/home/user/ros2_ws/install/realsense2_camera_msgs:/home/user/ros2_ws/install/openslam_gmapping:/home/user/ros2_ws/install/lslidar_driver:/home/user/ros2_ws/install/lslidar_msgs:/home/user/ros2_ws/install/imu_filter_madgwick:/home/user/ros2_ws/install/imu_complementary_filter:/home/user/ros2_ws/install/amr_bot LD_LIBRARY_PATH=/home/user/ros2_ws/install/nav2_util/lib:/home/user/ros2_ws/install/nav2_msgs/lib:${LD_LIBRARY_PATH} PYTHONPATH=/home/user/ros2_ws/install/nav2_msgs/local/lib/python3.10/dist-packages:/home/user/ros2_ws/install/nav2_common/local/lib/python3.10/dist-packages:${PYTHONPATH} /usr/bin/cmake --install /home/user/ros2_ws/build/nav2_amcl
[0.196s] -- Install configuration: "Release"
[0.197s] -- Execute custom install script
[0.197s] -- Up-to-date symlink: /home/user/ros2_ws/install/nav2_amcl/lib/libpf_lib.so
[0.197s] -- Up-to-date symlink: /home/user/ros2_ws/install/nav2_amcl/lib/libmap_lib.so
[0.197s] -- Up-to-date symlink: /home/user/ros2_ws/install/nav2_amcl/lib/libmotions_lib.so
[0.197s] -- Up-to-date symlink: /home/user/ros2_ws/install/nav2_amcl/lib/libsensors_lib.so
[0.197s] -- Up-to-date symlink: /home/user/ros2_ws/install/nav2_amcl/lib/libamcl_core.so
[0.197s] -- Up-to-date symlink: /home/user/ros2_ws/install/nav2_amcl/lib/nav2_amcl/amcl
[0.198s] -- Up-to-date symlink: /home/user/ros2_ws/install/nav2_amcl/include//nav2_amcl/amcl_node.hpp
[0.198s] -- Up-to-date symlink: /home/user/ros2_ws/install/nav2_amcl/include//nav2_amcl/angleutils.hpp
[0.198s] -- Up-to-date symlink: /home/user/ros2_ws/install/nav2_amcl/include//nav2_amcl/map/map.hpp
[0.198s] -- Up-to-date symlink: /home/user/ros2_ws/install/nav2_amcl/include//nav2_amcl/motion_model/differential_motion_model.hpp
[0.198s] -- Up-to-date symlink: /home/user/ros2_ws/install/nav2_amcl/include//nav2_amcl/motion_model/motion_model.hpp
[0.198s] -- Up-to-date symlink: /home/user/ros2_ws/install/nav2_amcl/include//nav2_amcl/motion_model/omni_motion_model.hpp
[0.198s] -- Up-to-date symlink: /home/user/ros2_ws/install/nav2_amcl/include//nav2_amcl/pf/eig3.hpp
[0.198s] -- Up-to-date symlink: /home/user/ros2_ws/install/nav2_amcl/include//nav2_amcl/pf/pf.hpp
[0.198s] -- Up-to-date symlink: /home/user/ros2_ws/install/nav2_amcl/include//nav2_amcl/pf/pf_kdtree.hpp
[0.198s] -- Up-to-date symlink: /home/user/ros2_ws/install/nav2_amcl/include//nav2_amcl/pf/pf_pdf.hpp
[0.198s] -- Up-to-date symlink: /home/user/ros2_ws/install/nav2_amcl/include//nav2_amcl/pf/pf_vector.hpp
[0.198s] -- Up-to-date symlink: /home/user/ros2_ws/install/nav2_amcl/include//nav2_amcl/portable_utils.hpp
[0.198s] -- Up-to-date symlink: /home/user/ros2_ws/install/nav2_amcl/include//nav2_amcl/sensors/laser/laser.hpp
[0.198s] -- Up-to-date symlink: /home/user/ros2_ws/install/nav2_amcl/share/nav2_amcl/environment/library_path.sh
[0.198s] -- Up-to-date symlink: /home/user/ros2_ws/install/nav2_amcl/share/nav2_amcl/environment/library_path.dsv
[0.199s] -- Up-to-date symlink: /home/user/ros2_ws/install/nav2_amcl/share/nav2_amcl//plugins.xml
[0.199s] -- Up-to-date symlink: /home/user/ros2_ws/install/nav2_amcl/share/ament_index/resource_index/package_run_dependencies/nav2_amcl
[0.199s] -- Up-to-date symlink: /home/user/ros2_ws/install/nav2_amcl/share/ament_index/resource_index/parent_prefix_path/nav2_amcl
[0.199s] -- Up-to-date symlink: /home/user/ros2_ws/install/nav2_amcl/share/nav2_amcl/environment/ament_prefix_path.sh
[0.199s] -- Up-to-date symlink: /home/user/ros2_ws/install/nav2_amcl/share/nav2_amcl/environment/ament_prefix_path.dsv
[0.199s] -- Up-to-date symlink: /home/user/ros2_ws/install/nav2_amcl/share/nav2_amcl/environment/path.sh
[0.199s] -- Up-to-date symlink: /home/user/ros2_ws/install/nav2_amcl/share/nav2_amcl/environment/path.dsv
[0.199s] -- Up-to-date symlink: /home/user/ros2_ws/install/nav2_amcl/share/nav2_amcl/local_setup.bash
[0.199s] -- Up-to-date symlink: /home/user/ros2_ws/install/nav2_amcl/share/nav2_amcl/local_setup.sh
[0.199s] -- Up-to-date symlink: /home/user/ros2_ws/install/nav2_amcl/share/nav2_amcl/local_setup.zsh
[0.199s] -- Up-to-date symlink: /home/user/ros2_ws/install/nav2_amcl/share/nav2_amcl/local_setup.dsv
[0.199s] -- Symlinking: /home/user/ros2_ws/install/nav2_amcl/share/nav2_amcl/package.dsv
[0.206s] -- Up-to-date symlink: /home/user/ros2_ws/install/nav2_amcl/share/ament_index/resource_index/packages/nav2_amcl
[0.206s] -- Up-to-date symlink: /home/user/ros2_ws/install/nav2_amcl/share/ament_index/resource_index/nav2_amcl__pluginlib__plugin/nav2_amcl
[0.206s] -- Up-to-date symlink: /home/user/ros2_ws/install/nav2_amcl/share/ament_index/resource_index/rclcpp_components/nav2_amcl
[0.206s] -- Up-to-date symlink: /home/user/ros2_ws/install/nav2_amcl/share/nav2_amcl/cmake/ament_cmake_export_include_directories-extras.cmake
[0.206s] -- Up-to-date symlink: /home/user/ros2_ws/install/nav2_amcl/share/nav2_amcl/cmake/ament_cmake_export_libraries-extras.cmake
[0.206s] -- Up-to-date symlink: /home/user/ros2_ws/install/nav2_amcl/share/nav2_amcl/cmake/ament_cmake_export_dependencies-extras.cmake
[0.206s] -- Up-to-date symlink: /home/user/ros2_ws/install/nav2_amcl/share/nav2_amcl/cmake/nav2_amclConfig.cmake
[0.206s] -- Up-to-date symlink: /home/user/ros2_ws/install/nav2_amcl/share/nav2_amcl/cmake/nav2_amclConfig-version.cmake
[0.206s] -- Up-to-date symlink: /home/user/ros2_ws/install/nav2_amcl/share/nav2_amcl/package.xml
[0.208s] Invoked command in '/home/user/ros2_ws/build/nav2_amcl' returned '0': AMENT_PREFIX_PATH=/home/user/ros2_ws/install/nav2_util:/home/user/ros2_ws/install/nav2_msgs:/home/user/ros2_ws/install/nav2_common:${AMENT_PREFIX_PATH} CMAKE_PREFIX_PATH=/home/user/ros2_ws/install/nav2_util:/home/user/ros2_ws/install/nav2_msgs:/home/user/ros2_ws/install/nav2_common:/home/user/ros2_ws/install/slam_toolbox:/home/user/ros2_ws/install/slam_gmapping:/home/user/ros2_ws/install/serial:/home/user/ros2_ws/install/imu_tools:/home/user/ros2_ws/install/rviz_imu_plugin:/home/user/ros2_ws/install/rtabmap_ros:/home/user/ros2_ws/install/rtabmap_launch:/home/user/ros2_ws/install/rtabmap_examples:/home/user/ros2_ws/install/rtabmap_demos:/home/user/ros2_ws/install/rtabmap_viz:/home/user/ros2_ws/install/rtabmap_slam:/home/user/ros2_ws/install/rtabmap_odom:/home/user/ros2_ws/install/rtabmap_util:/home/user/ros2_ws/install/rtabmap_sync:/home/user/ros2_ws/install/rtabmap_rviz_plugins:/home/user/ros2_ws/install/rtabmap_conversions:/home/user/ros2_ws/install/rtabmap_python:/opt/ros/humble:/home/user/ros2_ws/install/rtabmap_msgs:/home/user/ros2_ws/install/rtabmap:/home/user/ros2_ws/install/roboteq_ros2_driver:/home/user/ros2_ws/install/realsense2_description:/home/user/ros2_ws/install/realsense2_camera:/home/user/ros2_ws/install/realsense2_camera_msgs:/home/user/ros2_ws/install/openslam_gmapping:/home/user/ros2_ws/install/lslidar_driver:/home/user/ros2_ws/install/lslidar_msgs:/home/user/ros2_ws/install/imu_filter_madgwick:/home/user/ros2_ws/install/imu_complementary_filter:/home/user/ros2_ws/install/amr_bot LD_LIBRARY_PATH=/home/user/ros2_ws/install/nav2_util/lib:/home/user/ros2_ws/install/nav2_msgs/lib:${LD_LIBRARY_PATH} PYTHONPATH=/home/user/ros2_ws/install/nav2_msgs/local/lib/python3.10/dist-packages:/home/user/ros2_ws/install/nav2_common/local/lib/python3.10/dist-packages:${PYTHONPATH} /usr/bin/cmake --install /home/user/ros2_ws/build/nav2_amcl
