[0.037s] Invoking command in '/home/user/ros2_ws/build/rtabmap_util': CMAKE_PREFIX_PATH=/home/user/ros2_ws/install/rtabmap_conversions:/home/user/ros2_ws/install/rtabmap_python:/opt/ros/humble:/home/user/ros2_ws/install/rtabmap_msgs:/home/user/ros2_ws/install/rtabmap:/home/user/ros2_ws/install/slam_gmapping:/home/user/ros2_ws/install/serial:/home/user/ros2_ws/install/rtabmap_ros:/home/user/ros2_ws/install/rtabmap_launch:/home/user/ros2_ws/install/rtabmap_examples:/home/user/ros2_ws/install/rtabmap_demos:/home/user/ros2_ws/install/rtabmap_viz:/home/user/ros2_ws/install/rtabmap_slam:/home/user/ros2_ws/install/rtabmap_odom:/home/user/ros2_ws/install/rtabmap_util:/home/user/ros2_ws/install/rtabmap_sync:/home/user/ros2_ws/install/rtabmap_rviz_plugins:/home/user/ros2_ws/install/roboteq_ros2_driver:/home/user/ros2_ws/install/realsense2_description:/home/user/ros2_ws/install/realsense2_camera:/home/user/ros2_ws/install/realsense2_camera_msgs:/home/user/ros2_ws/install/openslam_gmapping:/home/user/ros2_ws/install/lslidar_driver:/home/user/ros2_ws/install/lslidar_msgs:/home/user/ros2_ws/install/amr_bot LD_LIBRARY_PATH=/home/user/ros2_ws/install/rtabmap_conversions/lib:/home/user/ros2_ws/install/rtabmap_msgs/lib:/home/user/ros2_ws/install/rtabmap/lib:/home/user/ros2_ws/install/serial/lib:/home/user/ros2_ws/install/rtabmap_slam/lib:/home/user/ros2_ws/install/rtabmap_odom/lib:/home/user/ros2_ws/install/rtabmap_util/lib:/home/user/ros2_ws/install/rtabmap_sync/lib:/home/user/ros2_ws/install/rtabmap_rviz_plugins/lib:/home/user/ros2_ws/install/realsense2_camera/lib:/home/user/ros2_ws/install/realsense2_camera_msgs/lib:/home/user/ros2_ws/install/openslam_gmapping/lib:/home/user/ros2_ws/install/lslidar_msgs/lib:/usr/lib/x86_64-linux-gnu/gazebo-11/plugins:/opt/ros/humble/opt/rviz_ogre_vendor/lib:/opt/ros/humble/lib/x86_64-linux-gnu:/opt/ros/humble/lib PYTHONPATH=/home/user/ros2_ws/install/rtabmap_msgs/local/lib/python3.10/dist-packages:/home/user/ros2_ws/build/rtabmap_python:/home/user/ros2_ws/install/rtabmap_python/lib/python3.10/site-packages:/home/user/ros2_ws/install/realsense2_camera_msgs/local/lib/python3.10/dist-packages:/home/user/ros2_ws/install/lslidar_msgs/local/lib/python3.10/dist-packages:/opt/ros/humble/lib/python3.10/site-packages:/opt/ros/humble/local/lib/python3.10/dist-packages /usr/bin/cmake /home/user/ros2_ws/src/rtabmap_ros/rtabmap_util -DAMENT_CMAKE_SYMLINK_INSTALL=1 -DCMAKE_INSTALL_PREFIX=/home/user/ros2_ws/install/rtabmap_util
[0.061s] -- Eigen found (include: /usr/include/eigen3, version: 3.4.0)
[0.077s] -- OpenNI found (version: 1.5.4.0, include: /usr/include/ni, lib: /usr/lib/libOpenNI.so;libusb::libusb)
[0.081s] -- OpenNI2 found (version: 2.2.0.33, include: /usr/include/openni2, lib: /usr/lib/x86_64-linux-gnu/libOpenNI2.so;libusb::libusb)
[0.081s] [0m** WARNING ** io features related to pcap will be disabled[0m
[0.081s] [0m** WARNING ** io features related to png will be disabled[0m
[0.193s] -- Found Eigen3: /usr/include/eigen3 (found version "3.4.0") 
[0.261s] -- Eigen found (include: /usr/include/eigen3, version: 3.4.0)
[0.273s] -- FLANN found (include: /usr/include, lib: /usr/lib/x86_64-linux-gnu/libflann_cpp.so)
[0.274s] -- Found Qhull version 8.0.2
[0.525s] -- OpenNI found (version: 1.5.4.0, include: /usr/include/ni, lib: /usr/lib/libOpenNI.so;libusb::libusb)
[0.529s] -- OpenNI2 found (version: 2.2.0.33, include: /usr/include/openni2, lib: /usr/lib/x86_64-linux-gnu/libOpenNI2.so;libusb::libusb)
[0.616s] -- looking for PCL_COMMON
[0.616s] -- looking for PCL_OCTREE
[0.616s] -- looking for PCL_IO
[0.616s] -- looking for PCL_KDTREE
[0.617s] -- looking for PCL_SEARCH
[0.617s] -- looking for PCL_SURFACE
[0.617s] -- looking for PCL_FILTERS
[0.617s] -- looking for PCL_2D
[0.617s] -- looking for PCL_FEATURES
[0.617s] -- looking for PCL_REGISTRATION
[0.618s] -- looking for PCL_SAMPLE_CONSENSUS
[0.618s] -- looking for PCL_GEOMETRY
[0.618s] -- looking for PCL_ML
[0.618s] -- looking for PCL_SEGMENTATION
[0.618s] -- looking for PCL_VISUALIZATION
[0.621s] -- Found grid_map_core: 2.0.0 (/opt/ros/humble/share/grid_map_core/cmake)
[0.705s] -- Override CMake install command with custom implementation using symlinks instead of copying resources
[0.708s] -- RTABMap=rtabmap::utilite;rtabmap::core;rtabmap::gui
[0.708s] -- Found ament_cmake: 1.3.7 (/opt/ros/humble/share/ament_cmake/cmake)
[0.712s] -- Found cv_bridge: 3.2.1 (/opt/ros/humble/share/cv_bridge/cmake)
[0.722s] -- Found rosidl_generator_c: 3.1.5 (/opt/ros/humble/share/rosidl_generator_c/cmake)
[0.724s] -- Found rosidl_adapter: 3.1.5 (/opt/ros/humble/share/rosidl_adapter/cmake)
[0.727s] -- Found rosidl_generator_cpp: 3.1.5 (/opt/ros/humble/share/rosidl_generator_cpp/cmake)
[0.733s] -- Using all available rosidl_typesupport_c: rosidl_typesupport_fastrtps_c;rosidl_typesupport_introspection_c
[0.742s] -- Using all available rosidl_typesupport_cpp: rosidl_typesupport_fastrtps_cpp;rosidl_typesupport_introspection_cpp
[0.860s] -- Found image_transport: 3.1.8 (/opt/ros/humble/share/image_transport/cmake)
[0.888s] -- Found rmw_implementation_cmake: 6.1.1 (/opt/ros/humble/share/rmw_implementation_cmake/cmake)
[0.889s] -- Found rmw_fastrtps_cpp: 6.2.6 (/opt/ros/humble/share/rmw_fastrtps_cpp/cmake)
[0.962s] -- Using RMW implementation 'rmw_fastrtps_cpp' as default
[1.061s] -- Found rclcpp_components: 16.0.8 (/opt/ros/humble/share/rclcpp_components/cmake)
[1.095s] -- Found stereo_msgs: 4.2.3 (/opt/ros/humble/share/stereo_msgs/cmake)
[1.154s] -- Found nav_msgs: 4.2.3 (/opt/ros/humble/share/nav_msgs/cmake)
[1.201s] -- Found tf2: 0.25.5 (/opt/ros/humble/share/tf2/cmake)
[1.206s] -- Found tf2_geometry_msgs: 0.25.5 (/opt/ros/humble/share/tf2_geometry_msgs/cmake)
[1.208s] -- Found eigen3_cmake_module: 0.1.1 (/opt/ros/humble/share/eigen3_cmake_module/cmake)
[1.209s] -- Found Eigen3: TRUE (found version "3.4.0") 
[1.209s] -- Ensuring Eigen3 include directory is part of orocos-kdl CMake target
[1.357s] -- Found laser_geometry: 2.4.0 (/opt/ros/humble/share/laser_geometry/cmake)
[1.367s] -- Found pcl_conversions: 2.4.0 (/opt/ros/humble/share/pcl_conversions/cmake)
[1.438s] -- Found pcl_ros: 2.4.0 (/opt/ros/humble/share/pcl_ros/cmake)
[1.519s] -- Found rtabmap_msgs: 0.21.3 (/home/user/ros2_ws/install/rtabmap_msgs/share/rtabmap_msgs/cmake)
[1.554s] -- Found rtabmap_conversions: 0.21.3 (/home/user/ros2_ws/install/rtabmap_conversions/share/rtabmap_conversions/cmake)
[1.644s] -- Found octomap_msgs: 2.0.0 (/opt/ros/humble/share/octomap_msgs/cmake)
[1.685s] -- Found grid_map_ros: 2.0.0 (/opt/ros/humble/share/grid_map_ros/cmake)
[1.986s] -- WITH octomap_msgs
[1.986s] -- WITH grid_map_ros
[5.542s] -- Configuring done
[5.839s] -- Generating done
[5.841s] -- Build files have been written to: /home/user/ros2_ws/build/rtabmap_util
[5.854s] Invoked command in '/home/user/ros2_ws/build/rtabmap_util' returned '0': CMAKE_PREFIX_PATH=/home/user/ros2_ws/install/rtabmap_conversions:/home/user/ros2_ws/install/rtabmap_python:/opt/ros/humble:/home/user/ros2_ws/install/rtabmap_msgs:/home/user/ros2_ws/install/rtabmap:/home/user/ros2_ws/install/slam_gmapping:/home/user/ros2_ws/install/serial:/home/user/ros2_ws/install/rtabmap_ros:/home/user/ros2_ws/install/rtabmap_launch:/home/user/ros2_ws/install/rtabmap_examples:/home/user/ros2_ws/install/rtabmap_demos:/home/user/ros2_ws/install/rtabmap_viz:/home/user/ros2_ws/install/rtabmap_slam:/home/user/ros2_ws/install/rtabmap_odom:/home/user/ros2_ws/install/rtabmap_util:/home/user/ros2_ws/install/rtabmap_sync:/home/user/ros2_ws/install/rtabmap_rviz_plugins:/home/user/ros2_ws/install/roboteq_ros2_driver:/home/user/ros2_ws/install/realsense2_description:/home/user/ros2_ws/install/realsense2_camera:/home/user/ros2_ws/install/realsense2_camera_msgs:/home/user/ros2_ws/install/openslam_gmapping:/home/user/ros2_ws/install/lslidar_driver:/home/user/ros2_ws/install/lslidar_msgs:/home/user/ros2_ws/install/amr_bot LD_LIBRARY_PATH=/home/user/ros2_ws/install/rtabmap_conversions/lib:/home/user/ros2_ws/install/rtabmap_msgs/lib:/home/user/ros2_ws/install/rtabmap/lib:/home/user/ros2_ws/install/serial/lib:/home/user/ros2_ws/install/rtabmap_slam/lib:/home/user/ros2_ws/install/rtabmap_odom/lib:/home/user/ros2_ws/install/rtabmap_util/lib:/home/user/ros2_ws/install/rtabmap_sync/lib:/home/user/ros2_ws/install/rtabmap_rviz_plugins/lib:/home/user/ros2_ws/install/realsense2_camera/lib:/home/user/ros2_ws/install/realsense2_camera_msgs/lib:/home/user/ros2_ws/install/openslam_gmapping/lib:/home/user/ros2_ws/install/lslidar_msgs/lib:/usr/lib/x86_64-linux-gnu/gazebo-11/plugins:/opt/ros/humble/opt/rviz_ogre_vendor/lib:/opt/ros/humble/lib/x86_64-linux-gnu:/opt/ros/humble/lib PYTHONPATH=/home/user/ros2_ws/install/rtabmap_msgs/local/lib/python3.10/dist-packages:/home/user/ros2_ws/build/rtabmap_python:/home/user/ros2_ws/install/rtabmap_python/lib/python3.10/site-packages:/home/user/ros2_ws/install/realsense2_camera_msgs/local/lib/python3.10/dist-packages:/home/user/ros2_ws/install/lslidar_msgs/local/lib/python3.10/dist-packages:/opt/ros/humble/lib/python3.10/site-packages:/opt/ros/humble/local/lib/python3.10/dist-packages /usr/bin/cmake /home/user/ros2_ws/src/rtabmap_ros/rtabmap_util -DAMENT_CMAKE_SYMLINK_INSTALL=1 -DCMAKE_INSTALL_PREFIX=/home/user/ros2_ws/install/rtabmap_util
[5.855s] Invoking command in '/home/user/ros2_ws/build/rtabmap_util': CMAKE_PREFIX_PATH=/home/user/ros2_ws/install/rtabmap_conversions:/home/user/ros2_ws/install/rtabmap_python:/opt/ros/humble:/home/user/ros2_ws/install/rtabmap_msgs:/home/user/ros2_ws/install/rtabmap:/home/user/ros2_ws/install/slam_gmapping:/home/user/ros2_ws/install/serial:/home/user/ros2_ws/install/rtabmap_ros:/home/user/ros2_ws/install/rtabmap_launch:/home/user/ros2_ws/install/rtabmap_examples:/home/user/ros2_ws/install/rtabmap_demos:/home/user/ros2_ws/install/rtabmap_viz:/home/user/ros2_ws/install/rtabmap_slam:/home/user/ros2_ws/install/rtabmap_odom:/home/user/ros2_ws/install/rtabmap_util:/home/user/ros2_ws/install/rtabmap_sync:/home/user/ros2_ws/install/rtabmap_rviz_plugins:/home/user/ros2_ws/install/roboteq_ros2_driver:/home/user/ros2_ws/install/realsense2_description:/home/user/ros2_ws/install/realsense2_camera:/home/user/ros2_ws/install/realsense2_camera_msgs:/home/user/ros2_ws/install/openslam_gmapping:/home/user/ros2_ws/install/lslidar_driver:/home/user/ros2_ws/install/lslidar_msgs:/home/user/ros2_ws/install/amr_bot LD_LIBRARY_PATH=/home/user/ros2_ws/install/rtabmap_conversions/lib:/home/user/ros2_ws/install/rtabmap_msgs/lib:/home/user/ros2_ws/install/rtabmap/lib:/home/user/ros2_ws/install/serial/lib:/home/user/ros2_ws/install/rtabmap_slam/lib:/home/user/ros2_ws/install/rtabmap_odom/lib:/home/user/ros2_ws/install/rtabmap_util/lib:/home/user/ros2_ws/install/rtabmap_sync/lib:/home/user/ros2_ws/install/rtabmap_rviz_plugins/lib:/home/user/ros2_ws/install/realsense2_camera/lib:/home/user/ros2_ws/install/realsense2_camera_msgs/lib:/home/user/ros2_ws/install/openslam_gmapping/lib:/home/user/ros2_ws/install/lslidar_msgs/lib:/usr/lib/x86_64-linux-gnu/gazebo-11/plugins:/opt/ros/humble/opt/rviz_ogre_vendor/lib:/opt/ros/humble/lib/x86_64-linux-gnu:/opt/ros/humble/lib PYTHONPATH=/home/user/ros2_ws/install/rtabmap_msgs/local/lib/python3.10/dist-packages:/home/user/ros2_ws/build/rtabmap_python:/home/user/ros2_ws/install/rtabmap_python/lib/python3.10/site-packages:/home/user/ros2_ws/install/realsense2_camera_msgs/local/lib/python3.10/dist-packages:/home/user/ros2_ws/install/lslidar_msgs/local/lib/python3.10/dist-packages:/opt/ros/humble/lib/python3.10/site-packages:/opt/ros/humble/local/lib/python3.10/dist-packages /usr/bin/cmake --build /home/user/ros2_ws/build/rtabmap_util
[5.903s] [35m[1mConsolidate compiler generated dependencies of target rtabmap_util_plugins[0m
[5.954s] [ 37%] Built target rtabmap_util_plugins
[5.962s] [35m[1mConsolidate compiler generated dependencies of target rtabmap_rgbd_relay[0m
[5.974s] [ 42%] Built target rtabmap_rgbd_relay
[5.984s] [35m[1mConsolidate compiler generated dependencies of target rtabmap_rgbd_split[0m
[5.995s] [ 48%] Built target rtabmap_rgbd_split
[6.004s] [35m[1mConsolidate compiler generated dependencies of target rtabmap_imu_to_tf[0m
[6.018s] [ 54%] Built target rtabmap_imu_to_tf
[6.027s] [35m[1mConsolidate compiler generated dependencies of target rtabmap_disparity_to_depth[0m
[6.038s] [ 60%] Built target rtabmap_disparity_to_depth
[6.047s] [35m[1mConsolidate compiler generated dependencies of target rtabmap_lidar_deskewing[0m
[6.059s] [ 65%] Built target rtabmap_lidar_deskewing
[6.067s] [35m[1mConsolidate compiler generated dependencies of target rtabmap_point_cloud_xyz[0m
[6.081s] [ 71%] Built target rtabmap_point_cloud_xyz
[6.090s] [35m[1mConsolidate compiler generated dependencies of target rtabmap_point_cloud_xyzrgb[0m
[6.105s] [ 77%] Built target rtabmap_point_cloud_xyzrgb
[6.114s] [35m[1mConsolidate compiler generated dependencies of target rtabmap_pointcloud_to_depthimage[0m
[6.126s] [ 82%] Built target rtabmap_pointcloud_to_depthimage
[6.135s] [35m[1mConsolidate compiler generated dependencies of target rtabmap_obstacles_detection[0m
[6.152s] [ 88%] Built target rtabmap_obstacles_detection
[6.160s] [35m[1mConsolidate compiler generated dependencies of target rtabmap_point_cloud_aggregator[0m
[6.173s] [ 94%] Built target rtabmap_point_cloud_aggregator
[6.182s] [35m[1mConsolidate compiler generated dependencies of target rtabmap_point_cloud_assembler[0m
[6.197s] [100%] Built target rtabmap_point_cloud_assembler
[6.205s] Invoked command in '/home/user/ros2_ws/build/rtabmap_util' returned '0': CMAKE_PREFIX_PATH=/home/user/ros2_ws/install/rtabmap_conversions:/home/user/ros2_ws/install/rtabmap_python:/opt/ros/humble:/home/user/ros2_ws/install/rtabmap_msgs:/home/user/ros2_ws/install/rtabmap:/home/user/ros2_ws/install/slam_gmapping:/home/user/ros2_ws/install/serial:/home/user/ros2_ws/install/rtabmap_ros:/home/user/ros2_ws/install/rtabmap_launch:/home/user/ros2_ws/install/rtabmap_examples:/home/user/ros2_ws/install/rtabmap_demos:/home/user/ros2_ws/install/rtabmap_viz:/home/user/ros2_ws/install/rtabmap_slam:/home/user/ros2_ws/install/rtabmap_odom:/home/user/ros2_ws/install/rtabmap_util:/home/user/ros2_ws/install/rtabmap_sync:/home/user/ros2_ws/install/rtabmap_rviz_plugins:/home/user/ros2_ws/install/roboteq_ros2_driver:/home/user/ros2_ws/install/realsense2_description:/home/user/ros2_ws/install/realsense2_camera:/home/user/ros2_ws/install/realsense2_camera_msgs:/home/user/ros2_ws/install/openslam_gmapping:/home/user/ros2_ws/install/lslidar_driver:/home/user/ros2_ws/install/lslidar_msgs:/home/user/ros2_ws/install/amr_bot LD_LIBRARY_PATH=/home/user/ros2_ws/install/rtabmap_conversions/lib:/home/user/ros2_ws/install/rtabmap_msgs/lib:/home/user/ros2_ws/install/rtabmap/lib:/home/user/ros2_ws/install/serial/lib:/home/user/ros2_ws/install/rtabmap_slam/lib:/home/user/ros2_ws/install/rtabmap_odom/lib:/home/user/ros2_ws/install/rtabmap_util/lib:/home/user/ros2_ws/install/rtabmap_sync/lib:/home/user/ros2_ws/install/rtabmap_rviz_plugins/lib:/home/user/ros2_ws/install/realsense2_camera/lib:/home/user/ros2_ws/install/realsense2_camera_msgs/lib:/home/user/ros2_ws/install/openslam_gmapping/lib:/home/user/ros2_ws/install/lslidar_msgs/lib:/usr/lib/x86_64-linux-gnu/gazebo-11/plugins:/opt/ros/humble/opt/rviz_ogre_vendor/lib:/opt/ros/humble/lib/x86_64-linux-gnu:/opt/ros/humble/lib PYTHONPATH=/home/user/ros2_ws/install/rtabmap_msgs/local/lib/python3.10/dist-packages:/home/user/ros2_ws/build/rtabmap_python:/home/user/ros2_ws/install/rtabmap_python/lib/python3.10/site-packages:/home/user/ros2_ws/install/realsense2_camera_msgs/local/lib/python3.10/dist-packages:/home/user/ros2_ws/install/lslidar_msgs/local/lib/python3.10/dist-packages:/opt/ros/humble/lib/python3.10/site-packages:/opt/ros/humble/local/lib/python3.10/dist-packages /usr/bin/cmake --build /home/user/ros2_ws/build/rtabmap_util
[6.260s] Invoking command in '/home/user/ros2_ws/build/rtabmap_util': CMAKE_PREFIX_PATH=/home/user/ros2_ws/install/rtabmap_conversions:/home/user/ros2_ws/install/rtabmap_python:/opt/ros/humble:/home/user/ros2_ws/install/rtabmap_msgs:/home/user/ros2_ws/install/rtabmap:/home/user/ros2_ws/install/slam_gmapping:/home/user/ros2_ws/install/serial:/home/user/ros2_ws/install/rtabmap_ros:/home/user/ros2_ws/install/rtabmap_launch:/home/user/ros2_ws/install/rtabmap_examples:/home/user/ros2_ws/install/rtabmap_demos:/home/user/ros2_ws/install/rtabmap_viz:/home/user/ros2_ws/install/rtabmap_slam:/home/user/ros2_ws/install/rtabmap_odom:/home/user/ros2_ws/install/rtabmap_util:/home/user/ros2_ws/install/rtabmap_sync:/home/user/ros2_ws/install/rtabmap_rviz_plugins:/home/user/ros2_ws/install/roboteq_ros2_driver:/home/user/ros2_ws/install/realsense2_description:/home/user/ros2_ws/install/realsense2_camera:/home/user/ros2_ws/install/realsense2_camera_msgs:/home/user/ros2_ws/install/openslam_gmapping:/home/user/ros2_ws/install/lslidar_driver:/home/user/ros2_ws/install/lslidar_msgs:/home/user/ros2_ws/install/amr_bot LD_LIBRARY_PATH=/home/user/ros2_ws/install/rtabmap_conversions/lib:/home/user/ros2_ws/install/rtabmap_msgs/lib:/home/user/ros2_ws/install/rtabmap/lib:/home/user/ros2_ws/install/serial/lib:/home/user/ros2_ws/install/rtabmap_slam/lib:/home/user/ros2_ws/install/rtabmap_odom/lib:/home/user/ros2_ws/install/rtabmap_util/lib:/home/user/ros2_ws/install/rtabmap_sync/lib:/home/user/ros2_ws/install/rtabmap_rviz_plugins/lib:/home/user/ros2_ws/install/realsense2_camera/lib:/home/user/ros2_ws/install/realsense2_camera_msgs/lib:/home/user/ros2_ws/install/openslam_gmapping/lib:/home/user/ros2_ws/install/lslidar_msgs/lib:/usr/lib/x86_64-linux-gnu/gazebo-11/plugins:/opt/ros/humble/opt/rviz_ogre_vendor/lib:/opt/ros/humble/lib/x86_64-linux-gnu:/opt/ros/humble/lib PYTHONPATH=/home/user/ros2_ws/install/rtabmap_msgs/local/lib/python3.10/dist-packages:/home/user/ros2_ws/build/rtabmap_python:/home/user/ros2_ws/install/rtabmap_python/lib/python3.10/site-packages:/home/user/ros2_ws/install/realsense2_camera_msgs/local/lib/python3.10/dist-packages:/home/user/ros2_ws/install/lslidar_msgs/local/lib/python3.10/dist-packages:/opt/ros/humble/lib/python3.10/site-packages:/opt/ros/humble/local/lib/python3.10/dist-packages /usr/bin/cmake --install /home/user/ros2_ws/build/rtabmap_util
[6.265s] -- Install configuration: "Release"
[6.265s] -- Execute custom install script
[6.265s] -- Up-to-date symlink: /home/user/ros2_ws/install/rtabmap_util/share/rtabmap_util/environment/library_path.sh
[6.265s] -- Up-to-date symlink: /home/user/ros2_ws/install/rtabmap_util/share/rtabmap_util/environment/library_path.dsv
[6.265s] -- Up-to-date symlink: /home/user/ros2_ws/install/rtabmap_util/lib/rtabmap_util/transform_to_tf.py
[6.265s] -- Up-to-date symlink: /home/user/ros2_ws/install/rtabmap_util/lib/rtabmap_util/yaml_to_camera_info.py
[6.265s] -- Up-to-date symlink: /home/user/ros2_ws/install/rtabmap_util/lib/rtabmap_util/republish_tf_static.py
[6.265s] -- Up-to-date symlink: /home/user/ros2_ws/install/rtabmap_util/lib/rtabmap_util/imu_to_tf
[6.266s] -- Up-to-date symlink: /home/user/ros2_ws/install/rtabmap_util/lib/rtabmap_util/disparity_to_depth
[6.266s] -- Up-to-date symlink: /home/user/ros2_ws/install/rtabmap_util/lib/rtabmap_util/rgbd_relay
[6.266s] -- Up-to-date symlink: /home/user/ros2_ws/install/rtabmap_util/lib/rtabmap_util/rgbd_split
[6.266s] -- Up-to-date symlink: /home/user/ros2_ws/install/rtabmap_util/lib/rtabmap_util/lidar_deskewing
[6.266s] -- Up-to-date symlink: /home/user/ros2_ws/install/rtabmap_util/lib/rtabmap_util/point_cloud_xyz
[6.266s] -- Up-to-date symlink: /home/user/ros2_ws/install/rtabmap_util/lib/rtabmap_util/point_cloud_xyzrgb
[6.266s] -- Up-to-date symlink: /home/user/ros2_ws/install/rtabmap_util/lib/rtabmap_util/pointcloud_to_depthimage
[6.266s] -- Up-to-date symlink: /home/user/ros2_ws/install/rtabmap_util/lib/rtabmap_util/obstacles_detection
[6.266s] -- Up-to-date symlink: /home/user/ros2_ws/install/rtabmap_util/lib/rtabmap_util/point_cloud_aggregator
[6.266s] -- Up-to-date symlink: /home/user/ros2_ws/install/rtabmap_util/lib/rtabmap_util/point_cloud_assembler
[6.266s] -- Up-to-date symlink: /home/user/ros2_ws/install/rtabmap_util/share/ament_index/resource_index/package_run_dependencies/rtabmap_util
[6.266s] -- Up-to-date symlink: /home/user/ros2_ws/install/rtabmap_util/share/ament_index/resource_index/parent_prefix_path/rtabmap_util
[6.266s] -- Up-to-date symlink: /home/user/ros2_ws/install/rtabmap_util/share/rtabmap_util/environment/ament_prefix_path.sh
[6.266s] -- Up-to-date symlink: /home/user/ros2_ws/install/rtabmap_util/share/rtabmap_util/environment/ament_prefix_path.dsv
[6.267s] -- Up-to-date symlink: /home/user/ros2_ws/install/rtabmap_util/share/rtabmap_util/environment/path.sh
[6.267s] -- Up-to-date symlink: /home/user/ros2_ws/install/rtabmap_util/share/rtabmap_util/environment/path.dsv
[6.267s] -- Up-to-date symlink: /home/user/ros2_ws/install/rtabmap_util/share/rtabmap_util/local_setup.bash
[6.267s] -- Up-to-date symlink: /home/user/ros2_ws/install/rtabmap_util/share/rtabmap_util/local_setup.sh
[6.267s] -- Up-to-date symlink: /home/user/ros2_ws/install/rtabmap_util/share/rtabmap_util/local_setup.zsh
[6.267s] -- Up-to-date symlink: /home/user/ros2_ws/install/rtabmap_util/share/rtabmap_util/local_setup.dsv
[6.267s] -- Symlinking: /home/user/ros2_ws/install/rtabmap_util/share/rtabmap_util/package.dsv
[6.273s] -- Up-to-date symlink: /home/user/ros2_ws/install/rtabmap_util/share/ament_index/resource_index/packages/rtabmap_util
[6.273s] -- Up-to-date symlink: /home/user/ros2_ws/install/rtabmap_util/share/ament_index/resource_index/rclcpp_components/rtabmap_util
[6.273s] -- Up-to-date symlink: /home/user/ros2_ws/install/rtabmap_util/share/rtabmap_util/cmake/ament_cmake_export_dependencies-extras.cmake
[6.273s] -- Up-to-date symlink: /home/user/ros2_ws/install/rtabmap_util/share/rtabmap_util/cmake/ament_cmake_export_include_directories-extras.cmake
[6.273s] -- Up-to-date symlink: /home/user/ros2_ws/install/rtabmap_util/share/rtabmap_util/cmake/ament_cmake_export_targets-extras.cmake
[6.273s] -- Up-to-date symlink: /home/user/ros2_ws/install/rtabmap_util/share/rtabmap_util/cmake/ament_cmake_export_libraries-extras.cmake
[6.273s] -- Up-to-date symlink: /home/user/ros2_ws/install/rtabmap_util/share/rtabmap_util/cmake/rtabmap_utilConfig.cmake
[6.273s] -- Up-to-date symlink: /home/user/ros2_ws/install/rtabmap_util/share/rtabmap_util/cmake/rtabmap_utilConfig-version.cmake
[6.273s] -- Up-to-date symlink: /home/user/ros2_ws/install/rtabmap_util/share/rtabmap_util/package.xml
[6.274s] -- Up-to-date: /home/user/ros2_ws/install/rtabmap_util/lib/librtabmap_util_plugins.so
[6.274s] -- Up-to-date: /home/user/ros2_ws/install/rtabmap_util/include
[6.274s] -- Up-to-date: /home/user/ros2_ws/install/rtabmap_util/include/rtabmap_util
[6.275s] -- Up-to-date: /home/user/ros2_ws/install/rtabmap_util/include/rtabmap_util/ULogToRosout.h
[6.275s] -- Up-to-date: /home/user/ros2_ws/install/rtabmap_util/include/rtabmap_util/MapsManager.h
[6.275s] -- Up-to-date: /home/user/ros2_ws/install/rtabmap_util/include/rtabmap_util/visibility.h
[6.275s] -- Up-to-date: /home/user/ros2_ws/install/rtabmap_util/share/rtabmap_util/cmake/rtabmap_utilExport.cmake
[6.275s] -- Up-to-date: /home/user/ros2_ws/install/rtabmap_util/share/rtabmap_util/cmake/rtabmap_utilExport-release.cmake
[6.277s] Invoked command in '/home/user/ros2_ws/build/rtabmap_util' returned '0': CMAKE_PREFIX_PATH=/home/user/ros2_ws/install/rtabmap_conversions:/home/user/ros2_ws/install/rtabmap_python:/opt/ros/humble:/home/user/ros2_ws/install/rtabmap_msgs:/home/user/ros2_ws/install/rtabmap:/home/user/ros2_ws/install/slam_gmapping:/home/user/ros2_ws/install/serial:/home/user/ros2_ws/install/rtabmap_ros:/home/user/ros2_ws/install/rtabmap_launch:/home/user/ros2_ws/install/rtabmap_examples:/home/user/ros2_ws/install/rtabmap_demos:/home/user/ros2_ws/install/rtabmap_viz:/home/user/ros2_ws/install/rtabmap_slam:/home/user/ros2_ws/install/rtabmap_odom:/home/user/ros2_ws/install/rtabmap_util:/home/user/ros2_ws/install/rtabmap_sync:/home/user/ros2_ws/install/rtabmap_rviz_plugins:/home/user/ros2_ws/install/roboteq_ros2_driver:/home/user/ros2_ws/install/realsense2_description:/home/user/ros2_ws/install/realsense2_camera:/home/user/ros2_ws/install/realsense2_camera_msgs:/home/user/ros2_ws/install/openslam_gmapping:/home/user/ros2_ws/install/lslidar_driver:/home/user/ros2_ws/install/lslidar_msgs:/home/user/ros2_ws/install/amr_bot LD_LIBRARY_PATH=/home/user/ros2_ws/install/rtabmap_conversions/lib:/home/user/ros2_ws/install/rtabmap_msgs/lib:/home/user/ros2_ws/install/rtabmap/lib:/home/user/ros2_ws/install/serial/lib:/home/user/ros2_ws/install/rtabmap_slam/lib:/home/user/ros2_ws/install/rtabmap_odom/lib:/home/user/ros2_ws/install/rtabmap_util/lib:/home/user/ros2_ws/install/rtabmap_sync/lib:/home/user/ros2_ws/install/rtabmap_rviz_plugins/lib:/home/user/ros2_ws/install/realsense2_camera/lib:/home/user/ros2_ws/install/realsense2_camera_msgs/lib:/home/user/ros2_ws/install/openslam_gmapping/lib:/home/user/ros2_ws/install/lslidar_msgs/lib:/usr/lib/x86_64-linux-gnu/gazebo-11/plugins:/opt/ros/humble/opt/rviz_ogre_vendor/lib:/opt/ros/humble/lib/x86_64-linux-gnu:/opt/ros/humble/lib PYTHONPATH=/home/user/ros2_ws/install/rtabmap_msgs/local/lib/python3.10/dist-packages:/home/user/ros2_ws/build/rtabmap_python:/home/user/ros2_ws/install/rtabmap_python/lib/python3.10/site-packages:/home/user/ros2_ws/install/realsense2_camera_msgs/local/lib/python3.10/dist-packages:/home/user/ros2_ws/install/lslidar_msgs/local/lib/python3.10/dist-packages:/opt/ros/humble/lib/python3.10/site-packages:/opt/ros/humble/local/lib/python3.10/dist-packages /usr/bin/cmake --install /home/user/ros2_ws/build/rtabmap_util
