[0.037s] Invoking command in '/home/user/ros2_ws/build/slam_toolbox': CMAKE_PREFIX_PATH=/home/user/dev_ws/src/install/ros2_laser_scan_matcher:/home/user/dev_ws/src/install/roboteq_ros2_driver:/home/user/dev_ws/src/install/realsense2_description:/home/user/dev_ws/src/install/realsense2_camera:/home/user/dev_ws/src/install/realsense2_camera_msgs:/home/user/dev_ws/src/install/lslidar_driver:/home/user/dev_ws/src/install/lslidar_msgs:/home/user/dev_ws/src/install/lidar_odometry:/home/user/dev_ws/src/install/csm:/home/user/dev_ws/src/install/amr_bot:/home/user/ros2_ws/install/slam_gmapping:/home/user/ros2_ws/install/serial:/home/user/ros2_ws/install/rtabmap_ros:/home/user/ros2_ws/install/rtabmap_launch:/home/user/ros2_ws/install/rtabmap_examples:/home/user/ros2_ws/install/rtabmap_demos:/home/user/ros2_ws/install/rtabmap_viz:/home/user/ros2_ws/install/rtabmap_slam:/home/user/ros2_ws/install/rtabmap_odom:/home/user/ros2_ws/install/rtabmap_util:/home/user/ros2_ws/install/rtabmap_sync:/home/user/ros2_ws/install/rtabmap_rviz_plugins:/home/user/ros2_ws/install/rtabmap_conversions:/home/user/ros2_ws/install/rtabmap_python:/opt/ros/humble:/home/user/ros2_ws/install/rtabmap_msgs:/home/user/ros2_ws/install/rtabmap:/home/user/ros2_ws/install/roboteq_ros2_driver:/home/user/ros2_ws/install/realsense2_description:/home/user/ros2_ws/install/realsense2_camera:/home/user/ros2_ws/install/realsense2_camera_msgs:/home/user/ros2_ws/install/openslam_gmapping:/home/user/ros2_ws/install/lslidar_driver:/home/user/ros2_ws/install/lslidar_msgs:/home/user/ros2_ws/install/amr_bot /usr/bin/cmake /home/user/ros2_ws/src/slam_toolbox -DAMENT_CMAKE_SYMLINK_INSTALL=1 -DCMAKE_INSTALL_PREFIX=/home/user/ros2_ws/install/slam_toolbox
[0.121s] -- The C compiler identification is GNU 11.4.0
[0.158s] -- The CXX compiler identification is GNU 11.4.0
[0.164s] -- Detecting C compiler ABI info
[0.217s] -- Detecting C compiler ABI info - done
[0.224s] -- Check for working C compiler: /usr/bin/cc - skipped
[0.224s] -- Detecting C compile features
[0.225s] -- Detecting C compile features - done
[0.227s] -- Detecting CXX compiler ABI info
[0.281s] -- Detecting CXX compiler ABI info - done
[0.286s] -- Check for working CXX compiler: /usr/bin/c++ - skipped
[0.286s] -- Detecting CXX compile features
[0.286s] -- Detecting CXX compile features - done
[0.289s] -- Found ament_cmake: 1.3.7 (/opt/ros/humble/share/ament_cmake/cmake)
[0.426s] -- Found Python3: /usr/bin/python3.10 (found version "3.10.12") found components: Interpreter 
[0.471s] -- Override CMake install command with custom implementation using symlinks instead of copying resources
[0.504s] -- Found message_filters: 4.3.3 (/opt/ros/humble/share/message_filters/cmake)
[0.550s] -- Found rosidl_generator_c: 3.1.5 (/opt/ros/humble/share/rosidl_generator_c/cmake)
[0.555s] -- Found rosidl_adapter: 3.1.5 (/opt/ros/humble/share/rosidl_adapter/cmake)
[0.563s] -- Found rosidl_generator_cpp: 3.1.5 (/opt/ros/humble/share/rosidl_generator_cpp/cmake)
[0.575s] -- Using all available rosidl_typesupport_c: rosidl_typesupport_fastrtps_c;rosidl_typesupport_introspection_c
[0.592s] -- Using all available rosidl_typesupport_cpp: rosidl_typesupport_fastrtps_cpp;rosidl_typesupport_introspection_cpp
[0.651s] -- Found rmw_implementation_cmake: 6.1.1 (/opt/ros/humble/share/rmw_implementation_cmake/cmake)
[0.654s] -- Found rmw_fastrtps_cpp: 6.2.6 (/opt/ros/humble/share/rmw_fastrtps_cpp/cmake)
[0.738s] -- Found OpenSSL: /usr/lib/x86_64-linux-gnu/libcrypto.so (found version "3.0.2")  
[0.761s] -- Found FastRTPS: /opt/ros/humble/include  
[0.804s] -- Using RMW implementation 'rmw_fastrtps_cpp' as default
[0.827s] -- Looking for pthread.h
[0.887s] -- Looking for pthread.h - found
[0.888s] -- Performing Test CMAKE_HAVE_LIBC_PTHREAD
[0.945s] -- Performing Test CMAKE_HAVE_LIBC_PTHREAD - Success
[0.946s] -- Found Threads: TRUE  
[1.077s] -- Found nav_msgs: 4.2.3 (/opt/ros/humble/share/nav_msgs/cmake)
[1.164s] -- Found sensor_msgs: 4.2.3 (/opt/ros/humble/share/sensor_msgs/cmake)
[1.223s] -- Found tf2: 0.25.5 (/opt/ros/humble/share/tf2/cmake)
[1.236s] -- Found tf2_ros: 0.25.5 (/opt/ros/humble/share/tf2_ros/cmake)
[1.454s] -- Found visualization_msgs: 4.2.3 (/opt/ros/humble/share/visualization_msgs/cmake)
[1.529s] -- Found pluginlib: 5.1.0 (/opt/ros/humble/share/pluginlib/cmake)
[1.549s] -- Found tf2_geometry_msgs: 0.25.5 (/opt/ros/humble/share/tf2_geometry_msgs/cmake)
[1.562s] -- Found eigen3_cmake_module: 0.1.1 (/opt/ros/humble/share/eigen3_cmake_module/cmake)
[1.563s] -- Found Eigen3: TRUE (found version "3.4.0") 
[1.563s] -- Ensuring Eigen3 include directory is part of orocos-kdl CMake target
[1.570s] -- Found tf2_sensor_msgs: 0.25.5 (/opt/ros/humble/share/tf2_sensor_msgs/cmake)
[1.585s] -- Found std_srvs: 4.2.3 (/opt/ros/humble/share/std_srvs/cmake)
[1.601s] -- Found rosidl_default_generators: 1.2.0 (/opt/ros/humble/share/rosidl_default_generators/cmake)
[1.614s] -- Found lifecycle_msgs: 1.2.1 (/opt/ros/humble/share/lifecycle_msgs/cmake)
[1.631s] -- Found bondcpp: 3.0.2 (/opt/ros/humble/share/bondcpp/cmake)
[1.699s] -- Found rviz_common: 11.2.10 (/opt/ros/humble/share/rviz_common/cmake)
[1.733s] -- Setting OGRE_DIR to: '/opt/ros/humble/share/rviz_ogre_vendor/cmake/../../../opt/rviz_ogre_vendor/lib/OGRE/cmake'
[1.734s] -- Found OGRE
[1.734s] --   static     : OFF
[1.734s] --   components : HLMS;MeshLodGenerator;Overlay;Paging;Property;RTShaderSystem;Terrain;Volume
[1.735s] --   plugins    : Plugin_BSPSceneManager;Plugin_OctreeSceneManager;Plugin_PCZSceneManager;Plugin_ParticleFX;RenderSystem_GL;RenderSystem_GL3Plus;Codec_STBI
[1.735s] --   media      : /opt/ros/humble/opt/rviz_ogre_vendor/share/OGRE/Media
[1.735s] -- OGRE_LIBRARIES: OgreHLMS;OgreMeshLodGenerator;OgreOverlay;OgrePaging;OgreProperty;OgreRTShaderSystem;OgreTerrain;OgreVolume;OgreMain
[1.735s] -- OGRE_LIBRARY_DIRS: /opt/ros/humble/opt/rviz_ogre_vendor/lib
[1.735s] -- OGRE_PLUGINS: Plugin_BSPSceneManager;Plugin_OctreeSceneManager;Plugin_PCZSceneManager;Plugin_ParticleFX;RenderSystem_GL;RenderSystem_GL3Plus;Codec_STBI
[1.735s] -- OGRE_PLUGIN_DIR: /opt/ros/humble/opt/rviz_ogre_vendor/lib/OGRE
[1.735s] -- rviz_ogre_vendor::OgreOverlay for IMPORTED_LOCATION_RELEASE: /opt/ros/humble/opt/rviz_ogre_vendor/lib/libOgreOverlay.so
[1.735s] -- rviz_ogre_vendor::OgreOverlay for IMPORTED_LOCATION_DEBUG: /opt/ros/humble/opt/rviz_ogre_vendor/lib/libOgreOverlay.so
[1.735s] -- rviz_ogre_vendor::OgreMain for IMPORTED_LOCATION_RELEASE: /opt/ros/humble/opt/rviz_ogre_vendor/lib/libOgreMain.so
[1.735s] -- rviz_ogre_vendor::OgreMain for IMPORTED_LOCATION_DEBUG: /opt/ros/humble/opt/rviz_ogre_vendor/lib/libOgreMain.so
[1.750s] -- Found ZLIB: /usr/lib/x86_64-linux-gnu/libz.so (found version "1.2.11") 
[1.754s] -- Found OpenGL: /usr/lib/x86_64-linux-gnu/libOpenGL.so   
[1.821s] -- Found X11: /usr/include   
[1.821s] -- Looking for XOpenDisplay in /usr/lib/x86_64-linux-gnu/libX11.so;/usr/lib/x86_64-linux-gnu/libXext.so
[1.868s] -- Looking for XOpenDisplay in /usr/lib/x86_64-linux-gnu/libX11.so;/usr/lib/x86_64-linux-gnu/libXext.so - found
[1.868s] -- Looking for gethostbyname
[1.912s] -- Looking for gethostbyname - found
[1.912s] -- Looking for connect
[1.955s] -- Looking for connect - found
[1.956s] -- Looking for remove
[1.998s] -- Looking for remove - found
[1.998s] -- Looking for shmat
[2.042s] -- Looking for shmat - found
[2.042s] -- Looking for IceConnectionNumber in ICE
[2.086s] -- Looking for IceConnectionNumber in ICE - found
[2.088s] -- rviz_ogre_vendor::RenderSystem_GL for IMPORTED_LOCATION_RELEASE: _render_system_gl_static_library_abs-NOTFOUND
[2.088s] -- rviz_ogre_vendor::RenderSystem_GL for IMPORTED_LOCATION_DEBUG: _render_system_gl_static_library_abs-NOTFOUND
[2.149s] -- library: /usr/lib/x86_64-linux-gnu/libcurl.so
[2.202s] -- Found rviz_default_plugins: 11.2.10 (/opt/ros/humble/share/rviz_default_plugins/cmake)
[2.497s] -- Found Boost: /usr/lib/x86_64-linux-gnu/cmake/Boost-1.74.0/BoostConfig.cmake (found version "1.74.0") found components: system serialization filesystem thread 
[2.506s] -- Found PkgConfig: /usr/bin/pkg-config (found version "0.29.2") 
[2.512s] -- Found CHOLMOD: /usr/include/suitesparse  
[2.514s] -- Found CSparse: /usr/include/suitesparse  
[2.535s] -- Looking for sgemm_
[2.579s] -- Looking for sgemm_ - not found
[2.618s] -- Looking for sgemm_
[2.663s] -- Looking for sgemm_ - found
[2.664s] -- Found BLAS: /usr/lib/x86_64-linux-gnu/libblas.so  
[2.666s] -- Looking for cheev_
[2.712s] -- Looking for cheev_ - not found
[2.724s] -- Looking for cheev_
[2.763s] -- Looking for cheev_ - not found
[2.764s] -- Looking for cheev_
[2.817s] -- Looking for cheev_ - found
[2.817s] -- Found LAPACK: /usr/lib/x86_64-linux-gnu/liblapack.so;/usr/lib/x86_64-linux-gnu/libblas.so  
[2.823s] -- Found required Ceres dependency: Eigen version 3.4.0 in /usr/include/eigen3
[2.830s] -- Found required Ceres dependency: glog
[2.831s] -- Found required Ceres dependency: gflags
[2.831s] -- Found Ceres version: 2.0.0 installed in: /usr with components: [EigenSparse, SparseLinearAlgebraLibrary, LAPACK, SuiteSparse, CXSparse, SchurSpecializations, Multithreading]
[3.066s] -- Found ament_cmake_ros: 0.10.0 (/opt/ros/humble/share/ament_cmake_ros/cmake)
[3.372s] -- Using all available rosidl_typesupport_c: rosidl_typesupport_fastrtps_c;rosidl_typesupport_introspection_c
[3.489s] -- Using all available rosidl_typesupport_cpp: rosidl_typesupport_fastrtps_cpp;rosidl_typesupport_introspection_cpp
[3.504s] -- Found PythonInterp: /usr/bin/python3 (found suitable version "3.10.12", minimum required is "3.6") 
[3.506s] -- Found python_cmake_module: 0.10.0 (/opt/ros/humble/share/python_cmake_module/cmake)
[3.524s] -- Found PythonLibs: /usr/lib/x86_64-linux-gnu/libpython3.10.so (found suitable version "3.10.12", minimum required is "3.5") 
[3.524s] -- Using PYTHON_EXECUTABLE: /usr/bin/python3
[3.524s] -- Using PYTHON_INCLUDE_DIRS: /usr/include/python3.10
[3.524s] -- Using PYTHON_LIBRARIES: /usr/lib/x86_64-linux-gnu/libpython3.10.so
[3.538s] -- Found PythonExtra: .so  
[3.787s] -- Configuring done
[3.969s] -- Generating done
[3.972s] -- Build files have been written to: /home/user/ros2_ws/build/slam_toolbox
[3.985s] Invoked command in '/home/user/ros2_ws/build/slam_toolbox' returned '0': CMAKE_PREFIX_PATH=/home/user/dev_ws/src/install/ros2_laser_scan_matcher:/home/user/dev_ws/src/install/roboteq_ros2_driver:/home/user/dev_ws/src/install/realsense2_description:/home/user/dev_ws/src/install/realsense2_camera:/home/user/dev_ws/src/install/realsense2_camera_msgs:/home/user/dev_ws/src/install/lslidar_driver:/home/user/dev_ws/src/install/lslidar_msgs:/home/user/dev_ws/src/install/lidar_odometry:/home/user/dev_ws/src/install/csm:/home/user/dev_ws/src/install/amr_bot:/home/user/ros2_ws/install/slam_gmapping:/home/user/ros2_ws/install/serial:/home/user/ros2_ws/install/rtabmap_ros:/home/user/ros2_ws/install/rtabmap_launch:/home/user/ros2_ws/install/rtabmap_examples:/home/user/ros2_ws/install/rtabmap_demos:/home/user/ros2_ws/install/rtabmap_viz:/home/user/ros2_ws/install/rtabmap_slam:/home/user/ros2_ws/install/rtabmap_odom:/home/user/ros2_ws/install/rtabmap_util:/home/user/ros2_ws/install/rtabmap_sync:/home/user/ros2_ws/install/rtabmap_rviz_plugins:/home/user/ros2_ws/install/rtabmap_conversions:/home/user/ros2_ws/install/rtabmap_python:/opt/ros/humble:/home/user/ros2_ws/install/rtabmap_msgs:/home/user/ros2_ws/install/rtabmap:/home/user/ros2_ws/install/roboteq_ros2_driver:/home/user/ros2_ws/install/realsense2_description:/home/user/ros2_ws/install/realsense2_camera:/home/user/ros2_ws/install/realsense2_camera_msgs:/home/user/ros2_ws/install/openslam_gmapping:/home/user/ros2_ws/install/lslidar_driver:/home/user/ros2_ws/install/lslidar_msgs:/home/user/ros2_ws/install/amr_bot /usr/bin/cmake /home/user/ros2_ws/src/slam_toolbox -DAMENT_CMAKE_SYMLINK_INSTALL=1 -DCMAKE_INSTALL_PREFIX=/home/user/ros2_ws/install/slam_toolbox
[3.987s] Invoking command in '/home/user/ros2_ws/build/slam_toolbox': CMAKE_PREFIX_PATH=/home/user/dev_ws/src/install/ros2_laser_scan_matcher:/home/user/dev_ws/src/install/roboteq_ros2_driver:/home/user/dev_ws/src/install/realsense2_description:/home/user/dev_ws/src/install/realsense2_camera:/home/user/dev_ws/src/install/realsense2_camera_msgs:/home/user/dev_ws/src/install/lslidar_driver:/home/user/dev_ws/src/install/lslidar_msgs:/home/user/dev_ws/src/install/lidar_odometry:/home/user/dev_ws/src/install/csm:/home/user/dev_ws/src/install/amr_bot:/home/user/ros2_ws/install/slam_gmapping:/home/user/ros2_ws/install/serial:/home/user/ros2_ws/install/rtabmap_ros:/home/user/ros2_ws/install/rtabmap_launch:/home/user/ros2_ws/install/rtabmap_examples:/home/user/ros2_ws/install/rtabmap_demos:/home/user/ros2_ws/install/rtabmap_viz:/home/user/ros2_ws/install/rtabmap_slam:/home/user/ros2_ws/install/rtabmap_odom:/home/user/ros2_ws/install/rtabmap_util:/home/user/ros2_ws/install/rtabmap_sync:/home/user/ros2_ws/install/rtabmap_rviz_plugins:/home/user/ros2_ws/install/rtabmap_conversions:/home/user/ros2_ws/install/rtabmap_python:/opt/ros/humble:/home/user/ros2_ws/install/rtabmap_msgs:/home/user/ros2_ws/install/rtabmap:/home/user/ros2_ws/install/roboteq_ros2_driver:/home/user/ros2_ws/install/realsense2_description:/home/user/ros2_ws/install/realsense2_camera:/home/user/ros2_ws/install/realsense2_camera_msgs:/home/user/ros2_ws/install/openslam_gmapping:/home/user/ros2_ws/install/lslidar_driver:/home/user/ros2_ws/install/lslidar_msgs:/home/user/ros2_ws/install/amr_bot /usr/bin/cmake --build /home/user/ros2_ws/build/slam_toolbox
[4.026s] [  1%] [34m[1mGenerating C++ code for ROS interfaces[0m
[4.493s] [  1%] Built target slam_toolbox__cpp
[4.500s] [  1%] [34m[1mGenerating C++ type support dispatch for ROS interfaces[0m
[4.811s] [  2%] [32mBuilding CXX object CMakeFiles/slam_toolbox__rosidl_typesupport_cpp.dir/rosidl_typesupport_cpp/slam_toolbox/srv/pause__type_support.cpp.o[0m
[4.959s] [  3%] [32mBuilding CXX object CMakeFiles/slam_toolbox__rosidl_typesupport_cpp.dir/rosidl_typesupport_cpp/slam_toolbox/srv/clear_queue__type_support.cpp.o[0m
[5.101s] [  4%] [32mBuilding CXX object CMakeFiles/slam_toolbox__rosidl_typesupport_cpp.dir/rosidl_typesupport_cpp/slam_toolbox/srv/toggle_interactive__type_support.cpp.o[0m
[5.249s] [  4%] [32mBuilding CXX object CMakeFiles/slam_toolbox__rosidl_typesupport_cpp.dir/rosidl_typesupport_cpp/slam_toolbox/srv/clear__type_support.cpp.o[0m
[5.393s] [  5%] [32mBuilding CXX object CMakeFiles/slam_toolbox__rosidl_typesupport_cpp.dir/rosidl_typesupport_cpp/slam_toolbox/srv/save_map__type_support.cpp.o[0m
[5.538s] [  6%] [32mBuilding CXX object CMakeFiles/slam_toolbox__rosidl_typesupport_cpp.dir/rosidl_typesupport_cpp/slam_toolbox/srv/loop_closure__type_support.cpp.o[0m
[5.688s] [  6%] [32mBuilding CXX object CMakeFiles/slam_toolbox__rosidl_typesupport_cpp.dir/rosidl_typesupport_cpp/slam_toolbox/srv/merge_maps__type_support.cpp.o[0m
[5.834s] [  7%] [32mBuilding CXX object CMakeFiles/slam_toolbox__rosidl_typesupport_cpp.dir/rosidl_typesupport_cpp/slam_toolbox/srv/add_submap__type_support.cpp.o[0m
[5.974s] [  8%] [32mBuilding CXX object CMakeFiles/slam_toolbox__rosidl_typesupport_cpp.dir/rosidl_typesupport_cpp/slam_toolbox/srv/deserialize_pose_graph__type_support.cpp.o[0m
[6.120s] [  9%] [32mBuilding CXX object CMakeFiles/slam_toolbox__rosidl_typesupport_cpp.dir/rosidl_typesupport_cpp/slam_toolbox/srv/serialize_pose_graph__type_support.cpp.o[0m
[6.261s] [  9%] [32m[1mLinking CXX shared library libslam_toolbox__rosidl_typesupport_cpp.so[0m
[6.286s] [  9%] Built target slam_toolbox__rosidl_typesupport_cpp
[6.294s] [ 10%] [34m[1mGenerating C code for ROS interfaces[0m
[6.781s] [ 11%] [32mBuilding C object CMakeFiles/slam_toolbox__rosidl_generator_c.dir/rosidl_generator_c/slam_toolbox/srv/detail/pause__functions.c.o[0m
[6.884s] [ 11%] [32mBuilding C object CMakeFiles/slam_toolbox__rosidl_generator_c.dir/rosidl_generator_c/slam_toolbox/srv/detail/clear_queue__functions.c.o[0m
[6.955s] [ 12%] [32mBuilding C object CMakeFiles/slam_toolbox__rosidl_generator_c.dir/rosidl_generator_c/slam_toolbox/srv/detail/toggle_interactive__functions.c.o[0m
[7.028s] [ 13%] [32mBuilding C object CMakeFiles/slam_toolbox__rosidl_generator_c.dir/rosidl_generator_c/slam_toolbox/srv/detail/clear__functions.c.o[0m
[7.098s] [ 14%] [32mBuilding C object CMakeFiles/slam_toolbox__rosidl_generator_c.dir/rosidl_generator_c/slam_toolbox/srv/detail/save_map__functions.c.o[0m
[7.177s] [ 14%] [32mBuilding C object CMakeFiles/slam_toolbox__rosidl_generator_c.dir/rosidl_generator_c/slam_toolbox/srv/detail/loop_closure__functions.c.o[0m
[7.249s] [ 15%] [32mBuilding C object CMakeFiles/slam_toolbox__rosidl_generator_c.dir/rosidl_generator_c/slam_toolbox/srv/detail/merge_maps__functions.c.o[0m
[7.322s] [ 16%] [32mBuilding C object CMakeFiles/slam_toolbox__rosidl_generator_c.dir/rosidl_generator_c/slam_toolbox/srv/detail/add_submap__functions.c.o[0m
[7.398s] [ 16%] [32mBuilding C object CMakeFiles/slam_toolbox__rosidl_generator_c.dir/rosidl_generator_c/slam_toolbox/srv/detail/deserialize_pose_graph__functions.c.o[0m
[7.477s] [ 17%] [32mBuilding C object CMakeFiles/slam_toolbox__rosidl_generator_c.dir/rosidl_generator_c/slam_toolbox/srv/detail/serialize_pose_graph__functions.c.o[0m
[7.554s] [ 18%] [32m[1mLinking C shared library libslam_toolbox__rosidl_generator_c.so[0m
[7.582s] [ 18%] Built target slam_toolbox__rosidl_generator_c
[7.589s] [ 19%] [34m[1mGenerating C type support for eProsima Fast-RTPS[0m
[8.029s] [ 20%] [32mBuilding CXX object CMakeFiles/slam_toolbox__rosidl_typesupport_fastrtps_c.dir/rosidl_typesupport_fastrtps_c/slam_toolbox/srv/detail/pause__type_support_c.cpp.o[0m
[8.291s] [ 20%] [32mBuilding CXX object CMakeFiles/slam_toolbox__rosidl_typesupport_fastrtps_c.dir/rosidl_typesupport_fastrtps_c/slam_toolbox/srv/detail/clear_queue__type_support_c.cpp.o[0m
[8.494s] [ 21%] [32mBuilding CXX object CMakeFiles/slam_toolbox__rosidl_typesupport_fastrtps_c.dir/rosidl_typesupport_fastrtps_c/slam_toolbox/srv/detail/toggle_interactive__type_support_c.cpp.o[0m
[8.696s] [ 22%] [32mBuilding CXX object CMakeFiles/slam_toolbox__rosidl_typesupport_fastrtps_c.dir/rosidl_typesupport_fastrtps_c/slam_toolbox/srv/detail/clear__type_support_c.cpp.o[0m
[8.903s] [ 23%] [32mBuilding CXX object CMakeFiles/slam_toolbox__rosidl_typesupport_fastrtps_c.dir/rosidl_typesupport_fastrtps_c/slam_toolbox/srv/detail/save_map__type_support_c.cpp.o[0m
[9.138s] [ 23%] [32mBuilding CXX object CMakeFiles/slam_toolbox__rosidl_typesupport_fastrtps_c.dir/rosidl_typesupport_fastrtps_c/slam_toolbox/srv/detail/loop_closure__type_support_c.cpp.o[0m
[9.356s] [ 24%] [32mBuilding CXX object CMakeFiles/slam_toolbox__rosidl_typesupport_fastrtps_c.dir/rosidl_typesupport_fastrtps_c/slam_toolbox/srv/detail/merge_maps__type_support_c.cpp.o[0m
[9.547s] [ 25%] [32mBuilding CXX object CMakeFiles/slam_toolbox__rosidl_typesupport_fastrtps_c.dir/rosidl_typesupport_fastrtps_c/slam_toolbox/srv/detail/add_submap__type_support_c.cpp.o[0m
[9.747s] [ 25%] [32mBuilding CXX object CMakeFiles/slam_toolbox__rosidl_typesupport_fastrtps_c.dir/rosidl_typesupport_fastrtps_c/slam_toolbox/srv/detail/deserialize_pose_graph__type_support_c.cpp.o[0m
[9.957s] [ 26%] [32mBuilding CXX object CMakeFiles/slam_toolbox__rosidl_typesupport_fastrtps_c.dir/rosidl_typesupport_fastrtps_c/slam_toolbox/srv/detail/serialize_pose_graph__type_support_c.cpp.o[0m
[10.195s] [ 27%] [32m[1mLinking CXX shared library libslam_toolbox__rosidl_typesupport_fastrtps_c.so[0m
[10.242s] [ 27%] Built target slam_toolbox__rosidl_typesupport_fastrtps_c
[10.250s] [ 28%] [34m[1mGenerating C++ type support for eProsima Fast-RTPS[0m
[10.692s] [ 29%] [32mBuilding CXX object CMakeFiles/slam_toolbox__rosidl_typesupport_fastrtps_cpp.dir/rosidl_typesupport_fastrtps_cpp/slam_toolbox/srv/detail/dds_fastrtps/pause__type_support.cpp.o[0m
[10.908s] [ 29%] [32mBuilding CXX object CMakeFiles/slam_toolbox__rosidl_typesupport_fastrtps_cpp.dir/rosidl_typesupport_fastrtps_cpp/slam_toolbox/srv/detail/dds_fastrtps/clear_queue__type_support.cpp.o[0m
[11.136s] [ 30%] [32mBuilding CXX object CMakeFiles/slam_toolbox__rosidl_typesupport_fastrtps_cpp.dir/rosidl_typesupport_fastrtps_cpp/slam_toolbox/srv/detail/dds_fastrtps/toggle_interactive__type_support.cpp.o[0m
[11.356s] [ 31%] [32mBuilding CXX object CMakeFiles/slam_toolbox__rosidl_typesupport_fastrtps_cpp.dir/rosidl_typesupport_fastrtps_cpp/slam_toolbox/srv/detail/dds_fastrtps/clear__type_support.cpp.o[0m
[11.572s] [ 32%] [32mBuilding CXX object CMakeFiles/slam_toolbox__rosidl_typesupport_fastrtps_cpp.dir/rosidl_typesupport_fastrtps_cpp/slam_toolbox/srv/detail/dds_fastrtps/save_map__type_support.cpp.o[0m
[11.784s] [ 32%] [32mBuilding CXX object CMakeFiles/slam_toolbox__rosidl_typesupport_fastrtps_cpp.dir/rosidl_typesupport_fastrtps_cpp/slam_toolbox/srv/detail/dds_fastrtps/loop_closure__type_support.cpp.o[0m
[12.033s] [ 33%] [32mBuilding CXX object CMakeFiles/slam_toolbox__rosidl_typesupport_fastrtps_cpp.dir/rosidl_typesupport_fastrtps_cpp/slam_toolbox/srv/detail/dds_fastrtps/merge_maps__type_support.cpp.o[0m
[12.248s] [ 34%] [32mBuilding CXX object CMakeFiles/slam_toolbox__rosidl_typesupport_fastrtps_cpp.dir/rosidl_typesupport_fastrtps_cpp/slam_toolbox/srv/detail/dds_fastrtps/add_submap__type_support.cpp.o[0m
[12.469s] [ 34%] [32mBuilding CXX object CMakeFiles/slam_toolbox__rosidl_typesupport_fastrtps_cpp.dir/rosidl_typesupport_fastrtps_cpp/slam_toolbox/srv/detail/dds_fastrtps/deserialize_pose_graph__type_support.cpp.o[0m
[12.719s] [ 35%] [32mBuilding CXX object CMakeFiles/slam_toolbox__rosidl_typesupport_fastrtps_cpp.dir/rosidl_typesupport_fastrtps_cpp/slam_toolbox/srv/detail/dds_fastrtps/serialize_pose_graph__type_support.cpp.o[0m
[12.944s] [ 36%] [32m[1mLinking CXX shared library libslam_toolbox__rosidl_typesupport_fastrtps_cpp.so[0m
[12.990s] [ 36%] Built target slam_toolbox__rosidl_typesupport_fastrtps_cpp
[12.997s] [ 37%] [34m[1mGenerating C introspection for ROS interfaces[0m
[13.381s] [ 37%] [32mBuilding C object CMakeFiles/slam_toolbox__rosidl_typesupport_introspection_c.dir/rosidl_typesupport_introspection_c/slam_toolbox/srv/detail/pause__type_support.c.o[0m
[13.409s] [ 38%] [32mBuilding C object CMakeFiles/slam_toolbox__rosidl_typesupport_introspection_c.dir/rosidl_typesupport_introspection_c/slam_toolbox/srv/detail/clear_queue__type_support.c.o[0m
[13.435s] [ 39%] [32mBuilding C object CMakeFiles/slam_toolbox__rosidl_typesupport_introspection_c.dir/rosidl_typesupport_introspection_c/slam_toolbox/srv/detail/toggle_interactive__type_support.c.o[0m
[13.462s] [ 39%] [32mBuilding C object CMakeFiles/slam_toolbox__rosidl_typesupport_introspection_c.dir/rosidl_typesupport_introspection_c/slam_toolbox/srv/detail/clear__type_support.c.o[0m
[13.487s] [ 40%] [32mBuilding C object CMakeFiles/slam_toolbox__rosidl_typesupport_introspection_c.dir/rosidl_typesupport_introspection_c/slam_toolbox/srv/detail/save_map__type_support.c.o[0m
[13.516s] [ 41%] [32mBuilding C object CMakeFiles/slam_toolbox__rosidl_typesupport_introspection_c.dir/rosidl_typesupport_introspection_c/slam_toolbox/srv/detail/loop_closure__type_support.c.o[0m
[13.541s] [ 42%] [32mBuilding C object CMakeFiles/slam_toolbox__rosidl_typesupport_introspection_c.dir/rosidl_typesupport_introspection_c/slam_toolbox/srv/detail/merge_maps__type_support.c.o[0m
[13.567s] [ 42%] [32mBuilding C object CMakeFiles/slam_toolbox__rosidl_typesupport_introspection_c.dir/rosidl_typesupport_introspection_c/slam_toolbox/srv/detail/add_submap__type_support.c.o[0m
[13.593s] [ 43%] [32mBuilding C object CMakeFiles/slam_toolbox__rosidl_typesupport_introspection_c.dir/rosidl_typesupport_introspection_c/slam_toolbox/srv/detail/deserialize_pose_graph__type_support.c.o[0m
[13.620s] [ 44%] [32mBuilding C object CMakeFiles/slam_toolbox__rosidl_typesupport_introspection_c.dir/rosidl_typesupport_introspection_c/slam_toolbox/srv/detail/serialize_pose_graph__type_support.c.o[0m
[13.647s] [ 44%] [32m[1mLinking C shared library libslam_toolbox__rosidl_typesupport_introspection_c.so[0m
[13.670s] [ 44%] Built target slam_toolbox__rosidl_typesupport_introspection_c
[13.677s] [ 44%] [34m[1mGenerating C type support dispatch for ROS interfaces[0m
[13.990s] [ 45%] [32mBuilding CXX object CMakeFiles/slam_toolbox__rosidl_typesupport_c.dir/rosidl_typesupport_c/slam_toolbox/srv/pause__type_support.cpp.o[0m
[14.016s] [ 46%] [32mBuilding CXX object CMakeFiles/slam_toolbox__rosidl_typesupport_c.dir/rosidl_typesupport_c/slam_toolbox/srv/clear_queue__type_support.cpp.o[0m
[14.037s] [ 47%] [32mBuilding CXX object CMakeFiles/slam_toolbox__rosidl_typesupport_c.dir/rosidl_typesupport_c/slam_toolbox/srv/toggle_interactive__type_support.cpp.o[0m
[14.058s] [ 47%] [32mBuilding CXX object CMakeFiles/slam_toolbox__rosidl_typesupport_c.dir/rosidl_typesupport_c/slam_toolbox/srv/clear__type_support.cpp.o[0m
[14.078s] [ 48%] [32mBuilding CXX object CMakeFiles/slam_toolbox__rosidl_typesupport_c.dir/rosidl_typesupport_c/slam_toolbox/srv/save_map__type_support.cpp.o[0m
[14.101s] [ 49%] [32mBuilding CXX object CMakeFiles/slam_toolbox__rosidl_typesupport_c.dir/rosidl_typesupport_c/slam_toolbox/srv/loop_closure__type_support.cpp.o[0m
[14.122s] [ 49%] [32mBuilding CXX object CMakeFiles/slam_toolbox__rosidl_typesupport_c.dir/rosidl_typesupport_c/slam_toolbox/srv/merge_maps__type_support.cpp.o[0m
[14.143s] [ 50%] [32mBuilding CXX object CMakeFiles/slam_toolbox__rosidl_typesupport_c.dir/rosidl_typesupport_c/slam_toolbox/srv/add_submap__type_support.cpp.o[0m
[14.164s] [ 51%] [32mBuilding CXX object CMakeFiles/slam_toolbox__rosidl_typesupport_c.dir/rosidl_typesupport_c/slam_toolbox/srv/deserialize_pose_graph__type_support.cpp.o[0m
[14.185s] [ 52%] [32mBuilding CXX object CMakeFiles/slam_toolbox__rosidl_typesupport_c.dir/rosidl_typesupport_c/slam_toolbox/srv/serialize_pose_graph__type_support.cpp.o[0m
[14.207s] [ 52%] [32m[1mLinking CXX shared library libslam_toolbox__rosidl_typesupport_c.so[0m
[14.235s] [ 52%] Built target slam_toolbox__rosidl_typesupport_c
[14.242s] [ 53%] [34m[1mGenerating C++ introspection for ROS interfaces[0m
[14.603s] [ 53%] [32mBuilding CXX object CMakeFiles/slam_toolbox__rosidl_typesupport_introspection_cpp.dir/rosidl_typesupport_introspection_cpp/slam_toolbox/srv/detail/pause__type_support.cpp.o[0m
[14.809s] [ 54%] [32mBuilding CXX object CMakeFiles/slam_toolbox__rosidl_typesupport_introspection_cpp.dir/rosidl_typesupport_introspection_cpp/slam_toolbox/srv/detail/clear_queue__type_support.cpp.o[0m
[15.026s] [ 55%] [32mBuilding CXX object CMakeFiles/slam_toolbox__rosidl_typesupport_introspection_cpp.dir/rosidl_typesupport_introspection_cpp/slam_toolbox/srv/detail/toggle_interactive__type_support.cpp.o[0m
[15.221s] [ 55%] [32mBuilding CXX object CMakeFiles/slam_toolbox__rosidl_typesupport_introspection_cpp.dir/rosidl_typesupport_introspection_cpp/slam_toolbox/srv/detail/clear__type_support.cpp.o[0m
[15.415s] [ 56%] [32mBuilding CXX object CMakeFiles/slam_toolbox__rosidl_typesupport_introspection_cpp.dir/rosidl_typesupport_introspection_cpp/slam_toolbox/srv/detail/save_map__type_support.cpp.o[0m
[15.666s] [ 57%] [32mBuilding CXX object CMakeFiles/slam_toolbox__rosidl_typesupport_introspection_cpp.dir/rosidl_typesupport_introspection_cpp/slam_toolbox/srv/detail/loop_closure__type_support.cpp.o[0m
[15.890s] [ 58%] [32mBuilding CXX object CMakeFiles/slam_toolbox__rosidl_typesupport_introspection_cpp.dir/rosidl_typesupport_introspection_cpp/slam_toolbox/srv/detail/merge_maps__type_support.cpp.o[0m
[16.114s] [ 58%] [32mBuilding CXX object CMakeFiles/slam_toolbox__rosidl_typesupport_introspection_cpp.dir/rosidl_typesupport_introspection_cpp/slam_toolbox/srv/detail/add_submap__type_support.cpp.o[0m
[16.378s] [ 59%] [32mBuilding CXX object CMakeFiles/slam_toolbox__rosidl_typesupport_introspection_cpp.dir/rosidl_typesupport_introspection_cpp/slam_toolbox/srv/detail/deserialize_pose_graph__type_support.cpp.o[0m
[16.653s] [ 60%] [32mBuilding CXX object CMakeFiles/slam_toolbox__rosidl_typesupport_introspection_cpp.dir/rosidl_typesupport_introspection_cpp/slam_toolbox/srv/detail/serialize_pose_graph__type_support.cpp.o[0m
[16.907s] [ 60%] [32m[1mLinking CXX shared library libslam_toolbox__rosidl_typesupport_introspection_cpp.so[0m
[16.947s] [ 60%] Built target slam_toolbox__rosidl_typesupport_introspection_cpp
[16.962s] [ 60%] Built target slam_toolbox
[16.984s] [ 60%] Built target ament_cmake_python_symlink_slam_toolbox
[17.126s] running egg_info
[17.126s] creating slam_toolbox.egg-info
[17.126s] writing slam_toolbox.egg-info/PKG-INFO
[17.126s] writing dependency_links to slam_toolbox.egg-info/dependency_links.txt
[17.126s] writing top-level names to slam_toolbox.egg-info/top_level.txt
[17.126s] writing manifest file 'slam_toolbox.egg-info/SOURCES.txt'
[17.127s] reading manifest file 'slam_toolbox.egg-info/SOURCES.txt'
[17.127s] writing manifest file 'slam_toolbox.egg-info/SOURCES.txt'
[17.144s] [ 60%] Built target ament_cmake_python_build_slam_toolbox_egg
[17.158s] [ 60%] [34m[1mGenerating Python code for ROS interfaces[0m
[18.274s] [ 60%] Built target slam_toolbox__py
[18.291s] [ 61%] [32mBuilding C object CMakeFiles/slam_toolbox__rosidl_generator_py.dir/rosidl_generator_py/slam_toolbox/srv/_pause_s.c.o[0m
[18.379s] [ 61%] [32mBuilding C object CMakeFiles/slam_toolbox__rosidl_generator_py.dir/rosidl_generator_py/slam_toolbox/srv/_clear_queue_s.c.o[0m
[18.451s] [ 62%] [32mBuilding C object CMakeFiles/slam_toolbox__rosidl_generator_py.dir/rosidl_generator_py/slam_toolbox/srv/_toggle_interactive_s.c.o[0m
[18.537s] [ 63%] [32mBuilding C object CMakeFiles/slam_toolbox__rosidl_generator_py.dir/rosidl_generator_py/slam_toolbox/srv/_clear_s.c.o[0m
[18.614s] [ 63%] [32mBuilding C object CMakeFiles/slam_toolbox__rosidl_generator_py.dir/rosidl_generator_py/slam_toolbox/srv/_save_map_s.c.o[0m
[18.696s] [ 64%] [32mBuilding C object CMakeFiles/slam_toolbox__rosidl_generator_py.dir/rosidl_generator_py/slam_toolbox/srv/_loop_closure_s.c.o[0m
[18.777s] [ 65%] [32mBuilding C object CMakeFiles/slam_toolbox__rosidl_generator_py.dir/rosidl_generator_py/slam_toolbox/srv/_merge_maps_s.c.o[0m
[18.861s] [ 66%] [32mBuilding C object CMakeFiles/slam_toolbox__rosidl_generator_py.dir/rosidl_generator_py/slam_toolbox/srv/_add_submap_s.c.o[0m
[18.934s] [ 66%] [32mBuilding C object CMakeFiles/slam_toolbox__rosidl_generator_py.dir/rosidl_generator_py/slam_toolbox/srv/_deserialize_pose_graph_s.c.o[0m
[19.027s] [ 67%] [32mBuilding C object CMakeFiles/slam_toolbox__rosidl_generator_py.dir/rosidl_generator_py/slam_toolbox/srv/_serialize_pose_graph_s.c.o[0m
[19.103s] [ 68%] [32m[1mLinking C shared library rosidl_generator_py/slam_toolbox/libslam_toolbox__rosidl_generator_py.so[0m
[19.133s] [ 68%] Built target slam_toolbox__rosidl_generator_py
[19.146s] [ 69%] [32mBuilding C object CMakeFiles/slam_toolbox__rosidl_typesupport_fastrtps_c__pyext.dir/rosidl_generator_py/slam_toolbox/_slam_toolbox_s.ep.rosidl_typesupport_fastrtps_c.c.o[0m
[19.362s] [ 69%] [32m[1mLinking C shared library rosidl_generator_py/slam_toolbox/slam_toolbox_s__rosidl_typesupport_fastrtps_c.cpython-310-x86_64-linux-gnu.so[0m
[19.392s] [ 69%] Built target slam_toolbox__rosidl_typesupport_fastrtps_c__pyext
[19.405s] [ 70%] [32mBuilding C object CMakeFiles/slam_toolbox__rosidl_typesupport_introspection_c__pyext.dir/rosidl_generator_py/slam_toolbox/_slam_toolbox_s.ep.rosidl_typesupport_introspection_c.c.o[0m
[19.609s] [ 71%] [32m[1mLinking C shared library rosidl_generator_py/slam_toolbox/slam_toolbox_s__rosidl_typesupport_introspection_c.cpython-310-x86_64-linux-gnu.so[0m
[19.639s] [ 71%] Built target slam_toolbox__rosidl_typesupport_introspection_c__pyext
[19.653s] [ 72%] [32mBuilding C object CMakeFiles/slam_toolbox__rosidl_typesupport_c__pyext.dir/rosidl_generator_py/slam_toolbox/_slam_toolbox_s.ep.rosidl_typesupport_c.c.o[0m
[19.854s] [ 73%] [32m[1mLinking C shared library rosidl_generator_py/slam_toolbox/slam_toolbox_s__rosidl_typesupport_c.cpython-310-x86_64-linux-gnu.so[0m
[19.885s] [ 73%] Built target slam_toolbox__rosidl_typesupport_c__pyext
[19.892s] [ 73%] [34m[1mGenerating rviz_plugin/moc_slam_toolbox_rviz_plugin.cpp[0m
[19.913s] [ 74%] [32mBuilding CXX object CMakeFiles/SlamToolboxPlugin.dir/rviz_plugin/slam_toolbox_rviz_plugin.cpp.o[0m
[33.441s] [ 75%] [32mBuilding CXX object CMakeFiles/SlamToolboxPlugin.dir/rviz_plugin/moc_slam_toolbox_rviz_plugin.cpp.o[0m
[37.400s] [ 75%] [32m[1mLinking CXX shared library libSlamToolboxPlugin.so[0m
[38.225s] [ 75%] Built target SlamToolboxPlugin
[38.238s] [ 75%] [32mBuilding CXX object lib/karto_sdk/CMakeFiles/kartoSlamToolbox.dir/src/Karto.cpp.o[0m
[44.314s] [ 76%] [32mBuilding CXX object lib/karto_sdk/CMakeFiles/kartoSlamToolbox.dir/src/Mapper.cpp.o[0m
[55.471s] [ 77%] [32m[1mLinking CXX shared library libkartoSlamToolbox.so[0m
[55.709s] [ 77%] Built target kartoSlamToolbox
[55.722s] [ 78%] [32mBuilding CXX object CMakeFiles/ceres_solver_plugin.dir/solvers/ceres_solver.cpp.o[0m
[63.641s] [ 79%] [32m[1mLinking CXX shared library libceres_solver_plugin.so[0m
[63.899s] [ 79%] Built target ceres_solver_plugin
[63.913s] [ 80%] [32mBuilding CXX object CMakeFiles/toolbox_common.dir/src/slam_toolbox_common.cpp.o[0m
[83.798s] [ 81%] [32mBuilding CXX object CMakeFiles/toolbox_common.dir/src/map_saver.cpp.o[0m
[90.809s] [ 81%] [32mBuilding CXX object CMakeFiles/toolbox_common.dir/src/loop_closure_assistant.cpp.o[0m
[103.809s] [ 82%] [32mBuilding CXX object CMakeFiles/toolbox_common.dir/src/laser_utils.cpp.o[0m
[110.781s] [ 83%] [32mBuilding CXX object CMakeFiles/toolbox_common.dir/src/slam_mapper.cpp.o[0m
[118.016s] [ 84%] [32m[1mLinking CXX shared library libtoolbox_common.so[0m
[118.510s] [ 84%] Built target toolbox_common
[118.525s] [ 85%] [32mBuilding CXX object CMakeFiles/async_slam_toolbox.dir/src/slam_toolbox_async.cpp.o[0m
[126.472s] [ 86%] [32m[1mLinking CXX shared library libasync_slam_toolbox.so[0m
[126.818s] [ 86%] Built target async_slam_toolbox
[126.833s] [ 87%] [32mBuilding CXX object CMakeFiles/async_slam_toolbox_node.dir/src/slam_toolbox_async_node.cpp.o[0m
[134.575s] [ 87%] [32m[1mLinking CXX executable async_slam_toolbox_node[0m
[134.846s] [ 87%] Built target async_slam_toolbox_node
[134.860s] [ 88%] [32mBuilding CXX object CMakeFiles/sync_slam_toolbox.dir/src/slam_toolbox_sync.cpp.o[0m
[143.624s] [ 89%] [32m[1mLinking CXX shared library libsync_slam_toolbox.so[0m
[143.993s] [ 89%] Built target sync_slam_toolbox
[144.009s] [ 90%] [32mBuilding CXX object CMakeFiles/sync_slam_toolbox_node.dir/src/slam_toolbox_sync_node.cpp.o[0m
[151.878s] [ 90%] [32m[1mLinking CXX executable sync_slam_toolbox_node[0m
[152.131s] [ 90%] Built target sync_slam_toolbox_node
[152.144s] [ 90%] [32mBuilding CXX object CMakeFiles/localization_slam_toolbox.dir/src/slam_toolbox_localization.cpp.o[0m
[163.454s] [ 91%] [32m[1mLinking CXX shared library liblocalization_slam_toolbox.so[0m
[163.810s] [ 91%] Built target localization_slam_toolbox
[163.825s] [ 92%] [32mBuilding CXX object CMakeFiles/localization_slam_toolbox_node.dir/src/slam_toolbox_localization_node.cpp.o[0m
[171.156s] [ 93%] [32m[1mLinking CXX executable localization_slam_toolbox_node[0m
[171.442s] [ 93%] Built target localization_slam_toolbox_node
[171.461s] [ 94%] [32mBuilding CXX object CMakeFiles/lifelong_slam_toolbox.dir/src/experimental/slam_toolbox_lifelong.cpp.o[0m
[179.015s] [ 94%] [32m[1mLinking CXX shared library liblifelong_slam_toolbox.so[0m
[179.333s] [ 94%] Built target lifelong_slam_toolbox
[179.346s] [ 95%] [32mBuilding CXX object CMakeFiles/lifelong_slam_toolbox_node.dir/src/experimental/slam_toolbox_lifelong_node.cpp.o[0m
[186.220s] [ 96%] [32m[1mLinking CXX executable lifelong_slam_toolbox_node[0m
[186.465s] [ 96%] Built target lifelong_slam_toolbox_node
[186.480s] [ 96%] [32mBuilding CXX object CMakeFiles/map_and_localization_slam_toolbox.dir/src/experimental/slam_toolbox_map_and_localization.cpp.o[0m
[198.610s] [ 97%] [32m[1mLinking CXX shared library libmap_and_localization_slam_toolbox.so[0m
[199.103s] [ 97%] Built target map_and_localization_slam_toolbox
[199.121s] [ 98%] [32mBuilding CXX object CMakeFiles/map_and_localization_slam_toolbox_node.dir/src/experimental/slam_toolbox_map_and_localization_node.cpp.o[0m
[206.143s] [ 98%] [32m[1mLinking CXX executable map_and_localization_slam_toolbox_node[0m
[206.395s] [ 98%] Built target map_and_localization_slam_toolbox_node
[206.409s] [ 99%] [32mBuilding CXX object CMakeFiles/merge_maps_kinematic.dir/src/merge_maps_kinematic.cpp.o[0m
[216.234s] [100%] [32m[1mLinking CXX executable merge_maps_kinematic[0m
[216.579s] [100%] Built target merge_maps_kinematic
[216.589s] Invoked command in '/home/user/ros2_ws/build/slam_toolbox' returned '0': CMAKE_PREFIX_PATH=/home/user/dev_ws/src/install/ros2_laser_scan_matcher:/home/user/dev_ws/src/install/roboteq_ros2_driver:/home/user/dev_ws/src/install/realsense2_description:/home/user/dev_ws/src/install/realsense2_camera:/home/user/dev_ws/src/install/realsense2_camera_msgs:/home/user/dev_ws/src/install/lslidar_driver:/home/user/dev_ws/src/install/lslidar_msgs:/home/user/dev_ws/src/install/lidar_odometry:/home/user/dev_ws/src/install/csm:/home/user/dev_ws/src/install/amr_bot:/home/user/ros2_ws/install/slam_gmapping:/home/user/ros2_ws/install/serial:/home/user/ros2_ws/install/rtabmap_ros:/home/user/ros2_ws/install/rtabmap_launch:/home/user/ros2_ws/install/rtabmap_examples:/home/user/ros2_ws/install/rtabmap_demos:/home/user/ros2_ws/install/rtabmap_viz:/home/user/ros2_ws/install/rtabmap_slam:/home/user/ros2_ws/install/rtabmap_odom:/home/user/ros2_ws/install/rtabmap_util:/home/user/ros2_ws/install/rtabmap_sync:/home/user/ros2_ws/install/rtabmap_rviz_plugins:/home/user/ros2_ws/install/rtabmap_conversions:/home/user/ros2_ws/install/rtabmap_python:/opt/ros/humble:/home/user/ros2_ws/install/rtabmap_msgs:/home/user/ros2_ws/install/rtabmap:/home/user/ros2_ws/install/roboteq_ros2_driver:/home/user/ros2_ws/install/realsense2_description:/home/user/ros2_ws/install/realsense2_camera:/home/user/ros2_ws/install/realsense2_camera_msgs:/home/user/ros2_ws/install/openslam_gmapping:/home/user/ros2_ws/install/lslidar_driver:/home/user/ros2_ws/install/lslidar_msgs:/home/user/ros2_ws/install/amr_bot /usr/bin/cmake --build /home/user/ros2_ws/build/slam_toolbox
[216.810s] Invoking command in '/home/user/ros2_ws/build/slam_toolbox': CMAKE_PREFIX_PATH=/home/user/dev_ws/src/install/ros2_laser_scan_matcher:/home/user/dev_ws/src/install/roboteq_ros2_driver:/home/user/dev_ws/src/install/realsense2_description:/home/user/dev_ws/src/install/realsense2_camera:/home/user/dev_ws/src/install/realsense2_camera_msgs:/home/user/dev_ws/src/install/lslidar_driver:/home/user/dev_ws/src/install/lslidar_msgs:/home/user/dev_ws/src/install/lidar_odometry:/home/user/dev_ws/src/install/csm:/home/user/dev_ws/src/install/amr_bot:/home/user/ros2_ws/install/slam_gmapping:/home/user/ros2_ws/install/serial:/home/user/ros2_ws/install/rtabmap_ros:/home/user/ros2_ws/install/rtabmap_launch:/home/user/ros2_ws/install/rtabmap_examples:/home/user/ros2_ws/install/rtabmap_demos:/home/user/ros2_ws/install/rtabmap_viz:/home/user/ros2_ws/install/rtabmap_slam:/home/user/ros2_ws/install/rtabmap_odom:/home/user/ros2_ws/install/rtabmap_util:/home/user/ros2_ws/install/rtabmap_sync:/home/user/ros2_ws/install/rtabmap_rviz_plugins:/home/user/ros2_ws/install/rtabmap_conversions:/home/user/ros2_ws/install/rtabmap_python:/opt/ros/humble:/home/user/ros2_ws/install/rtabmap_msgs:/home/user/ros2_ws/install/rtabmap:/home/user/ros2_ws/install/roboteq_ros2_driver:/home/user/ros2_ws/install/realsense2_description:/home/user/ros2_ws/install/realsense2_camera:/home/user/ros2_ws/install/realsense2_camera_msgs:/home/user/ros2_ws/install/openslam_gmapping:/home/user/ros2_ws/install/lslidar_driver:/home/user/ros2_ws/install/lslidar_msgs:/home/user/ros2_ws/install/amr_bot /usr/bin/cmake --install /home/user/ros2_ws/build/slam_toolbox
[216.815s] -- Install configuration: "Release"
[216.815s] -- Execute custom install script
[216.816s] -- Symlinking: /home/user/ros2_ws/install/slam_toolbox/include//karto_sdk/Karto.h
[216.822s] -- Symlinking: /home/user/ros2_ws/install/slam_toolbox/include//karto_sdk/Macros.h
[216.827s] -- Symlinking: /home/user/ros2_ws/install/slam_toolbox/include//karto_sdk/Mapper.h
[216.833s] -- Symlinking: /home/user/ros2_ws/install/slam_toolbox/include//karto_sdk/Math.h
[216.838s] -- Symlinking: /home/user/ros2_ws/install/slam_toolbox/include//karto_sdk/Types.h
[216.843s] -- Symlinking: /home/user/ros2_ws/install/slam_toolbox/include//karto_sdk/nanoflann.hpp
[216.848s] -- Symlinking: /home/user/ros2_ws/install/slam_toolbox/include//karto_sdk/nanoflann_adaptors.h
[216.853s] -- Symlinking: /home/user/ros2_ws/install/slam_toolbox/share/ament_index/resource_index/rosidl_interfaces/slam_toolbox
[216.859s] -- Symlinking: /home/user/ros2_ws/install/slam_toolbox/include/slam_toolbox/slam_toolbox/msg/rosidl_generator_c__visibility_control.h
[216.864s] -- Symlinking: /home/user/ros2_ws/install/slam_toolbox/include/slam_toolbox/slam_toolbox/srv/add_submap.h
[216.869s] -- Symlinking: /home/user/ros2_ws/install/slam_toolbox/include/slam_toolbox/slam_toolbox/srv/clear.h
[216.875s] -- Symlinking: /home/user/ros2_ws/install/slam_toolbox/include/slam_toolbox/slam_toolbox/srv/clear_queue.h
[216.880s] -- Symlinking: /home/user/ros2_ws/install/slam_toolbox/include/slam_toolbox/slam_toolbox/srv/deserialize_pose_graph.h
[216.887s] -- Symlinking: /home/user/ros2_ws/install/slam_toolbox/include/slam_toolbox/slam_toolbox/srv/detail/add_submap__functions.h
[216.893s] -- Symlinking: /home/user/ros2_ws/install/slam_toolbox/include/slam_toolbox/slam_toolbox/srv/detail/add_submap__struct.h
[216.899s] -- Symlinking: /home/user/ros2_ws/install/slam_toolbox/include/slam_toolbox/slam_toolbox/srv/detail/add_submap__type_support.h
[216.906s] -- Symlinking: /home/user/ros2_ws/install/slam_toolbox/include/slam_toolbox/slam_toolbox/srv/detail/clear__functions.h
[216.911s] -- Symlinking: /home/user/ros2_ws/install/slam_toolbox/include/slam_toolbox/slam_toolbox/srv/detail/clear__struct.h
[216.921s] -- Symlinking: /home/user/ros2_ws/install/slam_toolbox/include/slam_toolbox/slam_toolbox/srv/detail/clear__type_support.h
[216.927s] -- Symlinking: /home/user/ros2_ws/install/slam_toolbox/include/slam_toolbox/slam_toolbox/srv/detail/clear_queue__functions.h
[216.932s] -- Symlinking: /home/user/ros2_ws/install/slam_toolbox/include/slam_toolbox/slam_toolbox/srv/detail/clear_queue__struct.h
[216.937s] -- Symlinking: /home/user/ros2_ws/install/slam_toolbox/include/slam_toolbox/slam_toolbox/srv/detail/clear_queue__type_support.h
[216.942s] -- Symlinking: /home/user/ros2_ws/install/slam_toolbox/include/slam_toolbox/slam_toolbox/srv/detail/deserialize_pose_graph__functions.h
[216.948s] -- Symlinking: /home/user/ros2_ws/install/slam_toolbox/include/slam_toolbox/slam_toolbox/srv/detail/deserialize_pose_graph__struct.h
[216.952s] -- Symlinking: /home/user/ros2_ws/install/slam_toolbox/include/slam_toolbox/slam_toolbox/srv/detail/deserialize_pose_graph__type_support.h
[216.959s] -- Symlinking: /home/user/ros2_ws/install/slam_toolbox/include/slam_toolbox/slam_toolbox/srv/detail/loop_closure__functions.h
[216.964s] -- Symlinking: /home/user/ros2_ws/install/slam_toolbox/include/slam_toolbox/slam_toolbox/srv/detail/loop_closure__struct.h
[216.970s] -- Symlinking: /home/user/ros2_ws/install/slam_toolbox/include/slam_toolbox/slam_toolbox/srv/detail/loop_closure__type_support.h
[216.975s] -- Symlinking: /home/user/ros2_ws/install/slam_toolbox/include/slam_toolbox/slam_toolbox/srv/detail/merge_maps__functions.h
[216.980s] -- Symlinking: /home/user/ros2_ws/install/slam_toolbox/include/slam_toolbox/slam_toolbox/srv/detail/merge_maps__struct.h
[216.985s] -- Symlinking: /home/user/ros2_ws/install/slam_toolbox/include/slam_toolbox/slam_toolbox/srv/detail/merge_maps__type_support.h
[216.991s] -- Symlinking: /home/user/ros2_ws/install/slam_toolbox/include/slam_toolbox/slam_toolbox/srv/detail/pause__functions.h
[216.996s] -- Symlinking: /home/user/ros2_ws/install/slam_toolbox/include/slam_toolbox/slam_toolbox/srv/detail/pause__struct.h
[217.003s] -- Symlinking: /home/user/ros2_ws/install/slam_toolbox/include/slam_toolbox/slam_toolbox/srv/detail/pause__type_support.h
[217.008s] -- Symlinking: /home/user/ros2_ws/install/slam_toolbox/include/slam_toolbox/slam_toolbox/srv/detail/save_map__functions.h
[217.013s] -- Symlinking: /home/user/ros2_ws/install/slam_toolbox/include/slam_toolbox/slam_toolbox/srv/detail/save_map__struct.h
[217.017s] -- Symlinking: /home/user/ros2_ws/install/slam_toolbox/include/slam_toolbox/slam_toolbox/srv/detail/save_map__type_support.h
[217.022s] -- Symlinking: /home/user/ros2_ws/install/slam_toolbox/include/slam_toolbox/slam_toolbox/srv/detail/serialize_pose_graph__functions.h
[217.027s] -- Symlinking: /home/user/ros2_ws/install/slam_toolbox/include/slam_toolbox/slam_toolbox/srv/detail/serialize_pose_graph__struct.h
[217.032s] -- Symlinking: /home/user/ros2_ws/install/slam_toolbox/include/slam_toolbox/slam_toolbox/srv/detail/serialize_pose_graph__type_support.h
[217.037s] -- Symlinking: /home/user/ros2_ws/install/slam_toolbox/include/slam_toolbox/slam_toolbox/srv/detail/toggle_interactive__functions.h
[217.043s] -- Symlinking: /home/user/ros2_ws/install/slam_toolbox/include/slam_toolbox/slam_toolbox/srv/detail/toggle_interactive__struct.h
[217.048s] -- Symlinking: /home/user/ros2_ws/install/slam_toolbox/include/slam_toolbox/slam_toolbox/srv/detail/toggle_interactive__type_support.h
[217.053s] -- Symlinking: /home/user/ros2_ws/install/slam_toolbox/include/slam_toolbox/slam_toolbox/srv/loop_closure.h
[217.057s] -- Symlinking: /home/user/ros2_ws/install/slam_toolbox/include/slam_toolbox/slam_toolbox/srv/merge_maps.h
[217.062s] -- Symlinking: /home/user/ros2_ws/install/slam_toolbox/include/slam_toolbox/slam_toolbox/srv/pause.h
[217.067s] -- Symlinking: /home/user/ros2_ws/install/slam_toolbox/include/slam_toolbox/slam_toolbox/srv/save_map.h
[217.072s] -- Symlinking: /home/user/ros2_ws/install/slam_toolbox/include/slam_toolbox/slam_toolbox/srv/serialize_pose_graph.h
[217.077s] -- Symlinking: /home/user/ros2_ws/install/slam_toolbox/include/slam_toolbox/slam_toolbox/srv/toggle_interactive.h
[217.083s] -- Symlinking: /home/user/ros2_ws/install/slam_toolbox/share/slam_toolbox/environment/library_path.sh
[217.088s] -- Symlinking: /home/user/ros2_ws/install/slam_toolbox/share/slam_toolbox/environment/library_path.dsv
[217.094s] -- Symlinking: /home/user/ros2_ws/install/slam_toolbox/include/slam_toolbox/slam_toolbox/msg/rosidl_typesupport_fastrtps_c__visibility_control.h
[217.100s] -- Symlinking: /home/user/ros2_ws/install/slam_toolbox/include/slam_toolbox/slam_toolbox/srv/detail/add_submap__rosidl_typesupport_fastrtps_c.h
[217.105s] -- Symlinking: /home/user/ros2_ws/install/slam_toolbox/include/slam_toolbox/slam_toolbox/srv/detail/clear__rosidl_typesupport_fastrtps_c.h
[217.110s] -- Symlinking: /home/user/ros2_ws/install/slam_toolbox/include/slam_toolbox/slam_toolbox/srv/detail/clear_queue__rosidl_typesupport_fastrtps_c.h
[217.115s] -- Symlinking: /home/user/ros2_ws/install/slam_toolbox/include/slam_toolbox/slam_toolbox/srv/detail/deserialize_pose_graph__rosidl_typesupport_fastrtps_c.h
[217.120s] -- Symlinking: /home/user/ros2_ws/install/slam_toolbox/include/slam_toolbox/slam_toolbox/srv/detail/loop_closure__rosidl_typesupport_fastrtps_c.h
[217.125s] -- Symlinking: /home/user/ros2_ws/install/slam_toolbox/include/slam_toolbox/slam_toolbox/srv/detail/merge_maps__rosidl_typesupport_fastrtps_c.h
[217.130s] -- Symlinking: /home/user/ros2_ws/install/slam_toolbox/include/slam_toolbox/slam_toolbox/srv/detail/pause__rosidl_typesupport_fastrtps_c.h
[217.135s] -- Symlinking: /home/user/ros2_ws/install/slam_toolbox/include/slam_toolbox/slam_toolbox/srv/detail/save_map__rosidl_typesupport_fastrtps_c.h
[217.141s] -- Symlinking: /home/user/ros2_ws/install/slam_toolbox/include/slam_toolbox/slam_toolbox/srv/detail/serialize_pose_graph__rosidl_typesupport_fastrtps_c.h
[217.146s] -- Symlinking: /home/user/ros2_ws/install/slam_toolbox/include/slam_toolbox/slam_toolbox/srv/detail/toggle_interactive__rosidl_typesupport_fastrtps_c.h
[217.152s] -- Symlinking: /home/user/ros2_ws/install/slam_toolbox/include/slam_toolbox/slam_toolbox/srv/add_submap.hpp
[217.157s] -- Symlinking: /home/user/ros2_ws/install/slam_toolbox/include/slam_toolbox/slam_toolbox/srv/clear.hpp
[217.163s] -- Symlinking: /home/user/ros2_ws/install/slam_toolbox/include/slam_toolbox/slam_toolbox/srv/clear_queue.hpp
[217.168s] -- Symlinking: /home/user/ros2_ws/install/slam_toolbox/include/slam_toolbox/slam_toolbox/srv/deserialize_pose_graph.hpp
[217.173s] -- Symlinking: /home/user/ros2_ws/install/slam_toolbox/include/slam_toolbox/slam_toolbox/srv/detail/add_submap__builder.hpp
[217.180s] -- Symlinking: /home/user/ros2_ws/install/slam_toolbox/include/slam_toolbox/slam_toolbox/srv/detail/add_submap__struct.hpp
[217.186s] -- Symlinking: /home/user/ros2_ws/install/slam_toolbox/include/slam_toolbox/slam_toolbox/srv/detail/add_submap__traits.hpp
[217.193s] -- Symlinking: /home/user/ros2_ws/install/slam_toolbox/include/slam_toolbox/slam_toolbox/srv/detail/clear__builder.hpp
[217.200s] -- Symlinking: /home/user/ros2_ws/install/slam_toolbox/include/slam_toolbox/slam_toolbox/srv/detail/clear__struct.hpp
[217.206s] -- Symlinking: /home/user/ros2_ws/install/slam_toolbox/include/slam_toolbox/slam_toolbox/srv/detail/clear__traits.hpp
[217.211s] -- Symlinking: /home/user/ros2_ws/install/slam_toolbox/include/slam_toolbox/slam_toolbox/srv/detail/clear_queue__builder.hpp
[217.217s] -- Symlinking: /home/user/ros2_ws/install/slam_toolbox/include/slam_toolbox/slam_toolbox/srv/detail/clear_queue__struct.hpp
[217.223s] -- Symlinking: /home/user/ros2_ws/install/slam_toolbox/include/slam_toolbox/slam_toolbox/srv/detail/clear_queue__traits.hpp
[217.228s] -- Symlinking: /home/user/ros2_ws/install/slam_toolbox/include/slam_toolbox/slam_toolbox/srv/detail/deserialize_pose_graph__builder.hpp
[217.234s] -- Symlinking: /home/user/ros2_ws/install/slam_toolbox/include/slam_toolbox/slam_toolbox/srv/detail/deserialize_pose_graph__struct.hpp
[217.239s] -- Symlinking: /home/user/ros2_ws/install/slam_toolbox/include/slam_toolbox/slam_toolbox/srv/detail/deserialize_pose_graph__traits.hpp
[217.245s] -- Symlinking: /home/user/ros2_ws/install/slam_toolbox/include/slam_toolbox/slam_toolbox/srv/detail/loop_closure__builder.hpp
[217.250s] -- Symlinking: /home/user/ros2_ws/install/slam_toolbox/include/slam_toolbox/slam_toolbox/srv/detail/loop_closure__struct.hpp
[217.256s] -- Symlinking: /home/user/ros2_ws/install/slam_toolbox/include/slam_toolbox/slam_toolbox/srv/detail/loop_closure__traits.hpp
[217.261s] -- Symlinking: /home/user/ros2_ws/install/slam_toolbox/include/slam_toolbox/slam_toolbox/srv/detail/merge_maps__builder.hpp
[217.266s] -- Symlinking: /home/user/ros2_ws/install/slam_toolbox/include/slam_toolbox/slam_toolbox/srv/detail/merge_maps__struct.hpp
[217.271s] -- Symlinking: /home/user/ros2_ws/install/slam_toolbox/include/slam_toolbox/slam_toolbox/srv/detail/merge_maps__traits.hpp
[217.277s] -- Symlinking: /home/user/ros2_ws/install/slam_toolbox/include/slam_toolbox/slam_toolbox/srv/detail/pause__builder.hpp
[217.283s] -- Symlinking: /home/user/ros2_ws/install/slam_toolbox/include/slam_toolbox/slam_toolbox/srv/detail/pause__struct.hpp
[217.288s] -- Symlinking: /home/user/ros2_ws/install/slam_toolbox/include/slam_toolbox/slam_toolbox/srv/detail/pause__traits.hpp
[217.296s] -- Symlinking: /home/user/ros2_ws/install/slam_toolbox/include/slam_toolbox/slam_toolbox/srv/detail/save_map__builder.hpp
[217.302s] -- Symlinking: /home/user/ros2_ws/install/slam_toolbox/include/slam_toolbox/slam_toolbox/srv/detail/save_map__struct.hpp
[217.308s] -- Symlinking: /home/user/ros2_ws/install/slam_toolbox/include/slam_toolbox/slam_toolbox/srv/detail/save_map__traits.hpp
[217.314s] -- Symlinking: /home/user/ros2_ws/install/slam_toolbox/include/slam_toolbox/slam_toolbox/srv/detail/serialize_pose_graph__builder.hpp
[217.319s] -- Symlinking: /home/user/ros2_ws/install/slam_toolbox/include/slam_toolbox/slam_toolbox/srv/detail/serialize_pose_graph__struct.hpp
[217.324s] -- Symlinking: /home/user/ros2_ws/install/slam_toolbox/include/slam_toolbox/slam_toolbox/srv/detail/serialize_pose_graph__traits.hpp
[217.330s] -- Symlinking: /home/user/ros2_ws/install/slam_toolbox/include/slam_toolbox/slam_toolbox/srv/detail/toggle_interactive__builder.hpp
[217.335s] -- Symlinking: /home/user/ros2_ws/install/slam_toolbox/include/slam_toolbox/slam_toolbox/srv/detail/toggle_interactive__struct.hpp
[217.340s] -- Symlinking: /home/user/ros2_ws/install/slam_toolbox/include/slam_toolbox/slam_toolbox/srv/detail/toggle_interactive__traits.hpp
[217.346s] -- Symlinking: /home/user/ros2_ws/install/slam_toolbox/include/slam_toolbox/slam_toolbox/srv/loop_closure.hpp
[217.351s] -- Symlinking: /home/user/ros2_ws/install/slam_toolbox/include/slam_toolbox/slam_toolbox/srv/merge_maps.hpp
[217.356s] -- Symlinking: /home/user/ros2_ws/install/slam_toolbox/include/slam_toolbox/slam_toolbox/srv/pause.hpp
[217.362s] -- Symlinking: /home/user/ros2_ws/install/slam_toolbox/include/slam_toolbox/slam_toolbox/srv/save_map.hpp
[217.367s] -- Symlinking: /home/user/ros2_ws/install/slam_toolbox/include/slam_toolbox/slam_toolbox/srv/serialize_pose_graph.hpp
[217.372s] -- Symlinking: /home/user/ros2_ws/install/slam_toolbox/include/slam_toolbox/slam_toolbox/srv/toggle_interactive.hpp
[217.377s] -- Symlinking: /home/user/ros2_ws/install/slam_toolbox/include/slam_toolbox/slam_toolbox/msg/rosidl_typesupport_fastrtps_cpp__visibility_control.h
[217.383s] -- Symlinking: /home/user/ros2_ws/install/slam_toolbox/include/slam_toolbox/slam_toolbox/srv/detail/add_submap__rosidl_typesupport_fastrtps_cpp.hpp
[217.389s] -- Symlinking: /home/user/ros2_ws/install/slam_toolbox/include/slam_toolbox/slam_toolbox/srv/detail/clear__rosidl_typesupport_fastrtps_cpp.hpp
[217.395s] -- Symlinking: /home/user/ros2_ws/install/slam_toolbox/include/slam_toolbox/slam_toolbox/srv/detail/clear_queue__rosidl_typesupport_fastrtps_cpp.hpp
[217.401s] -- Symlinking: /home/user/ros2_ws/install/slam_toolbox/include/slam_toolbox/slam_toolbox/srv/detail/deserialize_pose_graph__rosidl_typesupport_fastrtps_cpp.hpp
[217.408s] -- Symlinking: /home/user/ros2_ws/install/slam_toolbox/include/slam_toolbox/slam_toolbox/srv/detail/loop_closure__rosidl_typesupport_fastrtps_cpp.hpp
[217.414s] -- Symlinking: /home/user/ros2_ws/install/slam_toolbox/include/slam_toolbox/slam_toolbox/srv/detail/merge_maps__rosidl_typesupport_fastrtps_cpp.hpp
[217.420s] -- Symlinking: /home/user/ros2_ws/install/slam_toolbox/include/slam_toolbox/slam_toolbox/srv/detail/pause__rosidl_typesupport_fastrtps_cpp.hpp
[217.425s] -- Symlinking: /home/user/ros2_ws/install/slam_toolbox/include/slam_toolbox/slam_toolbox/srv/detail/save_map__rosidl_typesupport_fastrtps_cpp.hpp
[217.430s] -- Symlinking: /home/user/ros2_ws/install/slam_toolbox/include/slam_toolbox/slam_toolbox/srv/detail/serialize_pose_graph__rosidl_typesupport_fastrtps_cpp.hpp
[217.436s] -- Symlinking: /home/user/ros2_ws/install/slam_toolbox/include/slam_toolbox/slam_toolbox/srv/detail/toggle_interactive__rosidl_typesupport_fastrtps_cpp.hpp
[217.443s] -- Symlinking: /home/user/ros2_ws/install/slam_toolbox/include/slam_toolbox/slam_toolbox/msg/rosidl_typesupport_introspection_c__visibility_control.h
[217.449s] -- Symlinking: /home/user/ros2_ws/install/slam_toolbox/include/slam_toolbox/slam_toolbox/srv/detail/add_submap__rosidl_typesupport_introspection_c.h
[217.456s] -- Symlinking: /home/user/ros2_ws/install/slam_toolbox/include/slam_toolbox/slam_toolbox/srv/detail/clear__rosidl_typesupport_introspection_c.h
[217.464s] -- Symlinking: /home/user/ros2_ws/install/slam_toolbox/include/slam_toolbox/slam_toolbox/srv/detail/clear_queue__rosidl_typesupport_introspection_c.h
[217.472s] -- Symlinking: /home/user/ros2_ws/install/slam_toolbox/include/slam_toolbox/slam_toolbox/srv/detail/deserialize_pose_graph__rosidl_typesupport_introspection_c.h
[217.479s] -- Symlinking: /home/user/ros2_ws/install/slam_toolbox/include/slam_toolbox/slam_toolbox/srv/detail/loop_closure__rosidl_typesupport_introspection_c.h
[217.489s] -- Symlinking: /home/user/ros2_ws/install/slam_toolbox/include/slam_toolbox/slam_toolbox/srv/detail/merge_maps__rosidl_typesupport_introspection_c.h
[217.496s] -- Symlinking: /home/user/ros2_ws/install/slam_toolbox/include/slam_toolbox/slam_toolbox/srv/detail/pause__rosidl_typesupport_introspection_c.h
[217.504s] -- Symlinking: /home/user/ros2_ws/install/slam_toolbox/include/slam_toolbox/slam_toolbox/srv/detail/save_map__rosidl_typesupport_introspection_c.h
[217.511s] -- Symlinking: /home/user/ros2_ws/install/slam_toolbox/include/slam_toolbox/slam_toolbox/srv/detail/serialize_pose_graph__rosidl_typesupport_introspection_c.h
[217.517s] -- Symlinking: /home/user/ros2_ws/install/slam_toolbox/include/slam_toolbox/slam_toolbox/srv/detail/toggle_interactive__rosidl_typesupport_introspection_c.h
[217.524s] -- Symlinking: /home/user/ros2_ws/install/slam_toolbox/include/slam_toolbox/slam_toolbox/srv/detail/add_submap__rosidl_typesupport_introspection_cpp.hpp
[217.531s] -- Symlinking: /home/user/ros2_ws/install/slam_toolbox/include/slam_toolbox/slam_toolbox/srv/detail/clear__rosidl_typesupport_introspection_cpp.hpp
[217.537s] -- Symlinking: /home/user/ros2_ws/install/slam_toolbox/include/slam_toolbox/slam_toolbox/srv/detail/clear_queue__rosidl_typesupport_introspection_cpp.hpp
[217.543s] -- Symlinking: /home/user/ros2_ws/install/slam_toolbox/include/slam_toolbox/slam_toolbox/srv/detail/deserialize_pose_graph__rosidl_typesupport_introspection_cpp.hpp
[217.552s] -- Symlinking: /home/user/ros2_ws/install/slam_toolbox/include/slam_toolbox/slam_toolbox/srv/detail/loop_closure__rosidl_typesupport_introspection_cpp.hpp
[217.559s] -- Symlinking: /home/user/ros2_ws/install/slam_toolbox/include/slam_toolbox/slam_toolbox/srv/detail/merge_maps__rosidl_typesupport_introspection_cpp.hpp
[217.566s] -- Symlinking: /home/user/ros2_ws/install/slam_toolbox/include/slam_toolbox/slam_toolbox/srv/detail/pause__rosidl_typesupport_introspection_cpp.hpp
[217.572s] -- Symlinking: /home/user/ros2_ws/install/slam_toolbox/include/slam_toolbox/slam_toolbox/srv/detail/save_map__rosidl_typesupport_introspection_cpp.hpp
[217.579s] -- Symlinking: /home/user/ros2_ws/install/slam_toolbox/include/slam_toolbox/slam_toolbox/srv/detail/serialize_pose_graph__rosidl_typesupport_introspection_cpp.hpp
[217.587s] -- Symlinking: /home/user/ros2_ws/install/slam_toolbox/include/slam_toolbox/slam_toolbox/srv/detail/toggle_interactive__rosidl_typesupport_introspection_cpp.hpp
[217.594s] -- Symlinking: /home/user/ros2_ws/install/slam_toolbox/share/slam_toolbox/environment/pythonpath.sh
[217.602s] -- Symlinking: /home/user/ros2_ws/install/slam_toolbox/share/slam_toolbox/environment/pythonpath.dsv
[217.610s] -- Symlinking: /home/user/ros2_ws/install/slam_toolbox/local/lib/python3.10/dist-packages/slam_toolbox-2.7.0-py3.10.egg-info/PKG-INFO
[217.618s] -- Symlinking: /home/user/ros2_ws/install/slam_toolbox/local/lib/python3.10/dist-packages/slam_toolbox-2.7.0-py3.10.egg-info/SOURCES.txt
[217.624s] -- Symlinking: /home/user/ros2_ws/install/slam_toolbox/local/lib/python3.10/dist-packages/slam_toolbox-2.7.0-py3.10.egg-info/dependency_links.txt
[217.631s] -- Symlinking: /home/user/ros2_ws/install/slam_toolbox/local/lib/python3.10/dist-packages/slam_toolbox-2.7.0-py3.10.egg-info/top_level.txt
[217.638s] -- Symlinking: /home/user/ros2_ws/install/slam_toolbox/local/lib/python3.10/dist-packages/slam_toolbox/__init__.py
[217.644s] -- Symlinking: /home/user/ros2_ws/install/slam_toolbox/local/lib/python3.10/dist-packages/slam_toolbox/_slam_toolbox_s.ep.rosidl_typesupport_c.c
[217.651s] -- Symlinking: /home/user/ros2_ws/install/slam_toolbox/local/lib/python3.10/dist-packages/slam_toolbox/_slam_toolbox_s.ep.rosidl_typesupport_fastrtps_c.c
[217.657s] -- Symlinking: /home/user/ros2_ws/install/slam_toolbox/local/lib/python3.10/dist-packages/slam_toolbox/_slam_toolbox_s.ep.rosidl_typesupport_introspection_c.c
[217.664s] -- Symlinking: /home/user/ros2_ws/install/slam_toolbox/local/lib/python3.10/dist-packages/slam_toolbox/libslam_toolbox__rosidl_generator_py.so
[217.671s] -- Symlinking: /home/user/ros2_ws/install/slam_toolbox/local/lib/python3.10/dist-packages/slam_toolbox/slam_toolbox_s__rosidl_typesupport_c.cpython-310-x86_64-linux-gnu.so
[217.678s] -- Symlinking: /home/user/ros2_ws/install/slam_toolbox/local/lib/python3.10/dist-packages/slam_toolbox/slam_toolbox_s__rosidl_typesupport_fastrtps_c.cpython-310-x86_64-linux-gnu.so
[217.685s] -- Symlinking: /home/user/ros2_ws/install/slam_toolbox/local/lib/python3.10/dist-packages/slam_toolbox/slam_toolbox_s__rosidl_typesupport_introspection_c.cpython-310-x86_64-linux-gnu.so
[217.693s] -- Symlinking: /home/user/ros2_ws/install/slam_toolbox/local/lib/python3.10/dist-packages/slam_toolbox/srv/__init__.py
[217.700s] -- Symlinking: /home/user/ros2_ws/install/slam_toolbox/local/lib/python3.10/dist-packages/slam_toolbox/srv/_add_submap.py
[217.706s] -- Symlinking: /home/user/ros2_ws/install/slam_toolbox/local/lib/python3.10/dist-packages/slam_toolbox/srv/_add_submap_s.c
[217.712s] -- Symlinking: /home/user/ros2_ws/install/slam_toolbox/local/lib/python3.10/dist-packages/slam_toolbox/srv/_clear.py
[217.719s] -- Symlinking: /home/user/ros2_ws/install/slam_toolbox/local/lib/python3.10/dist-packages/slam_toolbox/srv/_clear_queue.py
[217.726s] -- Symlinking: /home/user/ros2_ws/install/slam_toolbox/local/lib/python3.10/dist-packages/slam_toolbox/srv/_clear_queue_s.c
[217.732s] -- Symlinking: /home/user/ros2_ws/install/slam_toolbox/local/lib/python3.10/dist-packages/slam_toolbox/srv/_clear_s.c
[217.738s] -- Symlinking: /home/user/ros2_ws/install/slam_toolbox/local/lib/python3.10/dist-packages/slam_toolbox/srv/_deserialize_pose_graph.py
[217.744s] -- Symlinking: /home/user/ros2_ws/install/slam_toolbox/local/lib/python3.10/dist-packages/slam_toolbox/srv/_deserialize_pose_graph_s.c
[217.750s] -- Symlinking: /home/user/ros2_ws/install/slam_toolbox/local/lib/python3.10/dist-packages/slam_toolbox/srv/_loop_closure.py
[217.756s] -- Symlinking: /home/user/ros2_ws/install/slam_toolbox/local/lib/python3.10/dist-packages/slam_toolbox/srv/_loop_closure_s.c
[217.764s] -- Symlinking: /home/user/ros2_ws/install/slam_toolbox/local/lib/python3.10/dist-packages/slam_toolbox/srv/_merge_maps.py
[217.771s] -- Symlinking: /home/user/ros2_ws/install/slam_toolbox/local/lib/python3.10/dist-packages/slam_toolbox/srv/_merge_maps_s.c
[217.777s] -- Symlinking: /home/user/ros2_ws/install/slam_toolbox/local/lib/python3.10/dist-packages/slam_toolbox/srv/_pause.py
[217.783s] -- Symlinking: /home/user/ros2_ws/install/slam_toolbox/local/lib/python3.10/dist-packages/slam_toolbox/srv/_pause_s.c
[217.790s] -- Symlinking: /home/user/ros2_ws/install/slam_toolbox/local/lib/python3.10/dist-packages/slam_toolbox/srv/_save_map.py
[217.798s] -- Symlinking: /home/user/ros2_ws/install/slam_toolbox/local/lib/python3.10/dist-packages/slam_toolbox/srv/_save_map_s.c
[217.805s] -- Symlinking: /home/user/ros2_ws/install/slam_toolbox/local/lib/python3.10/dist-packages/slam_toolbox/srv/_serialize_pose_graph.py
[217.811s] -- Symlinking: /home/user/ros2_ws/install/slam_toolbox/local/lib/python3.10/dist-packages/slam_toolbox/srv/_serialize_pose_graph_s.c
[217.818s] -- Symlinking: /home/user/ros2_ws/install/slam_toolbox/local/lib/python3.10/dist-packages/slam_toolbox/srv/_toggle_interactive.py
[217.825s] -- Symlinking: /home/user/ros2_ws/install/slam_toolbox/local/lib/python3.10/dist-packages/slam_toolbox/srv/_toggle_interactive_s.c
[217.832s] -- Up-to-date symlink: /home/user/ros2_ws/install/slam_toolbox/local/lib/python3.10/dist-packages/slam_toolbox/slam_toolbox_s__rosidl_typesupport_fastrtps_c.cpython-310-x86_64-linux-gnu.so
[217.832s] -- Up-to-date symlink: /home/user/ros2_ws/install/slam_toolbox/local/lib/python3.10/dist-packages/slam_toolbox/slam_toolbox_s__rosidl_typesupport_introspection_c.cpython-310-x86_64-linux-gnu.so
[217.832s] -- Up-to-date symlink: /home/user/ros2_ws/install/slam_toolbox/local/lib/python3.10/dist-packages/slam_toolbox/slam_toolbox_s__rosidl_typesupport_c.cpython-310-x86_64-linux-gnu.so
[217.832s] -- Symlinking: /home/user/ros2_ws/install/slam_toolbox/share/slam_toolbox/srv/Pause.idl
[217.839s] -- Symlinking: /home/user/ros2_ws/install/slam_toolbox/share/slam_toolbox/srv/ClearQueue.idl
[217.846s] -- Symlinking: /home/user/ros2_ws/install/slam_toolbox/share/slam_toolbox/srv/ToggleInteractive.idl
[217.853s] -- Symlinking: /home/user/ros2_ws/install/slam_toolbox/share/slam_toolbox/srv/Clear.idl
[217.860s] -- Symlinking: /home/user/ros2_ws/install/slam_toolbox/share/slam_toolbox/srv/SaveMap.idl
[217.866s] -- Symlinking: /home/user/ros2_ws/install/slam_toolbox/share/slam_toolbox/srv/LoopClosure.idl
[217.872s] -- Symlinking: /home/user/ros2_ws/install/slam_toolbox/share/slam_toolbox/srv/MergeMaps.idl
[217.879s] -- Symlinking: /home/user/ros2_ws/install/slam_toolbox/share/slam_toolbox/srv/AddSubmap.idl
[217.886s] -- Symlinking: /home/user/ros2_ws/install/slam_toolbox/share/slam_toolbox/srv/DeserializePoseGraph.idl
[217.893s] -- Symlinking: /home/user/ros2_ws/install/slam_toolbox/share/slam_toolbox/srv/SerializePoseGraph.idl
[217.900s] -- Symlinking: /home/user/ros2_ws/install/slam_toolbox/share/slam_toolbox/srvs/Pause.srv
[217.907s] -- Symlinking: /home/user/ros2_ws/install/slam_toolbox/share/slam_toolbox/srvs/Pause_Request.msg
[217.915s] -- Symlinking: /home/user/ros2_ws/install/slam_toolbox/share/slam_toolbox/srvs/Pause_Response.msg
[217.922s] -- Symlinking: /home/user/ros2_ws/install/slam_toolbox/share/slam_toolbox/srvs/ClearQueue.srv
[217.930s] -- Symlinking: /home/user/ros2_ws/install/slam_toolbox/share/slam_toolbox/srvs/ClearQueue_Request.msg
[217.938s] -- Symlinking: /home/user/ros2_ws/install/slam_toolbox/share/slam_toolbox/srvs/ClearQueue_Response.msg
[217.945s] -- Symlinking: /home/user/ros2_ws/install/slam_toolbox/share/slam_toolbox/srvs/ToggleInteractive.srv
[217.953s] -- Symlinking: /home/user/ros2_ws/install/slam_toolbox/share/slam_toolbox/srvs/ToggleInteractive_Request.msg
[217.959s] -- Symlinking: /home/user/ros2_ws/install/slam_toolbox/share/slam_toolbox/srvs/ToggleInteractive_Response.msg
[217.966s] -- Symlinking: /home/user/ros2_ws/install/slam_toolbox/share/slam_toolbox/srvs/Clear.srv
[217.974s] -- Symlinking: /home/user/ros2_ws/install/slam_toolbox/share/slam_toolbox/srvs/Clear_Request.msg
[217.981s] -- Symlinking: /home/user/ros2_ws/install/slam_toolbox/share/slam_toolbox/srvs/Clear_Response.msg
[217.989s] -- Symlinking: /home/user/ros2_ws/install/slam_toolbox/share/slam_toolbox/srvs/SaveMap.srv
[217.997s] -- Symlinking: /home/user/ros2_ws/install/slam_toolbox/share/slam_toolbox/srvs/SaveMap_Request.msg
[218.005s] -- Symlinking: /home/user/ros2_ws/install/slam_toolbox/share/slam_toolbox/srvs/SaveMap_Response.msg
[218.011s] -- Symlinking: /home/user/ros2_ws/install/slam_toolbox/share/slam_toolbox/srvs/LoopClosure.srv
[218.019s] -- Symlinking: /home/user/ros2_ws/install/slam_toolbox/share/slam_toolbox/srvs/LoopClosure_Request.msg
[218.027s] -- Symlinking: /home/user/ros2_ws/install/slam_toolbox/share/slam_toolbox/srvs/LoopClosure_Response.msg
[218.035s] -- Symlinking: /home/user/ros2_ws/install/slam_toolbox/share/slam_toolbox/srvs/MergeMaps.srv
[218.042s] -- Symlinking: /home/user/ros2_ws/install/slam_toolbox/share/slam_toolbox/srvs/MergeMaps_Request.msg
[218.048s] -- Symlinking: /home/user/ros2_ws/install/slam_toolbox/share/slam_toolbox/srvs/MergeMaps_Response.msg
[218.055s] -- Symlinking: /home/user/ros2_ws/install/slam_toolbox/share/slam_toolbox/srvs/AddSubmap.srv
[218.061s] -- Symlinking: /home/user/ros2_ws/install/slam_toolbox/share/slam_toolbox/srvs/AddSubmap_Request.msg
[218.067s] -- Symlinking: /home/user/ros2_ws/install/slam_toolbox/share/slam_toolbox/srvs/AddSubmap_Response.msg
[218.073s] -- Symlinking: /home/user/ros2_ws/install/slam_toolbox/share/slam_toolbox/srvs/DeserializePoseGraph.srv
[218.079s] -- Symlinking: /home/user/ros2_ws/install/slam_toolbox/share/slam_toolbox/srvs/DeserializePoseGraph_Request.msg
[218.087s] -- Symlinking: /home/user/ros2_ws/install/slam_toolbox/share/slam_toolbox/srvs/DeserializePoseGraph_Response.msg
[218.093s] -- Symlinking: /home/user/ros2_ws/install/slam_toolbox/share/slam_toolbox/srvs/SerializePoseGraph.srv
[218.102s] -- Symlinking: /home/user/ros2_ws/install/slam_toolbox/share/slam_toolbox/srvs/SerializePoseGraph_Request.msg
[218.108s] -- Symlinking: /home/user/ros2_ws/install/slam_toolbox/share/slam_toolbox/srvs/SerializePoseGraph_Response.msg
[218.114s] -- Symlinking: /home/user/ros2_ws/install/slam_toolbox/share/slam_toolbox//rviz_plugins.xml
[218.121s] -- Symlinking: /home/user/ros2_ws/install/slam_toolbox/share/slam_toolbox//solver_plugins.xml
[218.128s] -- Symlinking: /home/user/ros2_ws/install/slam_toolbox/lib/slam_toolbox/async_slam_toolbox_node
[218.133s] -- Symlinking: /home/user/ros2_ws/install/slam_toolbox/lib/slam_toolbox/sync_slam_toolbox_node
[218.140s] -- Symlinking: /home/user/ros2_ws/install/slam_toolbox/lib/slam_toolbox/localization_slam_toolbox_node
[218.146s] -- Symlinking: /home/user/ros2_ws/install/slam_toolbox/lib/slam_toolbox/map_and_localization_slam_toolbox_node
[218.153s] -- Symlinking: /home/user/ros2_ws/install/slam_toolbox/lib/slam_toolbox/lifelong_slam_toolbox_node
[218.159s] -- Symlinking: /home/user/ros2_ws/install/slam_toolbox/lib/slam_toolbox/merge_maps_kinematic
[218.168s] -- Symlinking: /home/user/ros2_ws/install/slam_toolbox/lib/libtoolbox_common.so
[218.174s] -- Symlinking: /home/user/ros2_ws/install/slam_toolbox/lib/libSlamToolboxPlugin.so
[218.180s] -- Symlinking: /home/user/ros2_ws/install/slam_toolbox/lib/libceres_solver_plugin.so
[218.188s] -- Symlinking: /home/user/ros2_ws/install/slam_toolbox/lib/libasync_slam_toolbox.so
[218.194s] -- Symlinking: /home/user/ros2_ws/install/slam_toolbox/lib/libsync_slam_toolbox.so
[218.201s] -- Symlinking: /home/user/ros2_ws/install/slam_toolbox/lib/liblocalization_slam_toolbox.so
[218.208s] -- Symlinking: /home/user/ros2_ws/install/slam_toolbox/lib/liblifelong_slam_toolbox.so
[218.215s] -- Symlinking: /home/user/ros2_ws/install/slam_toolbox/lib/libmap_and_localization_slam_toolbox.so
[218.221s] -- Symlinking: /home/user/ros2_ws/install/slam_toolbox/lib/libkartoSlamToolbox.so
[218.228s] -- Symlinking: /home/user/ros2_ws/install/slam_toolbox/include/slam_toolbox/experimental/slam_toolbox_lifelong.hpp
[218.234s] -- Symlinking: /home/user/ros2_ws/install/slam_toolbox/include/slam_toolbox/experimental/slam_toolbox_map_and_localization.hpp
[218.241s] -- Symlinking: /home/user/ros2_ws/install/slam_toolbox/include/slam_toolbox/get_pose_helper.hpp
[218.247s] -- Symlinking: /home/user/ros2_ws/install/slam_toolbox/include/slam_toolbox/laser_utils.hpp
[218.254s] -- Symlinking: /home/user/ros2_ws/install/slam_toolbox/include/slam_toolbox/loop_closure_assistant.hpp
[218.262s] -- Symlinking: /home/user/ros2_ws/install/slam_toolbox/include/slam_toolbox/map_saver.hpp
[218.269s] -- Symlinking: /home/user/ros2_ws/install/slam_toolbox/include/slam_toolbox/merge_maps_kinematic.hpp
[218.275s] -- Symlinking: /home/user/ros2_ws/install/slam_toolbox/include/slam_toolbox/serialization.hpp
[218.280s] -- Symlinking: /home/user/ros2_ws/install/slam_toolbox/include/slam_toolbox/slam_mapper.hpp
[218.288s] -- Symlinking: /home/user/ros2_ws/install/slam_toolbox/include/slam_toolbox/slam_toolbox_async.hpp
[218.294s] -- Symlinking: /home/user/ros2_ws/install/slam_toolbox/include/slam_toolbox/slam_toolbox_common.hpp
[218.300s] -- Symlinking: /home/user/ros2_ws/install/slam_toolbox/include/slam_toolbox/slam_toolbox_localization.hpp
[218.308s] -- Symlinking: /home/user/ros2_ws/install/slam_toolbox/include/slam_toolbox/slam_toolbox_sync.hpp
[218.315s] -- Symlinking: /home/user/ros2_ws/install/slam_toolbox/include/slam_toolbox/snap_utils.hpp
[218.322s] -- Symlinking: /home/user/ros2_ws/install/slam_toolbox/include/slam_toolbox/toolbox_msgs.hpp
[218.329s] -- Symlinking: /home/user/ros2_ws/install/slam_toolbox/include/slam_toolbox/toolbox_types.hpp
[218.335s] -- Symlinking: /home/user/ros2_ws/install/slam_toolbox/include/slam_toolbox/visualization_utils.hpp
[218.342s] -- Symlinking: /home/user/ros2_ws/install/slam_toolbox/share/slam_toolbox/launch/localization_launch.py
[218.349s] -- Symlinking: /home/user/ros2_ws/install/slam_toolbox/share/slam_toolbox/launch/merge_maps_kinematic_launch.py
[218.355s] -- Symlinking: /home/user/ros2_ws/install/slam_toolbox/share/slam_toolbox/launch/offline_launch.py
[218.361s] -- Symlinking: /home/user/ros2_ws/install/slam_toolbox/share/slam_toolbox/launch/online_async_launch.py
[218.367s] -- Symlinking: /home/user/ros2_ws/install/slam_toolbox/share/slam_toolbox/launch/online_sync_launch.py
[218.374s] -- Symlinking: /home/user/ros2_ws/install/slam_toolbox/share/slam_toolbox/launch/slam_tool.launch.py
[218.380s] -- Symlinking: /home/user/ros2_ws/install/slam_toolbox/share/slam_toolbox/config/mapper_params_lifelong.yaml
[218.387s] -- Symlinking: /home/user/ros2_ws/install/slam_toolbox/share/slam_toolbox/config/mapper_params_localization.yaml
[218.393s] -- Symlinking: /home/user/ros2_ws/install/slam_toolbox/share/slam_toolbox/config/mapper_params_offline.yaml
[218.402s] -- Symlinking: /home/user/ros2_ws/install/slam_toolbox/share/slam_toolbox/config/mapper_params_online_async.yaml
[218.409s] -- Symlinking: /home/user/ros2_ws/install/slam_toolbox/share/slam_toolbox/config/mapper_params_online_sync.yaml
[218.416s] -- Symlinking: /home/user/ros2_ws/install/slam_toolbox/share/slam_toolbox/config/slam_toolbox_default.rviz
[218.423s] -- Symlinking: /home/user/ros2_ws/install/slam_toolbox/share/solver_plugins.xml
[218.430s] -- Symlinking: /home/user/ros2_ws/install/slam_toolbox/share/rviz_plugins.xml
[218.436s] -- Symlinking: /home/user/ros2_ws/install/slam_toolbox/share/ament_index/resource_index/package_run_dependencies/slam_toolbox
[218.443s] -- Symlinking: /home/user/ros2_ws/install/slam_toolbox/share/ament_index/resource_index/parent_prefix_path/slam_toolbox
[218.450s] -- Symlinking: /home/user/ros2_ws/install/slam_toolbox/share/slam_toolbox/environment/ament_prefix_path.sh
[218.456s] -- Symlinking: /home/user/ros2_ws/install/slam_toolbox/share/slam_toolbox/environment/ament_prefix_path.dsv
[218.463s] -- Symlinking: /home/user/ros2_ws/install/slam_toolbox/share/slam_toolbox/environment/path.sh
[218.469s] -- Symlinking: /home/user/ros2_ws/install/slam_toolbox/share/slam_toolbox/environment/path.dsv
[218.476s] -- Symlinking: /home/user/ros2_ws/install/slam_toolbox/share/slam_toolbox/local_setup.bash
[218.482s] -- Symlinking: /home/user/ros2_ws/install/slam_toolbox/share/slam_toolbox/local_setup.sh
[218.490s] -- Symlinking: /home/user/ros2_ws/install/slam_toolbox/share/slam_toolbox/local_setup.zsh
[218.497s] -- Symlinking: /home/user/ros2_ws/install/slam_toolbox/share/slam_toolbox/local_setup.dsv
[218.507s] -- Symlinking: /home/user/ros2_ws/install/slam_toolbox/share/slam_toolbox/package.dsv
[218.516s] -- Symlinking: /home/user/ros2_ws/install/slam_toolbox/share/ament_index/resource_index/packages/slam_toolbox
[218.525s] -- Symlinking: /home/user/ros2_ws/install/slam_toolbox/share/ament_index/resource_index/rviz_common__pluginlib__plugin/slam_toolbox
[218.532s] -- Symlinking: /home/user/ros2_ws/install/slam_toolbox/share/ament_index/resource_index/slam_toolbox__pluginlib__plugin/slam_toolbox
[218.538s] -- Symlinking: /home/user/ros2_ws/install/slam_toolbox/share/ament_index/resource_index/rclcpp_components/slam_toolbox
[218.543s] -- Symlinking: /home/user/ros2_ws/install/slam_toolbox/share/slam_toolbox/cmake/rosidl_cmake-extras.cmake
[218.548s] -- Symlinking: /home/user/ros2_ws/install/slam_toolbox/share/slam_toolbox/cmake/ament_cmake_export_dependencies-extras.cmake
[218.553s] -- Symlinking: /home/user/ros2_ws/install/slam_toolbox/share/slam_toolbox/cmake/ament_cmake_export_include_directories-extras.cmake
[218.558s] -- Symlinking: /home/user/ros2_ws/install/slam_toolbox/share/slam_toolbox/cmake/ament_cmake_export_libraries-extras.cmake
[218.563s] -- Symlinking: /home/user/ros2_ws/install/slam_toolbox/share/slam_toolbox/cmake/ament_cmake_export_targets-extras.cmake
[218.568s] -- Symlinking: /home/user/ros2_ws/install/slam_toolbox/share/slam_toolbox/cmake/rosidl_cmake_export_typesupport_targets-extras.cmake
[218.573s] -- Symlinking: /home/user/ros2_ws/install/slam_toolbox/share/slam_toolbox/cmake/rosidl_cmake_export_typesupport_libraries-extras.cmake
[218.577s] -- Symlinking: /home/user/ros2_ws/install/slam_toolbox/share/slam_toolbox/cmake/slam_toolboxConfig.cmake
[218.582s] -- Symlinking: /home/user/ros2_ws/install/slam_toolbox/share/slam_toolbox/cmake/slam_toolboxConfig-version.cmake
[218.589s] -- Symlinking: /home/user/ros2_ws/install/slam_toolbox/share/slam_toolbox/package.xml
[218.595s] -- Installing: /home/user/ros2_ws/install/slam_toolbox/lib/libslam_toolbox__rosidl_generator_c.so
[218.595s] -- Set runtime path of "/home/user/ros2_ws/install/slam_toolbox/lib/libslam_toolbox__rosidl_generator_c.so" to ""
[218.595s] -- Installing: /home/user/ros2_ws/install/slam_toolbox/lib/libslam_toolbox__rosidl_typesupport_fastrtps_c.so
[218.596s] -- Set runtime path of "/home/user/ros2_ws/install/slam_toolbox/lib/libslam_toolbox__rosidl_typesupport_fastrtps_c.so" to ""
[218.596s] -- Installing: /home/user/ros2_ws/install/slam_toolbox/lib/libslam_toolbox__rosidl_typesupport_fastrtps_cpp.so
[218.596s] -- Set runtime path of "/home/user/ros2_ws/install/slam_toolbox/lib/libslam_toolbox__rosidl_typesupport_fastrtps_cpp.so" to ""
[218.596s] -- Installing: /home/user/ros2_ws/install/slam_toolbox/lib/libslam_toolbox__rosidl_typesupport_introspection_c.so
[218.596s] -- Set runtime path of "/home/user/ros2_ws/install/slam_toolbox/lib/libslam_toolbox__rosidl_typesupport_introspection_c.so" to ""
[218.596s] -- Installing: /home/user/ros2_ws/install/slam_toolbox/lib/libslam_toolbox__rosidl_typesupport_c.so
[218.597s] -- Set runtime path of "/home/user/ros2_ws/install/slam_toolbox/lib/libslam_toolbox__rosidl_typesupport_c.so" to ""
[218.597s] -- Installing: /home/user/ros2_ws/install/slam_toolbox/lib/libslam_toolbox__rosidl_typesupport_introspection_cpp.so
[218.597s] -- Set runtime path of "/home/user/ros2_ws/install/slam_toolbox/lib/libslam_toolbox__rosidl_typesupport_introspection_cpp.so" to ""
[218.597s] -- Installing: /home/user/ros2_ws/install/slam_toolbox/lib/libslam_toolbox__rosidl_typesupport_cpp.so
[218.598s] -- Set runtime path of "/home/user/ros2_ws/install/slam_toolbox/lib/libslam_toolbox__rosidl_typesupport_cpp.so" to ""
[218.624s] Listing '/home/user/ros2_ws/install/slam_toolbox/local/lib/python3.10/dist-packages/slam_toolbox'...
[218.625s] Compiling '/home/user/ros2_ws/install/slam_toolbox/local/lib/python3.10/dist-packages/slam_toolbox/__init__.py'...
[218.625s] Listing '/home/user/ros2_ws/install/slam_toolbox/local/lib/python3.10/dist-packages/slam_toolbox/srv'...
[218.625s] Compiling '/home/user/ros2_ws/install/slam_toolbox/local/lib/python3.10/dist-packages/slam_toolbox/srv/__init__.py'...
[218.625s] Compiling '/home/user/ros2_ws/install/slam_toolbox/local/lib/python3.10/dist-packages/slam_toolbox/srv/_add_submap.py'...
[218.625s] Compiling '/home/user/ros2_ws/install/slam_toolbox/local/lib/python3.10/dist-packages/slam_toolbox/srv/_clear.py'...
[218.625s] Compiling '/home/user/ros2_ws/install/slam_toolbox/local/lib/python3.10/dist-packages/slam_toolbox/srv/_clear_queue.py'...
[218.625s] Compiling '/home/user/ros2_ws/install/slam_toolbox/local/lib/python3.10/dist-packages/slam_toolbox/srv/_deserialize_pose_graph.py'...
[218.625s] Compiling '/home/user/ros2_ws/install/slam_toolbox/local/lib/python3.10/dist-packages/slam_toolbox/srv/_loop_closure.py'...
[218.625s] Compiling '/home/user/ros2_ws/install/slam_toolbox/local/lib/python3.10/dist-packages/slam_toolbox/srv/_merge_maps.py'...
[218.625s] Compiling '/home/user/ros2_ws/install/slam_toolbox/local/lib/python3.10/dist-packages/slam_toolbox/srv/_pause.py'...
[218.625s] Compiling '/home/user/ros2_ws/install/slam_toolbox/local/lib/python3.10/dist-packages/slam_toolbox/srv/_save_map.py'...
[218.626s] Compiling '/home/user/ros2_ws/install/slam_toolbox/local/lib/python3.10/dist-packages/slam_toolbox/srv/_serialize_pose_graph.py'...
[218.626s] Compiling '/home/user/ros2_ws/install/slam_toolbox/local/lib/python3.10/dist-packages/slam_toolbox/srv/_toggle_interactive.py'...
[218.627s] -- Installing: /home/user/ros2_ws/install/slam_toolbox/lib/libslam_toolbox__rosidl_generator_py.so
[218.627s] -- Set runtime path of "/home/user/ros2_ws/install/slam_toolbox/lib/libslam_toolbox__rosidl_generator_py.so" to ""
[218.628s] -- Installing: /home/user/ros2_ws/install/slam_toolbox/share/slam_toolbox/cmake/export_slam_toolbox__rosidl_generator_cExport.cmake
[218.628s] -- Installing: /home/user/ros2_ws/install/slam_toolbox/share/slam_toolbox/cmake/export_slam_toolbox__rosidl_generator_cExport-release.cmake
[218.628s] -- Installing: /home/user/ros2_ws/install/slam_toolbox/share/slam_toolbox/cmake/export_slam_toolbox__rosidl_typesupport_fastrtps_cExport.cmake
[218.628s] -- Installing: /home/user/ros2_ws/install/slam_toolbox/share/slam_toolbox/cmake/export_slam_toolbox__rosidl_typesupport_fastrtps_cExport-release.cmake
[218.628s] -- Installing: /home/user/ros2_ws/install/slam_toolbox/share/slam_toolbox/cmake/export_slam_toolbox__rosidl_generator_cppExport.cmake
[218.628s] -- Installing: /home/user/ros2_ws/install/slam_toolbox/share/slam_toolbox/cmake/export_slam_toolbox__rosidl_typesupport_fastrtps_cppExport.cmake
[218.628s] -- Installing: /home/user/ros2_ws/install/slam_toolbox/share/slam_toolbox/cmake/export_slam_toolbox__rosidl_typesupport_fastrtps_cppExport-release.cmake
[218.628s] -- Installing: /home/user/ros2_ws/install/slam_toolbox/share/slam_toolbox/cmake/slam_toolbox__rosidl_typesupport_introspection_cExport.cmake
[218.628s] -- Installing: /home/user/ros2_ws/install/slam_toolbox/share/slam_toolbox/cmake/slam_toolbox__rosidl_typesupport_introspection_cExport-release.cmake
[218.628s] -- Installing: /home/user/ros2_ws/install/slam_toolbox/share/slam_toolbox/cmake/slam_toolbox__rosidl_typesupport_cExport.cmake
[218.628s] -- Installing: /home/user/ros2_ws/install/slam_toolbox/share/slam_toolbox/cmake/slam_toolbox__rosidl_typesupport_cExport-release.cmake
[218.628s] -- Installing: /home/user/ros2_ws/install/slam_toolbox/share/slam_toolbox/cmake/slam_toolbox__rosidl_typesupport_introspection_cppExport.cmake
[218.629s] -- Installing: /home/user/ros2_ws/install/slam_toolbox/share/slam_toolbox/cmake/slam_toolbox__rosidl_typesupport_introspection_cppExport-release.cmake
[218.629s] -- Installing: /home/user/ros2_ws/install/slam_toolbox/share/slam_toolbox/cmake/slam_toolbox__rosidl_typesupport_cppExport.cmake
[218.629s] -- Installing: /home/user/ros2_ws/install/slam_toolbox/share/slam_toolbox/cmake/slam_toolbox__rosidl_typesupport_cppExport-release.cmake
[218.629s] -- Installing: /home/user/ros2_ws/install/slam_toolbox/share/slam_toolbox/cmake/export_slam_toolbox__rosidl_generator_pyExport.cmake
[218.629s] -- Installing: /home/user/ros2_ws/install/slam_toolbox/share/slam_toolbox/cmake/export_slam_toolbox__rosidl_generator_pyExport-release.cmake
[218.629s] -- Installing: /home/user/ros2_ws/install/slam_toolbox/share/slam_toolbox/cmake/SlamToolboxPluginExport.cmake
[218.629s] -- Installing: /home/user/ros2_ws/install/slam_toolbox/share/slam_toolbox/cmake/SlamToolboxPluginExport-release.cmake
[218.630s] Invoked command in '/home/user/ros2_ws/build/slam_toolbox' returned '0': CMAKE_PREFIX_PATH=/home/user/dev_ws/src/install/ros2_laser_scan_matcher:/home/user/dev_ws/src/install/roboteq_ros2_driver:/home/user/dev_ws/src/install/realsense2_description:/home/user/dev_ws/src/install/realsense2_camera:/home/user/dev_ws/src/install/realsense2_camera_msgs:/home/user/dev_ws/src/install/lslidar_driver:/home/user/dev_ws/src/install/lslidar_msgs:/home/user/dev_ws/src/install/lidar_odometry:/home/user/dev_ws/src/install/csm:/home/user/dev_ws/src/install/amr_bot:/home/user/ros2_ws/install/slam_gmapping:/home/user/ros2_ws/install/serial:/home/user/ros2_ws/install/rtabmap_ros:/home/user/ros2_ws/install/rtabmap_launch:/home/user/ros2_ws/install/rtabmap_examples:/home/user/ros2_ws/install/rtabmap_demos:/home/user/ros2_ws/install/rtabmap_viz:/home/user/ros2_ws/install/rtabmap_slam:/home/user/ros2_ws/install/rtabmap_odom:/home/user/ros2_ws/install/rtabmap_util:/home/user/ros2_ws/install/rtabmap_sync:/home/user/ros2_ws/install/rtabmap_rviz_plugins:/home/user/ros2_ws/install/rtabmap_conversions:/home/user/ros2_ws/install/rtabmap_python:/opt/ros/humble:/home/user/ros2_ws/install/rtabmap_msgs:/home/user/ros2_ws/install/rtabmap:/home/user/ros2_ws/install/roboteq_ros2_driver:/home/user/ros2_ws/install/realsense2_description:/home/user/ros2_ws/install/realsense2_camera:/home/user/ros2_ws/install/realsense2_camera_msgs:/home/user/ros2_ws/install/openslam_gmapping:/home/user/ros2_ws/install/lslidar_driver:/home/user/ros2_ws/install/lslidar_msgs:/home/user/ros2_ws/install/amr_bot /usr/bin/cmake --install /home/user/ros2_ws/build/slam_toolbox
