[0.037s] Invoking command in '/home/user/ros2_ws/build/rtabmap_sync': CMAKE_PREFIX_PATH=/home/user/ros2_ws/install/rtabmap_conversions:/home/user/ros2_ws/install/rtabmap_python:/opt/ros/humble:/home/user/ros2_ws/install/rtabmap_msgs:/home/user/ros2_ws/install/rtabmap:/home/user/ros2_ws/install/slam_toolbox:/home/user/ros2_ws/install/slam_gmapping:/home/user/ros2_ws/install/serial:/home/user/ros2_ws/install/imu_tools:/home/user/ros2_ws/install/rviz_imu_plugin:/home/user/ros2_ws/install/rtabmap_ros:/home/user/ros2_ws/install/rtabmap_launch:/home/user/ros2_ws/install/rtabmap_examples:/home/user/ros2_ws/install/rtabmap_demos:/home/user/ros2_ws/install/rtabmap_viz:/home/user/ros2_ws/install/rtabmap_slam:/home/user/ros2_ws/install/rtabmap_odom:/home/user/ros2_ws/install/rtabmap_util:/home/user/ros2_ws/install/rtabmap_sync:/home/user/ros2_ws/install/rtabmap_rviz_plugins:/home/user/ros2_ws/install/roboteq_ros2_driver:/home/user/ros2_ws/install/realsense2_description:/home/user/ros2_ws/install/realsense2_camera:/home/user/ros2_ws/install/realsense2_camera_msgs:/home/user/ros2_ws/install/openslam_gmapping:/home/user/ros2_ws/install/lslidar_driver:/home/user/ros2_ws/install/lslidar_msgs:/home/user/ros2_ws/install/imu_filter_madgwick:/home/user/ros2_ws/install/imu_complementary_filter:/home/user/ros2_ws/install/amr_bot LD_LIBRARY_PATH=/home/user/ros2_ws/install/rtabmap_conversions/lib:/home/user/ros2_ws/install/rtabmap_msgs/lib:/home/user/ros2_ws/install/rtabmap/lib:/home/user/ros2_ws/install/slam_toolbox/lib:/home/user/ros2_ws/install/serial/lib:/home/user/ros2_ws/install/rviz_imu_plugin/lib:/home/user/ros2_ws/install/rtabmap_slam/lib:/home/user/ros2_ws/install/rtabmap_odom/lib:/home/user/ros2_ws/install/rtabmap_util/lib:/home/user/ros2_ws/install/rtabmap_sync/lib:/home/user/ros2_ws/install/rtabmap_rviz_plugins/lib:/home/user/ros2_ws/install/realsense2_camera/lib:/home/user/ros2_ws/install/realsense2_camera_msgs/lib:/home/user/ros2_ws/install/openslam_gmapping/lib:/home/user/ros2_ws/install/lslidar_msgs/lib:/home/user/ros2_ws/install/imu_filter_madgwick/lib:/home/user/ros2_ws/install/imu_complementary_filter/lib:/usr/lib/x86_64-linux-gnu/gazebo-11/plugins:/opt/ros/humble/opt/rviz_ogre_vendor/lib:/opt/ros/humble/lib/x86_64-linux-gnu:/opt/ros/humble/lib PYTHONPATH=/home/user/ros2_ws/install/rtabmap_msgs/local/lib/python3.10/dist-packages:/home/user/ros2_ws/install/slam_toolbox/local/lib/python3.10/dist-packages:/home/user/ros2_ws/build/rtabmap_python:/home/user/ros2_ws/install/rtabmap_python/lib/python3.10/site-packages:/home/user/ros2_ws/install/realsense2_camera_msgs/local/lib/python3.10/dist-packages:/home/user/ros2_ws/install/lslidar_msgs/local/lib/python3.10/dist-packages:/opt/ros/humble/lib/python3.10/site-packages:/opt/ros/humble/local/lib/python3.10/dist-packages /usr/bin/cmake --build /home/user/ros2_ws/build/rtabmap_sync
[0.103s] [  4%] [32mBuilding CXX object CMakeFiles/rtabmap_sync.dir/src/CommonDataSubscriber.cpp.o[0m
[35.314s] [  8%] [32mBuilding CXX object CMakeFiles/rtabmap_sync.dir/src/impl/CommonDataSubscriberDepth.cpp.o[0m
[78.144s] [ 13%] [32mBuilding CXX object CMakeFiles/rtabmap_sync.dir/src/impl/CommonDataSubscriberStereo.cpp.o[0m
[100.778s] [ 17%] [32mBuilding CXX object CMakeFiles/rtabmap_sync.dir/src/impl/CommonDataSubscriberRGB.cpp.o[0m
[145.688s] [ 21%] [32mBuilding CXX object CMakeFiles/rtabmap_sync.dir/src/impl/CommonDataSubscriberRGBD.cpp.o[0m
[179.995s] [ 26%] [32mBuilding CXX object CMakeFiles/rtabmap_sync.dir/src/impl/CommonDataSubscriberRGBDX.cpp.o[0m
[214.483s] [ 30%] [32mBuilding CXX object CMakeFiles/rtabmap_sync.dir/src/impl/CommonDataSubscriberScan.cpp.o[0m
[243.598s] [ 34%] [32mBuilding CXX object CMakeFiles/rtabmap_sync.dir/src/impl/CommonDataSubscriberOdom.cpp.o[0m
[258.545s] [ 39%] [32mBuilding CXX object CMakeFiles/rtabmap_sync.dir/src/impl/CommonDataSubscriberSensorData.cpp.o[0m
[278.529s] [ 43%] [32m[1mLinking CXX shared library librtabmap_sync.so[0m
[280.493s] [ 43%] Built target rtabmap_sync
[280.523s] [ 47%] [32mBuilding CXX object CMakeFiles/rtabmap_sync_plugins.dir/src/nodelets/rgbdx_sync.cpp.o[0m
[301.749s] [ 52%] [32mBuilding CXX object CMakeFiles/rtabmap_sync_plugins.dir/src/nodelets/rgbd_sync.cpp.o[0m
[315.699s] [ 56%] [32mBuilding CXX object CMakeFiles/rtabmap_sync_plugins.dir/src/nodelets/stereo_sync.cpp.o[0m
[330.039s] [ 60%] [32mBuilding CXX object CMakeFiles/rtabmap_sync_plugins.dir/src/nodelets/rgb_sync.cpp.o[0m
[345.293s] [ 65%] [32m[1mLinking CXX shared library librtabmap_sync_plugins.so[0m
[345.959s] [ 65%] Built target rtabmap_sync_plugins
[345.984s] [ 69%] [32mBuilding CXX object CMakeFiles/rtabmap_rgbd_sync.dir/src/RGBDSyncNode.cpp.o[0m
[351.204s] [ 73%] [32m[1mLinking CXX executable rgbd_sync[0m
[352.072s] [ 73%] Built target rtabmap_rgbd_sync
[352.097s] [ 78%] [32mBuilding CXX object CMakeFiles/rtabmap_rgbdx_sync.dir/src/RGBDXSyncNode.cpp.o[0m
[357.594s] [ 82%] [32m[1mLinking CXX executable rgbdx_sync[0m
[358.456s] [ 82%] Built target rtabmap_rgbdx_sync
[358.482s] [ 86%] [32mBuilding CXX object CMakeFiles/rtabmap_stereo_sync.dir/src/StereoSyncNode.cpp.o[0m
[363.691s] [ 91%] [32m[1mLinking CXX executable stereo_sync[0m
[364.552s] [ 91%] Built target rtabmap_stereo_sync
[364.577s] [ 95%] [32mBuilding CXX object CMakeFiles/rtabmap_rgb_sync.dir/src/RGBSyncNode.cpp.o[0m
[369.756s] [100%] [32m[1mLinking CXX executable rgb_sync[0m
[370.618s] [100%] Built target rtabmap_rgb_sync
[370.629s] Invoked command in '/home/user/ros2_ws/build/rtabmap_sync' returned '0': CMAKE_PREFIX_PATH=/home/user/ros2_ws/install/rtabmap_conversions:/home/user/ros2_ws/install/rtabmap_python:/opt/ros/humble:/home/user/ros2_ws/install/rtabmap_msgs:/home/user/ros2_ws/install/rtabmap:/home/user/ros2_ws/install/slam_toolbox:/home/user/ros2_ws/install/slam_gmapping:/home/user/ros2_ws/install/serial:/home/user/ros2_ws/install/imu_tools:/home/user/ros2_ws/install/rviz_imu_plugin:/home/user/ros2_ws/install/rtabmap_ros:/home/user/ros2_ws/install/rtabmap_launch:/home/user/ros2_ws/install/rtabmap_examples:/home/user/ros2_ws/install/rtabmap_demos:/home/user/ros2_ws/install/rtabmap_viz:/home/user/ros2_ws/install/rtabmap_slam:/home/user/ros2_ws/install/rtabmap_odom:/home/user/ros2_ws/install/rtabmap_util:/home/user/ros2_ws/install/rtabmap_sync:/home/user/ros2_ws/install/rtabmap_rviz_plugins:/home/user/ros2_ws/install/roboteq_ros2_driver:/home/user/ros2_ws/install/realsense2_description:/home/user/ros2_ws/install/realsense2_camera:/home/user/ros2_ws/install/realsense2_camera_msgs:/home/user/ros2_ws/install/openslam_gmapping:/home/user/ros2_ws/install/lslidar_driver:/home/user/ros2_ws/install/lslidar_msgs:/home/user/ros2_ws/install/imu_filter_madgwick:/home/user/ros2_ws/install/imu_complementary_filter:/home/user/ros2_ws/install/amr_bot LD_LIBRARY_PATH=/home/user/ros2_ws/install/rtabmap_conversions/lib:/home/user/ros2_ws/install/rtabmap_msgs/lib:/home/user/ros2_ws/install/rtabmap/lib:/home/user/ros2_ws/install/slam_toolbox/lib:/home/user/ros2_ws/install/serial/lib:/home/user/ros2_ws/install/rviz_imu_plugin/lib:/home/user/ros2_ws/install/rtabmap_slam/lib:/home/user/ros2_ws/install/rtabmap_odom/lib:/home/user/ros2_ws/install/rtabmap_util/lib:/home/user/ros2_ws/install/rtabmap_sync/lib:/home/user/ros2_ws/install/rtabmap_rviz_plugins/lib:/home/user/ros2_ws/install/realsense2_camera/lib:/home/user/ros2_ws/install/realsense2_camera_msgs/lib:/home/user/ros2_ws/install/openslam_gmapping/lib:/home/user/ros2_ws/install/lslidar_msgs/lib:/home/user/ros2_ws/install/imu_filter_madgwick/lib:/home/user/ros2_ws/install/imu_complementary_filter/lib:/usr/lib/x86_64-linux-gnu/gazebo-11/plugins:/opt/ros/humble/opt/rviz_ogre_vendor/lib:/opt/ros/humble/lib/x86_64-linux-gnu:/opt/ros/humble/lib PYTHONPATH=/home/user/ros2_ws/install/rtabmap_msgs/local/lib/python3.10/dist-packages:/home/user/ros2_ws/install/slam_toolbox/local/lib/python3.10/dist-packages:/home/user/ros2_ws/build/rtabmap_python:/home/user/ros2_ws/install/rtabmap_python/lib/python3.10/site-packages:/home/user/ros2_ws/install/realsense2_camera_msgs/local/lib/python3.10/dist-packages:/home/user/ros2_ws/install/lslidar_msgs/local/lib/python3.10/dist-packages:/opt/ros/humble/lib/python3.10/site-packages:/opt/ros/humble/local/lib/python3.10/dist-packages /usr/bin/cmake --build /home/user/ros2_ws/build/rtabmap_sync
[370.682s] Invoking command in '/home/user/ros2_ws/build/rtabmap_sync': CMAKE_PREFIX_PATH=/home/user/ros2_ws/install/rtabmap_conversions:/home/user/ros2_ws/install/rtabmap_python:/opt/ros/humble:/home/user/ros2_ws/install/rtabmap_msgs:/home/user/ros2_ws/install/rtabmap:/home/user/ros2_ws/install/slam_toolbox:/home/user/ros2_ws/install/slam_gmapping:/home/user/ros2_ws/install/serial:/home/user/ros2_ws/install/imu_tools:/home/user/ros2_ws/install/rviz_imu_plugin:/home/user/ros2_ws/install/rtabmap_ros:/home/user/ros2_ws/install/rtabmap_launch:/home/user/ros2_ws/install/rtabmap_examples:/home/user/ros2_ws/install/rtabmap_demos:/home/user/ros2_ws/install/rtabmap_viz:/home/user/ros2_ws/install/rtabmap_slam:/home/user/ros2_ws/install/rtabmap_odom:/home/user/ros2_ws/install/rtabmap_util:/home/user/ros2_ws/install/rtabmap_sync:/home/user/ros2_ws/install/rtabmap_rviz_plugins:/home/user/ros2_ws/install/roboteq_ros2_driver:/home/user/ros2_ws/install/realsense2_description:/home/user/ros2_ws/install/realsense2_camera:/home/user/ros2_ws/install/realsense2_camera_msgs:/home/user/ros2_ws/install/openslam_gmapping:/home/user/ros2_ws/install/lslidar_driver:/home/user/ros2_ws/install/lslidar_msgs:/home/user/ros2_ws/install/imu_filter_madgwick:/home/user/ros2_ws/install/imu_complementary_filter:/home/user/ros2_ws/install/amr_bot LD_LIBRARY_PATH=/home/user/ros2_ws/install/rtabmap_conversions/lib:/home/user/ros2_ws/install/rtabmap_msgs/lib:/home/user/ros2_ws/install/rtabmap/lib:/home/user/ros2_ws/install/slam_toolbox/lib:/home/user/ros2_ws/install/serial/lib:/home/user/ros2_ws/install/rviz_imu_plugin/lib:/home/user/ros2_ws/install/rtabmap_slam/lib:/home/user/ros2_ws/install/rtabmap_odom/lib:/home/user/ros2_ws/install/rtabmap_util/lib:/home/user/ros2_ws/install/rtabmap_sync/lib:/home/user/ros2_ws/install/rtabmap_rviz_plugins/lib:/home/user/ros2_ws/install/realsense2_camera/lib:/home/user/ros2_ws/install/realsense2_camera_msgs/lib:/home/user/ros2_ws/install/openslam_gmapping/lib:/home/user/ros2_ws/install/lslidar_msgs/lib:/home/user/ros2_ws/install/imu_filter_madgwick/lib:/home/user/ros2_ws/install/imu_complementary_filter/lib:/usr/lib/x86_64-linux-gnu/gazebo-11/plugins:/opt/ros/humble/opt/rviz_ogre_vendor/lib:/opt/ros/humble/lib/x86_64-linux-gnu:/opt/ros/humble/lib PYTHONPATH=/home/user/ros2_ws/install/rtabmap_msgs/local/lib/python3.10/dist-packages:/home/user/ros2_ws/install/slam_toolbox/local/lib/python3.10/dist-packages:/home/user/ros2_ws/build/rtabmap_python:/home/user/ros2_ws/install/rtabmap_python/lib/python3.10/site-packages:/home/user/ros2_ws/install/realsense2_camera_msgs/local/lib/python3.10/dist-packages:/home/user/ros2_ws/install/lslidar_msgs/local/lib/python3.10/dist-packages:/opt/ros/humble/lib/python3.10/site-packages:/opt/ros/humble/local/lib/python3.10/dist-packages /usr/bin/cmake --install /home/user/ros2_ws/build/rtabmap_sync
[370.689s] -- Install configuration: "Release"
[370.689s] -- Execute custom install script
[370.689s] -- Up-to-date symlink: /home/user/ros2_ws/install/rtabmap_sync/share/rtabmap_sync/environment/library_path.sh
[370.689s] -- Up-to-date symlink: /home/user/ros2_ws/install/rtabmap_sync/share/rtabmap_sync/environment/library_path.dsv
[370.690s] -- Up-to-date symlink: /home/user/ros2_ws/install/rtabmap_sync/lib/rtabmap_sync/rgbd_sync
[370.690s] -- Up-to-date symlink: /home/user/ros2_ws/install/rtabmap_sync/lib/rtabmap_sync/rgbdx_sync
[370.690s] -- Up-to-date symlink: /home/user/ros2_ws/install/rtabmap_sync/lib/rtabmap_sync/stereo_sync
[370.690s] -- Up-to-date symlink: /home/user/ros2_ws/install/rtabmap_sync/lib/rtabmap_sync/rgb_sync
[370.690s] -- Up-to-date symlink: /home/user/ros2_ws/install/rtabmap_sync/share/ament_index/resource_index/package_run_dependencies/rtabmap_sync
[370.690s] -- Up-to-date symlink: /home/user/ros2_ws/install/rtabmap_sync/share/ament_index/resource_index/parent_prefix_path/rtabmap_sync
[370.690s] -- Up-to-date symlink: /home/user/ros2_ws/install/rtabmap_sync/share/rtabmap_sync/environment/ament_prefix_path.sh
[370.690s] -- Up-to-date symlink: /home/user/ros2_ws/install/rtabmap_sync/share/rtabmap_sync/environment/ament_prefix_path.dsv
[370.690s] -- Up-to-date symlink: /home/user/ros2_ws/install/rtabmap_sync/share/rtabmap_sync/environment/path.sh
[370.690s] -- Up-to-date symlink: /home/user/ros2_ws/install/rtabmap_sync/share/rtabmap_sync/environment/path.dsv
[370.690s] -- Up-to-date symlink: /home/user/ros2_ws/install/rtabmap_sync/share/rtabmap_sync/local_setup.bash
[370.690s] -- Up-to-date symlink: /home/user/ros2_ws/install/rtabmap_sync/share/rtabmap_sync/local_setup.sh
[370.690s] -- Up-to-date symlink: /home/user/ros2_ws/install/rtabmap_sync/share/rtabmap_sync/local_setup.zsh
[370.691s] -- Up-to-date symlink: /home/user/ros2_ws/install/rtabmap_sync/share/rtabmap_sync/local_setup.dsv
[370.691s] -- Symlinking: /home/user/ros2_ws/install/rtabmap_sync/share/rtabmap_sync/package.dsv
[370.697s] -- Up-to-date symlink: /home/user/ros2_ws/install/rtabmap_sync/share/ament_index/resource_index/packages/rtabmap_sync
[370.697s] -- Up-to-date symlink: /home/user/ros2_ws/install/rtabmap_sync/share/ament_index/resource_index/rclcpp_components/rtabmap_sync
[370.697s] -- Up-to-date symlink: /home/user/ros2_ws/install/rtabmap_sync/share/rtabmap_sync/cmake/extra_configs.cmake
[370.697s] -- Up-to-date symlink: /home/user/ros2_ws/install/rtabmap_sync/share/rtabmap_sync/cmake/ament_cmake_export_dependencies-extras.cmake
[370.697s] -- Up-to-date symlink: /home/user/ros2_ws/install/rtabmap_sync/share/rtabmap_sync/cmake/ament_cmake_export_include_directories-extras.cmake
[370.697s] -- Up-to-date symlink: /home/user/ros2_ws/install/rtabmap_sync/share/rtabmap_sync/cmake/ament_cmake_export_targets-extras.cmake
[370.697s] -- Up-to-date symlink: /home/user/ros2_ws/install/rtabmap_sync/share/rtabmap_sync/cmake/ament_cmake_export_libraries-extras.cmake
[370.697s] -- Up-to-date symlink: /home/user/ros2_ws/install/rtabmap_sync/share/rtabmap_sync/cmake/rtabmap_syncConfig.cmake
[370.697s] -- Up-to-date symlink: /home/user/ros2_ws/install/rtabmap_sync/share/rtabmap_sync/cmake/rtabmap_syncConfig-version.cmake
[370.697s] -- Up-to-date symlink: /home/user/ros2_ws/install/rtabmap_sync/share/rtabmap_sync/package.xml
[370.698s] -- Installing: /home/user/ros2_ws/install/rtabmap_sync/lib/librtabmap_sync.so
[370.718s] -- Set runtime path of "/home/user/ros2_ws/install/rtabmap_sync/lib/librtabmap_sync.so" to ""
[370.719s] -- Installing: /home/user/ros2_ws/install/rtabmap_sync/lib/librtabmap_sync_plugins.so
[370.724s] -- Set runtime path of "/home/user/ros2_ws/install/rtabmap_sync/lib/librtabmap_sync_plugins.so" to ""
[370.724s] -- Up-to-date: /home/user/ros2_ws/install/rtabmap_sync/include
[370.724s] -- Up-to-date: /home/user/ros2_ws/install/rtabmap_sync/include/rtabmap_sync
[370.724s] -- Up-to-date: /home/user/ros2_ws/install/rtabmap_sync/include/rtabmap_sync/visibility.h
[370.724s] -- Up-to-date: /home/user/ros2_ws/install/rtabmap_sync/include/rtabmap_sync/SyncDiagnostic.h
[370.724s] -- Up-to-date: /home/user/ros2_ws/install/rtabmap_sync/include/rtabmap_sync/CommonDataSubscriberDefines.h
[370.724s] -- Up-to-date: /home/user/ros2_ws/install/rtabmap_sync/include/rtabmap_sync/GetTopicName.h
[370.724s] -- Up-to-date: /home/user/ros2_ws/install/rtabmap_sync/include/rtabmap_sync/CommonDataSubscriber.h
[370.724s] -- Up-to-date: /home/user/ros2_ws/install/rtabmap_sync/share/rtabmap_sync/cmake/rtabmap_syncExport.cmake
[370.724s] -- Up-to-date: /home/user/ros2_ws/install/rtabmap_sync/share/rtabmap_sync/cmake/rtabmap_syncExport-release.cmake
[370.726s] Invoked command in '/home/user/ros2_ws/build/rtabmap_sync' returned '0': CMAKE_PREFIX_PATH=/home/user/ros2_ws/install/rtabmap_conversions:/home/user/ros2_ws/install/rtabmap_python:/opt/ros/humble:/home/user/ros2_ws/install/rtabmap_msgs:/home/user/ros2_ws/install/rtabmap:/home/user/ros2_ws/install/slam_toolbox:/home/user/ros2_ws/install/slam_gmapping:/home/user/ros2_ws/install/serial:/home/user/ros2_ws/install/imu_tools:/home/user/ros2_ws/install/rviz_imu_plugin:/home/user/ros2_ws/install/rtabmap_ros:/home/user/ros2_ws/install/rtabmap_launch:/home/user/ros2_ws/install/rtabmap_examples:/home/user/ros2_ws/install/rtabmap_demos:/home/user/ros2_ws/install/rtabmap_viz:/home/user/ros2_ws/install/rtabmap_slam:/home/user/ros2_ws/install/rtabmap_odom:/home/user/ros2_ws/install/rtabmap_util:/home/user/ros2_ws/install/rtabmap_sync:/home/user/ros2_ws/install/rtabmap_rviz_plugins:/home/user/ros2_ws/install/roboteq_ros2_driver:/home/user/ros2_ws/install/realsense2_description:/home/user/ros2_ws/install/realsense2_camera:/home/user/ros2_ws/install/realsense2_camera_msgs:/home/user/ros2_ws/install/openslam_gmapping:/home/user/ros2_ws/install/lslidar_driver:/home/user/ros2_ws/install/lslidar_msgs:/home/user/ros2_ws/install/imu_filter_madgwick:/home/user/ros2_ws/install/imu_complementary_filter:/home/user/ros2_ws/install/amr_bot LD_LIBRARY_PATH=/home/user/ros2_ws/install/rtabmap_conversions/lib:/home/user/ros2_ws/install/rtabmap_msgs/lib:/home/user/ros2_ws/install/rtabmap/lib:/home/user/ros2_ws/install/slam_toolbox/lib:/home/user/ros2_ws/install/serial/lib:/home/user/ros2_ws/install/rviz_imu_plugin/lib:/home/user/ros2_ws/install/rtabmap_slam/lib:/home/user/ros2_ws/install/rtabmap_odom/lib:/home/user/ros2_ws/install/rtabmap_util/lib:/home/user/ros2_ws/install/rtabmap_sync/lib:/home/user/ros2_ws/install/rtabmap_rviz_plugins/lib:/home/user/ros2_ws/install/realsense2_camera/lib:/home/user/ros2_ws/install/realsense2_camera_msgs/lib:/home/user/ros2_ws/install/openslam_gmapping/lib:/home/user/ros2_ws/install/lslidar_msgs/lib:/home/user/ros2_ws/install/imu_filter_madgwick/lib:/home/user/ros2_ws/install/imu_complementary_filter/lib:/usr/lib/x86_64-linux-gnu/gazebo-11/plugins:/opt/ros/humble/opt/rviz_ogre_vendor/lib:/opt/ros/humble/lib/x86_64-linux-gnu:/opt/ros/humble/lib PYTHONPATH=/home/user/ros2_ws/install/rtabmap_msgs/local/lib/python3.10/dist-packages:/home/user/ros2_ws/install/slam_toolbox/local/lib/python3.10/dist-packages:/home/user/ros2_ws/build/rtabmap_python:/home/user/ros2_ws/install/rtabmap_python/lib/python3.10/site-packages:/home/user/ros2_ws/install/realsense2_camera_msgs/local/lib/python3.10/dist-packages:/home/user/ros2_ws/install/lslidar_msgs/local/lib/python3.10/dist-packages:/opt/ros/humble/lib/python3.10/site-packages:/opt/ros/humble/local/lib/python3.10/dist-packages /usr/bin/cmake --install /home/user/ros2_ws/build/rtabmap_sync
