[0.051s] Invoking command in '/home/user/ros2_ws/build/roboteq_ros2_driver': CMAKE_PREFIX_PATH=/home/user/ros2_ws/install/serial:/home/user/dev_ws/src/install/ros2_laser_scan_matcher:/home/user/dev_ws/src/install/roboteq_ros2_driver:/home/user/dev_ws/src/install/realsense2_description:/home/user/dev_ws/src/install/realsense2_camera:/home/user/dev_ws/src/install/realsense2_camera_msgs:/home/user/dev_ws/src/install/lslidar_driver:/home/user/dev_ws/src/install/lslidar_msgs:/home/user/dev_ws/src/install/lidar_odometry:/home/user/dev_ws/src/install/csm:/home/user/dev_ws/src/install/amr_bot:/home/user/ros2_ws/install/slam_gmapping:/home/user/ros2_ws/install/rtabmap_ros:/home/user/ros2_ws/install/rtabmap_launch:/home/user/ros2_ws/install/rtabmap_examples:/home/user/ros2_ws/install/rtabmap_demos:/home/user/ros2_ws/install/rtabmap_viz:/home/user/ros2_ws/install/rtabmap_slam:/home/user/ros2_ws/install/rtabmap_odom:/home/user/ros2_ws/install/rtabmap_util:/home/user/ros2_ws/install/rtabmap_sync:/home/user/ros2_ws/install/rtabmap_rviz_plugins:/home/user/ros2_ws/install/rtabmap_conversions:/home/user/ros2_ws/install/rtabmap_python:/opt/ros/humble:/home/user/ros2_ws/install/rtabmap_msgs:/home/user/ros2_ws/install/rtabmap:/home/user/ros2_ws/install/roboteq_ros2_driver:/home/user/ros2_ws/install/realsense2_description:/home/user/ros2_ws/install/realsense2_camera:/home/user/ros2_ws/install/realsense2_camera_msgs:/home/user/ros2_ws/install/openslam_gmapping:/home/user/ros2_ws/install/lslidar_driver:/home/user/ros2_ws/install/lslidar_msgs:/home/user/ros2_ws/install/amr_bot /usr/bin/cmake /home/user/ros2_ws/src/roboteq_ros2_driver -DCMAKE_INSTALL_PREFIX=/home/user/ros2_ws/install/roboteq_ros2_driver
[0.066s] -- Found ament_cmake: 1.3.7 (/opt/ros/humble/share/ament_cmake/cmake)
[0.170s] -- Override CMake install command with custom implementation using symlinks instead of copying resources
[0.185s] -- Found rclcpp: 16.0.8 (/opt/ros/humble/share/rclcpp/cmake)
[0.216s] -- Found rosidl_generator_c: 3.1.5 (/opt/ros/humble/share/rosidl_generator_c/cmake)
[0.219s] -- Found rosidl_adapter: 3.1.5 (/opt/ros/humble/share/rosidl_adapter/cmake)
[0.225s] -- Found rosidl_generator_cpp: 3.1.5 (/opt/ros/humble/share/rosidl_generator_cpp/cmake)
[0.237s] -- Using all available rosidl_typesupport_c: rosidl_typesupport_fastrtps_c;rosidl_typesupport_introspection_c
[0.250s] -- Using all available rosidl_typesupport_cpp: rosidl_typesupport_fastrtps_cpp;rosidl_typesupport_introspection_cpp
[0.298s] -- Found rmw_implementation_cmake: 6.1.1 (/opt/ros/humble/share/rmw_implementation_cmake/cmake)
[0.300s] -- Found rmw_fastrtps_cpp: 6.2.6 (/opt/ros/humble/share/rmw_fastrtps_cpp/cmake)
[0.397s] -- Using RMW implementation 'rmw_fastrtps_cpp' as default
[0.516s] -- Found sensor_msgs: 4.2.3 (/opt/ros/humble/share/sensor_msgs/cmake)
[0.597s] -- Found nav_msgs: 4.2.3 (/opt/ros/humble/share/nav_msgs/cmake)
[0.649s] -- Found tf2: 0.25.5 (/opt/ros/humble/share/tf2/cmake)
[0.655s] -- Found tf2_ros: 0.25.5 (/opt/ros/humble/share/tf2_ros/cmake)
[0.863s] -- Found tf2_geometry_msgs: 0.25.5 (/opt/ros/humble/share/tf2_geometry_msgs/cmake)
[0.867s] -- Found eigen3_cmake_module: 0.1.1 (/opt/ros/humble/share/eigen3_cmake_module/cmake)
[0.869s] -- Ensuring Eigen3 include directory is part of orocos-kdl CMake target
[0.874s] -- Found serial: 1.2.1 (/home/user/ros2_ws/install/serial/share/serial/cmake)
[0.884s] -- Found ament_lint_auto: 0.12.10 (/opt/ros/humble/share/ament_lint_auto/cmake)
[0.939s] -- Added test 'copyright' to check source files copyright and LICENSE
[0.942s] -- Added test 'cppcheck' to perform static code analysis on C / C++ code
[0.942s] -- Configured cppcheck include dirs: $<BUILD_INTERFACE:/home/user/ros2_ws/src/roboteq_ros2_driver/include>
[0.942s] -- Configured cppcheck exclude dirs and/or files: 
[0.945s] -- Added test 'cpplint' to check C / C++ code against the Google style
[0.945s] -- Configured cpplint exclude dirs and/or files: 
[0.946s] -- Added test 'flake8' to check Python code syntax and style conventions
[0.947s] -- Added test 'lint_cmake' to check CMake code style
[0.947s] -- Added test 'pep257' to check Python code against some of the docstring style conventions in PEP 257
[0.950s] -- Added test 'uncrustify' to check C / C++ code style
[0.950s] -- Configured uncrustify additional arguments: 
[0.951s] -- Added test 'xmllint' to check XML markup files
[0.953s] -- Configuring done
[0.964s] -- Generating done
[0.965s] -- Build files have been written to: /home/user/ros2_ws/build/roboteq_ros2_driver
[0.973s] Invoked command in '/home/user/ros2_ws/build/roboteq_ros2_driver' returned '0': CMAKE_PREFIX_PATH=/home/user/ros2_ws/install/serial:/home/user/dev_ws/src/install/ros2_laser_scan_matcher:/home/user/dev_ws/src/install/roboteq_ros2_driver:/home/user/dev_ws/src/install/realsense2_description:/home/user/dev_ws/src/install/realsense2_camera:/home/user/dev_ws/src/install/realsense2_camera_msgs:/home/user/dev_ws/src/install/lslidar_driver:/home/user/dev_ws/src/install/lslidar_msgs:/home/user/dev_ws/src/install/lidar_odometry:/home/user/dev_ws/src/install/csm:/home/user/dev_ws/src/install/amr_bot:/home/user/ros2_ws/install/slam_gmapping:/home/user/ros2_ws/install/rtabmap_ros:/home/user/ros2_ws/install/rtabmap_launch:/home/user/ros2_ws/install/rtabmap_examples:/home/user/ros2_ws/install/rtabmap_demos:/home/user/ros2_ws/install/rtabmap_viz:/home/user/ros2_ws/install/rtabmap_slam:/home/user/ros2_ws/install/rtabmap_odom:/home/user/ros2_ws/install/rtabmap_util:/home/user/ros2_ws/install/rtabmap_sync:/home/user/ros2_ws/install/rtabmap_rviz_plugins:/home/user/ros2_ws/install/rtabmap_conversions:/home/user/ros2_ws/install/rtabmap_python:/opt/ros/humble:/home/user/ros2_ws/install/rtabmap_msgs:/home/user/ros2_ws/install/rtabmap:/home/user/ros2_ws/install/roboteq_ros2_driver:/home/user/ros2_ws/install/realsense2_description:/home/user/ros2_ws/install/realsense2_camera:/home/user/ros2_ws/install/realsense2_camera_msgs:/home/user/ros2_ws/install/openslam_gmapping:/home/user/ros2_ws/install/lslidar_driver:/home/user/ros2_ws/install/lslidar_msgs:/home/user/ros2_ws/install/amr_bot /usr/bin/cmake /home/user/ros2_ws/src/roboteq_ros2_driver -DCMAKE_INSTALL_PREFIX=/home/user/ros2_ws/install/roboteq_ros2_driver
[0.974s] Invoking command in '/home/user/ros2_ws/build/roboteq_ros2_driver': CMAKE_PREFIX_PATH=/home/user/ros2_ws/install/serial:/home/user/dev_ws/src/install/ros2_laser_scan_matcher:/home/user/dev_ws/src/install/roboteq_ros2_driver:/home/user/dev_ws/src/install/realsense2_description:/home/user/dev_ws/src/install/realsense2_camera:/home/user/dev_ws/src/install/realsense2_camera_msgs:/home/user/dev_ws/src/install/lslidar_driver:/home/user/dev_ws/src/install/lslidar_msgs:/home/user/dev_ws/src/install/lidar_odometry:/home/user/dev_ws/src/install/csm:/home/user/dev_ws/src/install/amr_bot:/home/user/ros2_ws/install/slam_gmapping:/home/user/ros2_ws/install/rtabmap_ros:/home/user/ros2_ws/install/rtabmap_launch:/home/user/ros2_ws/install/rtabmap_examples:/home/user/ros2_ws/install/rtabmap_demos:/home/user/ros2_ws/install/rtabmap_viz:/home/user/ros2_ws/install/rtabmap_slam:/home/user/ros2_ws/install/rtabmap_odom:/home/user/ros2_ws/install/rtabmap_util:/home/user/ros2_ws/install/rtabmap_sync:/home/user/ros2_ws/install/rtabmap_rviz_plugins:/home/user/ros2_ws/install/rtabmap_conversions:/home/user/ros2_ws/install/rtabmap_python:/opt/ros/humble:/home/user/ros2_ws/install/rtabmap_msgs:/home/user/ros2_ws/install/rtabmap:/home/user/ros2_ws/install/roboteq_ros2_driver:/home/user/ros2_ws/install/realsense2_description:/home/user/ros2_ws/install/realsense2_camera:/home/user/ros2_ws/install/realsense2_camera_msgs:/home/user/ros2_ws/install/openslam_gmapping:/home/user/ros2_ws/install/lslidar_driver:/home/user/ros2_ws/install/lslidar_msgs:/home/user/ros2_ws/install/amr_bot /usr/bin/cmake --build /home/user/ros2_ws/build/roboteq_ros2_driver -- -j16 -l16
[1.012s] [35m[1mConsolidate compiler generated dependencies of target roboteq_ros2_driver[0m
[1.028s] [100%] Built target roboteq_ros2_driver
[1.038s] Invoked command in '/home/user/ros2_ws/build/roboteq_ros2_driver' returned '0': CMAKE_PREFIX_PATH=/home/user/ros2_ws/install/serial:/home/user/dev_ws/src/install/ros2_laser_scan_matcher:/home/user/dev_ws/src/install/roboteq_ros2_driver:/home/user/dev_ws/src/install/realsense2_description:/home/user/dev_ws/src/install/realsense2_camera:/home/user/dev_ws/src/install/realsense2_camera_msgs:/home/user/dev_ws/src/install/lslidar_driver:/home/user/dev_ws/src/install/lslidar_msgs:/home/user/dev_ws/src/install/lidar_odometry:/home/user/dev_ws/src/install/csm:/home/user/dev_ws/src/install/amr_bot:/home/user/ros2_ws/install/slam_gmapping:/home/user/ros2_ws/install/rtabmap_ros:/home/user/ros2_ws/install/rtabmap_launch:/home/user/ros2_ws/install/rtabmap_examples:/home/user/ros2_ws/install/rtabmap_demos:/home/user/ros2_ws/install/rtabmap_viz:/home/user/ros2_ws/install/rtabmap_slam:/home/user/ros2_ws/install/rtabmap_odom:/home/user/ros2_ws/install/rtabmap_util:/home/user/ros2_ws/install/rtabmap_sync:/home/user/ros2_ws/install/rtabmap_rviz_plugins:/home/user/ros2_ws/install/rtabmap_conversions:/home/user/ros2_ws/install/rtabmap_python:/opt/ros/humble:/home/user/ros2_ws/install/rtabmap_msgs:/home/user/ros2_ws/install/rtabmap:/home/user/ros2_ws/install/roboteq_ros2_driver:/home/user/ros2_ws/install/realsense2_description:/home/user/ros2_ws/install/realsense2_camera:/home/user/ros2_ws/install/realsense2_camera_msgs:/home/user/ros2_ws/install/openslam_gmapping:/home/user/ros2_ws/install/lslidar_driver:/home/user/ros2_ws/install/lslidar_msgs:/home/user/ros2_ws/install/amr_bot /usr/bin/cmake --build /home/user/ros2_ws/build/roboteq_ros2_driver -- -j16 -l16
[1.069s] Invoking command in '/home/user/ros2_ws/build/roboteq_ros2_driver': CMAKE_PREFIX_PATH=/home/user/ros2_ws/install/serial:/home/user/dev_ws/src/install/ros2_laser_scan_matcher:/home/user/dev_ws/src/install/roboteq_ros2_driver:/home/user/dev_ws/src/install/realsense2_description:/home/user/dev_ws/src/install/realsense2_camera:/home/user/dev_ws/src/install/realsense2_camera_msgs:/home/user/dev_ws/src/install/lslidar_driver:/home/user/dev_ws/src/install/lslidar_msgs:/home/user/dev_ws/src/install/lidar_odometry:/home/user/dev_ws/src/install/csm:/home/user/dev_ws/src/install/amr_bot:/home/user/ros2_ws/install/slam_gmapping:/home/user/ros2_ws/install/rtabmap_ros:/home/user/ros2_ws/install/rtabmap_launch:/home/user/ros2_ws/install/rtabmap_examples:/home/user/ros2_ws/install/rtabmap_demos:/home/user/ros2_ws/install/rtabmap_viz:/home/user/ros2_ws/install/rtabmap_slam:/home/user/ros2_ws/install/rtabmap_odom:/home/user/ros2_ws/install/rtabmap_util:/home/user/ros2_ws/install/rtabmap_sync:/home/user/ros2_ws/install/rtabmap_rviz_plugins:/home/user/ros2_ws/install/rtabmap_conversions:/home/user/ros2_ws/install/rtabmap_python:/opt/ros/humble:/home/user/ros2_ws/install/rtabmap_msgs:/home/user/ros2_ws/install/rtabmap:/home/user/ros2_ws/install/roboteq_ros2_driver:/home/user/ros2_ws/install/realsense2_description:/home/user/ros2_ws/install/realsense2_camera:/home/user/ros2_ws/install/realsense2_camera_msgs:/home/user/ros2_ws/install/openslam_gmapping:/home/user/ros2_ws/install/lslidar_driver:/home/user/ros2_ws/install/lslidar_msgs:/home/user/ros2_ws/install/amr_bot /usr/bin/cmake --install /home/user/ros2_ws/build/roboteq_ros2_driver
[1.076s] -- Install configuration: "Release"
[1.076s] -- Execute custom install script
[1.077s] -- Up-to-date symlink: /home/user/ros2_ws/install/roboteq_ros2_driver/share/roboteq_ros2_driver//launch/roboteq_ros2_driver.launch.py
[1.077s] -- Up-to-date symlink: /home/user/ros2_ws/install/roboteq_ros2_driver/share/roboteq_ros2_driver//config/roboteq.yaml
[1.077s] -- Up-to-date symlink: /home/user/ros2_ws/install/roboteq_ros2_driver/lib/roboteq_ros2_driver/roboteq_ros2_driver
[1.077s] -- Up-to-date symlink: /home/user/ros2_ws/install/roboteq_ros2_driver/share/ament_index/resource_index/package_run_dependencies/roboteq_ros2_driver
[1.077s] -- Up-to-date symlink: /home/user/ros2_ws/install/roboteq_ros2_driver/share/ament_index/resource_index/parent_prefix_path/roboteq_ros2_driver
[1.077s] -- Up-to-date symlink: /home/user/ros2_ws/install/roboteq_ros2_driver/share/roboteq_ros2_driver/environment/ament_prefix_path.sh
[1.077s] -- Up-to-date symlink: /home/user/ros2_ws/install/roboteq_ros2_driver/share/roboteq_ros2_driver/environment/ament_prefix_path.dsv
[1.077s] -- Up-to-date symlink: /home/user/ros2_ws/install/roboteq_ros2_driver/share/roboteq_ros2_driver/environment/path.sh
[1.077s] -- Up-to-date symlink: /home/user/ros2_ws/install/roboteq_ros2_driver/share/roboteq_ros2_driver/environment/path.dsv
[1.077s] -- Up-to-date symlink: /home/user/ros2_ws/install/roboteq_ros2_driver/share/roboteq_ros2_driver/local_setup.bash
[1.077s] -- Up-to-date symlink: /home/user/ros2_ws/install/roboteq_ros2_driver/share/roboteq_ros2_driver/local_setup.sh
[1.077s] -- Up-to-date symlink: /home/user/ros2_ws/install/roboteq_ros2_driver/share/roboteq_ros2_driver/local_setup.zsh
[1.077s] -- Up-to-date symlink: /home/user/ros2_ws/install/roboteq_ros2_driver/share/roboteq_ros2_driver/local_setup.dsv
[1.077s] -- Symlinking: /home/user/ros2_ws/install/roboteq_ros2_driver/share/roboteq_ros2_driver/package.dsv
[1.085s] -- Up-to-date symlink: /home/user/ros2_ws/install/roboteq_ros2_driver/share/ament_index/resource_index/packages/roboteq_ros2_driver
[1.085s] -- Up-to-date symlink: /home/user/ros2_ws/install/roboteq_ros2_driver/share/roboteq_ros2_driver/cmake/roboteq_ros2_driverConfig.cmake
[1.085s] -- Up-to-date symlink: /home/user/ros2_ws/install/roboteq_ros2_driver/share/roboteq_ros2_driver/cmake/roboteq_ros2_driverConfig-version.cmake
[1.085s] -- Up-to-date symlink: /home/user/ros2_ws/install/roboteq_ros2_driver/share/roboteq_ros2_driver/package.xml
[1.087s] Invoked command in '/home/user/ros2_ws/build/roboteq_ros2_driver' returned '0': CMAKE_PREFIX_PATH=/home/user/ros2_ws/install/serial:/home/user/dev_ws/src/install/ros2_laser_scan_matcher:/home/user/dev_ws/src/install/roboteq_ros2_driver:/home/user/dev_ws/src/install/realsense2_description:/home/user/dev_ws/src/install/realsense2_camera:/home/user/dev_ws/src/install/realsense2_camera_msgs:/home/user/dev_ws/src/install/lslidar_driver:/home/user/dev_ws/src/install/lslidar_msgs:/home/user/dev_ws/src/install/lidar_odometry:/home/user/dev_ws/src/install/csm:/home/user/dev_ws/src/install/amr_bot:/home/user/ros2_ws/install/slam_gmapping:/home/user/ros2_ws/install/rtabmap_ros:/home/user/ros2_ws/install/rtabmap_launch:/home/user/ros2_ws/install/rtabmap_examples:/home/user/ros2_ws/install/rtabmap_demos:/home/user/ros2_ws/install/rtabmap_viz:/home/user/ros2_ws/install/rtabmap_slam:/home/user/ros2_ws/install/rtabmap_odom:/home/user/ros2_ws/install/rtabmap_util:/home/user/ros2_ws/install/rtabmap_sync:/home/user/ros2_ws/install/rtabmap_rviz_plugins:/home/user/ros2_ws/install/rtabmap_conversions:/home/user/ros2_ws/install/rtabmap_python:/opt/ros/humble:/home/user/ros2_ws/install/rtabmap_msgs:/home/user/ros2_ws/install/rtabmap:/home/user/ros2_ws/install/roboteq_ros2_driver:/home/user/ros2_ws/install/realsense2_description:/home/user/ros2_ws/install/realsense2_camera:/home/user/ros2_ws/install/realsense2_camera_msgs:/home/user/ros2_ws/install/openslam_gmapping:/home/user/ros2_ws/install/lslidar_driver:/home/user/ros2_ws/install/lslidar_msgs:/home/user/ros2_ws/install/amr_bot /usr/bin/cmake --install /home/user/ros2_ws/build/roboteq_ros2_driver
