[0.039s] Invoking command in '/home/user/ros2_ws/build/realsense2_camera': CMAKE_PREFIX_PATH=/home/user/ros2_ws/install/realsense2_camera_msgs:/home/user/dev_ws/src/install/ros2_laser_scan_matcher:/home/user/dev_ws/src/install/roboteq_ros2_driver:/home/user/dev_ws/src/install/realsense2_description:/home/user/dev_ws/src/install/realsense2_camera:/home/user/dev_ws/src/install/realsense2_camera_msgs:/home/user/dev_ws/src/install/lslidar_driver:/home/user/dev_ws/src/install/lslidar_msgs:/home/user/dev_ws/src/install/lidar_odometry:/home/user/dev_ws/src/install/csm:/home/user/dev_ws/src/install/amr_bot:/home/user/ros2_ws/install/slam_gmapping:/home/user/ros2_ws/install/serial:/home/user/ros2_ws/install/rtabmap_ros:/home/user/ros2_ws/install/rtabmap_launch:/home/user/ros2_ws/install/rtabmap_examples:/home/user/ros2_ws/install/rtabmap_demos:/home/user/ros2_ws/install/rtabmap_viz:/home/user/ros2_ws/install/rtabmap_slam:/home/user/ros2_ws/install/rtabmap_odom:/home/user/ros2_ws/install/rtabmap_util:/home/user/ros2_ws/install/rtabmap_sync:/home/user/ros2_ws/install/rtabmap_rviz_plugins:/home/user/ros2_ws/install/rtabmap_conversions:/home/user/ros2_ws/install/rtabmap_python:/opt/ros/humble:/home/user/ros2_ws/install/rtabmap_msgs:/home/user/ros2_ws/install/rtabmap:/home/user/ros2_ws/install/roboteq_ros2_driver:/home/user/ros2_ws/install/realsense2_description:/home/user/ros2_ws/install/realsense2_camera:/home/user/ros2_ws/install/openslam_gmapping:/home/user/ros2_ws/install/lslidar_driver:/home/user/ros2_ws/install/lslidar_msgs:/home/user/ros2_ws/install/amr_bot LD_LIBRARY_PATH=/home/user/ros2_ws/install/realsense2_camera_msgs/lib:/home/user/dev_ws/src/install/realsense2_camera/lib:/home/user/dev_ws/src/install/realsense2_camera_msgs/lib:/home/user/dev_ws/src/install/lslidar_msgs/lib:/home/user/dev_ws/src/install/csm/lib:/home/user/ros2_ws/install/serial/lib:/home/user/ros2_ws/install/rtabmap_slam/lib:/home/user/ros2_ws/install/rtabmap_odom/lib:/home/user/ros2_ws/install/rtabmap_util/lib:/home/user/ros2_ws/install/rtabmap_sync/lib:/home/user/ros2_ws/install/rtabmap_rviz_plugins/lib:/home/user/ros2_ws/install/rtabmap_conversions/lib:/home/user/ros2_ws/install/rtabmap_msgs/lib:/home/user/ros2_ws/install/rtabmap/lib:/home/user/ros2_ws/install/realsense2_camera/lib:/home/user/ros2_ws/install/openslam_gmapping/lib:/home/user/ros2_ws/install/lslidar_msgs/lib:/usr/lib/x86_64-linux-gnu/gazebo-11/plugins:/opt/ros/humble/opt/rviz_ogre_vendor/lib:/opt/ros/humble/lib/x86_64-linux-gnu:/opt/ros/humble/lib /usr/bin/cmake /home/user/ros2_ws/src/realsense-ros/realsense2_camera -DCMAKE_BUILD_TYPE=Release -DAMENT_CMAKE_SYMLINK_INSTALL=1 -DCMAKE_INSTALL_PREFIX=/home/user/ros2_ws/install/realsense2_camera
[0.047s] -- Create Release Build.
[0.047s] -- Found ament_cmake: 1.3.7 (/opt/ros/humble/share/ament_cmake/cmake)
[0.134s] -- Override CMake install command with custom implementation using symlinks instead of copying resources
[0.138s] -- Found builtin_interfaces: 1.2.1 (/opt/ros/humble/share/builtin_interfaces/cmake)
[0.152s] -- Found rosidl_generator_c: 3.1.5 (/opt/ros/humble/share/rosidl_generator_c/cmake)
[0.153s] -- Found rosidl_adapter: 3.1.5 (/opt/ros/humble/share/rosidl_adapter/cmake)
[0.156s] -- Found rosidl_generator_cpp: 3.1.5 (/opt/ros/humble/share/rosidl_generator_cpp/cmake)
[0.163s] -- Using all available rosidl_typesupport_c: rosidl_typesupport_fastrtps_c;rosidl_typesupport_introspection_c
[0.171s] -- Using all available rosidl_typesupport_cpp: rosidl_typesupport_fastrtps_cpp;rosidl_typesupport_introspection_cpp
[0.180s] -- Found cv_bridge: 3.2.1 (/opt/ros/humble/share/cv_bridge/cmake)
[0.293s] -- Found image_transport: 3.1.8 (/opt/ros/humble/share/image_transport/cmake)
[0.321s] -- Found rmw_implementation_cmake: 6.1.1 (/opt/ros/humble/share/rmw_implementation_cmake/cmake)
[0.322s] -- Found rmw_fastrtps_cpp: 6.2.6 (/opt/ros/humble/share/rmw_fastrtps_cpp/cmake)
[0.400s] -- Using RMW implementation 'rmw_fastrtps_cpp' as default
[0.499s] -- Found rclcpp_components: 16.0.8 (/opt/ros/humble/share/rclcpp_components/cmake)
[0.529s] -- Found realsense2_camera_msgs: 4.54.1 (/home/user/ros2_ws/install/realsense2_camera_msgs/share/realsense2_camera_msgs/cmake)
[0.589s] -- Found nav_msgs: 4.2.3 (/opt/ros/humble/share/nav_msgs/cmake)
[0.635s] -- Found tf2_ros: 0.25.5 (/opt/ros/humble/share/tf2_ros/cmake)
[0.777s] -- Found diagnostic_updater: 3.1.2 (/opt/ros/humble/share/diagnostic_updater/cmake)
[0.813s] -- Build for ROS2 Humble
[0.821s] -- Found ament_cmake_gtest: 1.3.7 (/opt/ros/humble/share/ament_cmake_gtest/cmake)
[0.822s] -- Found gtest sources under '/opt/ros/humble/src/gtest_vendor': C++ tests using 'Google Test' will be built
[0.825s] -- Found ament_cmake_pytest: 1.3.7 (/opt/ros/humble/share/ament_cmake_pytest/cmake)
[2.601s] -- rs_device_info:
[2.602s] -- Device Name                   Serial Number       Firmware Version    
[2.602s] Intel RealSense D435I         241222072996        5.15.1              
[2.602s] 
[2.602s] -- D455 device found
[4.046s] -- Configuring done
[4.062s] -- Generating done
[4.064s] -- Build files have been written to: /home/user/ros2_ws/build/realsense2_camera
[4.072s] Invoked command in '/home/user/ros2_ws/build/realsense2_camera' returned '0': CMAKE_PREFIX_PATH=/home/user/ros2_ws/install/realsense2_camera_msgs:/home/user/dev_ws/src/install/ros2_laser_scan_matcher:/home/user/dev_ws/src/install/roboteq_ros2_driver:/home/user/dev_ws/src/install/realsense2_description:/home/user/dev_ws/src/install/realsense2_camera:/home/user/dev_ws/src/install/realsense2_camera_msgs:/home/user/dev_ws/src/install/lslidar_driver:/home/user/dev_ws/src/install/lslidar_msgs:/home/user/dev_ws/src/install/lidar_odometry:/home/user/dev_ws/src/install/csm:/home/user/dev_ws/src/install/amr_bot:/home/user/ros2_ws/install/slam_gmapping:/home/user/ros2_ws/install/serial:/home/user/ros2_ws/install/rtabmap_ros:/home/user/ros2_ws/install/rtabmap_launch:/home/user/ros2_ws/install/rtabmap_examples:/home/user/ros2_ws/install/rtabmap_demos:/home/user/ros2_ws/install/rtabmap_viz:/home/user/ros2_ws/install/rtabmap_slam:/home/user/ros2_ws/install/rtabmap_odom:/home/user/ros2_ws/install/rtabmap_util:/home/user/ros2_ws/install/rtabmap_sync:/home/user/ros2_ws/install/rtabmap_rviz_plugins:/home/user/ros2_ws/install/rtabmap_conversions:/home/user/ros2_ws/install/rtabmap_python:/opt/ros/humble:/home/user/ros2_ws/install/rtabmap_msgs:/home/user/ros2_ws/install/rtabmap:/home/user/ros2_ws/install/roboteq_ros2_driver:/home/user/ros2_ws/install/realsense2_description:/home/user/ros2_ws/install/realsense2_camera:/home/user/ros2_ws/install/openslam_gmapping:/home/user/ros2_ws/install/lslidar_driver:/home/user/ros2_ws/install/lslidar_msgs:/home/user/ros2_ws/install/amr_bot LD_LIBRARY_PATH=/home/user/ros2_ws/install/realsense2_camera_msgs/lib:/home/user/dev_ws/src/install/realsense2_camera/lib:/home/user/dev_ws/src/install/realsense2_camera_msgs/lib:/home/user/dev_ws/src/install/lslidar_msgs/lib:/home/user/dev_ws/src/install/csm/lib:/home/user/ros2_ws/install/serial/lib:/home/user/ros2_ws/install/rtabmap_slam/lib:/home/user/ros2_ws/install/rtabmap_odom/lib:/home/user/ros2_ws/install/rtabmap_util/lib:/home/user/ros2_ws/install/rtabmap_sync/lib:/home/user/ros2_ws/install/rtabmap_rviz_plugins/lib:/home/user/ros2_ws/install/rtabmap_conversions/lib:/home/user/ros2_ws/install/rtabmap_msgs/lib:/home/user/ros2_ws/install/rtabmap/lib:/home/user/ros2_ws/install/realsense2_camera/lib:/home/user/ros2_ws/install/openslam_gmapping/lib:/home/user/ros2_ws/install/lslidar_msgs/lib:/usr/lib/x86_64-linux-gnu/gazebo-11/plugins:/opt/ros/humble/opt/rviz_ogre_vendor/lib:/opt/ros/humble/lib/x86_64-linux-gnu:/opt/ros/humble/lib /usr/bin/cmake /home/user/ros2_ws/src/realsense-ros/realsense2_camera -DCMAKE_BUILD_TYPE=Release -DAMENT_CMAKE_SYMLINK_INSTALL=1 -DCMAKE_INSTALL_PREFIX=/home/user/ros2_ws/install/realsense2_camera
[4.072s] Invoking command in '/home/user/ros2_ws/build/realsense2_camera': CMAKE_PREFIX_PATH=/home/user/ros2_ws/install/realsense2_camera_msgs:/home/user/dev_ws/src/install/ros2_laser_scan_matcher:/home/user/dev_ws/src/install/roboteq_ros2_driver:/home/user/dev_ws/src/install/realsense2_description:/home/user/dev_ws/src/install/realsense2_camera:/home/user/dev_ws/src/install/realsense2_camera_msgs:/home/user/dev_ws/src/install/lslidar_driver:/home/user/dev_ws/src/install/lslidar_msgs:/home/user/dev_ws/src/install/lidar_odometry:/home/user/dev_ws/src/install/csm:/home/user/dev_ws/src/install/amr_bot:/home/user/ros2_ws/install/slam_gmapping:/home/user/ros2_ws/install/serial:/home/user/ros2_ws/install/rtabmap_ros:/home/user/ros2_ws/install/rtabmap_launch:/home/user/ros2_ws/install/rtabmap_examples:/home/user/ros2_ws/install/rtabmap_demos:/home/user/ros2_ws/install/rtabmap_viz:/home/user/ros2_ws/install/rtabmap_slam:/home/user/ros2_ws/install/rtabmap_odom:/home/user/ros2_ws/install/rtabmap_util:/home/user/ros2_ws/install/rtabmap_sync:/home/user/ros2_ws/install/rtabmap_rviz_plugins:/home/user/ros2_ws/install/rtabmap_conversions:/home/user/ros2_ws/install/rtabmap_python:/opt/ros/humble:/home/user/ros2_ws/install/rtabmap_msgs:/home/user/ros2_ws/install/rtabmap:/home/user/ros2_ws/install/roboteq_ros2_driver:/home/user/ros2_ws/install/realsense2_description:/home/user/ros2_ws/install/realsense2_camera:/home/user/ros2_ws/install/openslam_gmapping:/home/user/ros2_ws/install/lslidar_driver:/home/user/ros2_ws/install/lslidar_msgs:/home/user/ros2_ws/install/amr_bot LD_LIBRARY_PATH=/home/user/ros2_ws/install/realsense2_camera_msgs/lib:/home/user/dev_ws/src/install/realsense2_camera/lib:/home/user/dev_ws/src/install/realsense2_camera_msgs/lib:/home/user/dev_ws/src/install/lslidar_msgs/lib:/home/user/dev_ws/src/install/csm/lib:/home/user/ros2_ws/install/serial/lib:/home/user/ros2_ws/install/rtabmap_slam/lib:/home/user/ros2_ws/install/rtabmap_odom/lib:/home/user/ros2_ws/install/rtabmap_util/lib:/home/user/ros2_ws/install/rtabmap_sync/lib:/home/user/ros2_ws/install/rtabmap_rviz_plugins/lib:/home/user/ros2_ws/install/rtabmap_conversions/lib:/home/user/ros2_ws/install/rtabmap_msgs/lib:/home/user/ros2_ws/install/rtabmap/lib:/home/user/ros2_ws/install/realsense2_camera/lib:/home/user/ros2_ws/install/openslam_gmapping/lib:/home/user/ros2_ws/install/lslidar_msgs/lib:/usr/lib/x86_64-linux-gnu/gazebo-11/plugins:/opt/ros/humble/opt/rviz_ogre_vendor/lib:/opt/ros/humble/lib/x86_64-linux-gnu:/opt/ros/humble/lib /usr/bin/cmake --build /home/user/ros2_ws/build/realsense2_camera
[4.110s] [35m[1mConsolidate compiler generated dependencies of target realsense2_camera[0m
[4.139s] [ 63%] Built target realsense2_camera
[4.147s] [35m[1mConsolidate compiler generated dependencies of target realsense2_camera_node[0m
[4.158s] [ 72%] Built target realsense2_camera_node
[4.167s] [35m[1mConsolidate compiler generated dependencies of target gtest_main[0m
[4.176s] [ 81%] Built target gtest_main
[4.183s] [35m[1mConsolidate compiler generated dependencies of target gtest[0m
[4.192s] [ 90%] Built target gtest
[4.199s] [35m[1mConsolidate compiler generated dependencies of target gtest_template[0m
[4.207s] [100%] Built target gtest_template
[4.214s] Invoked command in '/home/user/ros2_ws/build/realsense2_camera' returned '0': CMAKE_PREFIX_PATH=/home/user/ros2_ws/install/realsense2_camera_msgs:/home/user/dev_ws/src/install/ros2_laser_scan_matcher:/home/user/dev_ws/src/install/roboteq_ros2_driver:/home/user/dev_ws/src/install/realsense2_description:/home/user/dev_ws/src/install/realsense2_camera:/home/user/dev_ws/src/install/realsense2_camera_msgs:/home/user/dev_ws/src/install/lslidar_driver:/home/user/dev_ws/src/install/lslidar_msgs:/home/user/dev_ws/src/install/lidar_odometry:/home/user/dev_ws/src/install/csm:/home/user/dev_ws/src/install/amr_bot:/home/user/ros2_ws/install/slam_gmapping:/home/user/ros2_ws/install/serial:/home/user/ros2_ws/install/rtabmap_ros:/home/user/ros2_ws/install/rtabmap_launch:/home/user/ros2_ws/install/rtabmap_examples:/home/user/ros2_ws/install/rtabmap_demos:/home/user/ros2_ws/install/rtabmap_viz:/home/user/ros2_ws/install/rtabmap_slam:/home/user/ros2_ws/install/rtabmap_odom:/home/user/ros2_ws/install/rtabmap_util:/home/user/ros2_ws/install/rtabmap_sync:/home/user/ros2_ws/install/rtabmap_rviz_plugins:/home/user/ros2_ws/install/rtabmap_conversions:/home/user/ros2_ws/install/rtabmap_python:/opt/ros/humble:/home/user/ros2_ws/install/rtabmap_msgs:/home/user/ros2_ws/install/rtabmap:/home/user/ros2_ws/install/roboteq_ros2_driver:/home/user/ros2_ws/install/realsense2_description:/home/user/ros2_ws/install/realsense2_camera:/home/user/ros2_ws/install/openslam_gmapping:/home/user/ros2_ws/install/lslidar_driver:/home/user/ros2_ws/install/lslidar_msgs:/home/user/ros2_ws/install/amr_bot LD_LIBRARY_PATH=/home/user/ros2_ws/install/realsense2_camera_msgs/lib:/home/user/dev_ws/src/install/realsense2_camera/lib:/home/user/dev_ws/src/install/realsense2_camera_msgs/lib:/home/user/dev_ws/src/install/lslidar_msgs/lib:/home/user/dev_ws/src/install/csm/lib:/home/user/ros2_ws/install/serial/lib:/home/user/ros2_ws/install/rtabmap_slam/lib:/home/user/ros2_ws/install/rtabmap_odom/lib:/home/user/ros2_ws/install/rtabmap_util/lib:/home/user/ros2_ws/install/rtabmap_sync/lib:/home/user/ros2_ws/install/rtabmap_rviz_plugins/lib:/home/user/ros2_ws/install/rtabmap_conversions/lib:/home/user/ros2_ws/install/rtabmap_msgs/lib:/home/user/ros2_ws/install/rtabmap/lib:/home/user/ros2_ws/install/realsense2_camera/lib:/home/user/ros2_ws/install/openslam_gmapping/lib:/home/user/ros2_ws/install/lslidar_msgs/lib:/usr/lib/x86_64-linux-gnu/gazebo-11/plugins:/opt/ros/humble/opt/rviz_ogre_vendor/lib:/opt/ros/humble/lib/x86_64-linux-gnu:/opt/ros/humble/lib /usr/bin/cmake --build /home/user/ros2_ws/build/realsense2_camera
[4.260s] Invoking command in '/home/user/ros2_ws/build/realsense2_camera': CMAKE_PREFIX_PATH=/home/user/ros2_ws/install/realsense2_camera_msgs:/home/user/dev_ws/src/install/ros2_laser_scan_matcher:/home/user/dev_ws/src/install/roboteq_ros2_driver:/home/user/dev_ws/src/install/realsense2_description:/home/user/dev_ws/src/install/realsense2_camera:/home/user/dev_ws/src/install/realsense2_camera_msgs:/home/user/dev_ws/src/install/lslidar_driver:/home/user/dev_ws/src/install/lslidar_msgs:/home/user/dev_ws/src/install/lidar_odometry:/home/user/dev_ws/src/install/csm:/home/user/dev_ws/src/install/amr_bot:/home/user/ros2_ws/install/slam_gmapping:/home/user/ros2_ws/install/serial:/home/user/ros2_ws/install/rtabmap_ros:/home/user/ros2_ws/install/rtabmap_launch:/home/user/ros2_ws/install/rtabmap_examples:/home/user/ros2_ws/install/rtabmap_demos:/home/user/ros2_ws/install/rtabmap_viz:/home/user/ros2_ws/install/rtabmap_slam:/home/user/ros2_ws/install/rtabmap_odom:/home/user/ros2_ws/install/rtabmap_util:/home/user/ros2_ws/install/rtabmap_sync:/home/user/ros2_ws/install/rtabmap_rviz_plugins:/home/user/ros2_ws/install/rtabmap_conversions:/home/user/ros2_ws/install/rtabmap_python:/opt/ros/humble:/home/user/ros2_ws/install/rtabmap_msgs:/home/user/ros2_ws/install/rtabmap:/home/user/ros2_ws/install/roboteq_ros2_driver:/home/user/ros2_ws/install/realsense2_description:/home/user/ros2_ws/install/realsense2_camera:/home/user/ros2_ws/install/openslam_gmapping:/home/user/ros2_ws/install/lslidar_driver:/home/user/ros2_ws/install/lslidar_msgs:/home/user/ros2_ws/install/amr_bot LD_LIBRARY_PATH=/home/user/ros2_ws/install/realsense2_camera_msgs/lib:/home/user/dev_ws/src/install/realsense2_camera/lib:/home/user/dev_ws/src/install/realsense2_camera_msgs/lib:/home/user/dev_ws/src/install/lslidar_msgs/lib:/home/user/dev_ws/src/install/csm/lib:/home/user/ros2_ws/install/serial/lib:/home/user/ros2_ws/install/rtabmap_slam/lib:/home/user/ros2_ws/install/rtabmap_odom/lib:/home/user/ros2_ws/install/rtabmap_util/lib:/home/user/ros2_ws/install/rtabmap_sync/lib:/home/user/ros2_ws/install/rtabmap_rviz_plugins/lib:/home/user/ros2_ws/install/rtabmap_conversions/lib:/home/user/ros2_ws/install/rtabmap_msgs/lib:/home/user/ros2_ws/install/rtabmap/lib:/home/user/ros2_ws/install/realsense2_camera/lib:/home/user/ros2_ws/install/openslam_gmapping/lib:/home/user/ros2_ws/install/lslidar_msgs/lib:/usr/lib/x86_64-linux-gnu/gazebo-11/plugins:/opt/ros/humble/opt/rviz_ogre_vendor/lib:/opt/ros/humble/lib/x86_64-linux-gnu:/opt/ros/humble/lib /usr/bin/cmake --install /home/user/ros2_ws/build/realsense2_camera
[4.266s] -- Install configuration: "Release"
[4.266s] -- Execute custom install script
[4.266s] -- Up-to-date symlink: /home/user/ros2_ws/install/realsense2_camera/lib/realsense2_camera/realsense2_camera_node
[4.266s] -- Up-to-date symlink: /home/user/ros2_ws/install/realsense2_camera/lib/librealsense2_camera.so
[4.267s] -- Up-to-date symlink: /home/user/ros2_ws/install/realsense2_camera/include/base_realsense_node.h
[4.267s] -- Up-to-date symlink: /home/user/ros2_ws/install/realsense2_camera/include/constants.h
[4.267s] -- Up-to-date symlink: /home/user/ros2_ws/install/realsense2_camera/include/dynamic_params.h
[4.267s] -- Up-to-date symlink: /home/user/ros2_ws/install/realsense2_camera/include/image_publisher.h
[4.267s] -- Up-to-date symlink: /home/user/ros2_ws/install/realsense2_camera/include/named_filter.h
[4.267s] -- Up-to-date symlink: /home/user/ros2_ws/install/realsense2_camera/include/profile_manager.h
[4.267s] -- Up-to-date symlink: /home/user/ros2_ws/install/realsense2_camera/include/realsense_node_factory.h
[4.267s] -- Up-to-date symlink: /home/user/ros2_ws/install/realsense2_camera/include/ros_param_backend.h
[4.267s] -- Up-to-date symlink: /home/user/ros2_ws/install/realsense2_camera/include/ros_sensor.h
[4.267s] -- Up-to-date symlink: /home/user/ros2_ws/install/realsense2_camera/include/ros_utils.h
[4.267s] -- Up-to-date symlink: /home/user/ros2_ws/install/realsense2_camera/include/sensor_params.h
[4.268s] -- Up-to-date symlink: /home/user/ros2_ws/install/realsense2_camera/share/realsense2_camera/launch/default.rviz
[4.268s] -- Up-to-date symlink: /home/user/ros2_ws/install/realsense2_camera/share/realsense2_camera/launch/orient_yaml.yaml
[4.268s] -- Up-to-date symlink: /home/user/ros2_ws/install/realsense2_camera/share/realsense2_camera/launch/orientation.launch
[4.268s] -- Up-to-date symlink: /home/user/ros2_ws/install/realsense2_camera/share/realsense2_camera/launch/orientation1.launch
[4.268s] -- Up-to-date symlink: /home/user/ros2_ws/install/realsense2_camera/share/realsense2_camera/launch/rs_intra_process_demo_launch.py
[4.268s] -- Up-to-date symlink: /home/user/ros2_ws/install/realsense2_camera/share/realsense2_camera/launch/rs_launch.py
[4.268s] -- Up-to-date symlink: /home/user/ros2_ws/install/realsense2_camera/share/realsense2_camera/launch/rs_multi_camera_launch.py
[4.268s] -- Up-to-date symlink: /home/user/ros2_ws/install/realsense2_camera/share/realsense2_camera/examples/align_depth/README.md
[4.268s] -- Up-to-date symlink: /home/user/ros2_ws/install/realsense2_camera/share/realsense2_camera/examples/align_depth/rs_align_depth_launch.py
[4.268s] -- Up-to-date symlink: /home/user/ros2_ws/install/realsense2_camera/share/realsense2_camera/examples/dual_camera/README.md
[4.269s] -- Up-to-date symlink: /home/user/ros2_ws/install/realsense2_camera/share/realsense2_camera/examples/dual_camera/rs_dual_camera_launch.py
[4.269s] -- Up-to-date symlink: /home/user/ros2_ws/install/realsense2_camera/share/realsense2_camera/examples/dual_camera/rviz/dual_camera_pointcloud.rviz
[4.269s] -- Up-to-date symlink: /home/user/ros2_ws/install/realsense2_camera/share/realsense2_camera/examples/launch_from_rosbag/README.md
[4.269s] -- Up-to-date symlink: /home/user/ros2_ws/install/realsense2_camera/share/realsense2_camera/examples/launch_from_rosbag/rs_launch_from_rosbag.py
[4.269s] -- Up-to-date symlink: /home/user/ros2_ws/install/realsense2_camera/share/realsense2_camera/examples/launch_params_from_file/README.md
[4.269s] -- Up-to-date symlink: /home/user/ros2_ws/install/realsense2_camera/share/realsense2_camera/examples/launch_params_from_file/config/config.yaml
[4.269s] -- Up-to-date symlink: /home/user/ros2_ws/install/realsense2_camera/share/realsense2_camera/examples/launch_params_from_file/rs_launch_get_params_from_yaml.py
[4.269s] -- Up-to-date symlink: /home/user/ros2_ws/install/realsense2_camera/share/realsense2_camera/examples/pointcloud/README.md
[4.269s] -- Up-to-date symlink: /home/user/ros2_ws/install/realsense2_camera/share/realsense2_camera/examples/pointcloud/rs_d405_pointcloud_launch.py
[4.269s] -- Up-to-date symlink: /home/user/ros2_ws/install/realsense2_camera/share/realsense2_camera/examples/pointcloud/rs_d455_pointcloud_launch.py
[4.269s] -- Up-to-date symlink: /home/user/ros2_ws/install/realsense2_camera/share/realsense2_camera/examples/pointcloud/rs_pointcloud_launch.py
[4.269s] -- Up-to-date symlink: /home/user/ros2_ws/install/realsense2_camera/share/realsense2_camera/examples/pointcloud/rviz/pointcloud.rviz
[4.269s] -- Up-to-date symlink: /home/user/ros2_ws/install/realsense2_camera/share/realsense2_camera/examples/pointcloud/rviz/urdf_pointcloud.rviz
[4.270s] -- Up-to-date symlink: /home/user/ros2_ws/install/realsense2_camera/share/realsense2_camera/environment/library_path.sh
[4.270s] -- Up-to-date symlink: /home/user/ros2_ws/install/realsense2_camera/share/realsense2_camera/environment/library_path.dsv
[4.270s] -- Up-to-date symlink: /home/user/ros2_ws/install/realsense2_camera/share/ament_index/resource_index/package_run_dependencies/realsense2_camera
[4.270s] -- Up-to-date symlink: /home/user/ros2_ws/install/realsense2_camera/share/ament_index/resource_index/parent_prefix_path/realsense2_camera
[4.270s] -- Up-to-date symlink: /home/user/ros2_ws/install/realsense2_camera/share/realsense2_camera/environment/ament_prefix_path.sh
[4.270s] -- Up-to-date symlink: /home/user/ros2_ws/install/realsense2_camera/share/realsense2_camera/environment/ament_prefix_path.dsv
[4.270s] -- Up-to-date symlink: /home/user/ros2_ws/install/realsense2_camera/share/realsense2_camera/environment/path.sh
[4.270s] -- Up-to-date symlink: /home/user/ros2_ws/install/realsense2_camera/share/realsense2_camera/environment/path.dsv
[4.270s] -- Up-to-date symlink: /home/user/ros2_ws/install/realsense2_camera/share/realsense2_camera/local_setup.bash
[4.270s] -- Up-to-date symlink: /home/user/ros2_ws/install/realsense2_camera/share/realsense2_camera/local_setup.sh
[4.270s] -- Up-to-date symlink: /home/user/ros2_ws/install/realsense2_camera/share/realsense2_camera/local_setup.zsh
[4.271s] -- Up-to-date symlink: /home/user/ros2_ws/install/realsense2_camera/share/realsense2_camera/local_setup.dsv
[4.271s] -- Symlinking: /home/user/ros2_ws/install/realsense2_camera/share/realsense2_camera/package.dsv
[4.277s] -- Up-to-date symlink: /home/user/ros2_ws/install/realsense2_camera/share/ament_index/resource_index/packages/realsense2_camera
[4.277s] -- Up-to-date symlink: /home/user/ros2_ws/install/realsense2_camera/share/ament_index/resource_index/rclcpp_components/realsense2_camera
[4.277s] -- Up-to-date symlink: /home/user/ros2_ws/install/realsense2_camera/share/realsense2_camera/cmake/ament_cmake_export_include_directories-extras.cmake
[4.277s] -- Up-to-date symlink: /home/user/ros2_ws/install/realsense2_camera/share/realsense2_camera/cmake/ament_cmake_export_libraries-extras.cmake
[4.277s] -- Up-to-date symlink: /home/user/ros2_ws/install/realsense2_camera/share/realsense2_camera/cmake/ament_cmake_export_dependencies-extras.cmake
[4.277s] -- Up-to-date symlink: /home/user/ros2_ws/install/realsense2_camera/share/realsense2_camera/cmake/realsense2_cameraConfig.cmake
[4.277s] -- Up-to-date symlink: /home/user/ros2_ws/install/realsense2_camera/share/realsense2_camera/cmake/realsense2_cameraConfig-version.cmake
[4.277s] -- Up-to-date symlink: /home/user/ros2_ws/install/realsense2_camera/share/realsense2_camera/package.xml
[4.279s] Invoked command in '/home/user/ros2_ws/build/realsense2_camera' returned '0': CMAKE_PREFIX_PATH=/home/user/ros2_ws/install/realsense2_camera_msgs:/home/user/dev_ws/src/install/ros2_laser_scan_matcher:/home/user/dev_ws/src/install/roboteq_ros2_driver:/home/user/dev_ws/src/install/realsense2_description:/home/user/dev_ws/src/install/realsense2_camera:/home/user/dev_ws/src/install/realsense2_camera_msgs:/home/user/dev_ws/src/install/lslidar_driver:/home/user/dev_ws/src/install/lslidar_msgs:/home/user/dev_ws/src/install/lidar_odometry:/home/user/dev_ws/src/install/csm:/home/user/dev_ws/src/install/amr_bot:/home/user/ros2_ws/install/slam_gmapping:/home/user/ros2_ws/install/serial:/home/user/ros2_ws/install/rtabmap_ros:/home/user/ros2_ws/install/rtabmap_launch:/home/user/ros2_ws/install/rtabmap_examples:/home/user/ros2_ws/install/rtabmap_demos:/home/user/ros2_ws/install/rtabmap_viz:/home/user/ros2_ws/install/rtabmap_slam:/home/user/ros2_ws/install/rtabmap_odom:/home/user/ros2_ws/install/rtabmap_util:/home/user/ros2_ws/install/rtabmap_sync:/home/user/ros2_ws/install/rtabmap_rviz_plugins:/home/user/ros2_ws/install/rtabmap_conversions:/home/user/ros2_ws/install/rtabmap_python:/opt/ros/humble:/home/user/ros2_ws/install/rtabmap_msgs:/home/user/ros2_ws/install/rtabmap:/home/user/ros2_ws/install/roboteq_ros2_driver:/home/user/ros2_ws/install/realsense2_description:/home/user/ros2_ws/install/realsense2_camera:/home/user/ros2_ws/install/openslam_gmapping:/home/user/ros2_ws/install/lslidar_driver:/home/user/ros2_ws/install/lslidar_msgs:/home/user/ros2_ws/install/amr_bot LD_LIBRARY_PATH=/home/user/ros2_ws/install/realsense2_camera_msgs/lib:/home/user/dev_ws/src/install/realsense2_camera/lib:/home/user/dev_ws/src/install/realsense2_camera_msgs/lib:/home/user/dev_ws/src/install/lslidar_msgs/lib:/home/user/dev_ws/src/install/csm/lib:/home/user/ros2_ws/install/serial/lib:/home/user/ros2_ws/install/rtabmap_slam/lib:/home/user/ros2_ws/install/rtabmap_odom/lib:/home/user/ros2_ws/install/rtabmap_util/lib:/home/user/ros2_ws/install/rtabmap_sync/lib:/home/user/ros2_ws/install/rtabmap_rviz_plugins/lib:/home/user/ros2_ws/install/rtabmap_conversions/lib:/home/user/ros2_ws/install/rtabmap_msgs/lib:/home/user/ros2_ws/install/rtabmap/lib:/home/user/ros2_ws/install/realsense2_camera/lib:/home/user/ros2_ws/install/openslam_gmapping/lib:/home/user/ros2_ws/install/lslidar_msgs/lib:/usr/lib/x86_64-linux-gnu/gazebo-11/plugins:/opt/ros/humble/opt/rviz_ogre_vendor/lib:/opt/ros/humble/lib/x86_64-linux-gnu:/opt/ros/humble/lib /usr/bin/cmake --install /home/user/ros2_ws/build/realsense2_camera
