[0.044s] Invoking command in '/home/user/ros2_ws/build/nav2_behavior_tree': CMAKE_PREFIX_PATH=/home/user/ros2_ws/install/nav2_util:/home/user/ros2_ws/install/nav2_msgs:/home/user/ros2_ws/install/nav2_common:/home/user/ros2_ws/install/rtabmap_ros:/home/user/ros2_ws/install/rtabmap_demos:/home/user/ros2_ws/install/nav2_system_tests:/home/user/ros2_ws/install/nav2_bringup:/home/user/ros2_ws/install/slam_toolbox:/home/user/ros2_ws/install/slam_gmapping:/home/user/ros2_ws/install/serial:/home/user/ros2_ws/install/imu_tools:/home/user/ros2_ws/install/rviz_imu_plugin:/home/user/ros2_ws/install/rtabmap_launch:/home/user/ros2_ws/install/rtabmap_examples:/home/user/ros2_ws/install/rtabmap_viz:/home/user/ros2_ws/install/rtabmap_slam:/home/user/ros2_ws/install/rtabmap_odom:/home/user/ros2_ws/install/rtabmap_util:/home/user/ros2_ws/install/rtabmap_sync:/home/user/ros2_ws/install/rtabmap_rviz_plugins:/home/user/ros2_ws/install/rtabmap_conversions:/home/user/ros2_ws/install/rtabmap_python:/home/user/ros2_ws/install/nav2_simple_commander:/opt/ros/humble:/home/user/ros2_ws/install/rtabmap_msgs:/home/user/ros2_ws/install/rtabmap:/home/user/ros2_ws/install/roboteq_ros2_driver:/home/user/ros2_ws/install/realsense2_description:/home/user/ros2_ws/install/realsense2_camera:/home/user/ros2_ws/install/realsense2_camera_msgs:/home/user/ros2_ws/install/openslam_gmapping:/home/user/ros2_ws/install/navigation2:/home/user/ros2_ws/install/nav2_smoother:/home/user/ros2_ws/install/nav2_graceful_controller:/home/user/ros2_ws/install/nav2_dwb_controller:/home/user/ros2_ws/install/nav2_controller:/home/user/ros2_ws/install/dwb_plugins:/home/user/ros2_ws/install/dwb_critics:/home/user/ros2_ws/install/dwb_core:/home/user/ros2_ws/install/nav_2d_utils:/home/user/ros2_ws/install/dwb_msgs:/home/user/ros2_ws/install/nav_2d_msgs:/home/user/ros2_ws/install/nav2_waypoint_follower:/home/user/ros2_ws/install/nav2_theta_star_planner:/home/user/ros2_ws/install/nav2_smac_planner:/home/user/ros2_ws/install/nav2_rotation_shim_controller:/home/user/ros2_ws/install/nav2_regulated_pure_pursuit_controller:/home/user/ros2_ws/install/nav2_planner:/home/user/ros2_ws/install/nav2_navfn_planner:/home/user/ros2_ws/install/nav2_mppi_controller:/home/user/ros2_ws/install/nav2_constrained_smoother:/home/user/ros2_ws/install/nav2_bt_navigator:/home/user/ros2_ws/install/nav2_behaviors:/home/user/ros2_ws/install/nav2_core:/home/user/ros2_ws/install/nav2_collision_monitor:/home/user/ros2_ws/install/costmap_queue:/home/user/ros2_ws/install/nav2_costmap_2d:/home/user/ros2_ws/install/nav2_voxel_grid:/home/user/ros2_ws/install/nav2_velocity_smoother:/home/user/ros2_ws/install/nav2_rviz_plugins:/home/user/ros2_ws/install/nav2_map_server:/home/user/ros2_ws/install/nav2_lifecycle_manager:/home/user/ros2_ws/install/nav2_behavior_tree:/home/user/ros2_ws/install/nav2_amcl:/home/user/ros2_ws/install/lslidar_driver:/home/user/ros2_ws/install/lslidar_msgs:/home/user/ros2_ws/install/imu_filter_madgwick:/home/user/ros2_ws/install/imu_complementary_filter:/home/user/ros2_ws/install/amr_bot LD_LIBRARY_PATH=/home/user/ros2_ws/install/nav2_util/lib:/home/user/ros2_ws/install/nav2_msgs/lib:/home/user/ros2_ws/install/slam_toolbox/lib:/home/user/ros2_ws/install/serial/lib:/home/user/ros2_ws/install/rviz_imu_plugin/lib:/home/user/ros2_ws/install/rtabmap_slam/lib:/home/user/ros2_ws/install/rtabmap_odom/lib:/home/user/ros2_ws/install/rtabmap_util/lib:/home/user/ros2_ws/install/rtabmap_sync/lib:/home/user/ros2_ws/install/rtabmap_rviz_plugins/lib:/home/user/ros2_ws/install/rtabmap_conversions/lib:/home/user/ros2_ws/install/rtabmap_msgs/lib:/home/user/ros2_ws/install/rtabmap/lib:/home/user/ros2_ws/install/realsense2_camera/lib:/home/user/ros2_ws/install/realsense2_camera_msgs/lib:/home/user/ros2_ws/install/openslam_gmapping/lib:/home/user/ros2_ws/install/nav2_smoother/lib:/home/user/ros2_ws/install/nav2_graceful_controller/lib:/home/user/ros2_ws/install/nav2_controller/lib:/home/user/ros2_ws/install/dwb_plugins/lib:/home/user/ros2_ws/install/dwb_critics/lib:/home/user/ros2_ws/install/dwb_core/lib:/home/user/ros2_ws/install/nav_2d_utils/lib:/home/user/ros2_ws/install/dwb_msgs/lib:/home/user/ros2_ws/install/nav_2d_msgs/lib:/home/user/ros2_ws/install/nav2_waypoint_follower/lib:/home/user/ros2_ws/install/nav2_theta_star_planner/lib:/home/user/ros2_ws/install/nav2_smac_planner/lib:/home/user/ros2_ws/install/nav2_rotation_shim_controller/lib:/home/user/ros2_ws/install/nav2_regulated_pure_pursuit_controller/lib:/home/user/ros2_ws/install/nav2_planner/lib:/home/user/ros2_ws/install/nav2_navfn_planner/lib:/home/user/ros2_ws/install/nav2_mppi_controller/lib:/home/user/ros2_ws/install/nav2_constrained_smoother/lib:/home/user/ros2_ws/install/nav2_bt_navigator/lib:/home/user/ros2_ws/install/nav2_behaviors/lib:/home/user/ros2_ws/install/nav2_collision_monitor/lib:/home/user/ros2_ws/install/costmap_queue/lib:/home/user/ros2_ws/install/nav2_costmap_2d/lib:/home/user/ros2_ws/install/nav2_voxel_grid/lib:/home/user/ros2_ws/install/nav2_velocity_smoother/lib:/home/user/ros2_ws/install/nav2_rviz_plugins/lib:/home/user/ros2_ws/install/nav2_map_server/lib:/home/user/ros2_ws/install/nav2_lifecycle_manager/lib:/home/user/ros2_ws/install/nav2_behavior_tree/lib:/home/user/ros2_ws/install/nav2_amcl/lib:/home/user/ros2_ws/install/lslidar_msgs/lib:/home/user/ros2_ws/install/imu_filter_madgwick/lib:/home/user/ros2_ws/install/imu_complementary_filter/lib:/usr/lib/x86_64-linux-gnu/gazebo-11/plugins:/opt/ros/humble/opt/rviz_ogre_vendor/lib:/opt/ros/humble/lib/x86_64-linux-gnu:/opt/ros/humble/lib /usr/bin/cmake --build /home/user/ros2_ws/build/nav2_behavior_tree
[0.100s] [  1%] Built target nav2_behavior_tree
[0.123s] [  2%] Built target nav2_compute_path_to_pose_action_bt_node
[0.148s] [  3%] Built target nav2_compute_path_through_poses_action_bt_node
[0.171s] [  4%] Built target nav2_controller_cancel_bt_node
[0.194s] [  5%] Built target nav2_wait_cancel_bt_node
[0.219s] [  6%] Built target nav2_spin_cancel_bt_node
[0.243s] [  7%] Built target nav2_back_up_cancel_bt_node
[0.269s] [  8%] Built target nav2_assisted_teleop_cancel_bt_node
[0.292s] [  9%] Built target nav2_drive_on_heading_cancel_bt_node
[0.313s] [ 10%] Built target nav2_smooth_path_action_bt_node
[0.335s] [ 11%] Built target nav2_follow_path_action_bt_node
[0.357s] [ 12%] Built target nav2_back_up_action_bt_node
[0.378s] [ 13%] Built target nav2_drive_on_heading_bt_node
[0.398s] [ 14%] Built target nav2_spin_action_bt_node
[0.419s] [ 15%] Built target nav2_wait_action_bt_node
[0.441s] [ 16%] Built target nav2_assisted_teleop_action_bt_node
[0.462s] [ 17%] Built target nav2_clear_costmap_service_bt_node
[0.482s] [ 18%] Built target nav2_is_stuck_condition_bt_node
[0.504s] [ 19%] Built target nav2_transform_available_condition_bt_node
[0.525s] [ 20%] Built target nav2_goal_reached_condition_bt_node
[0.549s] [ 21%] Built target nav2_globally_updated_goal_condition_bt_node
[0.570s] [ 22%] Built target nav2_goal_updated_condition_bt_node
[0.595s] [ 23%] Built target nav2_is_path_valid_condition_bt_node
[0.620s] [ 24%] Built target nav2_time_expired_condition_bt_node
[0.644s] [ 25%] Built target nav2_path_expiring_timer_condition
[0.669s] [ 26%] Built target nav2_distance_traveled_condition_bt_node
[0.687s] [ 27%] Built target nav2_initial_pose_received_condition_bt_node
[0.712s] [ 28%] Built target nav2_is_battery_charging_condition_bt_node
[0.736s] [ 29%] Built target nav2_is_battery_low_condition_bt_node
[0.760s] [ 30%] Built target nav2_reinitialize_global_localization_service_bt_node
[0.783s] [ 31%] Built target nav2_rate_controller_bt_node
[0.807s] [ 32%] Built target nav2_distance_controller_bt_node
[0.833s] [ 33%] Built target nav2_speed_controller_bt_node
[0.856s] [ 34%] Built target nav2_truncate_path_action_bt_node
[0.882s] [ 35%] Built target nav2_truncate_path_local_action_bt_node
[0.905s] [ 36%] Built target nav2_goal_updater_node_bt_node
[0.932s] [ 37%] Built target nav2_path_longer_on_approach_bt_node
[0.953s] [ 38%] Built target nav2_recovery_node_bt_node
[0.977s] [ 39%] Built target nav2_navigate_to_pose_action_bt_node
[1.001s] [ 40%] Built target nav2_navigate_through_poses_action_bt_node
[1.027s] [ 41%] Built target nav2_remove_passed_goals_action_bt_node
[1.050s] [ 42%] Built target nav2_pipeline_sequence_bt_node
[1.071s] [ 43%] Built target nav2_round_robin_node_bt_node
[1.094s] [ 44%] Built target nav2_single_trigger_bt_node
[1.119s] [ 45%] Built target nav2_planner_selector_bt_node
[1.143s] [ 46%] Built target nav2_controller_selector_bt_node
[1.168s] [ 47%] Built target nav2_smoother_selector_bt_node
[1.191s] [ 48%] Built target nav2_goal_checker_selector_bt_node
[1.217s] [ 49%] Built target nav2_goal_updated_controller_bt_node
[1.239s] [ 50%] Built target gtest_main
[1.261s] [ 50%] Built target gtest
[1.285s] [ 51%] Built target test_bt_conversions
[1.310s] [ 52%] Built target test_condition_distance_traveled
[1.336s] [ 53%] Built target test_condition_time_expired
[1.362s] [ 54%] Built target test_condition_path_expiring_timer
[1.388s] [ 55%] Built target test_condition_goal_reached
[1.411s] [ 56%] Built target test_condition_goal_updated
[1.433s] [ 57%] Built target test_condition_globally_updated_goal
[1.454s] [ 58%] Built target test_condition_initial_pose_received
[1.475s] [ 59%] Built target test_condition_transform_available
[1.496s] [ 60%] Built target test_condition_is_stuck
[1.517s] [ 61%] Built target test_condition_is_battery_charging
[1.540s] [ 62%] Built target test_condition_is_battery_low
[1.562s] [ 63%] Built target test_condition_is_path_valid
[1.582s] [ 64%] Built target test_decorator_distance_controller
[1.603s] [ 65%] Built target test_decorator_speed_controller
[1.626s] [ 66%] Built target test_decorator_rate_controller
[1.647s] [ 67%] Built target test_goal_updater_node
[1.668s] [ 68%] Built target test_single_trigger_node
[1.688s] [ 69%] Built target test_goal_updated_controller
[1.708s] [ 70%] Built target test_decorator_path_longer_on_approach
[1.730s] [ 71%] Built target test_control_recovery_node
[1.755s] [ 72%] Built target test_control_pipeline_sequence
[1.780s] [ 73%] Built target test_control_round_robin_node
[1.803s] [ 74%] Built target test_bt_action_node
[1.824s] [ 75%] Built target test_action_spin_action
[1.846s] [ 76%] Built target test_action_back_up_action
[1.867s] [ 77%] Built target test_action_drive_on_heading
[1.888s] [ 78%] Built target test_action_wait_action
[1.908s] [ 79%] Built target test_action_assisted_teleop_action
[1.930s] [ 80%] Built target test_action_controller_cancel_action
[1.953s] [ 81%] Built target test_action_wait_cancel_action
[1.974s] [ 82%] Built target test_action_spin_cancel_action
[1.996s] [ 83%] Built target test_action_back_up_cancel_action
[2.018s] [ 84%] Built target test_action_assisted_teleop_cancel_action
[2.041s] [ 85%] Built target test_action_drive_on_heading_cancel_action
[2.067s] [ 86%] Built target test_action_clear_costmap_service
[2.091s] [ 87%] Built target test_action_reinitialize_global_localization_service
[2.117s] [ 88%] Built target test_action_compute_path_to_pose_action
[2.140s] [ 89%] Built target test_action_compute_path_through_poses_action
[2.165s] [ 90%] Built target test_action_smooth_path_action
[2.190s] [ 91%] Built target test_action_follow_path_action
[2.217s] [ 92%] Built target test_action_navigate_to_pose_action
[2.240s] [ 93%] Built target test_action_navigate_through_poses_action
[2.265s] [ 94%] Built target test_truncate_path_action
[2.290s] [ 95%] Built target test_truncate_path_local_action
[2.316s] [ 96%] Built target test_remove_passed_goals_action
[2.340s] [ 97%] Built target test_planner_selector_node
[2.367s] [ 98%] Built target test_controller_selector_node
[2.390s] [ 99%] Built target test_smoother_selector_node
[2.417s] [100%] Built target test_goal_checker_selector_node
[2.426s] Invoked command in '/home/user/ros2_ws/build/nav2_behavior_tree' returned '0': CMAKE_PREFIX_PATH=/home/user/ros2_ws/install/nav2_util:/home/user/ros2_ws/install/nav2_msgs:/home/user/ros2_ws/install/nav2_common:/home/user/ros2_ws/install/rtabmap_ros:/home/user/ros2_ws/install/rtabmap_demos:/home/user/ros2_ws/install/nav2_system_tests:/home/user/ros2_ws/install/nav2_bringup:/home/user/ros2_ws/install/slam_toolbox:/home/user/ros2_ws/install/slam_gmapping:/home/user/ros2_ws/install/serial:/home/user/ros2_ws/install/imu_tools:/home/user/ros2_ws/install/rviz_imu_plugin:/home/user/ros2_ws/install/rtabmap_launch:/home/user/ros2_ws/install/rtabmap_examples:/home/user/ros2_ws/install/rtabmap_viz:/home/user/ros2_ws/install/rtabmap_slam:/home/user/ros2_ws/install/rtabmap_odom:/home/user/ros2_ws/install/rtabmap_util:/home/user/ros2_ws/install/rtabmap_sync:/home/user/ros2_ws/install/rtabmap_rviz_plugins:/home/user/ros2_ws/install/rtabmap_conversions:/home/user/ros2_ws/install/rtabmap_python:/home/user/ros2_ws/install/nav2_simple_commander:/opt/ros/humble:/home/user/ros2_ws/install/rtabmap_msgs:/home/user/ros2_ws/install/rtabmap:/home/user/ros2_ws/install/roboteq_ros2_driver:/home/user/ros2_ws/install/realsense2_description:/home/user/ros2_ws/install/realsense2_camera:/home/user/ros2_ws/install/realsense2_camera_msgs:/home/user/ros2_ws/install/openslam_gmapping:/home/user/ros2_ws/install/navigation2:/home/user/ros2_ws/install/nav2_smoother:/home/user/ros2_ws/install/nav2_graceful_controller:/home/user/ros2_ws/install/nav2_dwb_controller:/home/user/ros2_ws/install/nav2_controller:/home/user/ros2_ws/install/dwb_plugins:/home/user/ros2_ws/install/dwb_critics:/home/user/ros2_ws/install/dwb_core:/home/user/ros2_ws/install/nav_2d_utils:/home/user/ros2_ws/install/dwb_msgs:/home/user/ros2_ws/install/nav_2d_msgs:/home/user/ros2_ws/install/nav2_waypoint_follower:/home/user/ros2_ws/install/nav2_theta_star_planner:/home/user/ros2_ws/install/nav2_smac_planner:/home/user/ros2_ws/install/nav2_rotation_shim_controller:/home/user/ros2_ws/install/nav2_regulated_pure_pursuit_controller:/home/user/ros2_ws/install/nav2_planner:/home/user/ros2_ws/install/nav2_navfn_planner:/home/user/ros2_ws/install/nav2_mppi_controller:/home/user/ros2_ws/install/nav2_constrained_smoother:/home/user/ros2_ws/install/nav2_bt_navigator:/home/user/ros2_ws/install/nav2_behaviors:/home/user/ros2_ws/install/nav2_core:/home/user/ros2_ws/install/nav2_collision_monitor:/home/user/ros2_ws/install/costmap_queue:/home/user/ros2_ws/install/nav2_costmap_2d:/home/user/ros2_ws/install/nav2_voxel_grid:/home/user/ros2_ws/install/nav2_velocity_smoother:/home/user/ros2_ws/install/nav2_rviz_plugins:/home/user/ros2_ws/install/nav2_map_server:/home/user/ros2_ws/install/nav2_lifecycle_manager:/home/user/ros2_ws/install/nav2_behavior_tree:/home/user/ros2_ws/install/nav2_amcl:/home/user/ros2_ws/install/lslidar_driver:/home/user/ros2_ws/install/lslidar_msgs:/home/user/ros2_ws/install/imu_filter_madgwick:/home/user/ros2_ws/install/imu_complementary_filter:/home/user/ros2_ws/install/amr_bot LD_LIBRARY_PATH=/home/user/ros2_ws/install/nav2_util/lib:/home/user/ros2_ws/install/nav2_msgs/lib:/home/user/ros2_ws/install/slam_toolbox/lib:/home/user/ros2_ws/install/serial/lib:/home/user/ros2_ws/install/rviz_imu_plugin/lib:/home/user/ros2_ws/install/rtabmap_slam/lib:/home/user/ros2_ws/install/rtabmap_odom/lib:/home/user/ros2_ws/install/rtabmap_util/lib:/home/user/ros2_ws/install/rtabmap_sync/lib:/home/user/ros2_ws/install/rtabmap_rviz_plugins/lib:/home/user/ros2_ws/install/rtabmap_conversions/lib:/home/user/ros2_ws/install/rtabmap_msgs/lib:/home/user/ros2_ws/install/rtabmap/lib:/home/user/ros2_ws/install/realsense2_camera/lib:/home/user/ros2_ws/install/realsense2_camera_msgs/lib:/home/user/ros2_ws/install/openslam_gmapping/lib:/home/user/ros2_ws/install/nav2_smoother/lib:/home/user/ros2_ws/install/nav2_graceful_controller/lib:/home/user/ros2_ws/install/nav2_controller/lib:/home/user/ros2_ws/install/dwb_plugins/lib:/home/user/ros2_ws/install/dwb_critics/lib:/home/user/ros2_ws/install/dwb_core/lib:/home/user/ros2_ws/install/nav_2d_utils/lib:/home/user/ros2_ws/install/dwb_msgs/lib:/home/user/ros2_ws/install/nav_2d_msgs/lib:/home/user/ros2_ws/install/nav2_waypoint_follower/lib:/home/user/ros2_ws/install/nav2_theta_star_planner/lib:/home/user/ros2_ws/install/nav2_smac_planner/lib:/home/user/ros2_ws/install/nav2_rotation_shim_controller/lib:/home/user/ros2_ws/install/nav2_regulated_pure_pursuit_controller/lib:/home/user/ros2_ws/install/nav2_planner/lib:/home/user/ros2_ws/install/nav2_navfn_planner/lib:/home/user/ros2_ws/install/nav2_mppi_controller/lib:/home/user/ros2_ws/install/nav2_constrained_smoother/lib:/home/user/ros2_ws/install/nav2_bt_navigator/lib:/home/user/ros2_ws/install/nav2_behaviors/lib:/home/user/ros2_ws/install/nav2_collision_monitor/lib:/home/user/ros2_ws/install/costmap_queue/lib:/home/user/ros2_ws/install/nav2_costmap_2d/lib:/home/user/ros2_ws/install/nav2_voxel_grid/lib:/home/user/ros2_ws/install/nav2_velocity_smoother/lib:/home/user/ros2_ws/install/nav2_rviz_plugins/lib:/home/user/ros2_ws/install/nav2_map_server/lib:/home/user/ros2_ws/install/nav2_lifecycle_manager/lib:/home/user/ros2_ws/install/nav2_behavior_tree/lib:/home/user/ros2_ws/install/nav2_amcl/lib:/home/user/ros2_ws/install/lslidar_msgs/lib:/home/user/ros2_ws/install/imu_filter_madgwick/lib:/home/user/ros2_ws/install/imu_complementary_filter/lib:/usr/lib/x86_64-linux-gnu/gazebo-11/plugins:/opt/ros/humble/opt/rviz_ogre_vendor/lib:/opt/ros/humble/lib/x86_64-linux-gnu:/opt/ros/humble/lib /usr/bin/cmake --build /home/user/ros2_ws/build/nav2_behavior_tree
[2.709s] Invoking command in '/home/user/ros2_ws/build/nav2_behavior_tree': CMAKE_PREFIX_PATH=/home/user/ros2_ws/install/nav2_util:/home/user/ros2_ws/install/nav2_msgs:/home/user/ros2_ws/install/nav2_common:/home/user/ros2_ws/install/rtabmap_ros:/home/user/ros2_ws/install/rtabmap_demos:/home/user/ros2_ws/install/nav2_system_tests:/home/user/ros2_ws/install/nav2_bringup:/home/user/ros2_ws/install/slam_toolbox:/home/user/ros2_ws/install/slam_gmapping:/home/user/ros2_ws/install/serial:/home/user/ros2_ws/install/imu_tools:/home/user/ros2_ws/install/rviz_imu_plugin:/home/user/ros2_ws/install/rtabmap_launch:/home/user/ros2_ws/install/rtabmap_examples:/home/user/ros2_ws/install/rtabmap_viz:/home/user/ros2_ws/install/rtabmap_slam:/home/user/ros2_ws/install/rtabmap_odom:/home/user/ros2_ws/install/rtabmap_util:/home/user/ros2_ws/install/rtabmap_sync:/home/user/ros2_ws/install/rtabmap_rviz_plugins:/home/user/ros2_ws/install/rtabmap_conversions:/home/user/ros2_ws/install/rtabmap_python:/home/user/ros2_ws/install/nav2_simple_commander:/opt/ros/humble:/home/user/ros2_ws/install/rtabmap_msgs:/home/user/ros2_ws/install/rtabmap:/home/user/ros2_ws/install/roboteq_ros2_driver:/home/user/ros2_ws/install/realsense2_description:/home/user/ros2_ws/install/realsense2_camera:/home/user/ros2_ws/install/realsense2_camera_msgs:/home/user/ros2_ws/install/openslam_gmapping:/home/user/ros2_ws/install/navigation2:/home/user/ros2_ws/install/nav2_smoother:/home/user/ros2_ws/install/nav2_graceful_controller:/home/user/ros2_ws/install/nav2_dwb_controller:/home/user/ros2_ws/install/nav2_controller:/home/user/ros2_ws/install/dwb_plugins:/home/user/ros2_ws/install/dwb_critics:/home/user/ros2_ws/install/dwb_core:/home/user/ros2_ws/install/nav_2d_utils:/home/user/ros2_ws/install/dwb_msgs:/home/user/ros2_ws/install/nav_2d_msgs:/home/user/ros2_ws/install/nav2_waypoint_follower:/home/user/ros2_ws/install/nav2_theta_star_planner:/home/user/ros2_ws/install/nav2_smac_planner:/home/user/ros2_ws/install/nav2_rotation_shim_controller:/home/user/ros2_ws/install/nav2_regulated_pure_pursuit_controller:/home/user/ros2_ws/install/nav2_planner:/home/user/ros2_ws/install/nav2_navfn_planner:/home/user/ros2_ws/install/nav2_mppi_controller:/home/user/ros2_ws/install/nav2_constrained_smoother:/home/user/ros2_ws/install/nav2_bt_navigator:/home/user/ros2_ws/install/nav2_behaviors:/home/user/ros2_ws/install/nav2_core:/home/user/ros2_ws/install/nav2_collision_monitor:/home/user/ros2_ws/install/costmap_queue:/home/user/ros2_ws/install/nav2_costmap_2d:/home/user/ros2_ws/install/nav2_voxel_grid:/home/user/ros2_ws/install/nav2_velocity_smoother:/home/user/ros2_ws/install/nav2_rviz_plugins:/home/user/ros2_ws/install/nav2_map_server:/home/user/ros2_ws/install/nav2_lifecycle_manager:/home/user/ros2_ws/install/nav2_behavior_tree:/home/user/ros2_ws/install/nav2_amcl:/home/user/ros2_ws/install/lslidar_driver:/home/user/ros2_ws/install/lslidar_msgs:/home/user/ros2_ws/install/imu_filter_madgwick:/home/user/ros2_ws/install/imu_complementary_filter:/home/user/ros2_ws/install/amr_bot LD_LIBRARY_PATH=/home/user/ros2_ws/install/nav2_util/lib:/home/user/ros2_ws/install/nav2_msgs/lib:/home/user/ros2_ws/install/slam_toolbox/lib:/home/user/ros2_ws/install/serial/lib:/home/user/ros2_ws/install/rviz_imu_plugin/lib:/home/user/ros2_ws/install/rtabmap_slam/lib:/home/user/ros2_ws/install/rtabmap_odom/lib:/home/user/ros2_ws/install/rtabmap_util/lib:/home/user/ros2_ws/install/rtabmap_sync/lib:/home/user/ros2_ws/install/rtabmap_rviz_plugins/lib:/home/user/ros2_ws/install/rtabmap_conversions/lib:/home/user/ros2_ws/install/rtabmap_msgs/lib:/home/user/ros2_ws/install/rtabmap/lib:/home/user/ros2_ws/install/realsense2_camera/lib:/home/user/ros2_ws/install/realsense2_camera_msgs/lib:/home/user/ros2_ws/install/openslam_gmapping/lib:/home/user/ros2_ws/install/nav2_smoother/lib:/home/user/ros2_ws/install/nav2_graceful_controller/lib:/home/user/ros2_ws/install/nav2_controller/lib:/home/user/ros2_ws/install/dwb_plugins/lib:/home/user/ros2_ws/install/dwb_critics/lib:/home/user/ros2_ws/install/dwb_core/lib:/home/user/ros2_ws/install/nav_2d_utils/lib:/home/user/ros2_ws/install/dwb_msgs/lib:/home/user/ros2_ws/install/nav_2d_msgs/lib:/home/user/ros2_ws/install/nav2_waypoint_follower/lib:/home/user/ros2_ws/install/nav2_theta_star_planner/lib:/home/user/ros2_ws/install/nav2_smac_planner/lib:/home/user/ros2_ws/install/nav2_rotation_shim_controller/lib:/home/user/ros2_ws/install/nav2_regulated_pure_pursuit_controller/lib:/home/user/ros2_ws/install/nav2_planner/lib:/home/user/ros2_ws/install/nav2_navfn_planner/lib:/home/user/ros2_ws/install/nav2_mppi_controller/lib:/home/user/ros2_ws/install/nav2_constrained_smoother/lib:/home/user/ros2_ws/install/nav2_bt_navigator/lib:/home/user/ros2_ws/install/nav2_behaviors/lib:/home/user/ros2_ws/install/nav2_collision_monitor/lib:/home/user/ros2_ws/install/costmap_queue/lib:/home/user/ros2_ws/install/nav2_costmap_2d/lib:/home/user/ros2_ws/install/nav2_voxel_grid/lib:/home/user/ros2_ws/install/nav2_velocity_smoother/lib:/home/user/ros2_ws/install/nav2_rviz_plugins/lib:/home/user/ros2_ws/install/nav2_map_server/lib:/home/user/ros2_ws/install/nav2_lifecycle_manager/lib:/home/user/ros2_ws/install/nav2_behavior_tree/lib:/home/user/ros2_ws/install/nav2_amcl/lib:/home/user/ros2_ws/install/lslidar_msgs/lib:/home/user/ros2_ws/install/imu_filter_madgwick/lib:/home/user/ros2_ws/install/imu_complementary_filter/lib:/usr/lib/x86_64-linux-gnu/gazebo-11/plugins:/opt/ros/humble/opt/rviz_ogre_vendor/lib:/opt/ros/humble/lib/x86_64-linux-gnu:/opt/ros/humble/lib /usr/bin/cmake --install /home/user/ros2_ws/build/nav2_behavior_tree
[2.718s] -- Install configuration: "Release"
[2.718s] -- Execute custom install script
[2.719s] -- Up-to-date symlink: /home/user/ros2_ws/install/nav2_behavior_tree/lib/libnav2_behavior_tree.so
[2.719s] -- Up-to-date symlink: /home/user/ros2_ws/install/nav2_behavior_tree/lib/libnav2_compute_path_to_pose_action_bt_node.so
[2.719s] -- Up-to-date symlink: /home/user/ros2_ws/install/nav2_behavior_tree/lib/libnav2_compute_path_through_poses_action_bt_node.so
[2.719s] -- Up-to-date symlink: /home/user/ros2_ws/install/nav2_behavior_tree/lib/libnav2_controller_cancel_bt_node.so
[2.719s] -- Up-to-date symlink: /home/user/ros2_ws/install/nav2_behavior_tree/lib/libnav2_wait_cancel_bt_node.so
[2.719s] -- Up-to-date symlink: /home/user/ros2_ws/install/nav2_behavior_tree/lib/libnav2_spin_cancel_bt_node.so
[2.719s] -- Up-to-date symlink: /home/user/ros2_ws/install/nav2_behavior_tree/lib/libnav2_back_up_cancel_bt_node.so
[2.719s] -- Up-to-date symlink: /home/user/ros2_ws/install/nav2_behavior_tree/lib/libnav2_assisted_teleop_cancel_bt_node.so
[2.720s] -- Up-to-date symlink: /home/user/ros2_ws/install/nav2_behavior_tree/lib/libnav2_drive_on_heading_cancel_bt_node.so
[2.720s] -- Up-to-date symlink: /home/user/ros2_ws/install/nav2_behavior_tree/lib/libnav2_smooth_path_action_bt_node.so
[2.720s] -- Up-to-date symlink: /home/user/ros2_ws/install/nav2_behavior_tree/lib/libnav2_follow_path_action_bt_node.so
[2.720s] -- Up-to-date symlink: /home/user/ros2_ws/install/nav2_behavior_tree/lib/libnav2_back_up_action_bt_node.so
[2.720s] -- Up-to-date symlink: /home/user/ros2_ws/install/nav2_behavior_tree/lib/libnav2_drive_on_heading_bt_node.so
[2.720s] -- Up-to-date symlink: /home/user/ros2_ws/install/nav2_behavior_tree/lib/libnav2_spin_action_bt_node.so
[2.720s] -- Up-to-date symlink: /home/user/ros2_ws/install/nav2_behavior_tree/lib/libnav2_wait_action_bt_node.so
[2.720s] -- Up-to-date symlink: /home/user/ros2_ws/install/nav2_behavior_tree/lib/libnav2_assisted_teleop_action_bt_node.so
[2.720s] -- Up-to-date symlink: /home/user/ros2_ws/install/nav2_behavior_tree/lib/libnav2_clear_costmap_service_bt_node.so
[2.720s] -- Up-to-date symlink: /home/user/ros2_ws/install/nav2_behavior_tree/lib/libnav2_is_stuck_condition_bt_node.so
[2.721s] -- Up-to-date symlink: /home/user/ros2_ws/install/nav2_behavior_tree/lib/libnav2_transform_available_condition_bt_node.so
[2.721s] -- Up-to-date symlink: /home/user/ros2_ws/install/nav2_behavior_tree/lib/libnav2_goal_reached_condition_bt_node.so
[2.721s] -- Up-to-date symlink: /home/user/ros2_ws/install/nav2_behavior_tree/lib/libnav2_globally_updated_goal_condition_bt_node.so
[2.721s] -- Up-to-date symlink: /home/user/ros2_ws/install/nav2_behavior_tree/lib/libnav2_goal_updated_condition_bt_node.so
[2.721s] -- Up-to-date symlink: /home/user/ros2_ws/install/nav2_behavior_tree/lib/libnav2_is_path_valid_condition_bt_node.so
[2.721s] -- Up-to-date symlink: /home/user/ros2_ws/install/nav2_behavior_tree/lib/libnav2_time_expired_condition_bt_node.so
[2.721s] -- Up-to-date symlink: /home/user/ros2_ws/install/nav2_behavior_tree/lib/libnav2_path_expiring_timer_condition.so
[2.721s] -- Up-to-date symlink: /home/user/ros2_ws/install/nav2_behavior_tree/lib/libnav2_distance_traveled_condition_bt_node.so
[2.721s] -- Up-to-date symlink: /home/user/ros2_ws/install/nav2_behavior_tree/lib/libnav2_initial_pose_received_condition_bt_node.so
[2.721s] -- Up-to-date symlink: /home/user/ros2_ws/install/nav2_behavior_tree/lib/libnav2_is_battery_charging_condition_bt_node.so
[2.721s] -- Up-to-date symlink: /home/user/ros2_ws/install/nav2_behavior_tree/lib/libnav2_is_battery_low_condition_bt_node.so
[2.722s] -- Up-to-date symlink: /home/user/ros2_ws/install/nav2_behavior_tree/lib/libnav2_reinitialize_global_localization_service_bt_node.so
[2.722s] -- Up-to-date symlink: /home/user/ros2_ws/install/nav2_behavior_tree/lib/libnav2_rate_controller_bt_node.so
[2.722s] -- Up-to-date symlink: /home/user/ros2_ws/install/nav2_behavior_tree/lib/libnav2_distance_controller_bt_node.so
[2.722s] -- Up-to-date symlink: /home/user/ros2_ws/install/nav2_behavior_tree/lib/libnav2_speed_controller_bt_node.so
[2.722s] -- Up-to-date symlink: /home/user/ros2_ws/install/nav2_behavior_tree/lib/libnav2_truncate_path_action_bt_node.so
[2.722s] -- Up-to-date symlink: /home/user/ros2_ws/install/nav2_behavior_tree/lib/libnav2_truncate_path_local_action_bt_node.so
[2.722s] -- Up-to-date symlink: /home/user/ros2_ws/install/nav2_behavior_tree/lib/libnav2_goal_updater_node_bt_node.so
[2.722s] -- Up-to-date symlink: /home/user/ros2_ws/install/nav2_behavior_tree/lib/libnav2_path_longer_on_approach_bt_node.so
[2.722s] -- Up-to-date symlink: /home/user/ros2_ws/install/nav2_behavior_tree/lib/libnav2_recovery_node_bt_node.so
[2.722s] -- Up-to-date symlink: /home/user/ros2_ws/install/nav2_behavior_tree/lib/libnav2_navigate_to_pose_action_bt_node.so
[2.722s] -- Up-to-date symlink: /home/user/ros2_ws/install/nav2_behavior_tree/lib/libnav2_navigate_through_poses_action_bt_node.so
[2.723s] -- Up-to-date symlink: /home/user/ros2_ws/install/nav2_behavior_tree/lib/libnav2_remove_passed_goals_action_bt_node.so
[2.723s] -- Up-to-date symlink: /home/user/ros2_ws/install/nav2_behavior_tree/lib/libnav2_pipeline_sequence_bt_node.so
[2.723s] -- Up-to-date symlink: /home/user/ros2_ws/install/nav2_behavior_tree/lib/libnav2_round_robin_node_bt_node.so
[2.723s] -- Up-to-date symlink: /home/user/ros2_ws/install/nav2_behavior_tree/lib/libnav2_single_trigger_bt_node.so
[2.723s] -- Up-to-date symlink: /home/user/ros2_ws/install/nav2_behavior_tree/lib/libnav2_planner_selector_bt_node.so
[2.723s] -- Up-to-date symlink: /home/user/ros2_ws/install/nav2_behavior_tree/lib/libnav2_controller_selector_bt_node.so
[2.723s] -- Up-to-date symlink: /home/user/ros2_ws/install/nav2_behavior_tree/lib/libnav2_smoother_selector_bt_node.so
[2.723s] -- Up-to-date symlink: /home/user/ros2_ws/install/nav2_behavior_tree/lib/libnav2_goal_checker_selector_bt_node.so
[2.723s] -- Up-to-date symlink: /home/user/ros2_ws/install/nav2_behavior_tree/lib/libnav2_goal_updated_controller_bt_node.so
[2.723s] -- Up-to-date symlink: /home/user/ros2_ws/install/nav2_behavior_tree/include//nav2_behavior_tree/behavior_tree_engine.hpp
[2.723s] -- Up-to-date symlink: /home/user/ros2_ws/install/nav2_behavior_tree/include//nav2_behavior_tree/bt_action_node.hpp
[2.724s] -- Up-to-date symlink: /home/user/ros2_ws/install/nav2_behavior_tree/include//nav2_behavior_tree/bt_action_server.hpp
[2.724s] -- Up-to-date symlink: /home/user/ros2_ws/install/nav2_behavior_tree/include//nav2_behavior_tree/bt_action_server_impl.hpp
[2.724s] -- Up-to-date symlink: /home/user/ros2_ws/install/nav2_behavior_tree/include//nav2_behavior_tree/bt_cancel_action_node.hpp
[2.724s] -- Up-to-date symlink: /home/user/ros2_ws/install/nav2_behavior_tree/include//nav2_behavior_tree/bt_conversions.hpp
[2.724s] -- Up-to-date symlink: /home/user/ros2_ws/install/nav2_behavior_tree/include//nav2_behavior_tree/bt_service_node.hpp
[2.724s] -- Up-to-date symlink: /home/user/ros2_ws/install/nav2_behavior_tree/include//nav2_behavior_tree/plugins/action/assisted_teleop_action.hpp
[2.724s] -- Up-to-date symlink: /home/user/ros2_ws/install/nav2_behavior_tree/include//nav2_behavior_tree/plugins/action/assisted_teleop_cancel_node.hpp
[2.724s] -- Up-to-date symlink: /home/user/ros2_ws/install/nav2_behavior_tree/include//nav2_behavior_tree/plugins/action/back_up_action.hpp
[2.724s] -- Up-to-date symlink: /home/user/ros2_ws/install/nav2_behavior_tree/include//nav2_behavior_tree/plugins/action/back_up_cancel_node.hpp
[2.724s] -- Up-to-date symlink: /home/user/ros2_ws/install/nav2_behavior_tree/include//nav2_behavior_tree/plugins/action/clear_costmap_service.hpp
[2.724s] -- Up-to-date symlink: /home/user/ros2_ws/install/nav2_behavior_tree/include//nav2_behavior_tree/plugins/action/compute_path_through_poses_action.hpp
[2.724s] -- Up-to-date symlink: /home/user/ros2_ws/install/nav2_behavior_tree/include//nav2_behavior_tree/plugins/action/compute_path_to_pose_action.hpp
[2.725s] -- Up-to-date symlink: /home/user/ros2_ws/install/nav2_behavior_tree/include//nav2_behavior_tree/plugins/action/controller_cancel_node.hpp
[2.725s] -- Up-to-date symlink: /home/user/ros2_ws/install/nav2_behavior_tree/include//nav2_behavior_tree/plugins/action/controller_selector_node.hpp
[2.725s] -- Up-to-date symlink: /home/user/ros2_ws/install/nav2_behavior_tree/include//nav2_behavior_tree/plugins/action/drive_on_heading_action.hpp
[2.725s] -- Up-to-date symlink: /home/user/ros2_ws/install/nav2_behavior_tree/include//nav2_behavior_tree/plugins/action/drive_on_heading_cancel_node.hpp
[2.725s] -- Up-to-date symlink: /home/user/ros2_ws/install/nav2_behavior_tree/include//nav2_behavior_tree/plugins/action/follow_path_action.hpp
[2.725s] -- Up-to-date symlink: /home/user/ros2_ws/install/nav2_behavior_tree/include//nav2_behavior_tree/plugins/action/goal_checker_selector_node.hpp
[2.725s] -- Up-to-date symlink: /home/user/ros2_ws/install/nav2_behavior_tree/include//nav2_behavior_tree/plugins/action/navigate_through_poses_action.hpp
[2.725s] -- Up-to-date symlink: /home/user/ros2_ws/install/nav2_behavior_tree/include//nav2_behavior_tree/plugins/action/navigate_to_pose_action.hpp
[2.725s] -- Up-to-date symlink: /home/user/ros2_ws/install/nav2_behavior_tree/include//nav2_behavior_tree/plugins/action/planner_selector_node.hpp
[2.725s] -- Up-to-date symlink: /home/user/ros2_ws/install/nav2_behavior_tree/include//nav2_behavior_tree/plugins/action/reinitialize_global_localization_service.hpp
[2.725s] -- Up-to-date symlink: /home/user/ros2_ws/install/nav2_behavior_tree/include//nav2_behavior_tree/plugins/action/remove_passed_goals_action.hpp
[2.725s] -- Up-to-date symlink: /home/user/ros2_ws/install/nav2_behavior_tree/include//nav2_behavior_tree/plugins/action/smooth_path_action.hpp
[2.725s] -- Up-to-date symlink: /home/user/ros2_ws/install/nav2_behavior_tree/include//nav2_behavior_tree/plugins/action/smoother_selector_node.hpp
[2.725s] -- Up-to-date symlink: /home/user/ros2_ws/install/nav2_behavior_tree/include//nav2_behavior_tree/plugins/action/spin_action.hpp
[2.725s] -- Up-to-date symlink: /home/user/ros2_ws/install/nav2_behavior_tree/include//nav2_behavior_tree/plugins/action/spin_cancel_node.hpp
[2.726s] -- Up-to-date symlink: /home/user/ros2_ws/install/nav2_behavior_tree/include//nav2_behavior_tree/plugins/action/truncate_path_action.hpp
[2.726s] -- Up-to-date symlink: /home/user/ros2_ws/install/nav2_behavior_tree/include//nav2_behavior_tree/plugins/action/truncate_path_local_action.hpp
[2.726s] -- Up-to-date symlink: /home/user/ros2_ws/install/nav2_behavior_tree/include//nav2_behavior_tree/plugins/action/wait_action.hpp
[2.726s] -- Up-to-date symlink: /home/user/ros2_ws/install/nav2_behavior_tree/include//nav2_behavior_tree/plugins/action/wait_cancel_node.hpp
[2.726s] -- Up-to-date symlink: /home/user/ros2_ws/install/nav2_behavior_tree/include//nav2_behavior_tree/plugins/condition/distance_traveled_condition.hpp
[2.726s] -- Up-to-date symlink: /home/user/ros2_ws/install/nav2_behavior_tree/include//nav2_behavior_tree/plugins/condition/globally_updated_goal_condition.hpp
[2.726s] -- Up-to-date symlink: /home/user/ros2_ws/install/nav2_behavior_tree/include//nav2_behavior_tree/plugins/condition/goal_reached_condition.hpp
[2.726s] -- Up-to-date symlink: /home/user/ros2_ws/install/nav2_behavior_tree/include//nav2_behavior_tree/plugins/condition/goal_updated_condition.hpp
[2.726s] -- Up-to-date symlink: /home/user/ros2_ws/install/nav2_behavior_tree/include//nav2_behavior_tree/plugins/condition/initial_pose_received_condition.hpp
[2.726s] -- Up-to-date symlink: /home/user/ros2_ws/install/nav2_behavior_tree/include//nav2_behavior_tree/plugins/condition/is_battery_charging_condition.hpp
[2.726s] -- Up-to-date symlink: /home/user/ros2_ws/install/nav2_behavior_tree/include//nav2_behavior_tree/plugins/condition/is_battery_low_condition.hpp
[2.726s] -- Up-to-date symlink: /home/user/ros2_ws/install/nav2_behavior_tree/include//nav2_behavior_tree/plugins/condition/is_path_valid_condition.hpp
[2.726s] -- Up-to-date symlink: /home/user/ros2_ws/install/nav2_behavior_tree/include//nav2_behavior_tree/plugins/condition/is_stuck_condition.hpp
[2.726s] -- Up-to-date symlink: /home/user/ros2_ws/install/nav2_behavior_tree/include//nav2_behavior_tree/plugins/condition/path_expiring_timer_condition.hpp
[2.726s] -- Up-to-date symlink: /home/user/ros2_ws/install/nav2_behavior_tree/include//nav2_behavior_tree/plugins/condition/time_expired_condition.hpp
[2.726s] -- Up-to-date symlink: /home/user/ros2_ws/install/nav2_behavior_tree/include//nav2_behavior_tree/plugins/condition/transform_available_condition.hpp
[2.726s] -- Up-to-date symlink: /home/user/ros2_ws/install/nav2_behavior_tree/include//nav2_behavior_tree/plugins/control/pipeline_sequence.hpp
[2.726s] -- Up-to-date symlink: /home/user/ros2_ws/install/nav2_behavior_tree/include//nav2_behavior_tree/plugins/control/recovery_node.hpp
[2.726s] -- Up-to-date symlink: /home/user/ros2_ws/install/nav2_behavior_tree/include//nav2_behavior_tree/plugins/control/round_robin_node.hpp
[2.726s] -- Up-to-date symlink: /home/user/ros2_ws/install/nav2_behavior_tree/include//nav2_behavior_tree/plugins/decorator/distance_controller.hpp
[2.726s] -- Up-to-date symlink: /home/user/ros2_ws/install/nav2_behavior_tree/include//nav2_behavior_tree/plugins/decorator/goal_updated_controller.hpp
[2.726s] -- Up-to-date symlink: /home/user/ros2_ws/install/nav2_behavior_tree/include//nav2_behavior_tree/plugins/decorator/goal_updater_node.hpp
[2.726s] -- Up-to-date symlink: /home/user/ros2_ws/install/nav2_behavior_tree/include//nav2_behavior_tree/plugins/decorator/path_longer_on_approach.hpp
[2.726s] -- Up-to-date symlink: /home/user/ros2_ws/install/nav2_behavior_tree/include//nav2_behavior_tree/plugins/decorator/rate_controller.hpp
[2.726s] -- Up-to-date symlink: /home/user/ros2_ws/install/nav2_behavior_tree/include//nav2_behavior_tree/plugins/decorator/single_trigger_node.hpp
[2.726s] -- Up-to-date symlink: /home/user/ros2_ws/install/nav2_behavior_tree/include//nav2_behavior_tree/plugins/decorator/speed_controller.hpp
[2.726s] -- Up-to-date symlink: /home/user/ros2_ws/install/nav2_behavior_tree/include//nav2_behavior_tree/ros_topic_logger.hpp
[2.726s] -- Up-to-date symlink: /home/user/ros2_ws/install/nav2_behavior_tree/share/nav2_behavior_tree/nav2_tree_nodes.xml
[2.726s] -- Up-to-date symlink: /home/user/ros2_ws/install/nav2_behavior_tree/share/nav2_behavior_tree/environment/library_path.sh
[2.726s] -- Up-to-date symlink: /home/user/ros2_ws/install/nav2_behavior_tree/share/nav2_behavior_tree/environment/library_path.dsv
[2.726s] -- Up-to-date symlink: /home/user/ros2_ws/install/nav2_behavior_tree/share/ament_index/resource_index/package_run_dependencies/nav2_behavior_tree
[2.726s] -- Up-to-date symlink: /home/user/ros2_ws/install/nav2_behavior_tree/share/ament_index/resource_index/parent_prefix_path/nav2_behavior_tree
[2.726s] -- Up-to-date symlink: /home/user/ros2_ws/install/nav2_behavior_tree/share/nav2_behavior_tree/environment/ament_prefix_path.sh
[2.726s] -- Up-to-date symlink: /home/user/ros2_ws/install/nav2_behavior_tree/share/nav2_behavior_tree/environment/ament_prefix_path.dsv
[2.726s] -- Up-to-date symlink: /home/user/ros2_ws/install/nav2_behavior_tree/share/nav2_behavior_tree/environment/path.sh
[2.726s] -- Up-to-date symlink: /home/user/ros2_ws/install/nav2_behavior_tree/share/nav2_behavior_tree/environment/path.dsv
[2.727s] -- Up-to-date symlink: /home/user/ros2_ws/install/nav2_behavior_tree/share/nav2_behavior_tree/local_setup.bash
[2.727s] -- Up-to-date symlink: /home/user/ros2_ws/install/nav2_behavior_tree/share/nav2_behavior_tree/local_setup.sh
[2.727s] -- Up-to-date symlink: /home/user/ros2_ws/install/nav2_behavior_tree/share/nav2_behavior_tree/local_setup.zsh
[2.727s] -- Up-to-date symlink: /home/user/ros2_ws/install/nav2_behavior_tree/share/nav2_behavior_tree/local_setup.dsv
[2.727s] -- Symlinking: /home/user/ros2_ws/install/nav2_behavior_tree/share/nav2_behavior_tree/package.dsv
[2.733s] -- Up-to-date symlink: /home/user/ros2_ws/install/nav2_behavior_tree/share/ament_index/resource_index/packages/nav2_behavior_tree
[2.733s] -- Up-to-date symlink: /home/user/ros2_ws/install/nav2_behavior_tree/share/nav2_behavior_tree/cmake/ament_cmake_export_include_directories-extras.cmake
[2.733s] -- Up-to-date symlink: /home/user/ros2_ws/install/nav2_behavior_tree/share/nav2_behavior_tree/cmake/ament_cmake_export_libraries-extras.cmake
[2.734s] -- Up-to-date symlink: /home/user/ros2_ws/install/nav2_behavior_tree/share/nav2_behavior_tree/cmake/ament_cmake_export_dependencies-extras.cmake
[2.734s] -- Up-to-date symlink: /home/user/ros2_ws/install/nav2_behavior_tree/share/nav2_behavior_tree/cmake/nav2_behavior_treeConfig.cmake
[2.734s] -- Up-to-date symlink: /home/user/ros2_ws/install/nav2_behavior_tree/share/nav2_behavior_tree/cmake/nav2_behavior_treeConfig-version.cmake
[2.734s] -- Up-to-date symlink: /home/user/ros2_ws/install/nav2_behavior_tree/share/nav2_behavior_tree/package.xml
[2.735s] Invoked command in '/home/user/ros2_ws/build/nav2_behavior_tree' returned '0': CMAKE_PREFIX_PATH=/home/user/ros2_ws/install/nav2_util:/home/user/ros2_ws/install/nav2_msgs:/home/user/ros2_ws/install/nav2_common:/home/user/ros2_ws/install/rtabmap_ros:/home/user/ros2_ws/install/rtabmap_demos:/home/user/ros2_ws/install/nav2_system_tests:/home/user/ros2_ws/install/nav2_bringup:/home/user/ros2_ws/install/slam_toolbox:/home/user/ros2_ws/install/slam_gmapping:/home/user/ros2_ws/install/serial:/home/user/ros2_ws/install/imu_tools:/home/user/ros2_ws/install/rviz_imu_plugin:/home/user/ros2_ws/install/rtabmap_launch:/home/user/ros2_ws/install/rtabmap_examples:/home/user/ros2_ws/install/rtabmap_viz:/home/user/ros2_ws/install/rtabmap_slam:/home/user/ros2_ws/install/rtabmap_odom:/home/user/ros2_ws/install/rtabmap_util:/home/user/ros2_ws/install/rtabmap_sync:/home/user/ros2_ws/install/rtabmap_rviz_plugins:/home/user/ros2_ws/install/rtabmap_conversions:/home/user/ros2_ws/install/rtabmap_python:/home/user/ros2_ws/install/nav2_simple_commander:/opt/ros/humble:/home/user/ros2_ws/install/rtabmap_msgs:/home/user/ros2_ws/install/rtabmap:/home/user/ros2_ws/install/roboteq_ros2_driver:/home/user/ros2_ws/install/realsense2_description:/home/user/ros2_ws/install/realsense2_camera:/home/user/ros2_ws/install/realsense2_camera_msgs:/home/user/ros2_ws/install/openslam_gmapping:/home/user/ros2_ws/install/navigation2:/home/user/ros2_ws/install/nav2_smoother:/home/user/ros2_ws/install/nav2_graceful_controller:/home/user/ros2_ws/install/nav2_dwb_controller:/home/user/ros2_ws/install/nav2_controller:/home/user/ros2_ws/install/dwb_plugins:/home/user/ros2_ws/install/dwb_critics:/home/user/ros2_ws/install/dwb_core:/home/user/ros2_ws/install/nav_2d_utils:/home/user/ros2_ws/install/dwb_msgs:/home/user/ros2_ws/install/nav_2d_msgs:/home/user/ros2_ws/install/nav2_waypoint_follower:/home/user/ros2_ws/install/nav2_theta_star_planner:/home/user/ros2_ws/install/nav2_smac_planner:/home/user/ros2_ws/install/nav2_rotation_shim_controller:/home/user/ros2_ws/install/nav2_regulated_pure_pursuit_controller:/home/user/ros2_ws/install/nav2_planner:/home/user/ros2_ws/install/nav2_navfn_planner:/home/user/ros2_ws/install/nav2_mppi_controller:/home/user/ros2_ws/install/nav2_constrained_smoother:/home/user/ros2_ws/install/nav2_bt_navigator:/home/user/ros2_ws/install/nav2_behaviors:/home/user/ros2_ws/install/nav2_core:/home/user/ros2_ws/install/nav2_collision_monitor:/home/user/ros2_ws/install/costmap_queue:/home/user/ros2_ws/install/nav2_costmap_2d:/home/user/ros2_ws/install/nav2_voxel_grid:/home/user/ros2_ws/install/nav2_velocity_smoother:/home/user/ros2_ws/install/nav2_rviz_plugins:/home/user/ros2_ws/install/nav2_map_server:/home/user/ros2_ws/install/nav2_lifecycle_manager:/home/user/ros2_ws/install/nav2_behavior_tree:/home/user/ros2_ws/install/nav2_amcl:/home/user/ros2_ws/install/lslidar_driver:/home/user/ros2_ws/install/lslidar_msgs:/home/user/ros2_ws/install/imu_filter_madgwick:/home/user/ros2_ws/install/imu_complementary_filter:/home/user/ros2_ws/install/amr_bot LD_LIBRARY_PATH=/home/user/ros2_ws/install/nav2_util/lib:/home/user/ros2_ws/install/nav2_msgs/lib:/home/user/ros2_ws/install/slam_toolbox/lib:/home/user/ros2_ws/install/serial/lib:/home/user/ros2_ws/install/rviz_imu_plugin/lib:/home/user/ros2_ws/install/rtabmap_slam/lib:/home/user/ros2_ws/install/rtabmap_odom/lib:/home/user/ros2_ws/install/rtabmap_util/lib:/home/user/ros2_ws/install/rtabmap_sync/lib:/home/user/ros2_ws/install/rtabmap_rviz_plugins/lib:/home/user/ros2_ws/install/rtabmap_conversions/lib:/home/user/ros2_ws/install/rtabmap_msgs/lib:/home/user/ros2_ws/install/rtabmap/lib:/home/user/ros2_ws/install/realsense2_camera/lib:/home/user/ros2_ws/install/realsense2_camera_msgs/lib:/home/user/ros2_ws/install/openslam_gmapping/lib:/home/user/ros2_ws/install/nav2_smoother/lib:/home/user/ros2_ws/install/nav2_graceful_controller/lib:/home/user/ros2_ws/install/nav2_controller/lib:/home/user/ros2_ws/install/dwb_plugins/lib:/home/user/ros2_ws/install/dwb_critics/lib:/home/user/ros2_ws/install/dwb_core/lib:/home/user/ros2_ws/install/nav_2d_utils/lib:/home/user/ros2_ws/install/dwb_msgs/lib:/home/user/ros2_ws/install/nav_2d_msgs/lib:/home/user/ros2_ws/install/nav2_waypoint_follower/lib:/home/user/ros2_ws/install/nav2_theta_star_planner/lib:/home/user/ros2_ws/install/nav2_smac_planner/lib:/home/user/ros2_ws/install/nav2_rotation_shim_controller/lib:/home/user/ros2_ws/install/nav2_regulated_pure_pursuit_controller/lib:/home/user/ros2_ws/install/nav2_planner/lib:/home/user/ros2_ws/install/nav2_navfn_planner/lib:/home/user/ros2_ws/install/nav2_mppi_controller/lib:/home/user/ros2_ws/install/nav2_constrained_smoother/lib:/home/user/ros2_ws/install/nav2_bt_navigator/lib:/home/user/ros2_ws/install/nav2_behaviors/lib:/home/user/ros2_ws/install/nav2_collision_monitor/lib:/home/user/ros2_ws/install/costmap_queue/lib:/home/user/ros2_ws/install/nav2_costmap_2d/lib:/home/user/ros2_ws/install/nav2_voxel_grid/lib:/home/user/ros2_ws/install/nav2_velocity_smoother/lib:/home/user/ros2_ws/install/nav2_rviz_plugins/lib:/home/user/ros2_ws/install/nav2_map_server/lib:/home/user/ros2_ws/install/nav2_lifecycle_manager/lib:/home/user/ros2_ws/install/nav2_behavior_tree/lib:/home/user/ros2_ws/install/nav2_amcl/lib:/home/user/ros2_ws/install/lslidar_msgs/lib:/home/user/ros2_ws/install/imu_filter_madgwick/lib:/home/user/ros2_ws/install/imu_complementary_filter/lib:/usr/lib/x86_64-linux-gnu/gazebo-11/plugins:/opt/ros/humble/opt/rviz_ogre_vendor/lib:/opt/ros/humble/lib/x86_64-linux-gnu:/opt/ros/humble/lib /usr/bin/cmake --install /home/user/ros2_ws/build/nav2_behavior_tree
