Determining if the function sgemm_ exists failed with the following output:
Change Dir: /home/user/ros2_ws/build/slam_toolbox/CMakeFiles/CMakeTmp

Run Build Command(s):/usr/bin/gmake -f Makefile cmTC_60fc3/fast && /usr/bin/gmake  -f CMakeFiles/cmTC_60fc3.dir/build.make CMakeFiles/cmTC_60fc3.dir/build
gmake[1]: Entering directory '/home/user/ros2_ws/build/slam_toolbox/CMakeFiles/CMakeTmp'
Building C object CMakeFiles/cmTC_60fc3.dir/CheckFunctionExists.c.o
/usr/bin/cc   -DCHECK_FUNCTION_EXISTS=sgemm_ -o CMakeFiles/cmTC_60fc3.dir/CheckFunctionExists.c.o -c /usr/share/cmake-3.22/Modules/CheckFunctionExists.c
Linking C executable cmTC_60fc3
/usr/bin/cmake -E cmake_link_script CMakeFiles/cmTC_60fc3.dir/link.txt --verbose=1
/usr/bin/cc  -DCHECK_FUNCTION_EXISTS=sgemm_ CMakeFiles/cmTC_60fc3.dir/CheckFunctionExists.c.o -o cmTC_60fc3 
/usr/bin/ld: CMakeFiles/cmTC_60fc3.dir/CheckFunctionExists.c.o: in function `main':
CheckFunctionExists.c:(.text+0x14): undefined reference to `sgemm_'
collect2: error: ld returned 1 exit status
gmake[1]: *** [CMakeFiles/cmTC_60fc3.dir/build.make:99: cmTC_60fc3] Error 1
gmake[1]: Leaving directory '/home/user/ros2_ws/build/slam_toolbox/CMakeFiles/CMakeTmp'
gmake: *** [Makefile:127: cmTC_60fc3/fast] Error 2



Determining if the function cheev_ exists failed with the following output:
Change Dir: /home/user/ros2_ws/build/slam_toolbox/CMakeFiles/CMakeTmp

Run Build Command(s):/usr/bin/gmake -f Makefile cmTC_54cb3/fast && /usr/bin/gmake  -f CMakeFiles/cmTC_54cb3.dir/build.make CMakeFiles/cmTC_54cb3.dir/build
gmake[1]: Entering directory '/home/user/ros2_ws/build/slam_toolbox/CMakeFiles/CMakeTmp'
Building C object CMakeFiles/cmTC_54cb3.dir/CheckFunctionExists.c.o
/usr/bin/cc   -DCHECK_FUNCTION_EXISTS=cheev_ -o CMakeFiles/cmTC_54cb3.dir/CheckFunctionExists.c.o -c /usr/share/cmake-3.22/Modules/CheckFunctionExists.c
Linking C executable cmTC_54cb3
/usr/bin/cmake -E cmake_link_script CMakeFiles/cmTC_54cb3.dir/link.txt --verbose=1
/usr/bin/cc  -DCHECK_FUNCTION_EXISTS=cheev_ CMakeFiles/cmTC_54cb3.dir/CheckFunctionExists.c.o -o cmTC_54cb3  /usr/lib/x86_64-linux-gnu/libblas.so -lm -ldl 
/usr/bin/ld: CMakeFiles/cmTC_54cb3.dir/CheckFunctionExists.c.o: in function `main':
CheckFunctionExists.c:(.text+0x14): undefined reference to `cheev_'
collect2: error: ld returned 1 exit status
gmake[1]: *** [CMakeFiles/cmTC_54cb3.dir/build.make:100: cmTC_54cb3] Error 1
gmake[1]: Leaving directory '/home/user/ros2_ws/build/slam_toolbox/CMakeFiles/CMakeTmp'
gmake: *** [Makefile:127: cmTC_54cb3/fast] Error 2



Determining if the function cheev_ exists failed with the following output:
Change Dir: /home/user/ros2_ws/build/slam_toolbox/CMakeFiles/CMakeTmp

Run Build Command(s):/usr/bin/gmake -f Makefile cmTC_efa7c/fast && /usr/bin/gmake  -f CMakeFiles/cmTC_efa7c.dir/build.make CMakeFiles/cmTC_efa7c.dir/build
gmake[1]: Entering directory '/home/user/ros2_ws/build/slam_toolbox/CMakeFiles/CMakeTmp'
Building C object CMakeFiles/cmTC_efa7c.dir/CheckFunctionExists.c.o
/usr/bin/cc   -DCHECK_FUNCTION_EXISTS=cheev_ -o CMakeFiles/cmTC_efa7c.dir/CheckFunctionExists.c.o -c /usr/share/cmake-3.22/Modules/CheckFunctionExists.c
Linking C executable cmTC_efa7c
/usr/bin/cmake -E cmake_link_script CMakeFiles/cmTC_efa7c.dir/link.txt --verbose=1
/usr/bin/cc  -DCHECK_FUNCTION_EXISTS=cheev_ CMakeFiles/cmTC_efa7c.dir/CheckFunctionExists.c.o -o cmTC_efa7c  /usr/lib/x86_64-linux-gnu/liblapack.so /usr/lib/x86_64-linux-gnu/libblas.so -fortranlibs 
cc: error: unrecognized command-line option ‘-fortranlibs’
gmake[1]: *** [CMakeFiles/cmTC_efa7c.dir/build.make:101: cmTC_efa7c] Error 1
gmake[1]: Leaving directory '/home/user/ros2_ws/build/slam_toolbox/CMakeFiles/CMakeTmp'
gmake: *** [Makefile:127: cmTC_efa7c/fast] Error 2



