[0.761s] Invoking command in '/home/user/ros2_ws/build/rtabmap_python': PYTHONPATH=/home/user/ros2_ws/build/rtabmap_python/prefix_override:/home/user/ros2_ws/install/rtabmap_python/lib/python3.10/site-packages:${PYTHONPATH} /usr/bin/python3 setup.py develop --editable --build-directory /home/user/ros2_ws/build/rtabmap_python/build --no-deps install_data
[1.024s] running develop
[1.024s] /usr/lib/python3/dist-packages/setuptools/command/easy_install.py:158: EasyInstallDeprecationWarning: easy_install command is deprecated. Use build and pip and other standards-based tools.
[1.025s]   warnings.warn(
[1.026s] /usr/lib/python3/dist-packages/setuptools/command/install.py:34: SetuptoolsDeprecationWarning: setup.py install is deprecated. Use build and pip and other standards-based tools.
[1.026s]   warnings.warn(
[1.191s] running egg_info
[1.191s] writing rtabmap_python.egg-info/PKG-INFO
[1.192s] writing dependency_links to rtabmap_python.egg-info/dependency_links.txt
[1.192s] writing entry points to rtabmap_python.egg-info/entry_points.txt
[1.192s] writing requirements to rtabmap_python.egg-info/requires.txt
[1.192s] writing top-level names to rtabmap_python.egg-info/top_level.txt
[1.193s] reading manifest file 'rtabmap_python.egg-info/SOURCES.txt'
[1.194s] writing manifest file 'rtabmap_python.egg-info/SOURCES.txt'
[1.196s] running build_ext
[1.196s] Creating /home/user/ros2_ws/install/rtabmap_python/lib/python3.10/site-packages/rtabmap-python.egg-link (link to .)
[1.197s] 
[1.197s] Installed /home/user/ros2_ws/build/rtabmap_python
[1.197s] running install_data
[1.221s] Invoked command in '/home/user/ros2_ws/build/rtabmap_python' returned '0': PYTHONPATH=/home/user/ros2_ws/build/rtabmap_python/prefix_override:/home/user/ros2_ws/install/rtabmap_python/lib/python3.10/site-packages:${PYTHONPATH} /usr/bin/python3 setup.py develop --editable --build-directory /home/user/ros2_ws/build/rtabmap_python/build --no-deps install_data
