[0.040s] Invoking command in '/home/user/ros2_ws/build/nav2_controller': AMENT_PREFIX_PATH=/home/user/ros2_ws/install/nav2_core:/home/user/ros2_ws/install/nav2_costmap_2d:/home/user/ros2_ws/install/nav_2d_utils:/home/user/ros2_ws/install/nav2_util:/home/user/ros2_ws/install/nav2_voxel_grid:/home/user/ros2_ws/install/nav2_msgs:/home/user/ros2_ws/install/nav_2d_msgs:/home/user/ros2_ws/install/nav2_common:${AMENT_PREFIX_PATH} CMAKE_PREFIX_PATH=/home/user/ros2_ws/install/nav2_core:/home/user/ros2_ws/install/nav2_costmap_2d:/home/user/ros2_ws/install/nav_2d_utils:/home/user/ros2_ws/install/nav2_util:/home/user/ros2_ws/install/nav2_voxel_grid:/home/user/ros2_ws/install/nav2_msgs:/home/user/ros2_ws/install/nav_2d_msgs:/home/user/ros2_ws/install/nav2_common:/home/user/ros2_ws/install/slam_toolbox:/home/user/ros2_ws/install/slam_gmapping:/home/user/ros2_ws/install/serial:/home/user/ros2_ws/install/imu_tools:/home/user/ros2_ws/install/rviz_imu_plugin:/home/user/ros2_ws/install/rtabmap_ros:/home/user/ros2_ws/install/rtabmap_launch:/home/user/ros2_ws/install/rtabmap_examples:/home/user/ros2_ws/install/rtabmap_demos:/home/user/ros2_ws/install/rtabmap_viz:/home/user/ros2_ws/install/rtabmap_slam:/home/user/ros2_ws/install/rtabmap_odom:/home/user/ros2_ws/install/rtabmap_util:/home/user/ros2_ws/install/rtabmap_sync:/home/user/ros2_ws/install/rtabmap_rviz_plugins:/home/user/ros2_ws/install/rtabmap_conversions:/home/user/ros2_ws/install/rtabmap_python:/opt/ros/humble:/home/user/ros2_ws/install/rtabmap_msgs:/home/user/ros2_ws/install/rtabmap:/home/user/ros2_ws/install/roboteq_ros2_driver:/home/user/ros2_ws/install/realsense2_description:/home/user/ros2_ws/install/realsense2_camera:/home/user/ros2_ws/install/realsense2_camera_msgs:/home/user/ros2_ws/install/openslam_gmapping:/home/user/ros2_ws/install/lslidar_driver:/home/user/ros2_ws/install/lslidar_msgs:/home/user/ros2_ws/install/imu_filter_madgwick:/home/user/ros2_ws/install/imu_complementary_filter:/home/user/ros2_ws/install/amr_bot LD_LIBRARY_PATH=/home/user/ros2_ws/install/nav2_costmap_2d/lib:/home/user/ros2_ws/install/nav_2d_utils/lib:/home/user/ros2_ws/install/nav2_util/lib:/home/user/ros2_ws/install/nav2_voxel_grid/lib:/home/user/ros2_ws/install/nav2_msgs/lib:/home/user/ros2_ws/install/nav_2d_msgs/lib:${LD_LIBRARY_PATH} PYTHONPATH=/home/user/ros2_ws/install/nav2_msgs/local/lib/python3.10/dist-packages:/home/user/ros2_ws/install/nav_2d_msgs/local/lib/python3.10/dist-packages:/home/user/ros2_ws/install/nav2_common/local/lib/python3.10/dist-packages:${PYTHONPATH} /usr/bin/cmake /home/user/ros2_ws/src/navigation2/nav2_controller -DAMENT_CMAKE_SYMLINK_INSTALL=1 -DCMAKE_INSTALL_PREFIX=/home/user/ros2_ws/install/nav2_controller
[0.073s] -- The C compiler identification is GNU 11.4.0
[0.106s] -- The CXX compiler identification is GNU 11.4.0
[0.111s] -- Detecting C compiler ABI info
[0.155s] -- Detecting C compiler ABI info - done
[0.159s] -- Check for working C compiler: /usr/bin/cc - skipped
[0.159s] -- Detecting C compile features
[0.159s] -- Detecting C compile features - done
[0.161s] -- Detecting CXX compiler ABI info
[0.211s] -- Detecting CXX compiler ABI info - done
[0.215s] -- Check for working CXX compiler: /usr/bin/c++ - skipped
[0.215s] -- Detecting CXX compile features
[0.215s] -- Detecting CXX compile features - done
[0.217s] -- Found ament_cmake: 1.3.7 (/opt/ros/humble/share/ament_cmake/cmake)
[0.324s] -- Found Python3: /usr/bin/python3.10 (found version "3.10.12") found components: Interpreter 
[0.360s] -- Override CMake install command with custom implementation using symlinks instead of copying resources
[0.385s] -- Found nav2_core: 1.1.13 (/home/user/ros2_ws/install/nav2_core/share/nav2_core/cmake)
[0.420s] -- Found rosidl_generator_c: 3.1.5 (/opt/ros/humble/share/rosidl_generator_c/cmake)
[0.424s] -- Found rosidl_adapter: 3.1.5 (/opt/ros/humble/share/rosidl_adapter/cmake)
[0.431s] -- Found rosidl_generator_cpp: 3.1.5 (/opt/ros/humble/share/rosidl_generator_cpp/cmake)
[0.440s] -- Using all available rosidl_typesupport_c: rosidl_typesupport_fastrtps_c;rosidl_typesupport_introspection_c
[0.454s] -- Using all available rosidl_typesupport_cpp: rosidl_typesupport_fastrtps_cpp;rosidl_typesupport_introspection_cpp
[0.500s] -- Found rmw_implementation_cmake: 6.1.1 (/opt/ros/humble/share/rmw_implementation_cmake/cmake)
[0.503s] -- Found rmw_fastrtps_cpp: 6.2.6 (/opt/ros/humble/share/rmw_fastrtps_cpp/cmake)
[0.568s] -- Found OpenSSL: /usr/lib/x86_64-linux-gnu/libcrypto.so (found version "3.0.2")  
[0.586s] -- Found FastRTPS: /opt/ros/humble/include  
[0.616s] -- Using RMW implementation 'rmw_fastrtps_cpp' as default
[0.624s] -- Looking for pthread.h
[0.670s] -- Looking for pthread.h - found
[0.670s] -- Performing Test CMAKE_HAVE_LIBC_PTHREAD
[0.716s] -- Performing Test CMAKE_HAVE_LIBC_PTHREAD - Success
[0.717s] -- Found Threads: TRUE  
[1.394s] -- Found Eigen3: TRUE (found version "3.4.0") 
[1.394s] -- Ensuring Eigen3 include directory is part of orocos-kdl CMake target
[2.325s] -- Found nav2_common: 1.1.13 (/home/user/ros2_ws/install/nav2_common/share/nav2_common/cmake)
[2.326s] -- Found nav_2d_utils: 1.1.13 (/home/user/ros2_ws/install/nav_2d_utils/share/nav_2d_utils/cmake)
[2.711s] -- Setting build type to Release as none was specified.
[13.258s] -- Found ament_lint_auto: 0.12.10 (/opt/ros/humble/share/ament_lint_auto/cmake)
[13.316s] -- Found gtest sources under '/opt/ros/humble/src/gtest_vendor': C++ tests using 'Google Test' will be built
[15.400s] -- Found gtest sources under '/opt/ros/humble/src/gtest_vendor': C++ tests using 'Google Test' will be built
[17.514s] -- Added test 'cppcheck' to perform static code analysis on C / C++ code
[17.515s] -- Configured cppcheck include dirs: /home/user/ros2_ws/src/navigation2/nav2_controller/include
[17.515s] -- Configured cppcheck exclude dirs and/or files: 
[17.516s] -- Added test 'cpplint' to check C / C++ code against the Google style
[17.516s] -- Configured cpplint exclude dirs and/or files: 
[17.517s] -- Added test 'lint_cmake' to check CMake code style
[17.518s] -- Added test 'uncrustify' to check C / C++ code style
[17.518s] -- Configured uncrustify additional arguments: 
[17.518s] -- Added test 'xmllint' to check XML markup files
[17.520s] -- Configuring done
[17.696s] -- Generating done
[17.698s] -- Build files have been written to: /home/user/ros2_ws/build/nav2_controller
[17.708s] Invoked command in '/home/user/ros2_ws/build/nav2_controller' returned '0': AMENT_PREFIX_PATH=/home/user/ros2_ws/install/nav2_core:/home/user/ros2_ws/install/nav2_costmap_2d:/home/user/ros2_ws/install/nav_2d_utils:/home/user/ros2_ws/install/nav2_util:/home/user/ros2_ws/install/nav2_voxel_grid:/home/user/ros2_ws/install/nav2_msgs:/home/user/ros2_ws/install/nav_2d_msgs:/home/user/ros2_ws/install/nav2_common:${AMENT_PREFIX_PATH} CMAKE_PREFIX_PATH=/home/user/ros2_ws/install/nav2_core:/home/user/ros2_ws/install/nav2_costmap_2d:/home/user/ros2_ws/install/nav_2d_utils:/home/user/ros2_ws/install/nav2_util:/home/user/ros2_ws/install/nav2_voxel_grid:/home/user/ros2_ws/install/nav2_msgs:/home/user/ros2_ws/install/nav_2d_msgs:/home/user/ros2_ws/install/nav2_common:/home/user/ros2_ws/install/slam_toolbox:/home/user/ros2_ws/install/slam_gmapping:/home/user/ros2_ws/install/serial:/home/user/ros2_ws/install/imu_tools:/home/user/ros2_ws/install/rviz_imu_plugin:/home/user/ros2_ws/install/rtabmap_ros:/home/user/ros2_ws/install/rtabmap_launch:/home/user/ros2_ws/install/rtabmap_examples:/home/user/ros2_ws/install/rtabmap_demos:/home/user/ros2_ws/install/rtabmap_viz:/home/user/ros2_ws/install/rtabmap_slam:/home/user/ros2_ws/install/rtabmap_odom:/home/user/ros2_ws/install/rtabmap_util:/home/user/ros2_ws/install/rtabmap_sync:/home/user/ros2_ws/install/rtabmap_rviz_plugins:/home/user/ros2_ws/install/rtabmap_conversions:/home/user/ros2_ws/install/rtabmap_python:/opt/ros/humble:/home/user/ros2_ws/install/rtabmap_msgs:/home/user/ros2_ws/install/rtabmap:/home/user/ros2_ws/install/roboteq_ros2_driver:/home/user/ros2_ws/install/realsense2_description:/home/user/ros2_ws/install/realsense2_camera:/home/user/ros2_ws/install/realsense2_camera_msgs:/home/user/ros2_ws/install/openslam_gmapping:/home/user/ros2_ws/install/lslidar_driver:/home/user/ros2_ws/install/lslidar_msgs:/home/user/ros2_ws/install/imu_filter_madgwick:/home/user/ros2_ws/install/imu_complementary_filter:/home/user/ros2_ws/install/amr_bot LD_LIBRARY_PATH=/home/user/ros2_ws/install/nav2_costmap_2d/lib:/home/user/ros2_ws/install/nav_2d_utils/lib:/home/user/ros2_ws/install/nav2_util/lib:/home/user/ros2_ws/install/nav2_voxel_grid/lib:/home/user/ros2_ws/install/nav2_msgs/lib:/home/user/ros2_ws/install/nav_2d_msgs/lib:${LD_LIBRARY_PATH} PYTHONPATH=/home/user/ros2_ws/install/nav2_msgs/local/lib/python3.10/dist-packages:/home/user/ros2_ws/install/nav_2d_msgs/local/lib/python3.10/dist-packages:/home/user/ros2_ws/install/nav2_common/local/lib/python3.10/dist-packages:${PYTHONPATH} /usr/bin/cmake /home/user/ros2_ws/src/navigation2/nav2_controller -DAMENT_CMAKE_SYMLINK_INSTALL=1 -DCMAKE_INSTALL_PREFIX=/home/user/ros2_ws/install/nav2_controller
[17.709s] Invoking command in '/home/user/ros2_ws/build/nav2_controller': AMENT_PREFIX_PATH=/home/user/ros2_ws/install/nav2_core:/home/user/ros2_ws/install/nav2_costmap_2d:/home/user/ros2_ws/install/nav_2d_utils:/home/user/ros2_ws/install/nav2_util:/home/user/ros2_ws/install/nav2_voxel_grid:/home/user/ros2_ws/install/nav2_msgs:/home/user/ros2_ws/install/nav_2d_msgs:/home/user/ros2_ws/install/nav2_common:${AMENT_PREFIX_PATH} CMAKE_PREFIX_PATH=/home/user/ros2_ws/install/nav2_core:/home/user/ros2_ws/install/nav2_costmap_2d:/home/user/ros2_ws/install/nav_2d_utils:/home/user/ros2_ws/install/nav2_util:/home/user/ros2_ws/install/nav2_voxel_grid:/home/user/ros2_ws/install/nav2_msgs:/home/user/ros2_ws/install/nav_2d_msgs:/home/user/ros2_ws/install/nav2_common:/home/user/ros2_ws/install/slam_toolbox:/home/user/ros2_ws/install/slam_gmapping:/home/user/ros2_ws/install/serial:/home/user/ros2_ws/install/imu_tools:/home/user/ros2_ws/install/rviz_imu_plugin:/home/user/ros2_ws/install/rtabmap_ros:/home/user/ros2_ws/install/rtabmap_launch:/home/user/ros2_ws/install/rtabmap_examples:/home/user/ros2_ws/install/rtabmap_demos:/home/user/ros2_ws/install/rtabmap_viz:/home/user/ros2_ws/install/rtabmap_slam:/home/user/ros2_ws/install/rtabmap_odom:/home/user/ros2_ws/install/rtabmap_util:/home/user/ros2_ws/install/rtabmap_sync:/home/user/ros2_ws/install/rtabmap_rviz_plugins:/home/user/ros2_ws/install/rtabmap_conversions:/home/user/ros2_ws/install/rtabmap_python:/opt/ros/humble:/home/user/ros2_ws/install/rtabmap_msgs:/home/user/ros2_ws/install/rtabmap:/home/user/ros2_ws/install/roboteq_ros2_driver:/home/user/ros2_ws/install/realsense2_description:/home/user/ros2_ws/install/realsense2_camera:/home/user/ros2_ws/install/realsense2_camera_msgs:/home/user/ros2_ws/install/openslam_gmapping:/home/user/ros2_ws/install/lslidar_driver:/home/user/ros2_ws/install/lslidar_msgs:/home/user/ros2_ws/install/imu_filter_madgwick:/home/user/ros2_ws/install/imu_complementary_filter:/home/user/ros2_ws/install/amr_bot LD_LIBRARY_PATH=/home/user/ros2_ws/install/nav2_costmap_2d/lib:/home/user/ros2_ws/install/nav_2d_utils/lib:/home/user/ros2_ws/install/nav2_util/lib:/home/user/ros2_ws/install/nav2_voxel_grid/lib:/home/user/ros2_ws/install/nav2_msgs/lib:/home/user/ros2_ws/install/nav_2d_msgs/lib:${LD_LIBRARY_PATH} PYTHONPATH=/home/user/ros2_ws/install/nav2_msgs/local/lib/python3.10/dist-packages:/home/user/ros2_ws/install/nav_2d_msgs/local/lib/python3.10/dist-packages:/home/user/ros2_ws/install/nav2_common/local/lib/python3.10/dist-packages:${PYTHONPATH} /usr/bin/cmake --build /home/user/ros2_ws/build/nav2_controller
[17.743s] [  4%] [32mBuilding CXX object CMakeFiles/controller_server_core.dir/src/controller_server.cpp.o[0m
[31.769s] [  9%] [32m[1mLinking CXX shared library libcontroller_server_core.so[0m
[32.003s] [  9%] Built target controller_server_core
[32.018s] [ 13%] [32mBuilding CXX object CMakeFiles/controller_server.dir/src/main.cpp.o[0m
[35.707s] [ 18%] [32m[1mLinking CXX executable controller_server[0m
[35.925s] [ 18%] Built target controller_server
[35.939s] [ 22%] [32mBuilding CXX object CMakeFiles/simple_progress_checker.dir/plugins/simple_progress_checker.cpp.o[0m
[37.751s] [ 27%] [32m[1mLinking CXX shared library libsimple_progress_checker.so[0m
[37.871s] [ 27%] Built target simple_progress_checker
[37.885s] [ 31%] [32mBuilding CXX object CMakeFiles/pose_progress_checker.dir/plugins/pose_progress_checker.cpp.o[0m
[39.675s] [ 36%] [32m[1mLinking CXX shared library libpose_progress_checker.so[0m
[39.799s] [ 36%] Built target pose_progress_checker
[39.814s] [ 40%] [32mBuilding CXX object CMakeFiles/simple_goal_checker.dir/plugins/simple_goal_checker.cpp.o[0m
[42.532s] [ 45%] [32m[1mLinking CXX shared library libsimple_goal_checker.so[0m
[42.651s] [ 45%] Built target simple_goal_checker
[42.665s] [ 50%] [32mBuilding CXX object CMakeFiles/stopped_goal_checker.dir/plugins/stopped_goal_checker.cpp.o[0m
[45.333s] [ 54%] [32m[1mLinking CXX shared library libstopped_goal_checker.so[0m
[45.454s] [ 54%] Built target stopped_goal_checker
[45.467s] [ 59%] [32mBuilding CXX object gtest/CMakeFiles/gtest_main.dir/src/gtest_main.cc.o[0m
[45.913s] [ 63%] [32m[1mLinking CXX static library libgtest_main.a[0m
[45.934s] [ 63%] Built target gtest_main
[45.947s] [ 68%] [32mBuilding CXX object gtest/CMakeFiles/gtest.dir/src/gtest-all.cc.o[0m
[49.908s] [ 72%] [32m[1mLinking CXX static library libgtest.a[0m
[49.933s] [ 72%] Built target gtest
[49.947s] [ 77%] [32mBuilding CXX object plugins/test/CMakeFiles/pctest.dir/progress_checker.cpp.o[0m
[52.376s] [ 81%] [32m[1mLinking CXX executable pctest[0m
[52.529s] [ 81%] Built target pctest
[52.543s] [ 86%] [32mBuilding CXX object plugins/test/CMakeFiles/gctest.dir/goal_checker.cpp.o[0m
[55.834s] [ 90%] [32m[1mLinking CXX executable gctest[0m
[56.017s] [ 90%] Built target gctest
[56.032s] [ 95%] [32mBuilding CXX object test/CMakeFiles/test_dynamic_parameters.dir/test_dynamic_parameters.cpp.o[0m
[60.645s] [100%] [32m[1mLinking CXX executable test_dynamic_parameters[0m
[60.892s] [100%] Built target test_dynamic_parameters
[60.899s] Invoked command in '/home/user/ros2_ws/build/nav2_controller' returned '0': AMENT_PREFIX_PATH=/home/user/ros2_ws/install/nav2_core:/home/user/ros2_ws/install/nav2_costmap_2d:/home/user/ros2_ws/install/nav_2d_utils:/home/user/ros2_ws/install/nav2_util:/home/user/ros2_ws/install/nav2_voxel_grid:/home/user/ros2_ws/install/nav2_msgs:/home/user/ros2_ws/install/nav_2d_msgs:/home/user/ros2_ws/install/nav2_common:${AMENT_PREFIX_PATH} CMAKE_PREFIX_PATH=/home/user/ros2_ws/install/nav2_core:/home/user/ros2_ws/install/nav2_costmap_2d:/home/user/ros2_ws/install/nav_2d_utils:/home/user/ros2_ws/install/nav2_util:/home/user/ros2_ws/install/nav2_voxel_grid:/home/user/ros2_ws/install/nav2_msgs:/home/user/ros2_ws/install/nav_2d_msgs:/home/user/ros2_ws/install/nav2_common:/home/user/ros2_ws/install/slam_toolbox:/home/user/ros2_ws/install/slam_gmapping:/home/user/ros2_ws/install/serial:/home/user/ros2_ws/install/imu_tools:/home/user/ros2_ws/install/rviz_imu_plugin:/home/user/ros2_ws/install/rtabmap_ros:/home/user/ros2_ws/install/rtabmap_launch:/home/user/ros2_ws/install/rtabmap_examples:/home/user/ros2_ws/install/rtabmap_demos:/home/user/ros2_ws/install/rtabmap_viz:/home/user/ros2_ws/install/rtabmap_slam:/home/user/ros2_ws/install/rtabmap_odom:/home/user/ros2_ws/install/rtabmap_util:/home/user/ros2_ws/install/rtabmap_sync:/home/user/ros2_ws/install/rtabmap_rviz_plugins:/home/user/ros2_ws/install/rtabmap_conversions:/home/user/ros2_ws/install/rtabmap_python:/opt/ros/humble:/home/user/ros2_ws/install/rtabmap_msgs:/home/user/ros2_ws/install/rtabmap:/home/user/ros2_ws/install/roboteq_ros2_driver:/home/user/ros2_ws/install/realsense2_description:/home/user/ros2_ws/install/realsense2_camera:/home/user/ros2_ws/install/realsense2_camera_msgs:/home/user/ros2_ws/install/openslam_gmapping:/home/user/ros2_ws/install/lslidar_driver:/home/user/ros2_ws/install/lslidar_msgs:/home/user/ros2_ws/install/imu_filter_madgwick:/home/user/ros2_ws/install/imu_complementary_filter:/home/user/ros2_ws/install/amr_bot LD_LIBRARY_PATH=/home/user/ros2_ws/install/nav2_costmap_2d/lib:/home/user/ros2_ws/install/nav_2d_utils/lib:/home/user/ros2_ws/install/nav2_util/lib:/home/user/ros2_ws/install/nav2_voxel_grid/lib:/home/user/ros2_ws/install/nav2_msgs/lib:/home/user/ros2_ws/install/nav_2d_msgs/lib:${LD_LIBRARY_PATH} PYTHONPATH=/home/user/ros2_ws/install/nav2_msgs/local/lib/python3.10/dist-packages:/home/user/ros2_ws/install/nav_2d_msgs/local/lib/python3.10/dist-packages:/home/user/ros2_ws/install/nav2_common/local/lib/python3.10/dist-packages:${PYTHONPATH} /usr/bin/cmake --build /home/user/ros2_ws/build/nav2_controller
[60.933s] Invoking command in '/home/user/ros2_ws/build/nav2_controller': AMENT_PREFIX_PATH=/home/user/ros2_ws/install/nav2_core:/home/user/ros2_ws/install/nav2_costmap_2d:/home/user/ros2_ws/install/nav_2d_utils:/home/user/ros2_ws/install/nav2_util:/home/user/ros2_ws/install/nav2_voxel_grid:/home/user/ros2_ws/install/nav2_msgs:/home/user/ros2_ws/install/nav_2d_msgs:/home/user/ros2_ws/install/nav2_common:${AMENT_PREFIX_PATH} CMAKE_PREFIX_PATH=/home/user/ros2_ws/install/nav2_core:/home/user/ros2_ws/install/nav2_costmap_2d:/home/user/ros2_ws/install/nav_2d_utils:/home/user/ros2_ws/install/nav2_util:/home/user/ros2_ws/install/nav2_voxel_grid:/home/user/ros2_ws/install/nav2_msgs:/home/user/ros2_ws/install/nav_2d_msgs:/home/user/ros2_ws/install/nav2_common:/home/user/ros2_ws/install/slam_toolbox:/home/user/ros2_ws/install/slam_gmapping:/home/user/ros2_ws/install/serial:/home/user/ros2_ws/install/imu_tools:/home/user/ros2_ws/install/rviz_imu_plugin:/home/user/ros2_ws/install/rtabmap_ros:/home/user/ros2_ws/install/rtabmap_launch:/home/user/ros2_ws/install/rtabmap_examples:/home/user/ros2_ws/install/rtabmap_demos:/home/user/ros2_ws/install/rtabmap_viz:/home/user/ros2_ws/install/rtabmap_slam:/home/user/ros2_ws/install/rtabmap_odom:/home/user/ros2_ws/install/rtabmap_util:/home/user/ros2_ws/install/rtabmap_sync:/home/user/ros2_ws/install/rtabmap_rviz_plugins:/home/user/ros2_ws/install/rtabmap_conversions:/home/user/ros2_ws/install/rtabmap_python:/opt/ros/humble:/home/user/ros2_ws/install/rtabmap_msgs:/home/user/ros2_ws/install/rtabmap:/home/user/ros2_ws/install/roboteq_ros2_driver:/home/user/ros2_ws/install/realsense2_description:/home/user/ros2_ws/install/realsense2_camera:/home/user/ros2_ws/install/realsense2_camera_msgs:/home/user/ros2_ws/install/openslam_gmapping:/home/user/ros2_ws/install/lslidar_driver:/home/user/ros2_ws/install/lslidar_msgs:/home/user/ros2_ws/install/imu_filter_madgwick:/home/user/ros2_ws/install/imu_complementary_filter:/home/user/ros2_ws/install/amr_bot LD_LIBRARY_PATH=/home/user/ros2_ws/install/nav2_costmap_2d/lib:/home/user/ros2_ws/install/nav_2d_utils/lib:/home/user/ros2_ws/install/nav2_util/lib:/home/user/ros2_ws/install/nav2_voxel_grid/lib:/home/user/ros2_ws/install/nav2_msgs/lib:/home/user/ros2_ws/install/nav_2d_msgs/lib:${LD_LIBRARY_PATH} PYTHONPATH=/home/user/ros2_ws/install/nav2_msgs/local/lib/python3.10/dist-packages:/home/user/ros2_ws/install/nav_2d_msgs/local/lib/python3.10/dist-packages:/home/user/ros2_ws/install/nav2_common/local/lib/python3.10/dist-packages:${PYTHONPATH} /usr/bin/cmake --install /home/user/ros2_ws/build/nav2_controller
[60.937s] -- Install configuration: "Release"
[60.938s] -- Execute custom install script
[60.938s] -- Symlinking: /home/user/ros2_ws/install/nav2_controller/lib/libsimple_progress_checker.so
[60.944s] -- Symlinking: /home/user/ros2_ws/install/nav2_controller/lib/libpose_progress_checker.so
[60.949s] -- Symlinking: /home/user/ros2_ws/install/nav2_controller/lib/libsimple_goal_checker.so
[60.954s] -- Symlinking: /home/user/ros2_ws/install/nav2_controller/lib/libstopped_goal_checker.so
[60.960s] -- Symlinking: /home/user/ros2_ws/install/nav2_controller/lib/libcontroller_server_core.so
[60.965s] -- Symlinking: /home/user/ros2_ws/install/nav2_controller/lib/nav2_controller/controller_server
[60.971s] -- Symlinking: /home/user/ros2_ws/install/nav2_controller/include//nav2_controller/controller_server.hpp
[60.976s] -- Symlinking: /home/user/ros2_ws/install/nav2_controller/include//nav2_controller/plugins/pose_progress_checker.hpp
[60.981s] -- Symlinking: /home/user/ros2_ws/install/nav2_controller/include//nav2_controller/plugins/simple_goal_checker.hpp
[60.986s] -- Symlinking: /home/user/ros2_ws/install/nav2_controller/include//nav2_controller/plugins/simple_progress_checker.hpp
[60.991s] -- Symlinking: /home/user/ros2_ws/install/nav2_controller/include//nav2_controller/plugins/stopped_goal_checker.hpp
[60.996s] -- Symlinking: /home/user/ros2_ws/install/nav2_controller/share/nav2_controller/environment/library_path.sh
[61.002s] -- Symlinking: /home/user/ros2_ws/install/nav2_controller/share/nav2_controller/environment/library_path.dsv
[61.007s] -- Symlinking: /home/user/ros2_ws/install/nav2_controller/share/nav2_controller//plugins.xml
[61.012s] -- Symlinking: /home/user/ros2_ws/install/nav2_controller/share/ament_index/resource_index/package_run_dependencies/nav2_controller
[61.018s] -- Symlinking: /home/user/ros2_ws/install/nav2_controller/share/ament_index/resource_index/parent_prefix_path/nav2_controller
[61.023s] -- Symlinking: /home/user/ros2_ws/install/nav2_controller/share/nav2_controller/environment/ament_prefix_path.sh
[61.028s] -- Symlinking: /home/user/ros2_ws/install/nav2_controller/share/nav2_controller/environment/ament_prefix_path.dsv
[61.033s] -- Symlinking: /home/user/ros2_ws/install/nav2_controller/share/nav2_controller/environment/path.sh
[61.038s] -- Symlinking: /home/user/ros2_ws/install/nav2_controller/share/nav2_controller/environment/path.dsv
[61.043s] -- Symlinking: /home/user/ros2_ws/install/nav2_controller/share/nav2_controller/local_setup.bash
[61.048s] -- Symlinking: /home/user/ros2_ws/install/nav2_controller/share/nav2_controller/local_setup.sh
[61.054s] -- Symlinking: /home/user/ros2_ws/install/nav2_controller/share/nav2_controller/local_setup.zsh
[61.059s] -- Symlinking: /home/user/ros2_ws/install/nav2_controller/share/nav2_controller/local_setup.dsv
[61.064s] -- Symlinking: /home/user/ros2_ws/install/nav2_controller/share/nav2_controller/package.dsv
[61.069s] -- Symlinking: /home/user/ros2_ws/install/nav2_controller/share/ament_index/resource_index/packages/nav2_controller
[61.075s] -- Symlinking: /home/user/ros2_ws/install/nav2_controller/share/ament_index/resource_index/nav2_core__pluginlib__plugin/nav2_controller
[61.079s] -- Symlinking: /home/user/ros2_ws/install/nav2_controller/share/ament_index/resource_index/rclcpp_components/nav2_controller
[61.085s] -- Symlinking: /home/user/ros2_ws/install/nav2_controller/share/nav2_controller/cmake/ament_cmake_export_include_directories-extras.cmake
[61.090s] -- Symlinking: /home/user/ros2_ws/install/nav2_controller/share/nav2_controller/cmake/ament_cmake_export_libraries-extras.cmake
[61.096s] -- Symlinking: /home/user/ros2_ws/install/nav2_controller/share/nav2_controller/cmake/ament_cmake_export_dependencies-extras.cmake
[61.101s] -- Symlinking: /home/user/ros2_ws/install/nav2_controller/share/nav2_controller/cmake/nav2_controllerConfig.cmake
[61.106s] -- Symlinking: /home/user/ros2_ws/install/nav2_controller/share/nav2_controller/cmake/nav2_controllerConfig-version.cmake
[61.111s] -- Symlinking: /home/user/ros2_ws/install/nav2_controller/share/nav2_controller/package.xml
[61.118s] Invoked command in '/home/user/ros2_ws/build/nav2_controller' returned '0': AMENT_PREFIX_PATH=/home/user/ros2_ws/install/nav2_core:/home/user/ros2_ws/install/nav2_costmap_2d:/home/user/ros2_ws/install/nav_2d_utils:/home/user/ros2_ws/install/nav2_util:/home/user/ros2_ws/install/nav2_voxel_grid:/home/user/ros2_ws/install/nav2_msgs:/home/user/ros2_ws/install/nav_2d_msgs:/home/user/ros2_ws/install/nav2_common:${AMENT_PREFIX_PATH} CMAKE_PREFIX_PATH=/home/user/ros2_ws/install/nav2_core:/home/user/ros2_ws/install/nav2_costmap_2d:/home/user/ros2_ws/install/nav_2d_utils:/home/user/ros2_ws/install/nav2_util:/home/user/ros2_ws/install/nav2_voxel_grid:/home/user/ros2_ws/install/nav2_msgs:/home/user/ros2_ws/install/nav_2d_msgs:/home/user/ros2_ws/install/nav2_common:/home/user/ros2_ws/install/slam_toolbox:/home/user/ros2_ws/install/slam_gmapping:/home/user/ros2_ws/install/serial:/home/user/ros2_ws/install/imu_tools:/home/user/ros2_ws/install/rviz_imu_plugin:/home/user/ros2_ws/install/rtabmap_ros:/home/user/ros2_ws/install/rtabmap_launch:/home/user/ros2_ws/install/rtabmap_examples:/home/user/ros2_ws/install/rtabmap_demos:/home/user/ros2_ws/install/rtabmap_viz:/home/user/ros2_ws/install/rtabmap_slam:/home/user/ros2_ws/install/rtabmap_odom:/home/user/ros2_ws/install/rtabmap_util:/home/user/ros2_ws/install/rtabmap_sync:/home/user/ros2_ws/install/rtabmap_rviz_plugins:/home/user/ros2_ws/install/rtabmap_conversions:/home/user/ros2_ws/install/rtabmap_python:/opt/ros/humble:/home/user/ros2_ws/install/rtabmap_msgs:/home/user/ros2_ws/install/rtabmap:/home/user/ros2_ws/install/roboteq_ros2_driver:/home/user/ros2_ws/install/realsense2_description:/home/user/ros2_ws/install/realsense2_camera:/home/user/ros2_ws/install/realsense2_camera_msgs:/home/user/ros2_ws/install/openslam_gmapping:/home/user/ros2_ws/install/lslidar_driver:/home/user/ros2_ws/install/lslidar_msgs:/home/user/ros2_ws/install/imu_filter_madgwick:/home/user/ros2_ws/install/imu_complementary_filter:/home/user/ros2_ws/install/amr_bot LD_LIBRARY_PATH=/home/user/ros2_ws/install/nav2_costmap_2d/lib:/home/user/ros2_ws/install/nav_2d_utils/lib:/home/user/ros2_ws/install/nav2_util/lib:/home/user/ros2_ws/install/nav2_voxel_grid/lib:/home/user/ros2_ws/install/nav2_msgs/lib:/home/user/ros2_ws/install/nav_2d_msgs/lib:${LD_LIBRARY_PATH} PYTHONPATH=/home/user/ros2_ws/install/nav2_msgs/local/lib/python3.10/dist-packages:/home/user/ros2_ws/install/nav_2d_msgs/local/lib/python3.10/dist-packages:/home/user/ros2_ws/install/nav2_common/local/lib/python3.10/dist-packages:${PYTHONPATH} /usr/bin/cmake --install /home/user/ros2_ws/build/nav2_controller
