[0.067s] Invoking command in '/home/user/ros2_ws/build/realsense2_camera_msgs': CMAKE_PREFIX_PATH=/home/user/ros2_ws/install/rtabmap_ros:/home/user/ros2_ws/install/rtabmap_demos:/home/user/ros2_ws/install/nav2_system_tests:/home/user/ros2_ws/install/nav2_bringup:/home/user/ros2_ws/install/slam_toolbox:/home/user/ros2_ws/install/slam_gmapping:/home/user/ros2_ws/install/serial:/home/user/ros2_ws/install/imu_tools:/home/user/ros2_ws/install/rviz_imu_plugin:/home/user/ros2_ws/install/rtabmap_launch:/home/user/ros2_ws/install/rtabmap_examples:/home/user/ros2_ws/install/rtabmap_viz:/home/user/ros2_ws/install/rtabmap_slam:/home/user/ros2_ws/install/rtabmap_odom:/home/user/ros2_ws/install/rtabmap_util:/home/user/ros2_ws/install/rtabmap_sync:/home/user/ros2_ws/install/rtabmap_rviz_plugins:/home/user/ros2_ws/install/rtabmap_conversions:/home/user/ros2_ws/install/rtabmap_python:/home/user/ros2_ws/install/nav2_simple_commander:/opt/ros/humble:/home/user/ros2_ws/install/rtabmap_msgs:/home/user/ros2_ws/install/rtabmap:/home/user/ros2_ws/install/roboteq_ros2_driver:/home/user/ros2_ws/install/realsense2_description:/home/user/ros2_ws/install/realsense2_camera:/home/user/ros2_ws/install/realsense2_camera_msgs:/home/user/ros2_ws/install/openslam_gmapping:/home/user/ros2_ws/install/navigation2:/home/user/ros2_ws/install/nav2_smoother:/home/user/ros2_ws/install/nav2_graceful_controller:/home/user/ros2_ws/install/nav2_dwb_controller:/home/user/ros2_ws/install/nav2_controller:/home/user/ros2_ws/install/dwb_plugins:/home/user/ros2_ws/install/dwb_critics:/home/user/ros2_ws/install/dwb_core:/home/user/ros2_ws/install/nav_2d_utils:/home/user/ros2_ws/install/dwb_msgs:/home/user/ros2_ws/install/nav_2d_msgs:/home/user/ros2_ws/install/nav2_waypoint_follower:/home/user/ros2_ws/install/nav2_theta_star_planner:/home/user/ros2_ws/install/nav2_smac_planner:/home/user/ros2_ws/install/nav2_rotation_shim_controller:/home/user/ros2_ws/install/nav2_regulated_pure_pursuit_controller:/home/user/ros2_ws/install/nav2_planner:/home/user/ros2_ws/install/nav2_navfn_planner:/home/user/ros2_ws/install/nav2_mppi_controller:/home/user/ros2_ws/install/nav2_constrained_smoother:/home/user/ros2_ws/install/nav2_bt_navigator:/home/user/ros2_ws/install/nav2_behaviors:/home/user/ros2_ws/install/nav2_core:/home/user/ros2_ws/install/nav2_collision_monitor:/home/user/ros2_ws/install/costmap_queue:/home/user/ros2_ws/install/nav2_costmap_2d:/home/user/ros2_ws/install/nav2_voxel_grid:/home/user/ros2_ws/install/nav2_velocity_smoother:/home/user/ros2_ws/install/nav2_rviz_plugins:/home/user/ros2_ws/install/nav2_map_server:/home/user/ros2_ws/install/nav2_lifecycle_manager:/home/user/ros2_ws/install/nav2_behavior_tree:/home/user/ros2_ws/install/nav2_amcl:/home/user/ros2_ws/install/nav2_util:/home/user/ros2_ws/install/nav2_msgs:/home/user/ros2_ws/install/nav2_common:/home/user/ros2_ws/install/lslidar_driver:/home/user/ros2_ws/install/lslidar_msgs:/home/user/ros2_ws/install/imu_filter_madgwick:/home/user/ros2_ws/install/imu_complementary_filter:/home/user/ros2_ws/install/amr_bot /usr/bin/cmake --build /home/user/ros2_ws/build/realsense2_camera_msgs
[0.166s] [  1%] Built target realsense2_camera_msgs__cpp
[0.212s] [ 12%] Built target realsense2_camera_msgs__rosidl_typesupport_cpp
[0.255s] [ 23%] Built target realsense2_camera_msgs__rosidl_generator_c
[0.293s] [ 34%] Built target realsense2_camera_msgs__rosidl_typesupport_fastrtps_c
[0.335s] [ 46%] Built target realsense2_camera_msgs__rosidl_typesupport_introspection_c
[0.370s] [ 57%] Built target realsense2_camera_msgs__rosidl_typesupport_c
[0.410s] [ 68%] Built target realsense2_camera_msgs__rosidl_typesupport_fastrtps_cpp
[0.453s] [ 79%] Built target realsense2_camera_msgs__rosidl_typesupport_introspection_cpp
[0.488s] [ 79%] Built target realsense2_camera_msgs
[0.538s] [ 79%] Built target ament_cmake_python_symlink_realsense2_camera_msgs
[0.761s] running egg_info
[0.762s] writing realsense2_camera_msgs.egg-info/PKG-INFO
[0.763s] writing dependency_links to realsense2_camera_msgs.egg-info/dependency_links.txt
[0.763s] writing top-level names to realsense2_camera_msgs.egg-info/top_level.txt
[0.768s] reading manifest file 'realsense2_camera_msgs.egg-info/SOURCES.txt'
[0.769s] writing manifest file 'realsense2_camera_msgs.egg-info/SOURCES.txt'
[0.805s] [ 79%] Built target ament_cmake_python_build_realsense2_camera_msgs_egg
[0.839s] [ 80%] Built target realsense2_camera_msgs__py
[0.877s] [ 90%] Built target realsense2_camera_msgs__rosidl_generator_py
[0.904s] [ 93%] Built target realsense2_camera_msgs__rosidl_typesupport_fastrtps_c__pyext
[0.931s] [ 96%] Built target realsense2_camera_msgs__rosidl_typesupport_introspection_c__pyext
[0.965s] [100%] Built target realsense2_camera_msgs__rosidl_typesupport_c__pyext
[0.985s] Invoked command in '/home/user/ros2_ws/build/realsense2_camera_msgs' returned '0': CMAKE_PREFIX_PATH=/home/user/ros2_ws/install/rtabmap_ros:/home/user/ros2_ws/install/rtabmap_demos:/home/user/ros2_ws/install/nav2_system_tests:/home/user/ros2_ws/install/nav2_bringup:/home/user/ros2_ws/install/slam_toolbox:/home/user/ros2_ws/install/slam_gmapping:/home/user/ros2_ws/install/serial:/home/user/ros2_ws/install/imu_tools:/home/user/ros2_ws/install/rviz_imu_plugin:/home/user/ros2_ws/install/rtabmap_launch:/home/user/ros2_ws/install/rtabmap_examples:/home/user/ros2_ws/install/rtabmap_viz:/home/user/ros2_ws/install/rtabmap_slam:/home/user/ros2_ws/install/rtabmap_odom:/home/user/ros2_ws/install/rtabmap_util:/home/user/ros2_ws/install/rtabmap_sync:/home/user/ros2_ws/install/rtabmap_rviz_plugins:/home/user/ros2_ws/install/rtabmap_conversions:/home/user/ros2_ws/install/rtabmap_python:/home/user/ros2_ws/install/nav2_simple_commander:/opt/ros/humble:/home/user/ros2_ws/install/rtabmap_msgs:/home/user/ros2_ws/install/rtabmap:/home/user/ros2_ws/install/roboteq_ros2_driver:/home/user/ros2_ws/install/realsense2_description:/home/user/ros2_ws/install/realsense2_camera:/home/user/ros2_ws/install/realsense2_camera_msgs:/home/user/ros2_ws/install/openslam_gmapping:/home/user/ros2_ws/install/navigation2:/home/user/ros2_ws/install/nav2_smoother:/home/user/ros2_ws/install/nav2_graceful_controller:/home/user/ros2_ws/install/nav2_dwb_controller:/home/user/ros2_ws/install/nav2_controller:/home/user/ros2_ws/install/dwb_plugins:/home/user/ros2_ws/install/dwb_critics:/home/user/ros2_ws/install/dwb_core:/home/user/ros2_ws/install/nav_2d_utils:/home/user/ros2_ws/install/dwb_msgs:/home/user/ros2_ws/install/nav_2d_msgs:/home/user/ros2_ws/install/nav2_waypoint_follower:/home/user/ros2_ws/install/nav2_theta_star_planner:/home/user/ros2_ws/install/nav2_smac_planner:/home/user/ros2_ws/install/nav2_rotation_shim_controller:/home/user/ros2_ws/install/nav2_regulated_pure_pursuit_controller:/home/user/ros2_ws/install/nav2_planner:/home/user/ros2_ws/install/nav2_navfn_planner:/home/user/ros2_ws/install/nav2_mppi_controller:/home/user/ros2_ws/install/nav2_constrained_smoother:/home/user/ros2_ws/install/nav2_bt_navigator:/home/user/ros2_ws/install/nav2_behaviors:/home/user/ros2_ws/install/nav2_core:/home/user/ros2_ws/install/nav2_collision_monitor:/home/user/ros2_ws/install/costmap_queue:/home/user/ros2_ws/install/nav2_costmap_2d:/home/user/ros2_ws/install/nav2_voxel_grid:/home/user/ros2_ws/install/nav2_velocity_smoother:/home/user/ros2_ws/install/nav2_rviz_plugins:/home/user/ros2_ws/install/nav2_map_server:/home/user/ros2_ws/install/nav2_lifecycle_manager:/home/user/ros2_ws/install/nav2_behavior_tree:/home/user/ros2_ws/install/nav2_amcl:/home/user/ros2_ws/install/nav2_util:/home/user/ros2_ws/install/nav2_msgs:/home/user/ros2_ws/install/nav2_common:/home/user/ros2_ws/install/lslidar_driver:/home/user/ros2_ws/install/lslidar_msgs:/home/user/ros2_ws/install/imu_filter_madgwick:/home/user/ros2_ws/install/imu_complementary_filter:/home/user/ros2_ws/install/amr_bot /usr/bin/cmake --build /home/user/ros2_ws/build/realsense2_camera_msgs
[1.202s] Invoking command in '/home/user/ros2_ws/build/realsense2_camera_msgs': CMAKE_PREFIX_PATH=/home/user/ros2_ws/install/rtabmap_ros:/home/user/ros2_ws/install/rtabmap_demos:/home/user/ros2_ws/install/nav2_system_tests:/home/user/ros2_ws/install/nav2_bringup:/home/user/ros2_ws/install/slam_toolbox:/home/user/ros2_ws/install/slam_gmapping:/home/user/ros2_ws/install/serial:/home/user/ros2_ws/install/imu_tools:/home/user/ros2_ws/install/rviz_imu_plugin:/home/user/ros2_ws/install/rtabmap_launch:/home/user/ros2_ws/install/rtabmap_examples:/home/user/ros2_ws/install/rtabmap_viz:/home/user/ros2_ws/install/rtabmap_slam:/home/user/ros2_ws/install/rtabmap_odom:/home/user/ros2_ws/install/rtabmap_util:/home/user/ros2_ws/install/rtabmap_sync:/home/user/ros2_ws/install/rtabmap_rviz_plugins:/home/user/ros2_ws/install/rtabmap_conversions:/home/user/ros2_ws/install/rtabmap_python:/home/user/ros2_ws/install/nav2_simple_commander:/opt/ros/humble:/home/user/ros2_ws/install/rtabmap_msgs:/home/user/ros2_ws/install/rtabmap:/home/user/ros2_ws/install/roboteq_ros2_driver:/home/user/ros2_ws/install/realsense2_description:/home/user/ros2_ws/install/realsense2_camera:/home/user/ros2_ws/install/realsense2_camera_msgs:/home/user/ros2_ws/install/openslam_gmapping:/home/user/ros2_ws/install/navigation2:/home/user/ros2_ws/install/nav2_smoother:/home/user/ros2_ws/install/nav2_graceful_controller:/home/user/ros2_ws/install/nav2_dwb_controller:/home/user/ros2_ws/install/nav2_controller:/home/user/ros2_ws/install/dwb_plugins:/home/user/ros2_ws/install/dwb_critics:/home/user/ros2_ws/install/dwb_core:/home/user/ros2_ws/install/nav_2d_utils:/home/user/ros2_ws/install/dwb_msgs:/home/user/ros2_ws/install/nav_2d_msgs:/home/user/ros2_ws/install/nav2_waypoint_follower:/home/user/ros2_ws/install/nav2_theta_star_planner:/home/user/ros2_ws/install/nav2_smac_planner:/home/user/ros2_ws/install/nav2_rotation_shim_controller:/home/user/ros2_ws/install/nav2_regulated_pure_pursuit_controller:/home/user/ros2_ws/install/nav2_planner:/home/user/ros2_ws/install/nav2_navfn_planner:/home/user/ros2_ws/install/nav2_mppi_controller:/home/user/ros2_ws/install/nav2_constrained_smoother:/home/user/ros2_ws/install/nav2_bt_navigator:/home/user/ros2_ws/install/nav2_behaviors:/home/user/ros2_ws/install/nav2_core:/home/user/ros2_ws/install/nav2_collision_monitor:/home/user/ros2_ws/install/costmap_queue:/home/user/ros2_ws/install/nav2_costmap_2d:/home/user/ros2_ws/install/nav2_voxel_grid:/home/user/ros2_ws/install/nav2_velocity_smoother:/home/user/ros2_ws/install/nav2_rviz_plugins:/home/user/ros2_ws/install/nav2_map_server:/home/user/ros2_ws/install/nav2_lifecycle_manager:/home/user/ros2_ws/install/nav2_behavior_tree:/home/user/ros2_ws/install/nav2_amcl:/home/user/ros2_ws/install/nav2_util:/home/user/ros2_ws/install/nav2_msgs:/home/user/ros2_ws/install/nav2_common:/home/user/ros2_ws/install/lslidar_driver:/home/user/ros2_ws/install/lslidar_msgs:/home/user/ros2_ws/install/imu_filter_madgwick:/home/user/ros2_ws/install/imu_complementary_filter:/home/user/ros2_ws/install/amr_bot /usr/bin/cmake --install /home/user/ros2_ws/build/realsense2_camera_msgs
[1.211s] -- Install configuration: "Release"
[1.212s] -- Execute custom install script
[1.212s] -- Up-to-date symlink: /home/user/ros2_ws/install/realsense2_camera_msgs/share/ament_index/resource_index/rosidl_interfaces/realsense2_camera_msgs
[1.213s] -- Up-to-date symlink: /home/user/ros2_ws/install/realsense2_camera_msgs/include/realsense2_camera_msgs/realsense2_camera_msgs/msg/detail/extrinsics__functions.h
[1.213s] -- Up-to-date symlink: /home/user/ros2_ws/install/realsense2_camera_msgs/include/realsense2_camera_msgs/realsense2_camera_msgs/msg/detail/extrinsics__struct.h
[1.213s] -- Up-to-date symlink: /home/user/ros2_ws/install/realsense2_camera_msgs/include/realsense2_camera_msgs/realsense2_camera_msgs/msg/detail/extrinsics__type_support.h
[1.213s] -- Up-to-date symlink: /home/user/ros2_ws/install/realsense2_camera_msgs/include/realsense2_camera_msgs/realsense2_camera_msgs/msg/detail/imu_info__functions.h
[1.214s] -- Up-to-date symlink: /home/user/ros2_ws/install/realsense2_camera_msgs/include/realsense2_camera_msgs/realsense2_camera_msgs/msg/detail/imu_info__struct.h
[1.214s] -- Up-to-date symlink: /home/user/ros2_ws/install/realsense2_camera_msgs/include/realsense2_camera_msgs/realsense2_camera_msgs/msg/detail/imu_info__type_support.h
[1.214s] -- Up-to-date symlink: /home/user/ros2_ws/install/realsense2_camera_msgs/include/realsense2_camera_msgs/realsense2_camera_msgs/msg/detail/metadata__functions.h
[1.214s] -- Up-to-date symlink: /home/user/ros2_ws/install/realsense2_camera_msgs/include/realsense2_camera_msgs/realsense2_camera_msgs/msg/detail/metadata__struct.h
[1.214s] -- Up-to-date symlink: /home/user/ros2_ws/install/realsense2_camera_msgs/include/realsense2_camera_msgs/realsense2_camera_msgs/msg/detail/metadata__type_support.h
[1.214s] -- Up-to-date symlink: /home/user/ros2_ws/install/realsense2_camera_msgs/include/realsense2_camera_msgs/realsense2_camera_msgs/msg/detail/rgbd__functions.h
[1.214s] -- Up-to-date symlink: /home/user/ros2_ws/install/realsense2_camera_msgs/include/realsense2_camera_msgs/realsense2_camera_msgs/msg/detail/rgbd__struct.h
[1.214s] -- Up-to-date symlink: /home/user/ros2_ws/install/realsense2_camera_msgs/include/realsense2_camera_msgs/realsense2_camera_msgs/msg/detail/rgbd__type_support.h
[1.215s] -- Up-to-date symlink: /home/user/ros2_ws/install/realsense2_camera_msgs/include/realsense2_camera_msgs/realsense2_camera_msgs/msg/extrinsics.h
[1.215s] -- Up-to-date symlink: /home/user/ros2_ws/install/realsense2_camera_msgs/include/realsense2_camera_msgs/realsense2_camera_msgs/msg/imu_info.h
[1.215s] -- Up-to-date symlink: /home/user/ros2_ws/install/realsense2_camera_msgs/include/realsense2_camera_msgs/realsense2_camera_msgs/msg/metadata.h
[1.215s] -- Up-to-date symlink: /home/user/ros2_ws/install/realsense2_camera_msgs/include/realsense2_camera_msgs/realsense2_camera_msgs/msg/rgbd.h
[1.215s] -- Up-to-date symlink: /home/user/ros2_ws/install/realsense2_camera_msgs/include/realsense2_camera_msgs/realsense2_camera_msgs/msg/rosidl_generator_c__visibility_control.h
[1.216s] -- Up-to-date symlink: /home/user/ros2_ws/install/realsense2_camera_msgs/include/realsense2_camera_msgs/realsense2_camera_msgs/srv/detail/device_info__functions.h
[1.216s] -- Up-to-date symlink: /home/user/ros2_ws/install/realsense2_camera_msgs/include/realsense2_camera_msgs/realsense2_camera_msgs/srv/detail/device_info__struct.h
[1.216s] -- Up-to-date symlink: /home/user/ros2_ws/install/realsense2_camera_msgs/include/realsense2_camera_msgs/realsense2_camera_msgs/srv/detail/device_info__type_support.h
[1.216s] -- Up-to-date symlink: /home/user/ros2_ws/install/realsense2_camera_msgs/include/realsense2_camera_msgs/realsense2_camera_msgs/srv/device_info.h
[1.216s] -- Up-to-date symlink: /home/user/ros2_ws/install/realsense2_camera_msgs/share/realsense2_camera_msgs/environment/library_path.sh
[1.216s] -- Up-to-date symlink: /home/user/ros2_ws/install/realsense2_camera_msgs/share/realsense2_camera_msgs/environment/library_path.dsv
[1.216s] -- Up-to-date symlink: /home/user/ros2_ws/install/realsense2_camera_msgs/include/realsense2_camera_msgs/realsense2_camera_msgs/msg/detail/extrinsics__rosidl_typesupport_fastrtps_c.h
[1.216s] -- Up-to-date symlink: /home/user/ros2_ws/install/realsense2_camera_msgs/include/realsense2_camera_msgs/realsense2_camera_msgs/msg/detail/imu_info__rosidl_typesupport_fastrtps_c.h
[1.216s] -- Up-to-date symlink: /home/user/ros2_ws/install/realsense2_camera_msgs/include/realsense2_camera_msgs/realsense2_camera_msgs/msg/detail/metadata__rosidl_typesupport_fastrtps_c.h
[1.216s] -- Up-to-date symlink: /home/user/ros2_ws/install/realsense2_camera_msgs/include/realsense2_camera_msgs/realsense2_camera_msgs/msg/detail/rgbd__rosidl_typesupport_fastrtps_c.h
[1.216s] -- Up-to-date symlink: /home/user/ros2_ws/install/realsense2_camera_msgs/include/realsense2_camera_msgs/realsense2_camera_msgs/msg/rosidl_typesupport_fastrtps_c__visibility_control.h
[1.216s] -- Up-to-date symlink: /home/user/ros2_ws/install/realsense2_camera_msgs/include/realsense2_camera_msgs/realsense2_camera_msgs/srv/detail/device_info__rosidl_typesupport_fastrtps_c.h
[1.216s] -- Up-to-date symlink: /home/user/ros2_ws/install/realsense2_camera_msgs/include/realsense2_camera_msgs/realsense2_camera_msgs/msg/detail/extrinsics__rosidl_typesupport_introspection_c.h
[1.216s] -- Up-to-date symlink: /home/user/ros2_ws/install/realsense2_camera_msgs/include/realsense2_camera_msgs/realsense2_camera_msgs/msg/detail/imu_info__rosidl_typesupport_introspection_c.h
[1.216s] -- Up-to-date symlink: /home/user/ros2_ws/install/realsense2_camera_msgs/include/realsense2_camera_msgs/realsense2_camera_msgs/msg/detail/metadata__rosidl_typesupport_introspection_c.h
[1.216s] -- Up-to-date symlink: /home/user/ros2_ws/install/realsense2_camera_msgs/include/realsense2_camera_msgs/realsense2_camera_msgs/msg/detail/rgbd__rosidl_typesupport_introspection_c.h
[1.216s] -- Up-to-date symlink: /home/user/ros2_ws/install/realsense2_camera_msgs/include/realsense2_camera_msgs/realsense2_camera_msgs/msg/rosidl_typesupport_introspection_c__visibility_control.h
[1.216s] -- Up-to-date symlink: /home/user/ros2_ws/install/realsense2_camera_msgs/include/realsense2_camera_msgs/realsense2_camera_msgs/srv/detail/device_info__rosidl_typesupport_introspection_c.h
[1.216s] -- Up-to-date symlink: /home/user/ros2_ws/install/realsense2_camera_msgs/include/realsense2_camera_msgs/realsense2_camera_msgs/msg/detail/extrinsics__builder.hpp
[1.216s] -- Up-to-date symlink: /home/user/ros2_ws/install/realsense2_camera_msgs/include/realsense2_camera_msgs/realsense2_camera_msgs/msg/detail/extrinsics__struct.hpp
[1.217s] -- Up-to-date symlink: /home/user/ros2_ws/install/realsense2_camera_msgs/include/realsense2_camera_msgs/realsense2_camera_msgs/msg/detail/extrinsics__traits.hpp
[1.217s] -- Up-to-date symlink: /home/user/ros2_ws/install/realsense2_camera_msgs/include/realsense2_camera_msgs/realsense2_camera_msgs/msg/detail/imu_info__builder.hpp
[1.217s] -- Up-to-date symlink: /home/user/ros2_ws/install/realsense2_camera_msgs/include/realsense2_camera_msgs/realsense2_camera_msgs/msg/detail/imu_info__struct.hpp
[1.217s] -- Up-to-date symlink: /home/user/ros2_ws/install/realsense2_camera_msgs/include/realsense2_camera_msgs/realsense2_camera_msgs/msg/detail/imu_info__traits.hpp
[1.217s] -- Up-to-date symlink: /home/user/ros2_ws/install/realsense2_camera_msgs/include/realsense2_camera_msgs/realsense2_camera_msgs/msg/detail/metadata__builder.hpp
[1.217s] -- Up-to-date symlink: /home/user/ros2_ws/install/realsense2_camera_msgs/include/realsense2_camera_msgs/realsense2_camera_msgs/msg/detail/metadata__struct.hpp
[1.217s] -- Up-to-date symlink: /home/user/ros2_ws/install/realsense2_camera_msgs/include/realsense2_camera_msgs/realsense2_camera_msgs/msg/detail/metadata__traits.hpp
[1.217s] -- Up-to-date symlink: /home/user/ros2_ws/install/realsense2_camera_msgs/include/realsense2_camera_msgs/realsense2_camera_msgs/msg/detail/rgbd__builder.hpp
[1.217s] -- Up-to-date symlink: /home/user/ros2_ws/install/realsense2_camera_msgs/include/realsense2_camera_msgs/realsense2_camera_msgs/msg/detail/rgbd__struct.hpp
[1.217s] -- Up-to-date symlink: /home/user/ros2_ws/install/realsense2_camera_msgs/include/realsense2_camera_msgs/realsense2_camera_msgs/msg/detail/rgbd__traits.hpp
[1.217s] -- Up-to-date symlink: /home/user/ros2_ws/install/realsense2_camera_msgs/include/realsense2_camera_msgs/realsense2_camera_msgs/msg/extrinsics.hpp
[1.217s] -- Up-to-date symlink: /home/user/ros2_ws/install/realsense2_camera_msgs/include/realsense2_camera_msgs/realsense2_camera_msgs/msg/imu_info.hpp
[1.217s] -- Up-to-date symlink: /home/user/ros2_ws/install/realsense2_camera_msgs/include/realsense2_camera_msgs/realsense2_camera_msgs/msg/metadata.hpp
[1.217s] -- Up-to-date symlink: /home/user/ros2_ws/install/realsense2_camera_msgs/include/realsense2_camera_msgs/realsense2_camera_msgs/msg/rgbd.hpp
[1.217s] -- Up-to-date symlink: /home/user/ros2_ws/install/realsense2_camera_msgs/include/realsense2_camera_msgs/realsense2_camera_msgs/srv/detail/device_info__builder.hpp
[1.217s] -- Up-to-date symlink: /home/user/ros2_ws/install/realsense2_camera_msgs/include/realsense2_camera_msgs/realsense2_camera_msgs/srv/detail/device_info__struct.hpp
[1.217s] -- Up-to-date symlink: /home/user/ros2_ws/install/realsense2_camera_msgs/include/realsense2_camera_msgs/realsense2_camera_msgs/srv/detail/device_info__traits.hpp
[1.218s] -- Up-to-date symlink: /home/user/ros2_ws/install/realsense2_camera_msgs/include/realsense2_camera_msgs/realsense2_camera_msgs/srv/device_info.hpp
[1.218s] -- Up-to-date symlink: /home/user/ros2_ws/install/realsense2_camera_msgs/include/realsense2_camera_msgs/realsense2_camera_msgs/msg/detail/extrinsics__rosidl_typesupport_fastrtps_cpp.hpp
[1.218s] -- Up-to-date symlink: /home/user/ros2_ws/install/realsense2_camera_msgs/include/realsense2_camera_msgs/realsense2_camera_msgs/msg/detail/imu_info__rosidl_typesupport_fastrtps_cpp.hpp
[1.218s] -- Up-to-date symlink: /home/user/ros2_ws/install/realsense2_camera_msgs/include/realsense2_camera_msgs/realsense2_camera_msgs/msg/detail/metadata__rosidl_typesupport_fastrtps_cpp.hpp
[1.218s] -- Up-to-date symlink: /home/user/ros2_ws/install/realsense2_camera_msgs/include/realsense2_camera_msgs/realsense2_camera_msgs/msg/detail/rgbd__rosidl_typesupport_fastrtps_cpp.hpp
[1.218s] -- Up-to-date symlink: /home/user/ros2_ws/install/realsense2_camera_msgs/include/realsense2_camera_msgs/realsense2_camera_msgs/msg/rosidl_typesupport_fastrtps_cpp__visibility_control.h
[1.218s] -- Up-to-date symlink: /home/user/ros2_ws/install/realsense2_camera_msgs/include/realsense2_camera_msgs/realsense2_camera_msgs/srv/detail/device_info__rosidl_typesupport_fastrtps_cpp.hpp
[1.218s] -- Up-to-date symlink: /home/user/ros2_ws/install/realsense2_camera_msgs/include/realsense2_camera_msgs/realsense2_camera_msgs/msg/detail/extrinsics__rosidl_typesupport_introspection_cpp.hpp
[1.218s] -- Up-to-date symlink: /home/user/ros2_ws/install/realsense2_camera_msgs/include/realsense2_camera_msgs/realsense2_camera_msgs/msg/detail/imu_info__rosidl_typesupport_introspection_cpp.hpp
[1.218s] -- Up-to-date symlink: /home/user/ros2_ws/install/realsense2_camera_msgs/include/realsense2_camera_msgs/realsense2_camera_msgs/msg/detail/metadata__rosidl_typesupport_introspection_cpp.hpp
[1.219s] -- Up-to-date symlink: /home/user/ros2_ws/install/realsense2_camera_msgs/include/realsense2_camera_msgs/realsense2_camera_msgs/msg/detail/rgbd__rosidl_typesupport_introspection_cpp.hpp
[1.219s] -- Up-to-date symlink: /home/user/ros2_ws/install/realsense2_camera_msgs/include/realsense2_camera_msgs/realsense2_camera_msgs/srv/detail/device_info__rosidl_typesupport_introspection_cpp.hpp
[1.219s] -- Up-to-date symlink: /home/user/ros2_ws/install/realsense2_camera_msgs/share/realsense2_camera_msgs/environment/pythonpath.sh
[1.219s] -- Up-to-date symlink: /home/user/ros2_ws/install/realsense2_camera_msgs/share/realsense2_camera_msgs/environment/pythonpath.dsv
[1.219s] -- Up-to-date symlink: /home/user/ros2_ws/install/realsense2_camera_msgs/local/lib/python3.10/dist-packages/realsense2_camera_msgs-4.54.1-py3.10.egg-info/PKG-INFO
[1.219s] -- Up-to-date symlink: /home/user/ros2_ws/install/realsense2_camera_msgs/local/lib/python3.10/dist-packages/realsense2_camera_msgs-4.54.1-py3.10.egg-info/SOURCES.txt
[1.219s] -- Up-to-date symlink: /home/user/ros2_ws/install/realsense2_camera_msgs/local/lib/python3.10/dist-packages/realsense2_camera_msgs-4.54.1-py3.10.egg-info/dependency_links.txt
[1.219s] -- Up-to-date symlink: /home/user/ros2_ws/install/realsense2_camera_msgs/local/lib/python3.10/dist-packages/realsense2_camera_msgs-4.54.1-py3.10.egg-info/top_level.txt
[1.220s] -- Up-to-date symlink: /home/user/ros2_ws/install/realsense2_camera_msgs/local/lib/python3.10/dist-packages/realsense2_camera_msgs/__init__.py
[1.220s] -- Up-to-date symlink: /home/user/ros2_ws/install/realsense2_camera_msgs/local/lib/python3.10/dist-packages/realsense2_camera_msgs/_realsense2_camera_msgs_s.ep.rosidl_typesupport_c.c
[1.220s] -- Up-to-date symlink: /home/user/ros2_ws/install/realsense2_camera_msgs/local/lib/python3.10/dist-packages/realsense2_camera_msgs/_realsense2_camera_msgs_s.ep.rosidl_typesupport_fastrtps_c.c
[1.220s] -- Up-to-date symlink: /home/user/ros2_ws/install/realsense2_camera_msgs/local/lib/python3.10/dist-packages/realsense2_camera_msgs/_realsense2_camera_msgs_s.ep.rosidl_typesupport_introspection_c.c
[1.220s] -- Up-to-date symlink: /home/user/ros2_ws/install/realsense2_camera_msgs/local/lib/python3.10/dist-packages/realsense2_camera_msgs/librealsense2_camera_msgs__rosidl_generator_py.so
[1.220s] -- Up-to-date symlink: /home/user/ros2_ws/install/realsense2_camera_msgs/local/lib/python3.10/dist-packages/realsense2_camera_msgs/msg/__init__.py
[1.221s] -- Up-to-date symlink: /home/user/ros2_ws/install/realsense2_camera_msgs/local/lib/python3.10/dist-packages/realsense2_camera_msgs/msg/_extrinsics.py
[1.221s] -- Up-to-date symlink: /home/user/ros2_ws/install/realsense2_camera_msgs/local/lib/python3.10/dist-packages/realsense2_camera_msgs/msg/_extrinsics_s.c
[1.221s] -- Up-to-date symlink: /home/user/ros2_ws/install/realsense2_camera_msgs/local/lib/python3.10/dist-packages/realsense2_camera_msgs/msg/_imu_info.py
[1.221s] -- Up-to-date symlink: /home/user/ros2_ws/install/realsense2_camera_msgs/local/lib/python3.10/dist-packages/realsense2_camera_msgs/msg/_imu_info_s.c
[1.221s] -- Up-to-date symlink: /home/user/ros2_ws/install/realsense2_camera_msgs/local/lib/python3.10/dist-packages/realsense2_camera_msgs/msg/_metadata.py
[1.221s] -- Up-to-date symlink: /home/user/ros2_ws/install/realsense2_camera_msgs/local/lib/python3.10/dist-packages/realsense2_camera_msgs/msg/_metadata_s.c
[1.221s] -- Up-to-date symlink: /home/user/ros2_ws/install/realsense2_camera_msgs/local/lib/python3.10/dist-packages/realsense2_camera_msgs/msg/_rgbd.py
[1.221s] -- Up-to-date symlink: /home/user/ros2_ws/install/realsense2_camera_msgs/local/lib/python3.10/dist-packages/realsense2_camera_msgs/msg/_rgbd_s.c
[1.221s] -- Up-to-date symlink: /home/user/ros2_ws/install/realsense2_camera_msgs/local/lib/python3.10/dist-packages/realsense2_camera_msgs/realsense2_camera_msgs_s__rosidl_typesupport_c.cpython-310-x86_64-linux-gnu.so
[1.221s] -- Up-to-date symlink: /home/user/ros2_ws/install/realsense2_camera_msgs/local/lib/python3.10/dist-packages/realsense2_camera_msgs/realsense2_camera_msgs_s__rosidl_typesupport_fastrtps_c.cpython-310-x86_64-linux-gnu.so
[1.221s] -- Up-to-date symlink: /home/user/ros2_ws/install/realsense2_camera_msgs/local/lib/python3.10/dist-packages/realsense2_camera_msgs/realsense2_camera_msgs_s__rosidl_typesupport_introspection_c.cpython-310-x86_64-linux-gnu.so
[1.221s] -- Up-to-date symlink: /home/user/ros2_ws/install/realsense2_camera_msgs/local/lib/python3.10/dist-packages/realsense2_camera_msgs/srv/__init__.py
[1.221s] -- Up-to-date symlink: /home/user/ros2_ws/install/realsense2_camera_msgs/local/lib/python3.10/dist-packages/realsense2_camera_msgs/srv/_device_info.py
[1.221s] -- Up-to-date symlink: /home/user/ros2_ws/install/realsense2_camera_msgs/local/lib/python3.10/dist-packages/realsense2_camera_msgs/srv/_device_info_s.c
[1.221s] -- Up-to-date symlink: /home/user/ros2_ws/install/realsense2_camera_msgs/local/lib/python3.10/dist-packages/realsense2_camera_msgs/realsense2_camera_msgs_s__rosidl_typesupport_fastrtps_c.cpython-310-x86_64-linux-gnu.so
[1.222s] -- Up-to-date symlink: /home/user/ros2_ws/install/realsense2_camera_msgs/local/lib/python3.10/dist-packages/realsense2_camera_msgs/realsense2_camera_msgs_s__rosidl_typesupport_introspection_c.cpython-310-x86_64-linux-gnu.so
[1.222s] -- Up-to-date symlink: /home/user/ros2_ws/install/realsense2_camera_msgs/local/lib/python3.10/dist-packages/realsense2_camera_msgs/realsense2_camera_msgs_s__rosidl_typesupport_c.cpython-310-x86_64-linux-gnu.so
[1.222s] -- Up-to-date symlink: /home/user/ros2_ws/install/realsense2_camera_msgs/share/realsense2_camera_msgs/msg/IMUInfo.idl
[1.222s] -- Up-to-date symlink: /home/user/ros2_ws/install/realsense2_camera_msgs/share/realsense2_camera_msgs/msg/Extrinsics.idl
[1.222s] -- Up-to-date symlink: /home/user/ros2_ws/install/realsense2_camera_msgs/share/realsense2_camera_msgs/msg/Metadata.idl
[1.222s] -- Up-to-date symlink: /home/user/ros2_ws/install/realsense2_camera_msgs/share/realsense2_camera_msgs/msg/RGBD.idl
[1.222s] -- Up-to-date symlink: /home/user/ros2_ws/install/realsense2_camera_msgs/share/realsense2_camera_msgs/srv/DeviceInfo.idl
[1.222s] -- Up-to-date symlink: /home/user/ros2_ws/install/realsense2_camera_msgs/share/realsense2_camera_msgs/msg/IMUInfo.msg
[1.222s] -- Up-to-date symlink: /home/user/ros2_ws/install/realsense2_camera_msgs/share/realsense2_camera_msgs/msg/Extrinsics.msg
[1.222s] -- Up-to-date symlink: /home/user/ros2_ws/install/realsense2_camera_msgs/share/realsense2_camera_msgs/msg/Metadata.msg
[1.223s] -- Up-to-date symlink: /home/user/ros2_ws/install/realsense2_camera_msgs/share/realsense2_camera_msgs/msg/RGBD.msg
[1.223s] -- Up-to-date symlink: /home/user/ros2_ws/install/realsense2_camera_msgs/share/realsense2_camera_msgs/srv/DeviceInfo.srv
[1.223s] -- Up-to-date symlink: /home/user/ros2_ws/install/realsense2_camera_msgs/share/realsense2_camera_msgs/srv/DeviceInfo_Request.msg
[1.223s] -- Up-to-date symlink: /home/user/ros2_ws/install/realsense2_camera_msgs/share/realsense2_camera_msgs/srv/DeviceInfo_Response.msg
[1.223s] -- Up-to-date symlink: /home/user/ros2_ws/install/realsense2_camera_msgs/share/ament_index/resource_index/package_run_dependencies/realsense2_camera_msgs
[1.223s] -- Up-to-date symlink: /home/user/ros2_ws/install/realsense2_camera_msgs/share/ament_index/resource_index/parent_prefix_path/realsense2_camera_msgs
[1.223s] -- Up-to-date symlink: /home/user/ros2_ws/install/realsense2_camera_msgs/share/realsense2_camera_msgs/environment/ament_prefix_path.sh
[1.223s] -- Up-to-date symlink: /home/user/ros2_ws/install/realsense2_camera_msgs/share/realsense2_camera_msgs/environment/ament_prefix_path.dsv
[1.223s] -- Up-to-date symlink: /home/user/ros2_ws/install/realsense2_camera_msgs/share/realsense2_camera_msgs/environment/path.sh
[1.223s] -- Up-to-date symlink: /home/user/ros2_ws/install/realsense2_camera_msgs/share/realsense2_camera_msgs/environment/path.dsv
[1.223s] -- Up-to-date symlink: /home/user/ros2_ws/install/realsense2_camera_msgs/share/realsense2_camera_msgs/local_setup.bash
[1.223s] -- Up-to-date symlink: /home/user/ros2_ws/install/realsense2_camera_msgs/share/realsense2_camera_msgs/local_setup.sh
[1.223s] -- Up-to-date symlink: /home/user/ros2_ws/install/realsense2_camera_msgs/share/realsense2_camera_msgs/local_setup.zsh
[1.223s] -- Up-to-date symlink: /home/user/ros2_ws/install/realsense2_camera_msgs/share/realsense2_camera_msgs/local_setup.dsv
[1.223s] -- Symlinking: /home/user/ros2_ws/install/realsense2_camera_msgs/share/realsense2_camera_msgs/package.dsv
[1.238s] -- Up-to-date symlink: /home/user/ros2_ws/install/realsense2_camera_msgs/share/ament_index/resource_index/packages/realsense2_camera_msgs
[1.238s] -- Up-to-date symlink: /home/user/ros2_ws/install/realsense2_camera_msgs/share/realsense2_camera_msgs/cmake/rosidl_cmake-extras.cmake
[1.238s] -- Up-to-date symlink: /home/user/ros2_ws/install/realsense2_camera_msgs/share/realsense2_camera_msgs/cmake/ament_cmake_export_dependencies-extras.cmake
[1.238s] -- Up-to-date symlink: /home/user/ros2_ws/install/realsense2_camera_msgs/share/realsense2_camera_msgs/cmake/ament_cmake_export_include_directories-extras.cmake
[1.238s] -- Up-to-date symlink: /home/user/ros2_ws/install/realsense2_camera_msgs/share/realsense2_camera_msgs/cmake/ament_cmake_export_libraries-extras.cmake
[1.238s] -- Up-to-date symlink: /home/user/ros2_ws/install/realsense2_camera_msgs/share/realsense2_camera_msgs/cmake/ament_cmake_export_targets-extras.cmake
[1.238s] -- Up-to-date symlink: /home/user/ros2_ws/install/realsense2_camera_msgs/share/realsense2_camera_msgs/cmake/rosidl_cmake_export_typesupport_targets-extras.cmake
[1.238s] -- Up-to-date symlink: /home/user/ros2_ws/install/realsense2_camera_msgs/share/realsense2_camera_msgs/cmake/rosidl_cmake_export_typesupport_libraries-extras.cmake
[1.238s] -- Up-to-date symlink: /home/user/ros2_ws/install/realsense2_camera_msgs/share/realsense2_camera_msgs/cmake/realsense2_camera_msgsConfig.cmake
[1.238s] -- Up-to-date symlink: /home/user/ros2_ws/install/realsense2_camera_msgs/share/realsense2_camera_msgs/cmake/realsense2_camera_msgsConfig-version.cmake
[1.238s] -- Up-to-date symlink: /home/user/ros2_ws/install/realsense2_camera_msgs/share/realsense2_camera_msgs/package.xml
[1.239s] -- Up-to-date: /home/user/ros2_ws/install/realsense2_camera_msgs/lib/librealsense2_camera_msgs__rosidl_generator_c.so
[1.240s] -- Up-to-date: /home/user/ros2_ws/install/realsense2_camera_msgs/lib/librealsense2_camera_msgs__rosidl_typesupport_fastrtps_c.so
[1.241s] -- Up-to-date: /home/user/ros2_ws/install/realsense2_camera_msgs/lib/librealsense2_camera_msgs__rosidl_typesupport_introspection_c.so
[1.242s] -- Up-to-date: /home/user/ros2_ws/install/realsense2_camera_msgs/lib/librealsense2_camera_msgs__rosidl_typesupport_c.so
[1.242s] -- Up-to-date: /home/user/ros2_ws/install/realsense2_camera_msgs/lib/librealsense2_camera_msgs__rosidl_typesupport_fastrtps_cpp.so
[1.242s] -- Up-to-date: /home/user/ros2_ws/install/realsense2_camera_msgs/lib/librealsense2_camera_msgs__rosidl_typesupport_introspection_cpp.so
[1.242s] -- Up-to-date: /home/user/ros2_ws/install/realsense2_camera_msgs/lib/librealsense2_camera_msgs__rosidl_typesupport_cpp.so
[1.274s] Listing '/home/user/ros2_ws/install/realsense2_camera_msgs/local/lib/python3.10/dist-packages/realsense2_camera_msgs'...
[1.274s] Listing '/home/user/ros2_ws/install/realsense2_camera_msgs/local/lib/python3.10/dist-packages/realsense2_camera_msgs/msg'...
[1.274s] Listing '/home/user/ros2_ws/install/realsense2_camera_msgs/local/lib/python3.10/dist-packages/realsense2_camera_msgs/srv'...
[1.279s] -- Up-to-date: /home/user/ros2_ws/install/realsense2_camera_msgs/lib/librealsense2_camera_msgs__rosidl_generator_py.so
[1.280s] -- Up-to-date: /home/user/ros2_ws/install/realsense2_camera_msgs/share/realsense2_camera_msgs/cmake/export_realsense2_camera_msgs__rosidl_generator_cExport.cmake
[1.280s] -- Up-to-date: /home/user/ros2_ws/install/realsense2_camera_msgs/share/realsense2_camera_msgs/cmake/export_realsense2_camera_msgs__rosidl_generator_cExport-release.cmake
[1.280s] -- Up-to-date: /home/user/ros2_ws/install/realsense2_camera_msgs/share/realsense2_camera_msgs/cmake/export_realsense2_camera_msgs__rosidl_typesupport_fastrtps_cExport.cmake
[1.281s] -- Up-to-date: /home/user/ros2_ws/install/realsense2_camera_msgs/share/realsense2_camera_msgs/cmake/export_realsense2_camera_msgs__rosidl_typesupport_fastrtps_cExport-release.cmake
[1.281s] -- Up-to-date: /home/user/ros2_ws/install/realsense2_camera_msgs/share/realsense2_camera_msgs/cmake/realsense2_camera_msgs__rosidl_typesupport_introspection_cExport.cmake
[1.281s] -- Up-to-date: /home/user/ros2_ws/install/realsense2_camera_msgs/share/realsense2_camera_msgs/cmake/realsense2_camera_msgs__rosidl_typesupport_introspection_cExport-release.cmake
[1.281s] -- Up-to-date: /home/user/ros2_ws/install/realsense2_camera_msgs/share/realsense2_camera_msgs/cmake/realsense2_camera_msgs__rosidl_typesupport_cExport.cmake
[1.282s] -- Up-to-date: /home/user/ros2_ws/install/realsense2_camera_msgs/share/realsense2_camera_msgs/cmake/realsense2_camera_msgs__rosidl_typesupport_cExport-release.cmake
[1.282s] -- Up-to-date: /home/user/ros2_ws/install/realsense2_camera_msgs/share/realsense2_camera_msgs/cmake/export_realsense2_camera_msgs__rosidl_generator_cppExport.cmake
[1.282s] -- Up-to-date: /home/user/ros2_ws/install/realsense2_camera_msgs/share/realsense2_camera_msgs/cmake/export_realsense2_camera_msgs__rosidl_typesupport_fastrtps_cppExport.cmake
[1.282s] -- Up-to-date: /home/user/ros2_ws/install/realsense2_camera_msgs/share/realsense2_camera_msgs/cmake/export_realsense2_camera_msgs__rosidl_typesupport_fastrtps_cppExport-release.cmake
[1.283s] -- Up-to-date: /home/user/ros2_ws/install/realsense2_camera_msgs/share/realsense2_camera_msgs/cmake/realsense2_camera_msgs__rosidl_typesupport_introspection_cppExport.cmake
[1.283s] -- Up-to-date: /home/user/ros2_ws/install/realsense2_camera_msgs/share/realsense2_camera_msgs/cmake/realsense2_camera_msgs__rosidl_typesupport_introspection_cppExport-release.cmake
[1.284s] -- Up-to-date: /home/user/ros2_ws/install/realsense2_camera_msgs/share/realsense2_camera_msgs/cmake/realsense2_camera_msgs__rosidl_typesupport_cppExport.cmake
[1.284s] -- Up-to-date: /home/user/ros2_ws/install/realsense2_camera_msgs/share/realsense2_camera_msgs/cmake/realsense2_camera_msgs__rosidl_typesupport_cppExport-release.cmake
[1.284s] -- Up-to-date: /home/user/ros2_ws/install/realsense2_camera_msgs/share/realsense2_camera_msgs/cmake/export_realsense2_camera_msgs__rosidl_generator_pyExport.cmake
[1.284s] -- Up-to-date: /home/user/ros2_ws/install/realsense2_camera_msgs/share/realsense2_camera_msgs/cmake/export_realsense2_camera_msgs__rosidl_generator_pyExport-release.cmake
[1.286s] Invoked command in '/home/user/ros2_ws/build/realsense2_camera_msgs' returned '0': CMAKE_PREFIX_PATH=/home/user/ros2_ws/install/rtabmap_ros:/home/user/ros2_ws/install/rtabmap_demos:/home/user/ros2_ws/install/nav2_system_tests:/home/user/ros2_ws/install/nav2_bringup:/home/user/ros2_ws/install/slam_toolbox:/home/user/ros2_ws/install/slam_gmapping:/home/user/ros2_ws/install/serial:/home/user/ros2_ws/install/imu_tools:/home/user/ros2_ws/install/rviz_imu_plugin:/home/user/ros2_ws/install/rtabmap_launch:/home/user/ros2_ws/install/rtabmap_examples:/home/user/ros2_ws/install/rtabmap_viz:/home/user/ros2_ws/install/rtabmap_slam:/home/user/ros2_ws/install/rtabmap_odom:/home/user/ros2_ws/install/rtabmap_util:/home/user/ros2_ws/install/rtabmap_sync:/home/user/ros2_ws/install/rtabmap_rviz_plugins:/home/user/ros2_ws/install/rtabmap_conversions:/home/user/ros2_ws/install/rtabmap_python:/home/user/ros2_ws/install/nav2_simple_commander:/opt/ros/humble:/home/user/ros2_ws/install/rtabmap_msgs:/home/user/ros2_ws/install/rtabmap:/home/user/ros2_ws/install/roboteq_ros2_driver:/home/user/ros2_ws/install/realsense2_description:/home/user/ros2_ws/install/realsense2_camera:/home/user/ros2_ws/install/realsense2_camera_msgs:/home/user/ros2_ws/install/openslam_gmapping:/home/user/ros2_ws/install/navigation2:/home/user/ros2_ws/install/nav2_smoother:/home/user/ros2_ws/install/nav2_graceful_controller:/home/user/ros2_ws/install/nav2_dwb_controller:/home/user/ros2_ws/install/nav2_controller:/home/user/ros2_ws/install/dwb_plugins:/home/user/ros2_ws/install/dwb_critics:/home/user/ros2_ws/install/dwb_core:/home/user/ros2_ws/install/nav_2d_utils:/home/user/ros2_ws/install/dwb_msgs:/home/user/ros2_ws/install/nav_2d_msgs:/home/user/ros2_ws/install/nav2_waypoint_follower:/home/user/ros2_ws/install/nav2_theta_star_planner:/home/user/ros2_ws/install/nav2_smac_planner:/home/user/ros2_ws/install/nav2_rotation_shim_controller:/home/user/ros2_ws/install/nav2_regulated_pure_pursuit_controller:/home/user/ros2_ws/install/nav2_planner:/home/user/ros2_ws/install/nav2_navfn_planner:/home/user/ros2_ws/install/nav2_mppi_controller:/home/user/ros2_ws/install/nav2_constrained_smoother:/home/user/ros2_ws/install/nav2_bt_navigator:/home/user/ros2_ws/install/nav2_behaviors:/home/user/ros2_ws/install/nav2_core:/home/user/ros2_ws/install/nav2_collision_monitor:/home/user/ros2_ws/install/costmap_queue:/home/user/ros2_ws/install/nav2_costmap_2d:/home/user/ros2_ws/install/nav2_voxel_grid:/home/user/ros2_ws/install/nav2_velocity_smoother:/home/user/ros2_ws/install/nav2_rviz_plugins:/home/user/ros2_ws/install/nav2_map_server:/home/user/ros2_ws/install/nav2_lifecycle_manager:/home/user/ros2_ws/install/nav2_behavior_tree:/home/user/ros2_ws/install/nav2_amcl:/home/user/ros2_ws/install/nav2_util:/home/user/ros2_ws/install/nav2_msgs:/home/user/ros2_ws/install/nav2_common:/home/user/ros2_ws/install/lslidar_driver:/home/user/ros2_ws/install/lslidar_msgs:/home/user/ros2_ws/install/imu_filter_madgwick:/home/user/ros2_ws/install/imu_complementary_filter:/home/user/ros2_ws/install/amr_bot /usr/bin/cmake --install /home/user/ros2_ws/build/realsense2_camera_msgs
