[  2%] [32mBuilding CXX object CMakeFiles/rtabmap_util_plugins.dir/src/MapsManager.cpp.o[0m
[  5%] [32mBuilding CXX object CMakeFiles/rtabmap_util_plugins.dir/src/nodelets/point_cloud_xyzrgb.cpp.o[0m
[  8%] [32mBuilding CXX object CMakeFiles/rtabmap_util_plugins.dir/src/nodelets/point_cloud_xyz.cpp.o[0m
[ 11%] [32mBuilding CXX object CMakeFiles/rtabmap_util_plugins.dir/src/nodelets/disparity_to_depth.cpp.o[0m
[ 14%] [32mBuilding CXX object CMakeFiles/rtabmap_util_plugins.dir/src/nodelets/pointcloud_to_depthimage.cpp.o[0m
[ 17%] [32mBuilding CXX object CMakeFiles/rtabmap_util_plugins.dir/src/nodelets/obstacles_detection.cpp.o[0m
[ 20%] [32mBuilding CXX object CMakeFiles/rtabmap_util_plugins.dir/src/nodelets/point_cloud_aggregator.cpp.o[0m
[ 22%] [32mBuilding CXX object CMakeFiles/rtabmap_util_plugins.dir/src/nodelets/point_cloud_assembler.cpp.o[0m
[ 25%] [32mBuilding CXX object CMakeFiles/rtabmap_util_plugins.dir/src/nodelets/imu_to_tf.cpp.o[0m
In file included from [01m[K/home/user/ros2_ws/src/rtabmap_ros/rtabmap_util/src/nodelets/imu_to_tf.cpp:30[m[K:
[01m[K/opt/ros/humble/include/tf2_geometry_msgs/tf2_geometry_msgs/tf2_geometry_msgs.h:35:2:[m[K [01;35m[Kwarning: [m[K#warning This header is obsolete, please include tf2_geometry_msgs/tf2_geometry_msgs.hpp instead [[01;35m[K]8;;https://gcc.gnu.org/onlinedocs/gcc/Warning-Options.html#index-Wcpp-Wcpp]8;;[m[K]
   35 | #[01;35m[Kwarning[m[K This header is obsolete, please include tf2_geometry_msgs/tf2_geometry_msgs.hpp instead
      |  [01;35m[K^~~~~~~[m[K
[ 28%] [32mBuilding CXX object CMakeFiles/rtabmap_util_plugins.dir/src/nodelets/lidar_deskewing.cpp.o[0m
[ 31%] [32mBuilding CXX object CMakeFiles/rtabmap_util_plugins.dir/src/nodelets/rgbd_relay.cpp.o[0m
[ 34%] [32mBuilding CXX object CMakeFiles/rtabmap_util_plugins.dir/src/nodelets/rgbd_split.cpp.o[0m
[ 37%] [32m[1mLinking CXX shared library librtabmap_util_plugins.so[0m
[ 37%] Built target rtabmap_util_plugins
[ 40%] [32mBuilding CXX object CMakeFiles/rtabmap_rgbd_relay.dir/src/RGBDRelayNode.cpp.o[0m
[ 42%] [32m[1mLinking CXX executable rgbd_relay[0m
[ 42%] Built target rtabmap_rgbd_relay
[ 45%] [32mBuilding CXX object CMakeFiles/rtabmap_rgbd_split.dir/src/RGBDSplitNode.cpp.o[0m
[ 48%] [32m[1mLinking CXX executable rgbd_split[0m
[ 48%] Built target rtabmap_rgbd_split
[ 51%] [32mBuilding CXX object CMakeFiles/rtabmap_imu_to_tf.dir/src/ImuToTFNode.cpp.o[0m
[ 54%] [32m[1mLinking CXX executable imu_to_tf[0m
[ 54%] Built target rtabmap_imu_to_tf
[ 57%] [32mBuilding CXX object CMakeFiles/rtabmap_disparity_to_depth.dir/src/DisparityToDepthNode.cpp.o[0m
[ 60%] [32m[1mLinking CXX executable disparity_to_depth[0m
[ 60%] Built target rtabmap_disparity_to_depth
[ 62%] [32mBuilding CXX object CMakeFiles/rtabmap_lidar_deskewing.dir/src/LidarDeskewingNode.cpp.o[0m
[ 65%] [32m[1mLinking CXX executable lidar_deskewing[0m
[ 65%] Built target rtabmap_lidar_deskewing
[ 68%] [32mBuilding CXX object CMakeFiles/rtabmap_point_cloud_xyz.dir/src/PointCloudXYZNode.cpp.o[0m
[ 71%] [32m[1mLinking CXX executable point_cloud_xyz[0m
[ 71%] Built target rtabmap_point_cloud_xyz
[ 74%] [32mBuilding CXX object CMakeFiles/rtabmap_point_cloud_xyzrgb.dir/src/PointCloudXYZRGBNode.cpp.o[0m
[ 77%] [32m[1mLinking CXX executable point_cloud_xyzrgb[0m
[ 77%] Built target rtabmap_point_cloud_xyzrgb
[ 80%] [32mBuilding CXX object CMakeFiles/rtabmap_pointcloud_to_depthimage.dir/src/PointCloudToDepthImageNode.cpp.o[0m
[ 82%] [32m[1mLinking CXX executable pointcloud_to_depthimage[0m
[ 82%] Built target rtabmap_pointcloud_to_depthimage
[ 85%] [32mBuilding CXX object CMakeFiles/rtabmap_obstacles_detection.dir/src/ObstaclesDetectionNode.cpp.o[0m
[ 88%] [32m[1mLinking CXX executable obstacles_detection[0m
[ 88%] Built target rtabmap_obstacles_detection
[ 91%] [32mBuilding CXX object CMakeFiles/rtabmap_point_cloud_aggregator.dir/src/PointCloudAggregatorNode.cpp.o[0m
[ 94%] [32m[1mLinking CXX executable point_cloud_aggregator[0m
[ 94%] Built target rtabmap_point_cloud_aggregator
[ 97%] [32mBuilding CXX object CMakeFiles/rtabmap_point_cloud_assembler.dir/src/PointCloudAssemblerNode.cpp.o[0m
[100%] [32m[1mLinking CXX executable point_cloud_assembler[0m
[100%] Built target rtabmap_point_cloud_assembler
-- Install configuration: "Release"
-- Execute custom install script
-- Up-to-date symlink: /home/user/ros2_ws/install/rtabmap_util/share/rtabmap_util/environment/library_path.sh
-- Up-to-date symlink: /home/user/ros2_ws/install/rtabmap_util/share/rtabmap_util/environment/library_path.dsv
-- Up-to-date symlink: /home/user/ros2_ws/install/rtabmap_util/lib/rtabmap_util/transform_to_tf.py
-- Up-to-date symlink: /home/user/ros2_ws/install/rtabmap_util/lib/rtabmap_util/yaml_to_camera_info.py
-- Up-to-date symlink: /home/user/ros2_ws/install/rtabmap_util/lib/rtabmap_util/republish_tf_static.py
-- Up-to-date symlink: /home/user/ros2_ws/install/rtabmap_util/lib/rtabmap_util/imu_to_tf
-- Up-to-date symlink: /home/user/ros2_ws/install/rtabmap_util/lib/rtabmap_util/disparity_to_depth
-- Up-to-date symlink: /home/user/ros2_ws/install/rtabmap_util/lib/rtabmap_util/rgbd_relay
-- Up-to-date symlink: /home/user/ros2_ws/install/rtabmap_util/lib/rtabmap_util/rgbd_split
-- Up-to-date symlink: /home/user/ros2_ws/install/rtabmap_util/lib/rtabmap_util/lidar_deskewing
-- Up-to-date symlink: /home/user/ros2_ws/install/rtabmap_util/lib/rtabmap_util/point_cloud_xyz
-- Up-to-date symlink: /home/user/ros2_ws/install/rtabmap_util/lib/rtabmap_util/point_cloud_xyzrgb
-- Up-to-date symlink: /home/user/ros2_ws/install/rtabmap_util/lib/rtabmap_util/pointcloud_to_depthimage
-- Up-to-date symlink: /home/user/ros2_ws/install/rtabmap_util/lib/rtabmap_util/obstacles_detection
-- Up-to-date symlink: /home/user/ros2_ws/install/rtabmap_util/lib/rtabmap_util/point_cloud_aggregator
-- Up-to-date symlink: /home/user/ros2_ws/install/rtabmap_util/lib/rtabmap_util/point_cloud_assembler
-- Up-to-date symlink: /home/user/ros2_ws/install/rtabmap_util/share/ament_index/resource_index/package_run_dependencies/rtabmap_util
-- Up-to-date symlink: /home/user/ros2_ws/install/rtabmap_util/share/ament_index/resource_index/parent_prefix_path/rtabmap_util
-- Up-to-date symlink: /home/user/ros2_ws/install/rtabmap_util/share/rtabmap_util/environment/ament_prefix_path.sh
-- Up-to-date symlink: /home/user/ros2_ws/install/rtabmap_util/share/rtabmap_util/environment/ament_prefix_path.dsv
-- Up-to-date symlink: /home/user/ros2_ws/install/rtabmap_util/share/rtabmap_util/environment/path.sh
-- Up-to-date symlink: /home/user/ros2_ws/install/rtabmap_util/share/rtabmap_util/environment/path.dsv
-- Up-to-date symlink: /home/user/ros2_ws/install/rtabmap_util/share/rtabmap_util/local_setup.bash
-- Up-to-date symlink: /home/user/ros2_ws/install/rtabmap_util/share/rtabmap_util/local_setup.sh
-- Up-to-date symlink: /home/user/ros2_ws/install/rtabmap_util/share/rtabmap_util/local_setup.zsh
-- Up-to-date symlink: /home/user/ros2_ws/install/rtabmap_util/share/rtabmap_util/local_setup.dsv
-- Symlinking: /home/user/ros2_ws/install/rtabmap_util/share/rtabmap_util/package.dsv
-- Up-to-date symlink: /home/user/ros2_ws/install/rtabmap_util/share/ament_index/resource_index/packages/rtabmap_util
-- Up-to-date symlink: /home/user/ros2_ws/install/rtabmap_util/share/ament_index/resource_index/rclcpp_components/rtabmap_util
-- Up-to-date symlink: /home/user/ros2_ws/install/rtabmap_util/share/rtabmap_util/cmake/ament_cmake_export_dependencies-extras.cmake
-- Up-to-date symlink: /home/user/ros2_ws/install/rtabmap_util/share/rtabmap_util/cmake/ament_cmake_export_include_directories-extras.cmake
-- Up-to-date symlink: /home/user/ros2_ws/install/rtabmap_util/share/rtabmap_util/cmake/ament_cmake_export_targets-extras.cmake
-- Up-to-date symlink: /home/user/ros2_ws/install/rtabmap_util/share/rtabmap_util/cmake/ament_cmake_export_libraries-extras.cmake
-- Up-to-date symlink: /home/user/ros2_ws/install/rtabmap_util/share/rtabmap_util/cmake/rtabmap_utilConfig.cmake
-- Up-to-date symlink: /home/user/ros2_ws/install/rtabmap_util/share/rtabmap_util/cmake/rtabmap_utilConfig-version.cmake
-- Up-to-date symlink: /home/user/ros2_ws/install/rtabmap_util/share/rtabmap_util/package.xml
-- Installing: /home/user/ros2_ws/install/rtabmap_util/lib/librtabmap_util_plugins.so
-- Set runtime path of "/home/user/ros2_ws/install/rtabmap_util/lib/librtabmap_util_plugins.so" to ""
-- Up-to-date: /home/user/ros2_ws/install/rtabmap_util/include
-- Up-to-date: /home/user/ros2_ws/install/rtabmap_util/include/rtabmap_util
-- Up-to-date: /home/user/ros2_ws/install/rtabmap_util/include/rtabmap_util/ULogToRosout.h
-- Up-to-date: /home/user/ros2_ws/install/rtabmap_util/include/rtabmap_util/MapsManager.h
-- Up-to-date: /home/user/ros2_ws/install/rtabmap_util/include/rtabmap_util/visibility.h
-- Up-to-date: /home/user/ros2_ws/install/rtabmap_util/share/rtabmap_util/cmake/rtabmap_utilExport.cmake
-- Up-to-date: /home/user/ros2_ws/install/rtabmap_util/share/rtabmap_util/cmake/rtabmap_utilExport-release.cmake
