[0.033s] Invoking command in '/home/user/ros2_ws/build/amr_bot': CMAKE_PREFIX_PATH=/home/user/ros2_ws/install/slam_gmapping:/home/user/ros2_ws/install/serial:/home/user/ros2_ws/install/rtabmap_ros:/home/user/ros2_ws/install/rtabmap_launch:/home/user/ros2_ws/install/rtabmap_examples:/home/user/ros2_ws/install/rtabmap_demos:/home/user/ros2_ws/install/rtabmap_viz:/home/user/ros2_ws/install/rtabmap_slam:/home/user/ros2_ws/install/rtabmap_odom:/home/user/ros2_ws/install/rtabmap_util:/home/user/ros2_ws/install/rtabmap_sync:/home/user/ros2_ws/install/rtabmap_rviz_plugins:/home/user/ros2_ws/install/rtabmap_conversions:/home/user/ros2_ws/install/rtabmap_python:/opt/ros/humble:/home/user/ros2_ws/install/rtabmap_msgs:/home/user/ros2_ws/install/rtabmap:/home/user/ros2_ws/install/roboteq_ros2_driver:/home/user/ros2_ws/install/realsense2_description:/home/user/ros2_ws/install/realsense2_camera:/home/user/ros2_ws/install/realsense2_camera_msgs:/home/user/ros2_ws/install/openslam_gmapping:/home/user/ros2_ws/install/lslidar_driver:/home/user/ros2_ws/install/lslidar_msgs:/home/user/ros2_ws/install/amr_bot /usr/bin/cmake --build /home/user/ros2_ws/build/amr_bot
[0.074s] [ 50%] Built target cmd_vel_to_odom_node
[0.091s] [100%] Built target quatern_to_rpy
[0.098s] Invoked command in '/home/user/ros2_ws/build/amr_bot' returned '0': CMAKE_PREFIX_PATH=/home/user/ros2_ws/install/slam_gmapping:/home/user/ros2_ws/install/serial:/home/user/ros2_ws/install/rtabmap_ros:/home/user/ros2_ws/install/rtabmap_launch:/home/user/ros2_ws/install/rtabmap_examples:/home/user/ros2_ws/install/rtabmap_demos:/home/user/ros2_ws/install/rtabmap_viz:/home/user/ros2_ws/install/rtabmap_slam:/home/user/ros2_ws/install/rtabmap_odom:/home/user/ros2_ws/install/rtabmap_util:/home/user/ros2_ws/install/rtabmap_sync:/home/user/ros2_ws/install/rtabmap_rviz_plugins:/home/user/ros2_ws/install/rtabmap_conversions:/home/user/ros2_ws/install/rtabmap_python:/opt/ros/humble:/home/user/ros2_ws/install/rtabmap_msgs:/home/user/ros2_ws/install/rtabmap:/home/user/ros2_ws/install/roboteq_ros2_driver:/home/user/ros2_ws/install/realsense2_description:/home/user/ros2_ws/install/realsense2_camera:/home/user/ros2_ws/install/realsense2_camera_msgs:/home/user/ros2_ws/install/openslam_gmapping:/home/user/ros2_ws/install/lslidar_driver:/home/user/ros2_ws/install/lslidar_msgs:/home/user/ros2_ws/install/amr_bot /usr/bin/cmake --build /home/user/ros2_ws/build/amr_bot
[0.129s] Invoking command in '/home/user/ros2_ws/build/amr_bot': CMAKE_PREFIX_PATH=/home/user/ros2_ws/install/slam_gmapping:/home/user/ros2_ws/install/serial:/home/user/ros2_ws/install/rtabmap_ros:/home/user/ros2_ws/install/rtabmap_launch:/home/user/ros2_ws/install/rtabmap_examples:/home/user/ros2_ws/install/rtabmap_demos:/home/user/ros2_ws/install/rtabmap_viz:/home/user/ros2_ws/install/rtabmap_slam:/home/user/ros2_ws/install/rtabmap_odom:/home/user/ros2_ws/install/rtabmap_util:/home/user/ros2_ws/install/rtabmap_sync:/home/user/ros2_ws/install/rtabmap_rviz_plugins:/home/user/ros2_ws/install/rtabmap_conversions:/home/user/ros2_ws/install/rtabmap_python:/opt/ros/humble:/home/user/ros2_ws/install/rtabmap_msgs:/home/user/ros2_ws/install/rtabmap:/home/user/ros2_ws/install/roboteq_ros2_driver:/home/user/ros2_ws/install/realsense2_description:/home/user/ros2_ws/install/realsense2_camera:/home/user/ros2_ws/install/realsense2_camera_msgs:/home/user/ros2_ws/install/openslam_gmapping:/home/user/ros2_ws/install/lslidar_driver:/home/user/ros2_ws/install/lslidar_msgs:/home/user/ros2_ws/install/amr_bot /usr/bin/cmake --install /home/user/ros2_ws/build/amr_bot
[0.137s] -- Install configuration: "Release"
[0.137s] -- Execute custom install script
[0.137s] -- Up-to-date symlink: /home/user/ros2_ws/install/amr_bot/lib/amr_bot/cmd_vel_to_odom_node
[0.137s] -- Up-to-date symlink: /home/user/ros2_ws/install/amr_bot/lib/amr_bot/quatern_to_rpy
[0.138s] -- Up-to-date symlink: /home/user/ros2_ws/install/amr_bot/share/amr_bot/src/cmd_vel_to_odom_node.cpp
[0.138s] -- Up-to-date symlink: /home/user/ros2_ws/install/amr_bot/share/amr_bot/src/description/amr_bot_description.urdf
[0.138s] -- Up-to-date symlink: /home/user/ros2_ws/install/amr_bot/share/amr_bot/src/description/inertial_macros.xacro
[0.138s] -- Up-to-date symlink: /home/user/ros2_ws/install/amr_bot/share/amr_bot/src/description/lidar.xacro
[0.138s] -- Up-to-date symlink: /home/user/ros2_ws/install/amr_bot/share/amr_bot/src/quatern_to_rpy.cpp
[0.138s] -- Up-to-date symlink: /home/user/ros2_ws/install/amr_bot/share/amr_bot/launch/display.launch.py
[0.138s] -- Up-to-date symlink: /home/user/ros2_ws/install/amr_bot/share/amr_bot/rviz/urdf_config.rviz
[0.139s] -- Up-to-date symlink: /home/user/ros2_ws/install/amr_bot/share/amr_bot/config/ekf.yaml
[0.139s] -- Up-to-date symlink: /home/user/ros2_ws/install/amr_bot/share/amr_bot/config/mapper_params_online_async.yaml
[0.139s] -- Up-to-date symlink: /home/user/ros2_ws/install/amr_bot/share/amr_bot/config/nav2_params.yaml
[0.139s] -- Up-to-date symlink: /home/user/ros2_ws/install/amr_bot/share/ament_index/resource_index/package_run_dependencies/amr_bot
[0.139s] -- Up-to-date symlink: /home/user/ros2_ws/install/amr_bot/share/ament_index/resource_index/parent_prefix_path/amr_bot
[0.139s] -- Up-to-date symlink: /home/user/ros2_ws/install/amr_bot/share/amr_bot/environment/ament_prefix_path.sh
[0.139s] -- Up-to-date symlink: /home/user/ros2_ws/install/amr_bot/share/amr_bot/environment/ament_prefix_path.dsv
[0.139s] -- Up-to-date symlink: /home/user/ros2_ws/install/amr_bot/share/amr_bot/environment/path.sh
[0.139s] -- Up-to-date symlink: /home/user/ros2_ws/install/amr_bot/share/amr_bot/environment/path.dsv
[0.139s] -- Up-to-date symlink: /home/user/ros2_ws/install/amr_bot/share/amr_bot/local_setup.bash
[0.139s] -- Up-to-date symlink: /home/user/ros2_ws/install/amr_bot/share/amr_bot/local_setup.sh
[0.139s] -- Up-to-date symlink: /home/user/ros2_ws/install/amr_bot/share/amr_bot/local_setup.zsh
[0.140s] -- Up-to-date symlink: /home/user/ros2_ws/install/amr_bot/share/amr_bot/local_setup.dsv
[0.140s] -- Symlinking: /home/user/ros2_ws/install/amr_bot/share/amr_bot/package.dsv
[0.147s] -- Up-to-date symlink: /home/user/ros2_ws/install/amr_bot/share/ament_index/resource_index/packages/amr_bot
[0.147s] -- Up-to-date symlink: /home/user/ros2_ws/install/amr_bot/share/amr_bot/cmake/amr_botConfig.cmake
[0.147s] -- Up-to-date symlink: /home/user/ros2_ws/install/amr_bot/share/amr_bot/cmake/amr_botConfig-version.cmake
[0.147s] -- Up-to-date symlink: /home/user/ros2_ws/install/amr_bot/share/amr_bot/package.xml
[0.149s] Invoked command in '/home/user/ros2_ws/build/amr_bot' returned '0': CMAKE_PREFIX_PATH=/home/user/ros2_ws/install/slam_gmapping:/home/user/ros2_ws/install/serial:/home/user/ros2_ws/install/rtabmap_ros:/home/user/ros2_ws/install/rtabmap_launch:/home/user/ros2_ws/install/rtabmap_examples:/home/user/ros2_ws/install/rtabmap_demos:/home/user/ros2_ws/install/rtabmap_viz:/home/user/ros2_ws/install/rtabmap_slam:/home/user/ros2_ws/install/rtabmap_odom:/home/user/ros2_ws/install/rtabmap_util:/home/user/ros2_ws/install/rtabmap_sync:/home/user/ros2_ws/install/rtabmap_rviz_plugins:/home/user/ros2_ws/install/rtabmap_conversions:/home/user/ros2_ws/install/rtabmap_python:/opt/ros/humble:/home/user/ros2_ws/install/rtabmap_msgs:/home/user/ros2_ws/install/rtabmap:/home/user/ros2_ws/install/roboteq_ros2_driver:/home/user/ros2_ws/install/realsense2_description:/home/user/ros2_ws/install/realsense2_camera:/home/user/ros2_ws/install/realsense2_camera_msgs:/home/user/ros2_ws/install/openslam_gmapping:/home/user/ros2_ws/install/lslidar_driver:/home/user/ros2_ws/install/lslidar_msgs:/home/user/ros2_ws/install/amr_bot /usr/bin/cmake --install /home/user/ros2_ws/build/amr_bot
