-- Found cv_bridge: 3.2.1 (/opt/ros/humble/share/cv_bridge/cmake)
-- Override CMake install command with custom implementation using symlinks instead of copying resources
-- Found rosidl_generator_c: 3.1.5 (/opt/ros/humble/share/rosidl_generator_c/cmake)
-- Found rosidl_adapter: 3.1.5 (/opt/ros/humble/share/rosidl_adapter/cmake)
-- Found rosidl_generator_cpp: 3.1.5 (/opt/ros/humble/share/rosidl_generator_cpp/cmake)
-- Using all available rosidl_typesupport_c: rosidl_typesupport_fastrtps_c;rosidl_typesupport_introspection_c
-- Using all available rosidl_typesupport_cpp: rosidl_typesupport_fastrtps_cpp;rosidl_typesupport_introspection_cpp
-- Found image_transport: 3.1.8 (/opt/ros/humble/share/image_transport/cmake)
-- Found rmw_implementation_cmake: 6.1.1 (/opt/ros/humble/share/rmw_implementation_cmake/cmake)
-- Found rmw_fastrtps_cpp: 6.2.6 (/opt/ros/humble/share/rmw_fastrtps_cpp/cmake)
-- Using RMW implementation 'rmw_fastrtps_cpp' as default
-- Found nav_msgs: 4.2.3 (/opt/ros/humble/share/nav_msgs/cmake)
-- Found rclcpp_components: 16.0.8 (/opt/ros/humble/share/rclcpp_components/cmake)
-- Found rtabmap_conversions: 0.21.3 (/home/user/ros2_ws/install/rtabmap_conversions/share/rtabmap_conversions/cmake)
-- Ensuring Eigen3 include directory is part of orocos-kdl CMake target
-- Eigen found (include: /usr/include/eigen3, version: 3.4.0)
-- OpenNI found (version: 1.5.4.0, include: /usr/include/ni, lib: /usr/lib/libOpenNI.so;libusb::libusb)
-- OpenNI2 found (version: 2.2.0.33, include: /usr/include/openni2, lib: /usr/lib/x86_64-linux-gnu/libOpenNI2.so;libusb::libusb)
-- Eigen found (include: /usr/include/eigen3, version: 3.4.0)
-- FLANN found (include: /usr/include, lib: /usr/lib/x86_64-linux-gnu/libflann_cpp.so)
-- Found Qhull version 8.0.2
-- OpenNI found (version: 1.5.4.0, include: /usr/include/ni, lib: /usr/lib/libOpenNI.so;libusb::libusb)
-- OpenNI2 found (version: 2.2.0.33, include: /usr/include/openni2, lib: /usr/lib/x86_64-linux-gnu/libOpenNI2.so;libusb::libusb)
-- Found diagnostic_updater: 3.1.2 (/opt/ros/humble/share/diagnostic_updater/cmake)
-- RTABMAP_SYNC_MULTI_RGBD = OFF
-- RTABMAP_SYNC_USER_DATA  = OFF
-- Configuring done
-- Generating done
-- Build files have been written to: /home/user/ros2_ws/build/rtabmap_sync
[35m[1mConsolidate compiler generated dependencies of target rtabmap_sync[0m
[ 43%] Built target rtabmap_sync
[35m[1mConsolidate compiler generated dependencies of target rtabmap_sync_plugins[0m
[ 65%] Built target rtabmap_sync_plugins
[35m[1mConsolidate compiler generated dependencies of target rtabmap_rgbd_sync[0m
[ 73%] Built target rtabmap_rgbd_sync
[35m[1mConsolidate compiler generated dependencies of target rtabmap_rgbdx_sync[0m
[ 82%] Built target rtabmap_rgbdx_sync
[35m[1mConsolidate compiler generated dependencies of target rtabmap_stereo_sync[0m
[ 91%] Built target rtabmap_stereo_sync
[35m[1mConsolidate compiler generated dependencies of target rtabmap_rgb_sync[0m
[100%] Built target rtabmap_rgb_sync
-- Install configuration: "Release"
-- Execute custom install script
-- Up-to-date symlink: /home/user/ros2_ws/install/rtabmap_sync/share/rtabmap_sync/environment/library_path.sh
-- Up-to-date symlink: /home/user/ros2_ws/install/rtabmap_sync/share/rtabmap_sync/environment/library_path.dsv
-- Up-to-date symlink: /home/user/ros2_ws/install/rtabmap_sync/lib/rtabmap_sync/rgbd_sync
-- Up-to-date symlink: /home/user/ros2_ws/install/rtabmap_sync/lib/rtabmap_sync/rgbdx_sync
-- Up-to-date symlink: /home/user/ros2_ws/install/rtabmap_sync/lib/rtabmap_sync/stereo_sync
-- Up-to-date symlink: /home/user/ros2_ws/install/rtabmap_sync/lib/rtabmap_sync/rgb_sync
-- Up-to-date symlink: /home/user/ros2_ws/install/rtabmap_sync/share/ament_index/resource_index/package_run_dependencies/rtabmap_sync
-- Up-to-date symlink: /home/user/ros2_ws/install/rtabmap_sync/share/ament_index/resource_index/parent_prefix_path/rtabmap_sync
-- Up-to-date symlink: /home/user/ros2_ws/install/rtabmap_sync/share/rtabmap_sync/environment/ament_prefix_path.sh
-- Up-to-date symlink: /home/user/ros2_ws/install/rtabmap_sync/share/rtabmap_sync/environment/ament_prefix_path.dsv
-- Up-to-date symlink: /home/user/ros2_ws/install/rtabmap_sync/share/rtabmap_sync/environment/path.sh
-- Up-to-date symlink: /home/user/ros2_ws/install/rtabmap_sync/share/rtabmap_sync/environment/path.dsv
-- Up-to-date symlink: /home/user/ros2_ws/install/rtabmap_sync/share/rtabmap_sync/local_setup.bash
-- Up-to-date symlink: /home/user/ros2_ws/install/rtabmap_sync/share/rtabmap_sync/local_setup.sh
-- Up-to-date symlink: /home/user/ros2_ws/install/rtabmap_sync/share/rtabmap_sync/local_setup.zsh
-- Up-to-date symlink: /home/user/ros2_ws/install/rtabmap_sync/share/rtabmap_sync/local_setup.dsv
-- Symlinking: /home/user/ros2_ws/install/rtabmap_sync/share/rtabmap_sync/package.dsv
-- Up-to-date symlink: /home/user/ros2_ws/install/rtabmap_sync/share/ament_index/resource_index/packages/rtabmap_sync
-- Up-to-date symlink: /home/user/ros2_ws/install/rtabmap_sync/share/ament_index/resource_index/rclcpp_components/rtabmap_sync
-- Up-to-date symlink: /home/user/ros2_ws/install/rtabmap_sync/share/rtabmap_sync/cmake/extra_configs.cmake
-- Up-to-date symlink: /home/user/ros2_ws/install/rtabmap_sync/share/rtabmap_sync/cmake/ament_cmake_export_dependencies-extras.cmake
-- Up-to-date symlink: /home/user/ros2_ws/install/rtabmap_sync/share/rtabmap_sync/cmake/ament_cmake_export_include_directories-extras.cmake
-- Up-to-date symlink: /home/user/ros2_ws/install/rtabmap_sync/share/rtabmap_sync/cmake/ament_cmake_export_targets-extras.cmake
-- Up-to-date symlink: /home/user/ros2_ws/install/rtabmap_sync/share/rtabmap_sync/cmake/ament_cmake_export_libraries-extras.cmake
-- Up-to-date symlink: /home/user/ros2_ws/install/rtabmap_sync/share/rtabmap_sync/cmake/rtabmap_syncConfig.cmake
-- Up-to-date symlink: /home/user/ros2_ws/install/rtabmap_sync/share/rtabmap_sync/cmake/rtabmap_syncConfig-version.cmake
-- Up-to-date symlink: /home/user/ros2_ws/install/rtabmap_sync/share/rtabmap_sync/package.xml
-- Up-to-date: /home/user/ros2_ws/install/rtabmap_sync/lib/librtabmap_sync.so
-- Up-to-date: /home/user/ros2_ws/install/rtabmap_sync/lib/librtabmap_sync_plugins.so
-- Up-to-date: /home/user/ros2_ws/install/rtabmap_sync/include
-- Up-to-date: /home/user/ros2_ws/install/rtabmap_sync/include/rtabmap_sync
-- Up-to-date: /home/user/ros2_ws/install/rtabmap_sync/include/rtabmap_sync/visibility.h
-- Up-to-date: /home/user/ros2_ws/install/rtabmap_sync/include/rtabmap_sync/SyncDiagnostic.h
-- Up-to-date: /home/user/ros2_ws/install/rtabmap_sync/include/rtabmap_sync/CommonDataSubscriberDefines.h
-- Up-to-date: /home/user/ros2_ws/install/rtabmap_sync/include/rtabmap_sync/GetTopicName.h
-- Up-to-date: /home/user/ros2_ws/install/rtabmap_sync/include/rtabmap_sync/CommonDataSubscriber.h
-- Up-to-date: /home/user/ros2_ws/install/rtabmap_sync/share/rtabmap_sync/cmake/rtabmap_syncExport.cmake
-- Up-to-date: /home/user/ros2_ws/install/rtabmap_sync/share/rtabmap_sync/cmake/rtabmap_syncExport-release.cmake
