[0.041s] Invoking command in '/home/user/ros2_ws/build/nav2_behavior_tree': AMENT_PREFIX_PATH=/home/user/ros2_ws/install/nav2_util:/home/user/ros2_ws/install/nav2_msgs:/home/user/ros2_ws/install/nav2_common:${AMENT_PREFIX_PATH} CMAKE_PREFIX_PATH=/home/user/ros2_ws/install/nav2_util:/home/user/ros2_ws/install/nav2_msgs:/home/user/ros2_ws/install/nav2_common:/home/user/ros2_ws/install/slam_toolbox:/home/user/ros2_ws/install/slam_gmapping:/home/user/ros2_ws/install/serial:/home/user/ros2_ws/install/imu_tools:/home/user/ros2_ws/install/rviz_imu_plugin:/home/user/ros2_ws/install/rtabmap_ros:/home/user/ros2_ws/install/rtabmap_launch:/home/user/ros2_ws/install/rtabmap_examples:/home/user/ros2_ws/install/rtabmap_demos:/home/user/ros2_ws/install/rtabmap_viz:/home/user/ros2_ws/install/rtabmap_slam:/home/user/ros2_ws/install/rtabmap_odom:/home/user/ros2_ws/install/rtabmap_util:/home/user/ros2_ws/install/rtabmap_sync:/home/user/ros2_ws/install/rtabmap_rviz_plugins:/home/user/ros2_ws/install/rtabmap_conversions:/home/user/ros2_ws/install/rtabmap_python:/opt/ros/humble:/home/user/ros2_ws/install/rtabmap_msgs:/home/user/ros2_ws/install/rtabmap:/home/user/ros2_ws/install/roboteq_ros2_driver:/home/user/ros2_ws/install/realsense2_description:/home/user/ros2_ws/install/realsense2_camera:/home/user/ros2_ws/install/realsense2_camera_msgs:/home/user/ros2_ws/install/openslam_gmapping:/home/user/ros2_ws/install/lslidar_driver:/home/user/ros2_ws/install/lslidar_msgs:/home/user/ros2_ws/install/imu_filter_madgwick:/home/user/ros2_ws/install/imu_complementary_filter:/home/user/ros2_ws/install/amr_bot LD_LIBRARY_PATH=/home/user/ros2_ws/install/nav2_util/lib:/home/user/ros2_ws/install/nav2_msgs/lib:${LD_LIBRARY_PATH} PYTHONPATH=/home/user/ros2_ws/install/nav2_msgs/local/lib/python3.10/dist-packages:/home/user/ros2_ws/install/nav2_common/local/lib/python3.10/dist-packages:${PYTHONPATH} /usr/bin/cmake --build /home/user/ros2_ws/build/nav2_behavior_tree
[0.073s] [35m[1mConsolidate compiler generated dependencies of target nav2_behavior_tree[0m
[0.085s] [  1%] Built target nav2_behavior_tree
[0.092s] [35m[1mConsolidate compiler generated dependencies of target nav2_compute_path_to_pose_action_bt_node[0m
[0.105s] [  2%] Built target nav2_compute_path_to_pose_action_bt_node
[0.113s] [35m[1mConsolidate compiler generated dependencies of target nav2_compute_path_through_poses_action_bt_node[0m
[0.126s] [  3%] Built target nav2_compute_path_through_poses_action_bt_node
[0.134s] [35m[1mConsolidate compiler generated dependencies of target nav2_controller_cancel_bt_node[0m
[0.146s] [  4%] Built target nav2_controller_cancel_bt_node
[0.153s] [35m[1mConsolidate compiler generated dependencies of target nav2_wait_cancel_bt_node[0m
[0.165s] [  5%] Built target nav2_wait_cancel_bt_node
[0.173s] [35m[1mConsolidate compiler generated dependencies of target nav2_spin_cancel_bt_node[0m
[0.185s] [  6%] Built target nav2_spin_cancel_bt_node
[0.192s] [35m[1mConsolidate compiler generated dependencies of target nav2_back_up_cancel_bt_node[0m
[0.203s] [  7%] Built target nav2_back_up_cancel_bt_node
[0.211s] [35m[1mConsolidate compiler generated dependencies of target nav2_assisted_teleop_cancel_bt_node[0m
[0.224s] [  8%] Built target nav2_assisted_teleop_cancel_bt_node
[0.231s] [35m[1mConsolidate compiler generated dependencies of target nav2_drive_on_heading_cancel_bt_node[0m
[0.243s] [  9%] Built target nav2_drive_on_heading_cancel_bt_node
[0.250s] [35m[1mConsolidate compiler generated dependencies of target nav2_smooth_path_action_bt_node[0m
[0.262s] [ 10%] Built target nav2_smooth_path_action_bt_node
[0.269s] [35m[1mConsolidate compiler generated dependencies of target nav2_follow_path_action_bt_node[0m
[0.281s] [ 11%] Built target nav2_follow_path_action_bt_node
[0.289s] [35m[1mConsolidate compiler generated dependencies of target nav2_back_up_action_bt_node[0m
[0.302s] [ 12%] Built target nav2_back_up_action_bt_node
[0.310s] [35m[1mConsolidate compiler generated dependencies of target nav2_drive_on_heading_bt_node[0m
[0.323s] [ 13%] Built target nav2_drive_on_heading_bt_node
[0.330s] [35m[1mConsolidate compiler generated dependencies of target nav2_spin_action_bt_node[0m
[0.343s] [ 14%] Built target nav2_spin_action_bt_node
[0.351s] [35m[1mConsolidate compiler generated dependencies of target nav2_wait_action_bt_node[0m
[0.363s] [ 15%] Built target nav2_wait_action_bt_node
[0.370s] [35m[1mConsolidate compiler generated dependencies of target nav2_assisted_teleop_action_bt_node[0m
[0.383s] [ 16%] Built target nav2_assisted_teleop_action_bt_node
[0.390s] [35m[1mConsolidate compiler generated dependencies of target nav2_clear_costmap_service_bt_node[0m
[0.404s] [ 17%] Built target nav2_clear_costmap_service_bt_node
[0.412s] [35m[1mConsolidate compiler generated dependencies of target nav2_is_stuck_condition_bt_node[0m
[0.423s] [ 18%] Built target nav2_is_stuck_condition_bt_node
[0.432s] [35m[1mConsolidate compiler generated dependencies of target nav2_transform_available_condition_bt_node[0m
[0.443s] [ 19%] Built target nav2_transform_available_condition_bt_node
[0.451s] [35m[1mConsolidate compiler generated dependencies of target nav2_goal_reached_condition_bt_node[0m
[0.464s] [ 20%] Built target nav2_goal_reached_condition_bt_node
[0.471s] [35m[1mConsolidate compiler generated dependencies of target nav2_globally_updated_goal_condition_bt_node[0m
[0.483s] [ 21%] Built target nav2_globally_updated_goal_condition_bt_node
[0.490s] [35m[1mConsolidate compiler generated dependencies of target nav2_goal_updated_condition_bt_node[0m
[0.499s] [ 22%] Built target nav2_goal_updated_condition_bt_node
[0.506s] [35m[1mConsolidate compiler generated dependencies of target nav2_is_path_valid_condition_bt_node[0m
[0.517s] [ 23%] Built target nav2_is_path_valid_condition_bt_node
[0.524s] [35m[1mConsolidate compiler generated dependencies of target nav2_time_expired_condition_bt_node[0m
[0.537s] [ 24%] Built target nav2_time_expired_condition_bt_node
[0.545s] [35m[1mConsolidate compiler generated dependencies of target nav2_path_expiring_timer_condition[0m
[0.557s] [ 25%] Built target nav2_path_expiring_timer_condition
[0.565s] [35m[1mConsolidate compiler generated dependencies of target nav2_distance_traveled_condition_bt_node[0m
[0.577s] [ 26%] Built target nav2_distance_traveled_condition_bt_node
[0.584s] [35m[1mConsolidate compiler generated dependencies of target nav2_initial_pose_received_condition_bt_node[0m
[0.593s] [ 27%] Built target nav2_initial_pose_received_condition_bt_node
[0.600s] [35m[1mConsolidate compiler generated dependencies of target nav2_is_battery_charging_condition_bt_node[0m
[0.612s] [ 28%] Built target nav2_is_battery_charging_condition_bt_node
[0.620s] [35m[1mConsolidate compiler generated dependencies of target nav2_is_battery_low_condition_bt_node[0m
[0.632s] [ 29%] Built target nav2_is_battery_low_condition_bt_node
[0.639s] [35m[1mConsolidate compiler generated dependencies of target nav2_reinitialize_global_localization_service_bt_node[0m
[0.651s] [ 30%] Built target nav2_reinitialize_global_localization_service_bt_node
[0.657s] [35m[1mConsolidate compiler generated dependencies of target nav2_rate_controller_bt_node[0m
[0.666s] [ 31%] Built target nav2_rate_controller_bt_node
[0.674s] [35m[1mConsolidate compiler generated dependencies of target nav2_distance_controller_bt_node[0m
[0.687s] [ 32%] Built target nav2_distance_controller_bt_node
[0.694s] [35m[1mConsolidate compiler generated dependencies of target nav2_speed_controller_bt_node[0m
[0.707s] [ 33%] Built target nav2_speed_controller_bt_node
[0.715s] [35m[1mConsolidate compiler generated dependencies of target nav2_truncate_path_action_bt_node[0m
[0.730s] [ 34%] Built target nav2_truncate_path_action_bt_node
[0.737s] [35m[1mConsolidate compiler generated dependencies of target nav2_truncate_path_local_action_bt_node[0m
[0.749s] [ 35%] Built target nav2_truncate_path_local_action_bt_node
[0.756s] [35m[1mConsolidate compiler generated dependencies of target nav2_goal_updater_node_bt_node[0m
[0.767s] [ 36%] Built target nav2_goal_updater_node_bt_node
[0.775s] [35m[1mConsolidate compiler generated dependencies of target nav2_path_longer_on_approach_bt_node[0m
[0.786s] [ 37%] Built target nav2_path_longer_on_approach_bt_node
[0.793s] [35m[1mConsolidate compiler generated dependencies of target nav2_recovery_node_bt_node[0m
[0.802s] [ 38%] Built target nav2_recovery_node_bt_node
[0.809s] [35m[1mConsolidate compiler generated dependencies of target nav2_navigate_to_pose_action_bt_node[0m
[0.823s] [ 39%] Built target nav2_navigate_to_pose_action_bt_node
[0.831s] [35m[1mConsolidate compiler generated dependencies of target nav2_navigate_through_poses_action_bt_node[0m
[0.842s] [ 40%] Built target nav2_navigate_through_poses_action_bt_node
[0.849s] [35m[1mConsolidate compiler generated dependencies of target nav2_remove_passed_goals_action_bt_node[0m
[0.861s] [ 41%] Built target nav2_remove_passed_goals_action_bt_node
[0.868s] [35m[1mConsolidate compiler generated dependencies of target nav2_pipeline_sequence_bt_node[0m
[0.877s] [ 42%] Built target nav2_pipeline_sequence_bt_node
[0.884s] [35m[1mConsolidate compiler generated dependencies of target nav2_round_robin_node_bt_node[0m
[0.893s] [ 43%] Built target nav2_round_robin_node_bt_node
[0.900s] [35m[1mConsolidate compiler generated dependencies of target nav2_single_trigger_bt_node[0m
[0.909s] [ 44%] Built target nav2_single_trigger_bt_node
[0.916s] [35m[1mConsolidate compiler generated dependencies of target nav2_planner_selector_bt_node[0m
[0.928s] [ 45%] Built target nav2_planner_selector_bt_node
[0.937s] [35m[1mConsolidate compiler generated dependencies of target nav2_controller_selector_bt_node[0m
[0.948s] [ 46%] Built target nav2_controller_selector_bt_node
[0.957s] [35m[1mConsolidate compiler generated dependencies of target nav2_smoother_selector_bt_node[0m
[0.970s] [ 47%] Built target nav2_smoother_selector_bt_node
[0.978s] [35m[1mConsolidate compiler generated dependencies of target nav2_goal_checker_selector_bt_node[0m
[0.991s] [ 48%] Built target nav2_goal_checker_selector_bt_node
[0.999s] [35m[1mConsolidate compiler generated dependencies of target nav2_goal_updated_controller_bt_node[0m
[1.011s] [ 49%] Built target nav2_goal_updated_controller_bt_node
[1.017s] [35m[1mConsolidate compiler generated dependencies of target gtest_main[0m
[1.027s] [ 50%] Built target gtest_main
[1.034s] [35m[1mConsolidate compiler generated dependencies of target gtest[0m
[1.043s] [ 50%] Built target gtest
[1.051s] [35m[1mConsolidate compiler generated dependencies of target test_bt_conversions[0m
[1.061s] [ 51%] Built target test_bt_conversions
[1.068s] [35m[1mConsolidate compiler generated dependencies of target test_condition_distance_traveled[0m
[1.082s] [ 52%] Built target test_condition_distance_traveled
[1.090s] [35m[1mConsolidate compiler generated dependencies of target test_condition_time_expired[0m
[1.103s] [ 53%] Built target test_condition_time_expired
[1.111s] [35m[1mConsolidate compiler generated dependencies of target test_condition_path_expiring_timer[0m
[1.123s] [ 54%] Built target test_condition_path_expiring_timer
[1.131s] [35m[1mConsolidate compiler generated dependencies of target test_condition_goal_reached[0m
[1.143s] [ 55%] Built target test_condition_goal_reached
[1.151s] [35m[1mConsolidate compiler generated dependencies of target test_condition_goal_updated[0m
[1.163s] [ 56%] Built target test_condition_goal_updated
[1.170s] [35m[1mConsolidate compiler generated dependencies of target test_condition_globally_updated_goal[0m
[1.182s] [ 57%] Built target test_condition_globally_updated_goal
[1.189s] [35m[1mConsolidate compiler generated dependencies of target test_condition_initial_pose_received[0m
[1.201s] [ 58%] Built target test_condition_initial_pose_received
[1.208s] [35m[1mConsolidate compiler generated dependencies of target test_condition_transform_available[0m
[1.221s] [ 59%] Built target test_condition_transform_available
[1.229s] [35m[1mConsolidate compiler generated dependencies of target test_condition_is_stuck[0m
[1.241s] [ 60%] Built target test_condition_is_stuck
[1.249s] [35m[1mConsolidate compiler generated dependencies of target test_condition_is_battery_charging[0m
[1.260s] [ 61%] Built target test_condition_is_battery_charging
[1.267s] [35m[1mConsolidate compiler generated dependencies of target test_condition_is_battery_low[0m
[1.279s] [ 62%] Built target test_condition_is_battery_low
[1.286s] [35m[1mConsolidate compiler generated dependencies of target test_condition_is_path_valid[0m
[1.298s] [ 63%] Built target test_condition_is_path_valid
[1.305s] [35m[1mConsolidate compiler generated dependencies of target test_decorator_distance_controller[0m
[1.318s] [ 64%] Built target test_decorator_distance_controller
[1.327s] [35m[1mConsolidate compiler generated dependencies of target test_decorator_speed_controller[0m
[1.339s] [ 65%] Built target test_decorator_speed_controller
[1.346s] [35m[1mConsolidate compiler generated dependencies of target test_decorator_rate_controller[0m
[1.358s] [ 66%] Built target test_decorator_rate_controller
[1.365s] [35m[1mConsolidate compiler generated dependencies of target test_goal_updater_node[0m
[1.376s] [ 67%] Built target test_goal_updater_node
[1.383s] [35m[1mConsolidate compiler generated dependencies of target test_single_trigger_node[0m
[1.395s] [ 68%] Built target test_single_trigger_node
[1.402s] [35m[1mConsolidate compiler generated dependencies of target test_goal_updated_controller[0m
[1.414s] [ 69%] Built target test_goal_updated_controller
[1.422s] [35m[1mConsolidate compiler generated dependencies of target test_decorator_path_longer_on_approach[0m
[1.434s] [ 70%] Built target test_decorator_path_longer_on_approach
[1.441s] [35m[1mConsolidate compiler generated dependencies of target test_control_recovery_node[0m
[1.453s] [ 71%] Built target test_control_recovery_node
[1.460s] [35m[1mConsolidate compiler generated dependencies of target test_control_pipeline_sequence[0m
[1.471s] [ 72%] Built target test_control_pipeline_sequence
[1.479s] [35m[1mConsolidate compiler generated dependencies of target test_control_round_robin_node[0m
[1.492s] [ 73%] Built target test_control_round_robin_node
[1.499s] [35m[1mConsolidate compiler generated dependencies of target test_bt_action_node[0m
[1.511s] [ 74%] Built target test_bt_action_node
[1.518s] [35m[1mConsolidate compiler generated dependencies of target test_action_spin_action[0m
[1.531s] [ 75%] Built target test_action_spin_action
[1.538s] [35m[1mConsolidate compiler generated dependencies of target test_action_back_up_action[0m
[1.551s] [ 76%] Built target test_action_back_up_action
[1.559s] [35m[1mConsolidate compiler generated dependencies of target test_action_drive_on_heading[0m
[1.570s] [ 77%] Built target test_action_drive_on_heading
[1.578s] [35m[1mConsolidate compiler generated dependencies of target test_action_wait_action[0m
[1.590s] [ 78%] Built target test_action_wait_action
[1.598s] [35m[1mConsolidate compiler generated dependencies of target test_action_assisted_teleop_action[0m
[1.610s] [ 79%] Built target test_action_assisted_teleop_action
[1.617s] [35m[1mConsolidate compiler generated dependencies of target test_action_controller_cancel_action[0m
[1.629s] [ 80%] Built target test_action_controller_cancel_action
[1.637s] [35m[1mConsolidate compiler generated dependencies of target test_action_wait_cancel_action[0m
[1.649s] [ 81%] Built target test_action_wait_cancel_action
[1.656s] [35m[1mConsolidate compiler generated dependencies of target test_action_spin_cancel_action[0m
[1.667s] [ 82%] Built target test_action_spin_cancel_action
[1.675s] [35m[1mConsolidate compiler generated dependencies of target test_action_back_up_cancel_action[0m
[1.686s] [ 83%] Built target test_action_back_up_cancel_action
[1.693s] [35m[1mConsolidate compiler generated dependencies of target test_action_assisted_teleop_cancel_action[0m
[1.706s] [ 84%] Built target test_action_assisted_teleop_cancel_action
[1.713s] [35m[1mConsolidate compiler generated dependencies of target test_action_drive_on_heading_cancel_action[0m
[1.725s] [ 85%] Built target test_action_drive_on_heading_cancel_action
[1.733s] [35m[1mConsolidate compiler generated dependencies of target test_action_clear_costmap_service[0m
[1.745s] [ 86%] Built target test_action_clear_costmap_service
[1.754s] [35m[1mConsolidate compiler generated dependencies of target test_action_reinitialize_global_localization_service[0m
[1.766s] [ 87%] Built target test_action_reinitialize_global_localization_service
[1.774s] [35m[1mConsolidate compiler generated dependencies of target test_action_compute_path_to_pose_action[0m
[1.785s] [ 88%] Built target test_action_compute_path_to_pose_action
[1.792s] [35m[1mConsolidate compiler generated dependencies of target test_action_compute_path_through_poses_action[0m
[1.804s] [ 89%] Built target test_action_compute_path_through_poses_action
[1.811s] [35m[1mConsolidate compiler generated dependencies of target test_action_smooth_path_action[0m
[1.822s] [ 90%] Built target test_action_smooth_path_action
[1.830s] [35m[1mConsolidate compiler generated dependencies of target test_action_follow_path_action[0m
[1.842s] [ 91%] Built target test_action_follow_path_action
[1.850s] [35m[1mConsolidate compiler generated dependencies of target test_action_navigate_to_pose_action[0m
[1.862s] [ 92%] Built target test_action_navigate_to_pose_action
[1.869s] [35m[1mConsolidate compiler generated dependencies of target test_action_navigate_through_poses_action[0m
[1.881s] [ 93%] Built target test_action_navigate_through_poses_action
[1.889s] [35m[1mConsolidate compiler generated dependencies of target test_truncate_path_action[0m
[1.901s] [ 94%] Built target test_truncate_path_action
[1.908s] [35m[1mConsolidate compiler generated dependencies of target test_truncate_path_local_action[0m
[1.920s] [ 95%] Built target test_truncate_path_local_action
[1.927s] [35m[1mConsolidate compiler generated dependencies of target test_remove_passed_goals_action[0m
[1.940s] [ 96%] Built target test_remove_passed_goals_action
[1.947s] [35m[1mConsolidate compiler generated dependencies of target test_planner_selector_node[0m
[1.959s] [ 97%] Built target test_planner_selector_node
[1.966s] [35m[1mConsolidate compiler generated dependencies of target test_controller_selector_node[0m
[1.977s] [ 98%] Built target test_controller_selector_node
[1.984s] [35m[1mConsolidate compiler generated dependencies of target test_smoother_selector_node[0m
[1.995s] [ 99%] Built target test_smoother_selector_node
[2.002s] [35m[1mConsolidate compiler generated dependencies of target test_goal_checker_selector_node[0m
[2.014s] [100%] Built target test_goal_checker_selector_node
[2.021s] Invoked command in '/home/user/ros2_ws/build/nav2_behavior_tree' returned '0': AMENT_PREFIX_PATH=/home/user/ros2_ws/install/nav2_util:/home/user/ros2_ws/install/nav2_msgs:/home/user/ros2_ws/install/nav2_common:${AMENT_PREFIX_PATH} CMAKE_PREFIX_PATH=/home/user/ros2_ws/install/nav2_util:/home/user/ros2_ws/install/nav2_msgs:/home/user/ros2_ws/install/nav2_common:/home/user/ros2_ws/install/slam_toolbox:/home/user/ros2_ws/install/slam_gmapping:/home/user/ros2_ws/install/serial:/home/user/ros2_ws/install/imu_tools:/home/user/ros2_ws/install/rviz_imu_plugin:/home/user/ros2_ws/install/rtabmap_ros:/home/user/ros2_ws/install/rtabmap_launch:/home/user/ros2_ws/install/rtabmap_examples:/home/user/ros2_ws/install/rtabmap_demos:/home/user/ros2_ws/install/rtabmap_viz:/home/user/ros2_ws/install/rtabmap_slam:/home/user/ros2_ws/install/rtabmap_odom:/home/user/ros2_ws/install/rtabmap_util:/home/user/ros2_ws/install/rtabmap_sync:/home/user/ros2_ws/install/rtabmap_rviz_plugins:/home/user/ros2_ws/install/rtabmap_conversions:/home/user/ros2_ws/install/rtabmap_python:/opt/ros/humble:/home/user/ros2_ws/install/rtabmap_msgs:/home/user/ros2_ws/install/rtabmap:/home/user/ros2_ws/install/roboteq_ros2_driver:/home/user/ros2_ws/install/realsense2_description:/home/user/ros2_ws/install/realsense2_camera:/home/user/ros2_ws/install/realsense2_camera_msgs:/home/user/ros2_ws/install/openslam_gmapping:/home/user/ros2_ws/install/lslidar_driver:/home/user/ros2_ws/install/lslidar_msgs:/home/user/ros2_ws/install/imu_filter_madgwick:/home/user/ros2_ws/install/imu_complementary_filter:/home/user/ros2_ws/install/amr_bot LD_LIBRARY_PATH=/home/user/ros2_ws/install/nav2_util/lib:/home/user/ros2_ws/install/nav2_msgs/lib:${LD_LIBRARY_PATH} PYTHONPATH=/home/user/ros2_ws/install/nav2_msgs/local/lib/python3.10/dist-packages:/home/user/ros2_ws/install/nav2_common/local/lib/python3.10/dist-packages:${PYTHONPATH} /usr/bin/cmake --build /home/user/ros2_ws/build/nav2_behavior_tree
[2.194s] Invoking command in '/home/user/ros2_ws/build/nav2_behavior_tree': AMENT_PREFIX_PATH=/home/user/ros2_ws/install/nav2_util:/home/user/ros2_ws/install/nav2_msgs:/home/user/ros2_ws/install/nav2_common:${AMENT_PREFIX_PATH} CMAKE_PREFIX_PATH=/home/user/ros2_ws/install/nav2_util:/home/user/ros2_ws/install/nav2_msgs:/home/user/ros2_ws/install/nav2_common:/home/user/ros2_ws/install/slam_toolbox:/home/user/ros2_ws/install/slam_gmapping:/home/user/ros2_ws/install/serial:/home/user/ros2_ws/install/imu_tools:/home/user/ros2_ws/install/rviz_imu_plugin:/home/user/ros2_ws/install/rtabmap_ros:/home/user/ros2_ws/install/rtabmap_launch:/home/user/ros2_ws/install/rtabmap_examples:/home/user/ros2_ws/install/rtabmap_demos:/home/user/ros2_ws/install/rtabmap_viz:/home/user/ros2_ws/install/rtabmap_slam:/home/user/ros2_ws/install/rtabmap_odom:/home/user/ros2_ws/install/rtabmap_util:/home/user/ros2_ws/install/rtabmap_sync:/home/user/ros2_ws/install/rtabmap_rviz_plugins:/home/user/ros2_ws/install/rtabmap_conversions:/home/user/ros2_ws/install/rtabmap_python:/opt/ros/humble:/home/user/ros2_ws/install/rtabmap_msgs:/home/user/ros2_ws/install/rtabmap:/home/user/ros2_ws/install/roboteq_ros2_driver:/home/user/ros2_ws/install/realsense2_description:/home/user/ros2_ws/install/realsense2_camera:/home/user/ros2_ws/install/realsense2_camera_msgs:/home/user/ros2_ws/install/openslam_gmapping:/home/user/ros2_ws/install/lslidar_driver:/home/user/ros2_ws/install/lslidar_msgs:/home/user/ros2_ws/install/imu_filter_madgwick:/home/user/ros2_ws/install/imu_complementary_filter:/home/user/ros2_ws/install/amr_bot LD_LIBRARY_PATH=/home/user/ros2_ws/install/nav2_util/lib:/home/user/ros2_ws/install/nav2_msgs/lib:${LD_LIBRARY_PATH} PYTHONPATH=/home/user/ros2_ws/install/nav2_msgs/local/lib/python3.10/dist-packages:/home/user/ros2_ws/install/nav2_common/local/lib/python3.10/dist-packages:${PYTHONPATH} /usr/bin/cmake --install /home/user/ros2_ws/build/nav2_behavior_tree
[2.201s] -- Install configuration: "Release"
[2.201s] -- Execute custom install script
[2.201s] -- Up-to-date symlink: /home/user/ros2_ws/install/nav2_behavior_tree/lib/libnav2_behavior_tree.so
[2.201s] -- Up-to-date symlink: /home/user/ros2_ws/install/nav2_behavior_tree/lib/libnav2_compute_path_to_pose_action_bt_node.so
[2.202s] -- Up-to-date symlink: /home/user/ros2_ws/install/nav2_behavior_tree/lib/libnav2_compute_path_through_poses_action_bt_node.so
[2.202s] -- Up-to-date symlink: /home/user/ros2_ws/install/nav2_behavior_tree/lib/libnav2_controller_cancel_bt_node.so
[2.202s] -- Up-to-date symlink: /home/user/ros2_ws/install/nav2_behavior_tree/lib/libnav2_wait_cancel_bt_node.so
[2.202s] -- Up-to-date symlink: /home/user/ros2_ws/install/nav2_behavior_tree/lib/libnav2_spin_cancel_bt_node.so
[2.202s] -- Up-to-date symlink: /home/user/ros2_ws/install/nav2_behavior_tree/lib/libnav2_back_up_cancel_bt_node.so
[2.202s] -- Up-to-date symlink: /home/user/ros2_ws/install/nav2_behavior_tree/lib/libnav2_assisted_teleop_cancel_bt_node.so
[2.202s] -- Up-to-date symlink: /home/user/ros2_ws/install/nav2_behavior_tree/lib/libnav2_drive_on_heading_cancel_bt_node.so
[2.202s] -- Up-to-date symlink: /home/user/ros2_ws/install/nav2_behavior_tree/lib/libnav2_smooth_path_action_bt_node.so
[2.202s] -- Up-to-date symlink: /home/user/ros2_ws/install/nav2_behavior_tree/lib/libnav2_follow_path_action_bt_node.so
[2.202s] -- Up-to-date symlink: /home/user/ros2_ws/install/nav2_behavior_tree/lib/libnav2_back_up_action_bt_node.so
[2.202s] -- Up-to-date symlink: /home/user/ros2_ws/install/nav2_behavior_tree/lib/libnav2_drive_on_heading_bt_node.so
[2.202s] -- Up-to-date symlink: /home/user/ros2_ws/install/nav2_behavior_tree/lib/libnav2_spin_action_bt_node.so
[2.202s] -- Up-to-date symlink: /home/user/ros2_ws/install/nav2_behavior_tree/lib/libnav2_wait_action_bt_node.so
[2.202s] -- Up-to-date symlink: /home/user/ros2_ws/install/nav2_behavior_tree/lib/libnav2_assisted_teleop_action_bt_node.so
[2.202s] -- Up-to-date symlink: /home/user/ros2_ws/install/nav2_behavior_tree/lib/libnav2_clear_costmap_service_bt_node.so
[2.202s] -- Up-to-date symlink: /home/user/ros2_ws/install/nav2_behavior_tree/lib/libnav2_is_stuck_condition_bt_node.so
[2.202s] -- Up-to-date symlink: /home/user/ros2_ws/install/nav2_behavior_tree/lib/libnav2_transform_available_condition_bt_node.so
[2.203s] -- Up-to-date symlink: /home/user/ros2_ws/install/nav2_behavior_tree/lib/libnav2_goal_reached_condition_bt_node.so
[2.203s] -- Up-to-date symlink: /home/user/ros2_ws/install/nav2_behavior_tree/lib/libnav2_globally_updated_goal_condition_bt_node.so
[2.203s] -- Up-to-date symlink: /home/user/ros2_ws/install/nav2_behavior_tree/lib/libnav2_goal_updated_condition_bt_node.so
[2.203s] -- Up-to-date symlink: /home/user/ros2_ws/install/nav2_behavior_tree/lib/libnav2_is_path_valid_condition_bt_node.so
[2.203s] -- Up-to-date symlink: /home/user/ros2_ws/install/nav2_behavior_tree/lib/libnav2_time_expired_condition_bt_node.so
[2.203s] -- Up-to-date symlink: /home/user/ros2_ws/install/nav2_behavior_tree/lib/libnav2_path_expiring_timer_condition.so
[2.203s] -- Up-to-date symlink: /home/user/ros2_ws/install/nav2_behavior_tree/lib/libnav2_distance_traveled_condition_bt_node.so
[2.203s] -- Up-to-date symlink: /home/user/ros2_ws/install/nav2_behavior_tree/lib/libnav2_initial_pose_received_condition_bt_node.so
[2.203s] -- Up-to-date symlink: /home/user/ros2_ws/install/nav2_behavior_tree/lib/libnav2_is_battery_charging_condition_bt_node.so
[2.203s] -- Up-to-date symlink: /home/user/ros2_ws/install/nav2_behavior_tree/lib/libnav2_is_battery_low_condition_bt_node.so
[2.203s] -- Up-to-date symlink: /home/user/ros2_ws/install/nav2_behavior_tree/lib/libnav2_reinitialize_global_localization_service_bt_node.so
[2.203s] -- Up-to-date symlink: /home/user/ros2_ws/install/nav2_behavior_tree/lib/libnav2_rate_controller_bt_node.so
[2.203s] -- Up-to-date symlink: /home/user/ros2_ws/install/nav2_behavior_tree/lib/libnav2_distance_controller_bt_node.so
[2.203s] -- Up-to-date symlink: /home/user/ros2_ws/install/nav2_behavior_tree/lib/libnav2_speed_controller_bt_node.so
[2.203s] -- Up-to-date symlink: /home/user/ros2_ws/install/nav2_behavior_tree/lib/libnav2_truncate_path_action_bt_node.so
[2.203s] -- Up-to-date symlink: /home/user/ros2_ws/install/nav2_behavior_tree/lib/libnav2_truncate_path_local_action_bt_node.so
[2.203s] -- Up-to-date symlink: /home/user/ros2_ws/install/nav2_behavior_tree/lib/libnav2_goal_updater_node_bt_node.so
[2.203s] -- Up-to-date symlink: /home/user/ros2_ws/install/nav2_behavior_tree/lib/libnav2_path_longer_on_approach_bt_node.so
[2.203s] -- Up-to-date symlink: /home/user/ros2_ws/install/nav2_behavior_tree/lib/libnav2_recovery_node_bt_node.so
[2.204s] -- Up-to-date symlink: /home/user/ros2_ws/install/nav2_behavior_tree/lib/libnav2_navigate_to_pose_action_bt_node.so
[2.204s] -- Up-to-date symlink: /home/user/ros2_ws/install/nav2_behavior_tree/lib/libnav2_navigate_through_poses_action_bt_node.so
[2.204s] -- Up-to-date symlink: /home/user/ros2_ws/install/nav2_behavior_tree/lib/libnav2_remove_passed_goals_action_bt_node.so
[2.204s] -- Up-to-date symlink: /home/user/ros2_ws/install/nav2_behavior_tree/lib/libnav2_pipeline_sequence_bt_node.so
[2.204s] -- Up-to-date symlink: /home/user/ros2_ws/install/nav2_behavior_tree/lib/libnav2_round_robin_node_bt_node.so
[2.204s] -- Up-to-date symlink: /home/user/ros2_ws/install/nav2_behavior_tree/lib/libnav2_single_trigger_bt_node.so
[2.204s] -- Up-to-date symlink: /home/user/ros2_ws/install/nav2_behavior_tree/lib/libnav2_planner_selector_bt_node.so
[2.204s] -- Up-to-date symlink: /home/user/ros2_ws/install/nav2_behavior_tree/lib/libnav2_controller_selector_bt_node.so
[2.204s] -- Up-to-date symlink: /home/user/ros2_ws/install/nav2_behavior_tree/lib/libnav2_smoother_selector_bt_node.so
[2.204s] -- Up-to-date symlink: /home/user/ros2_ws/install/nav2_behavior_tree/lib/libnav2_goal_checker_selector_bt_node.so
[2.204s] -- Up-to-date symlink: /home/user/ros2_ws/install/nav2_behavior_tree/lib/libnav2_goal_updated_controller_bt_node.so
[2.205s] -- Up-to-date symlink: /home/user/ros2_ws/install/nav2_behavior_tree/include//nav2_behavior_tree/behavior_tree_engine.hpp
[2.205s] -- Up-to-date symlink: /home/user/ros2_ws/install/nav2_behavior_tree/include//nav2_behavior_tree/bt_action_node.hpp
[2.205s] -- Up-to-date symlink: /home/user/ros2_ws/install/nav2_behavior_tree/include//nav2_behavior_tree/bt_action_server.hpp
[2.205s] -- Up-to-date symlink: /home/user/ros2_ws/install/nav2_behavior_tree/include//nav2_behavior_tree/bt_action_server_impl.hpp
[2.205s] -- Up-to-date symlink: /home/user/ros2_ws/install/nav2_behavior_tree/include//nav2_behavior_tree/bt_cancel_action_node.hpp
[2.205s] -- Up-to-date symlink: /home/user/ros2_ws/install/nav2_behavior_tree/include//nav2_behavior_tree/bt_conversions.hpp
[2.205s] -- Up-to-date symlink: /home/user/ros2_ws/install/nav2_behavior_tree/include//nav2_behavior_tree/bt_service_node.hpp
[2.205s] -- Up-to-date symlink: /home/user/ros2_ws/install/nav2_behavior_tree/include//nav2_behavior_tree/plugins/action/assisted_teleop_action.hpp
[2.205s] -- Up-to-date symlink: /home/user/ros2_ws/install/nav2_behavior_tree/include//nav2_behavior_tree/plugins/action/assisted_teleop_cancel_node.hpp
[2.205s] -- Up-to-date symlink: /home/user/ros2_ws/install/nav2_behavior_tree/include//nav2_behavior_tree/plugins/action/back_up_action.hpp
[2.205s] -- Up-to-date symlink: /home/user/ros2_ws/install/nav2_behavior_tree/include//nav2_behavior_tree/plugins/action/back_up_cancel_node.hpp
[2.205s] -- Up-to-date symlink: /home/user/ros2_ws/install/nav2_behavior_tree/include//nav2_behavior_tree/plugins/action/clear_costmap_service.hpp
[2.205s] -- Up-to-date symlink: /home/user/ros2_ws/install/nav2_behavior_tree/include//nav2_behavior_tree/plugins/action/compute_path_through_poses_action.hpp
[2.205s] -- Up-to-date symlink: /home/user/ros2_ws/install/nav2_behavior_tree/include//nav2_behavior_tree/plugins/action/compute_path_to_pose_action.hpp
[2.205s] -- Up-to-date symlink: /home/user/ros2_ws/install/nav2_behavior_tree/include//nav2_behavior_tree/plugins/action/controller_cancel_node.hpp
[2.205s] -- Up-to-date symlink: /home/user/ros2_ws/install/nav2_behavior_tree/include//nav2_behavior_tree/plugins/action/controller_selector_node.hpp
[2.205s] -- Up-to-date symlink: /home/user/ros2_ws/install/nav2_behavior_tree/include//nav2_behavior_tree/plugins/action/drive_on_heading_action.hpp
[2.205s] -- Up-to-date symlink: /home/user/ros2_ws/install/nav2_behavior_tree/include//nav2_behavior_tree/plugins/action/drive_on_heading_cancel_node.hpp
[2.205s] -- Up-to-date symlink: /home/user/ros2_ws/install/nav2_behavior_tree/include//nav2_behavior_tree/plugins/action/follow_path_action.hpp
[2.205s] -- Up-to-date symlink: /home/user/ros2_ws/install/nav2_behavior_tree/include//nav2_behavior_tree/plugins/action/goal_checker_selector_node.hpp
[2.206s] -- Up-to-date symlink: /home/user/ros2_ws/install/nav2_behavior_tree/include//nav2_behavior_tree/plugins/action/navigate_through_poses_action.hpp
[2.206s] -- Up-to-date symlink: /home/user/ros2_ws/install/nav2_behavior_tree/include//nav2_behavior_tree/plugins/action/navigate_to_pose_action.hpp
[2.206s] -- Up-to-date symlink: /home/user/ros2_ws/install/nav2_behavior_tree/include//nav2_behavior_tree/plugins/action/planner_selector_node.hpp
[2.206s] -- Up-to-date symlink: /home/user/ros2_ws/install/nav2_behavior_tree/include//nav2_behavior_tree/plugins/action/reinitialize_global_localization_service.hpp
[2.206s] -- Up-to-date symlink: /home/user/ros2_ws/install/nav2_behavior_tree/include//nav2_behavior_tree/plugins/action/remove_passed_goals_action.hpp
[2.206s] -- Up-to-date symlink: /home/user/ros2_ws/install/nav2_behavior_tree/include//nav2_behavior_tree/plugins/action/smooth_path_action.hpp
[2.206s] -- Up-to-date symlink: /home/user/ros2_ws/install/nav2_behavior_tree/include//nav2_behavior_tree/plugins/action/smoother_selector_node.hpp
[2.206s] -- Up-to-date symlink: /home/user/ros2_ws/install/nav2_behavior_tree/include//nav2_behavior_tree/plugins/action/spin_action.hpp
[2.206s] -- Up-to-date symlink: /home/user/ros2_ws/install/nav2_behavior_tree/include//nav2_behavior_tree/plugins/action/spin_cancel_node.hpp
[2.206s] -- Up-to-date symlink: /home/user/ros2_ws/install/nav2_behavior_tree/include//nav2_behavior_tree/plugins/action/truncate_path_action.hpp
[2.206s] -- Up-to-date symlink: /home/user/ros2_ws/install/nav2_behavior_tree/include//nav2_behavior_tree/plugins/action/truncate_path_local_action.hpp
[2.206s] -- Up-to-date symlink: /home/user/ros2_ws/install/nav2_behavior_tree/include//nav2_behavior_tree/plugins/action/wait_action.hpp
[2.206s] -- Up-to-date symlink: /home/user/ros2_ws/install/nav2_behavior_tree/include//nav2_behavior_tree/plugins/action/wait_cancel_node.hpp
[2.206s] -- Up-to-date symlink: /home/user/ros2_ws/install/nav2_behavior_tree/include//nav2_behavior_tree/plugins/condition/distance_traveled_condition.hpp
[2.206s] -- Up-to-date symlink: /home/user/ros2_ws/install/nav2_behavior_tree/include//nav2_behavior_tree/plugins/condition/globally_updated_goal_condition.hpp
[2.206s] -- Up-to-date symlink: /home/user/ros2_ws/install/nav2_behavior_tree/include//nav2_behavior_tree/plugins/condition/goal_reached_condition.hpp
[2.206s] -- Up-to-date symlink: /home/user/ros2_ws/install/nav2_behavior_tree/include//nav2_behavior_tree/plugins/condition/goal_updated_condition.hpp
[2.206s] -- Up-to-date symlink: /home/user/ros2_ws/install/nav2_behavior_tree/include//nav2_behavior_tree/plugins/condition/initial_pose_received_condition.hpp
[2.206s] -- Up-to-date symlink: /home/user/ros2_ws/install/nav2_behavior_tree/include//nav2_behavior_tree/plugins/condition/is_battery_charging_condition.hpp
[2.206s] -- Up-to-date symlink: /home/user/ros2_ws/install/nav2_behavior_tree/include//nav2_behavior_tree/plugins/condition/is_battery_low_condition.hpp
[2.206s] -- Up-to-date symlink: /home/user/ros2_ws/install/nav2_behavior_tree/include//nav2_behavior_tree/plugins/condition/is_path_valid_condition.hpp
[2.206s] -- Up-to-date symlink: /home/user/ros2_ws/install/nav2_behavior_tree/include//nav2_behavior_tree/plugins/condition/is_stuck_condition.hpp
[2.207s] -- Up-to-date symlink: /home/user/ros2_ws/install/nav2_behavior_tree/include//nav2_behavior_tree/plugins/condition/path_expiring_timer_condition.hpp
[2.207s] -- Up-to-date symlink: /home/user/ros2_ws/install/nav2_behavior_tree/include//nav2_behavior_tree/plugins/condition/time_expired_condition.hpp
[2.207s] -- Up-to-date symlink: /home/user/ros2_ws/install/nav2_behavior_tree/include//nav2_behavior_tree/plugins/condition/transform_available_condition.hpp
[2.207s] -- Up-to-date symlink: /home/user/ros2_ws/install/nav2_behavior_tree/include//nav2_behavior_tree/plugins/control/pipeline_sequence.hpp
[2.207s] -- Up-to-date symlink: /home/user/ros2_ws/install/nav2_behavior_tree/include//nav2_behavior_tree/plugins/control/recovery_node.hpp
[2.207s] -- Up-to-date symlink: /home/user/ros2_ws/install/nav2_behavior_tree/include//nav2_behavior_tree/plugins/control/round_robin_node.hpp
[2.207s] -- Up-to-date symlink: /home/user/ros2_ws/install/nav2_behavior_tree/include//nav2_behavior_tree/plugins/decorator/distance_controller.hpp
[2.207s] -- Up-to-date symlink: /home/user/ros2_ws/install/nav2_behavior_tree/include//nav2_behavior_tree/plugins/decorator/goal_updated_controller.hpp
[2.207s] -- Up-to-date symlink: /home/user/ros2_ws/install/nav2_behavior_tree/include//nav2_behavior_tree/plugins/decorator/goal_updater_node.hpp
[2.207s] -- Up-to-date symlink: /home/user/ros2_ws/install/nav2_behavior_tree/include//nav2_behavior_tree/plugins/decorator/path_longer_on_approach.hpp
[2.207s] -- Up-to-date symlink: /home/user/ros2_ws/install/nav2_behavior_tree/include//nav2_behavior_tree/plugins/decorator/rate_controller.hpp
[2.207s] -- Up-to-date symlink: /home/user/ros2_ws/install/nav2_behavior_tree/include//nav2_behavior_tree/plugins/decorator/single_trigger_node.hpp
[2.207s] -- Up-to-date symlink: /home/user/ros2_ws/install/nav2_behavior_tree/include//nav2_behavior_tree/plugins/decorator/speed_controller.hpp
[2.207s] -- Up-to-date symlink: /home/user/ros2_ws/install/nav2_behavior_tree/include//nav2_behavior_tree/ros_topic_logger.hpp
[2.207s] -- Up-to-date symlink: /home/user/ros2_ws/install/nav2_behavior_tree/share/nav2_behavior_tree/nav2_tree_nodes.xml
[2.207s] -- Up-to-date symlink: /home/user/ros2_ws/install/nav2_behavior_tree/share/nav2_behavior_tree/environment/library_path.sh
[2.208s] -- Up-to-date symlink: /home/user/ros2_ws/install/nav2_behavior_tree/share/nav2_behavior_tree/environment/library_path.dsv
[2.208s] -- Up-to-date symlink: /home/user/ros2_ws/install/nav2_behavior_tree/share/ament_index/resource_index/package_run_dependencies/nav2_behavior_tree
[2.208s] -- Up-to-date symlink: /home/user/ros2_ws/install/nav2_behavior_tree/share/ament_index/resource_index/parent_prefix_path/nav2_behavior_tree
[2.208s] -- Up-to-date symlink: /home/user/ros2_ws/install/nav2_behavior_tree/share/nav2_behavior_tree/environment/ament_prefix_path.sh
[2.208s] -- Up-to-date symlink: /home/user/ros2_ws/install/nav2_behavior_tree/share/nav2_behavior_tree/environment/ament_prefix_path.dsv
[2.208s] -- Up-to-date symlink: /home/user/ros2_ws/install/nav2_behavior_tree/share/nav2_behavior_tree/environment/path.sh
[2.208s] -- Up-to-date symlink: /home/user/ros2_ws/install/nav2_behavior_tree/share/nav2_behavior_tree/environment/path.dsv
[2.208s] -- Up-to-date symlink: /home/user/ros2_ws/install/nav2_behavior_tree/share/nav2_behavior_tree/local_setup.bash
[2.208s] -- Up-to-date symlink: /home/user/ros2_ws/install/nav2_behavior_tree/share/nav2_behavior_tree/local_setup.sh
[2.208s] -- Up-to-date symlink: /home/user/ros2_ws/install/nav2_behavior_tree/share/nav2_behavior_tree/local_setup.zsh
[2.208s] -- Up-to-date symlink: /home/user/ros2_ws/install/nav2_behavior_tree/share/nav2_behavior_tree/local_setup.dsv
[2.208s] -- Symlinking: /home/user/ros2_ws/install/nav2_behavior_tree/share/nav2_behavior_tree/package.dsv
[2.215s] -- Up-to-date symlink: /home/user/ros2_ws/install/nav2_behavior_tree/share/ament_index/resource_index/packages/nav2_behavior_tree
[2.215s] -- Up-to-date symlink: /home/user/ros2_ws/install/nav2_behavior_tree/share/nav2_behavior_tree/cmake/ament_cmake_export_include_directories-extras.cmake
[2.215s] -- Up-to-date symlink: /home/user/ros2_ws/install/nav2_behavior_tree/share/nav2_behavior_tree/cmake/ament_cmake_export_libraries-extras.cmake
[2.215s] -- Up-to-date symlink: /home/user/ros2_ws/install/nav2_behavior_tree/share/nav2_behavior_tree/cmake/ament_cmake_export_dependencies-extras.cmake
[2.215s] -- Up-to-date symlink: /home/user/ros2_ws/install/nav2_behavior_tree/share/nav2_behavior_tree/cmake/nav2_behavior_treeConfig.cmake
[2.215s] -- Up-to-date symlink: /home/user/ros2_ws/install/nav2_behavior_tree/share/nav2_behavior_tree/cmake/nav2_behavior_treeConfig-version.cmake
[2.215s] -- Up-to-date symlink: /home/user/ros2_ws/install/nav2_behavior_tree/share/nav2_behavior_tree/package.xml
[2.217s] Invoked command in '/home/user/ros2_ws/build/nav2_behavior_tree' returned '0': AMENT_PREFIX_PATH=/home/user/ros2_ws/install/nav2_util:/home/user/ros2_ws/install/nav2_msgs:/home/user/ros2_ws/install/nav2_common:${AMENT_PREFIX_PATH} CMAKE_PREFIX_PATH=/home/user/ros2_ws/install/nav2_util:/home/user/ros2_ws/install/nav2_msgs:/home/user/ros2_ws/install/nav2_common:/home/user/ros2_ws/install/slam_toolbox:/home/user/ros2_ws/install/slam_gmapping:/home/user/ros2_ws/install/serial:/home/user/ros2_ws/install/imu_tools:/home/user/ros2_ws/install/rviz_imu_plugin:/home/user/ros2_ws/install/rtabmap_ros:/home/user/ros2_ws/install/rtabmap_launch:/home/user/ros2_ws/install/rtabmap_examples:/home/user/ros2_ws/install/rtabmap_demos:/home/user/ros2_ws/install/rtabmap_viz:/home/user/ros2_ws/install/rtabmap_slam:/home/user/ros2_ws/install/rtabmap_odom:/home/user/ros2_ws/install/rtabmap_util:/home/user/ros2_ws/install/rtabmap_sync:/home/user/ros2_ws/install/rtabmap_rviz_plugins:/home/user/ros2_ws/install/rtabmap_conversions:/home/user/ros2_ws/install/rtabmap_python:/opt/ros/humble:/home/user/ros2_ws/install/rtabmap_msgs:/home/user/ros2_ws/install/rtabmap:/home/user/ros2_ws/install/roboteq_ros2_driver:/home/user/ros2_ws/install/realsense2_description:/home/user/ros2_ws/install/realsense2_camera:/home/user/ros2_ws/install/realsense2_camera_msgs:/home/user/ros2_ws/install/openslam_gmapping:/home/user/ros2_ws/install/lslidar_driver:/home/user/ros2_ws/install/lslidar_msgs:/home/user/ros2_ws/install/imu_filter_madgwick:/home/user/ros2_ws/install/imu_complementary_filter:/home/user/ros2_ws/install/amr_bot LD_LIBRARY_PATH=/home/user/ros2_ws/install/nav2_util/lib:/home/user/ros2_ws/install/nav2_msgs/lib:${LD_LIBRARY_PATH} PYTHONPATH=/home/user/ros2_ws/install/nav2_msgs/local/lib/python3.10/dist-packages:/home/user/ros2_ws/install/nav2_common/local/lib/python3.10/dist-packages:${PYTHONPATH} /usr/bin/cmake --install /home/user/ros2_ws/build/nav2_behavior_tree
