[0.035s] Invoking command in '/home/user/ros2_ws/build/rtabmap_util': CMAKE_PREFIX_PATH=/home/user/ros2_ws/install/rtabmap_conversions:/home/user/ros2_ws/install/rtabmap_python:/opt/ros/humble:/home/user/ros2_ws/install/rtabmap_msgs:/home/user/ros2_ws/install/rtabmap:/home/user/ros2_ws/install/slam_gmapping:/home/user/ros2_ws/install/serial:/home/user/ros2_ws/install/rtabmap_ros:/home/user/ros2_ws/install/rtabmap_launch:/home/user/ros2_ws/install/rtabmap_examples:/home/user/ros2_ws/install/rtabmap_demos:/home/user/ros2_ws/install/rtabmap_viz:/home/user/ros2_ws/install/rtabmap_slam:/home/user/ros2_ws/install/rtabmap_odom:/home/user/ros2_ws/install/rtabmap_util:/home/user/ros2_ws/install/rtabmap_sync:/home/user/ros2_ws/install/rtabmap_rviz_plugins:/home/user/ros2_ws/install/roboteq_ros2_driver:/home/user/ros2_ws/install/realsense2_description:/home/user/ros2_ws/install/realsense2_camera:/home/user/ros2_ws/install/realsense2_camera_msgs:/home/user/ros2_ws/install/openslam_gmapping:/home/user/ros2_ws/install/lslidar_driver:/home/user/ros2_ws/install/lslidar_msgs:/home/user/ros2_ws/install/amr_bot LD_LIBRARY_PATH=/home/user/ros2_ws/install/rtabmap_conversions/lib:/home/user/ros2_ws/install/rtabmap_msgs/lib:/home/user/ros2_ws/install/rtabmap/lib:/home/user/ros2_ws/install/serial/lib:/home/user/ros2_ws/install/rtabmap_slam/lib:/home/user/ros2_ws/install/rtabmap_odom/lib:/home/user/ros2_ws/install/rtabmap_util/lib:/home/user/ros2_ws/install/rtabmap_sync/lib:/home/user/ros2_ws/install/rtabmap_rviz_plugins/lib:/home/user/ros2_ws/install/realsense2_camera/lib:/home/user/ros2_ws/install/realsense2_camera_msgs/lib:/home/user/ros2_ws/install/openslam_gmapping/lib:/home/user/ros2_ws/install/lslidar_msgs/lib:/usr/lib/x86_64-linux-gnu/gazebo-11/plugins:/opt/ros/humble/opt/rviz_ogre_vendor/lib:/opt/ros/humble/lib/x86_64-linux-gnu:/opt/ros/humble/lib PYTHONPATH=/home/user/ros2_ws/install/rtabmap_msgs/local/lib/python3.10/dist-packages:/home/user/ros2_ws/build/rtabmap_python:/home/user/ros2_ws/install/rtabmap_python/lib/python3.10/site-packages:/home/user/ros2_ws/install/realsense2_camera_msgs/local/lib/python3.10/dist-packages:/home/user/ros2_ws/install/lslidar_msgs/local/lib/python3.10/dist-packages:/opt/ros/humble/lib/python3.10/site-packages:/opt/ros/humble/local/lib/python3.10/dist-packages /usr/bin/cmake --build /home/user/ros2_ws/build/rtabmap_util
[0.111s] [ 37%] Built target rtabmap_util_plugins
[0.133s] [ 42%] Built target rtabmap_rgbd_relay
[0.155s] [ 48%] Built target rtabmap_rgbd_split
[0.176s] [ 54%] Built target rtabmap_imu_to_tf
[0.198s] [ 60%] Built target rtabmap_disparity_to_depth
[0.219s] [ 65%] Built target rtabmap_lidar_deskewing
[0.242s] [ 71%] Built target rtabmap_point_cloud_xyz
[0.264s] [ 77%] Built target rtabmap_point_cloud_xyzrgb
[0.282s] [ 82%] Built target rtabmap_pointcloud_to_depthimage
[0.306s] [ 88%] Built target rtabmap_obstacles_detection
[0.326s] [ 94%] Built target rtabmap_point_cloud_aggregator
[0.351s] [100%] Built target rtabmap_point_cloud_assembler
[0.359s] Invoked command in '/home/user/ros2_ws/build/rtabmap_util' returned '0': CMAKE_PREFIX_PATH=/home/user/ros2_ws/install/rtabmap_conversions:/home/user/ros2_ws/install/rtabmap_python:/opt/ros/humble:/home/user/ros2_ws/install/rtabmap_msgs:/home/user/ros2_ws/install/rtabmap:/home/user/ros2_ws/install/slam_gmapping:/home/user/ros2_ws/install/serial:/home/user/ros2_ws/install/rtabmap_ros:/home/user/ros2_ws/install/rtabmap_launch:/home/user/ros2_ws/install/rtabmap_examples:/home/user/ros2_ws/install/rtabmap_demos:/home/user/ros2_ws/install/rtabmap_viz:/home/user/ros2_ws/install/rtabmap_slam:/home/user/ros2_ws/install/rtabmap_odom:/home/user/ros2_ws/install/rtabmap_util:/home/user/ros2_ws/install/rtabmap_sync:/home/user/ros2_ws/install/rtabmap_rviz_plugins:/home/user/ros2_ws/install/roboteq_ros2_driver:/home/user/ros2_ws/install/realsense2_description:/home/user/ros2_ws/install/realsense2_camera:/home/user/ros2_ws/install/realsense2_camera_msgs:/home/user/ros2_ws/install/openslam_gmapping:/home/user/ros2_ws/install/lslidar_driver:/home/user/ros2_ws/install/lslidar_msgs:/home/user/ros2_ws/install/amr_bot LD_LIBRARY_PATH=/home/user/ros2_ws/install/rtabmap_conversions/lib:/home/user/ros2_ws/install/rtabmap_msgs/lib:/home/user/ros2_ws/install/rtabmap/lib:/home/user/ros2_ws/install/serial/lib:/home/user/ros2_ws/install/rtabmap_slam/lib:/home/user/ros2_ws/install/rtabmap_odom/lib:/home/user/ros2_ws/install/rtabmap_util/lib:/home/user/ros2_ws/install/rtabmap_sync/lib:/home/user/ros2_ws/install/rtabmap_rviz_plugins/lib:/home/user/ros2_ws/install/realsense2_camera/lib:/home/user/ros2_ws/install/realsense2_camera_msgs/lib:/home/user/ros2_ws/install/openslam_gmapping/lib:/home/user/ros2_ws/install/lslidar_msgs/lib:/usr/lib/x86_64-linux-gnu/gazebo-11/plugins:/opt/ros/humble/opt/rviz_ogre_vendor/lib:/opt/ros/humble/lib/x86_64-linux-gnu:/opt/ros/humble/lib PYTHONPATH=/home/user/ros2_ws/install/rtabmap_msgs/local/lib/python3.10/dist-packages:/home/user/ros2_ws/build/rtabmap_python:/home/user/ros2_ws/install/rtabmap_python/lib/python3.10/site-packages:/home/user/ros2_ws/install/realsense2_camera_msgs/local/lib/python3.10/dist-packages:/home/user/ros2_ws/install/lslidar_msgs/local/lib/python3.10/dist-packages:/opt/ros/humble/lib/python3.10/site-packages:/opt/ros/humble/local/lib/python3.10/dist-packages /usr/bin/cmake --build /home/user/ros2_ws/build/rtabmap_util
[0.421s] Invoking command in '/home/user/ros2_ws/build/rtabmap_util': CMAKE_PREFIX_PATH=/home/user/ros2_ws/install/rtabmap_conversions:/home/user/ros2_ws/install/rtabmap_python:/opt/ros/humble:/home/user/ros2_ws/install/rtabmap_msgs:/home/user/ros2_ws/install/rtabmap:/home/user/ros2_ws/install/slam_gmapping:/home/user/ros2_ws/install/serial:/home/user/ros2_ws/install/rtabmap_ros:/home/user/ros2_ws/install/rtabmap_launch:/home/user/ros2_ws/install/rtabmap_examples:/home/user/ros2_ws/install/rtabmap_demos:/home/user/ros2_ws/install/rtabmap_viz:/home/user/ros2_ws/install/rtabmap_slam:/home/user/ros2_ws/install/rtabmap_odom:/home/user/ros2_ws/install/rtabmap_util:/home/user/ros2_ws/install/rtabmap_sync:/home/user/ros2_ws/install/rtabmap_rviz_plugins:/home/user/ros2_ws/install/roboteq_ros2_driver:/home/user/ros2_ws/install/realsense2_description:/home/user/ros2_ws/install/realsense2_camera:/home/user/ros2_ws/install/realsense2_camera_msgs:/home/user/ros2_ws/install/openslam_gmapping:/home/user/ros2_ws/install/lslidar_driver:/home/user/ros2_ws/install/lslidar_msgs:/home/user/ros2_ws/install/amr_bot LD_LIBRARY_PATH=/home/user/ros2_ws/install/rtabmap_conversions/lib:/home/user/ros2_ws/install/rtabmap_msgs/lib:/home/user/ros2_ws/install/rtabmap/lib:/home/user/ros2_ws/install/serial/lib:/home/user/ros2_ws/install/rtabmap_slam/lib:/home/user/ros2_ws/install/rtabmap_odom/lib:/home/user/ros2_ws/install/rtabmap_util/lib:/home/user/ros2_ws/install/rtabmap_sync/lib:/home/user/ros2_ws/install/rtabmap_rviz_plugins/lib:/home/user/ros2_ws/install/realsense2_camera/lib:/home/user/ros2_ws/install/realsense2_camera_msgs/lib:/home/user/ros2_ws/install/openslam_gmapping/lib:/home/user/ros2_ws/install/lslidar_msgs/lib:/usr/lib/x86_64-linux-gnu/gazebo-11/plugins:/opt/ros/humble/opt/rviz_ogre_vendor/lib:/opt/ros/humble/lib/x86_64-linux-gnu:/opt/ros/humble/lib PYTHONPATH=/home/user/ros2_ws/install/rtabmap_msgs/local/lib/python3.10/dist-packages:/home/user/ros2_ws/build/rtabmap_python:/home/user/ros2_ws/install/rtabmap_python/lib/python3.10/site-packages:/home/user/ros2_ws/install/realsense2_camera_msgs/local/lib/python3.10/dist-packages:/home/user/ros2_ws/install/lslidar_msgs/local/lib/python3.10/dist-packages:/opt/ros/humble/lib/python3.10/site-packages:/opt/ros/humble/local/lib/python3.10/dist-packages /usr/bin/cmake --install /home/user/ros2_ws/build/rtabmap_util
[0.427s] -- Install configuration: "Release"
[0.428s] -- Execute custom install script
[0.429s] -- Up-to-date symlink: /home/user/ros2_ws/install/rtabmap_util/share/rtabmap_util/environment/library_path.sh
[0.429s] -- Up-to-date symlink: /home/user/ros2_ws/install/rtabmap_util/share/rtabmap_util/environment/library_path.dsv
[0.429s] -- Up-to-date symlink: /home/user/ros2_ws/install/rtabmap_util/lib/rtabmap_util/transform_to_tf.py
[0.429s] -- Up-to-date symlink: /home/user/ros2_ws/install/rtabmap_util/lib/rtabmap_util/yaml_to_camera_info.py
[0.429s] -- Up-to-date symlink: /home/user/ros2_ws/install/rtabmap_util/lib/rtabmap_util/republish_tf_static.py
[0.429s] -- Up-to-date symlink: /home/user/ros2_ws/install/rtabmap_util/lib/rtabmap_util/imu_to_tf
[0.429s] -- Up-to-date symlink: /home/user/ros2_ws/install/rtabmap_util/lib/rtabmap_util/disparity_to_depth
[0.429s] -- Up-to-date symlink: /home/user/ros2_ws/install/rtabmap_util/lib/rtabmap_util/rgbd_relay
[0.429s] -- Up-to-date symlink: /home/user/ros2_ws/install/rtabmap_util/lib/rtabmap_util/rgbd_split
[0.429s] -- Up-to-date symlink: /home/user/ros2_ws/install/rtabmap_util/lib/rtabmap_util/lidar_deskewing
[0.429s] -- Up-to-date symlink: /home/user/ros2_ws/install/rtabmap_util/lib/rtabmap_util/point_cloud_xyz
[0.429s] -- Up-to-date symlink: /home/user/ros2_ws/install/rtabmap_util/lib/rtabmap_util/point_cloud_xyzrgb
[0.430s] -- Up-to-date symlink: /home/user/ros2_ws/install/rtabmap_util/lib/rtabmap_util/pointcloud_to_depthimage
[0.430s] -- Up-to-date symlink: /home/user/ros2_ws/install/rtabmap_util/lib/rtabmap_util/obstacles_detection
[0.430s] -- Up-to-date symlink: /home/user/ros2_ws/install/rtabmap_util/lib/rtabmap_util/point_cloud_aggregator
[0.430s] -- Up-to-date symlink: /home/user/ros2_ws/install/rtabmap_util/lib/rtabmap_util/point_cloud_assembler
[0.430s] -- Up-to-date symlink: /home/user/ros2_ws/install/rtabmap_util/share/ament_index/resource_index/package_run_dependencies/rtabmap_util
[0.430s] -- Up-to-date symlink: /home/user/ros2_ws/install/rtabmap_util/share/ament_index/resource_index/parent_prefix_path/rtabmap_util
[0.430s] -- Up-to-date symlink: /home/user/ros2_ws/install/rtabmap_util/share/rtabmap_util/environment/ament_prefix_path.sh
[0.430s] -- Up-to-date symlink: /home/user/ros2_ws/install/rtabmap_util/share/rtabmap_util/environment/ament_prefix_path.dsv
[0.430s] -- Up-to-date symlink: /home/user/ros2_ws/install/rtabmap_util/share/rtabmap_util/environment/path.sh
[0.430s] -- Up-to-date symlink: /home/user/ros2_ws/install/rtabmap_util/share/rtabmap_util/environment/path.dsv
[0.430s] -- Up-to-date symlink: /home/user/ros2_ws/install/rtabmap_util/share/rtabmap_util/local_setup.bash
[0.430s] -- Up-to-date symlink: /home/user/ros2_ws/install/rtabmap_util/share/rtabmap_util/local_setup.sh
[0.430s] -- Up-to-date symlink: /home/user/ros2_ws/install/rtabmap_util/share/rtabmap_util/local_setup.zsh
[0.430s] -- Up-to-date symlink: /home/user/ros2_ws/install/rtabmap_util/share/rtabmap_util/local_setup.dsv
[0.430s] -- Symlinking: /home/user/ros2_ws/install/rtabmap_util/share/rtabmap_util/package.dsv
[0.436s] -- Up-to-date symlink: /home/user/ros2_ws/install/rtabmap_util/share/ament_index/resource_index/packages/rtabmap_util
[0.437s] -- Up-to-date symlink: /home/user/ros2_ws/install/rtabmap_util/share/ament_index/resource_index/rclcpp_components/rtabmap_util
[0.437s] -- Up-to-date symlink: /home/user/ros2_ws/install/rtabmap_util/share/rtabmap_util/cmake/ament_cmake_export_dependencies-extras.cmake
[0.437s] -- Up-to-date symlink: /home/user/ros2_ws/install/rtabmap_util/share/rtabmap_util/cmake/ament_cmake_export_include_directories-extras.cmake
[0.437s] -- Up-to-date symlink: /home/user/ros2_ws/install/rtabmap_util/share/rtabmap_util/cmake/ament_cmake_export_targets-extras.cmake
[0.437s] -- Up-to-date symlink: /home/user/ros2_ws/install/rtabmap_util/share/rtabmap_util/cmake/ament_cmake_export_libraries-extras.cmake
[0.437s] -- Up-to-date symlink: /home/user/ros2_ws/install/rtabmap_util/share/rtabmap_util/cmake/rtabmap_utilConfig.cmake
[0.437s] -- Up-to-date symlink: /home/user/ros2_ws/install/rtabmap_util/share/rtabmap_util/cmake/rtabmap_utilConfig-version.cmake
[0.437s] -- Up-to-date symlink: /home/user/ros2_ws/install/rtabmap_util/share/rtabmap_util/package.xml
[0.438s] -- Up-to-date: /home/user/ros2_ws/install/rtabmap_util/lib/librtabmap_util_plugins.so
[0.438s] -- Up-to-date: /home/user/ros2_ws/install/rtabmap_util/include
[0.439s] -- Up-to-date: /home/user/ros2_ws/install/rtabmap_util/include/rtabmap_util
[0.439s] -- Up-to-date: /home/user/ros2_ws/install/rtabmap_util/include/rtabmap_util/ULogToRosout.h
[0.439s] -- Up-to-date: /home/user/ros2_ws/install/rtabmap_util/include/rtabmap_util/MapsManager.h
[0.439s] -- Up-to-date: /home/user/ros2_ws/install/rtabmap_util/include/rtabmap_util/visibility.h
[0.439s] -- Up-to-date: /home/user/ros2_ws/install/rtabmap_util/share/rtabmap_util/cmake/rtabmap_utilExport.cmake
[0.439s] -- Up-to-date: /home/user/ros2_ws/install/rtabmap_util/share/rtabmap_util/cmake/rtabmap_utilExport-release.cmake
[0.441s] Invoked command in '/home/user/ros2_ws/build/rtabmap_util' returned '0': CMAKE_PREFIX_PATH=/home/user/ros2_ws/install/rtabmap_conversions:/home/user/ros2_ws/install/rtabmap_python:/opt/ros/humble:/home/user/ros2_ws/install/rtabmap_msgs:/home/user/ros2_ws/install/rtabmap:/home/user/ros2_ws/install/slam_gmapping:/home/user/ros2_ws/install/serial:/home/user/ros2_ws/install/rtabmap_ros:/home/user/ros2_ws/install/rtabmap_launch:/home/user/ros2_ws/install/rtabmap_examples:/home/user/ros2_ws/install/rtabmap_demos:/home/user/ros2_ws/install/rtabmap_viz:/home/user/ros2_ws/install/rtabmap_slam:/home/user/ros2_ws/install/rtabmap_odom:/home/user/ros2_ws/install/rtabmap_util:/home/user/ros2_ws/install/rtabmap_sync:/home/user/ros2_ws/install/rtabmap_rviz_plugins:/home/user/ros2_ws/install/roboteq_ros2_driver:/home/user/ros2_ws/install/realsense2_description:/home/user/ros2_ws/install/realsense2_camera:/home/user/ros2_ws/install/realsense2_camera_msgs:/home/user/ros2_ws/install/openslam_gmapping:/home/user/ros2_ws/install/lslidar_driver:/home/user/ros2_ws/install/lslidar_msgs:/home/user/ros2_ws/install/amr_bot LD_LIBRARY_PATH=/home/user/ros2_ws/install/rtabmap_conversions/lib:/home/user/ros2_ws/install/rtabmap_msgs/lib:/home/user/ros2_ws/install/rtabmap/lib:/home/user/ros2_ws/install/serial/lib:/home/user/ros2_ws/install/rtabmap_slam/lib:/home/user/ros2_ws/install/rtabmap_odom/lib:/home/user/ros2_ws/install/rtabmap_util/lib:/home/user/ros2_ws/install/rtabmap_sync/lib:/home/user/ros2_ws/install/rtabmap_rviz_plugins/lib:/home/user/ros2_ws/install/realsense2_camera/lib:/home/user/ros2_ws/install/realsense2_camera_msgs/lib:/home/user/ros2_ws/install/openslam_gmapping/lib:/home/user/ros2_ws/install/lslidar_msgs/lib:/usr/lib/x86_64-linux-gnu/gazebo-11/plugins:/opt/ros/humble/opt/rviz_ogre_vendor/lib:/opt/ros/humble/lib/x86_64-linux-gnu:/opt/ros/humble/lib PYTHONPATH=/home/user/ros2_ws/install/rtabmap_msgs/local/lib/python3.10/dist-packages:/home/user/ros2_ws/build/rtabmap_python:/home/user/ros2_ws/install/rtabmap_python/lib/python3.10/site-packages:/home/user/ros2_ws/install/realsense2_camera_msgs/local/lib/python3.10/dist-packages:/home/user/ros2_ws/install/lslidar_msgs/local/lib/python3.10/dist-packages:/opt/ros/humble/lib/python3.10/site-packages:/opt/ros/humble/local/lib/python3.10/dist-packages /usr/bin/cmake --install /home/user/ros2_ws/build/rtabmap_util
