[0.040s] Invoking command in '/home/user/ros2_ws/build/nav2_amcl': AMENT_PREFIX_PATH=/home/user/ros2_ws/install/nav2_util:/home/user/ros2_ws/install/nav2_msgs:/home/user/ros2_ws/install/nav2_common:${AMENT_PREFIX_PATH} CMAKE_PREFIX_PATH=/home/user/ros2_ws/install/nav2_util:/home/user/ros2_ws/install/nav2_msgs:/home/user/ros2_ws/install/nav2_common:/home/user/ros2_ws/install/slam_toolbox:/home/user/ros2_ws/install/slam_gmapping:/home/user/ros2_ws/install/serial:/home/user/ros2_ws/install/imu_tools:/home/user/ros2_ws/install/rviz_imu_plugin:/home/user/ros2_ws/install/rtabmap_ros:/home/user/ros2_ws/install/rtabmap_launch:/home/user/ros2_ws/install/rtabmap_examples:/home/user/ros2_ws/install/rtabmap_demos:/home/user/ros2_ws/install/rtabmap_viz:/home/user/ros2_ws/install/rtabmap_slam:/home/user/ros2_ws/install/rtabmap_odom:/home/user/ros2_ws/install/rtabmap_util:/home/user/ros2_ws/install/rtabmap_sync:/home/user/ros2_ws/install/rtabmap_rviz_plugins:/home/user/ros2_ws/install/rtabmap_conversions:/home/user/ros2_ws/install/rtabmap_python:/opt/ros/humble:/home/user/ros2_ws/install/rtabmap_msgs:/home/user/ros2_ws/install/rtabmap:/home/user/ros2_ws/install/roboteq_ros2_driver:/home/user/ros2_ws/install/realsense2_description:/home/user/ros2_ws/install/realsense2_camera:/home/user/ros2_ws/install/realsense2_camera_msgs:/home/user/ros2_ws/install/openslam_gmapping:/home/user/ros2_ws/install/lslidar_driver:/home/user/ros2_ws/install/lslidar_msgs:/home/user/ros2_ws/install/imu_filter_madgwick:/home/user/ros2_ws/install/imu_complementary_filter:/home/user/ros2_ws/install/amr_bot LD_LIBRARY_PATH=/home/user/ros2_ws/install/nav2_util/lib:/home/user/ros2_ws/install/nav2_msgs/lib:${LD_LIBRARY_PATH} PYTHONPATH=/home/user/ros2_ws/install/nav2_msgs/local/lib/python3.10/dist-packages:/home/user/ros2_ws/install/nav2_common/local/lib/python3.10/dist-packages:${PYTHONPATH} /usr/bin/cmake /home/user/ros2_ws/src/navigation2/nav2_amcl -DAMENT_CMAKE_SYMLINK_INSTALL=1 -DCMAKE_INSTALL_PREFIX=/home/user/ros2_ws/install/nav2_amcl
[0.077s] -- The C compiler identification is GNU 11.4.0
[0.114s] -- The CXX compiler identification is GNU 11.4.0
[0.119s] -- Detecting C compiler ABI info
[0.172s] -- Detecting C compiler ABI info - done
[0.176s] -- Check for working C compiler: /usr/bin/cc - skipped
[0.177s] -- Detecting C compile features
[0.177s] -- Detecting C compile features - done
[0.179s] -- Detecting CXX compiler ABI info
[0.235s] -- Detecting CXX compiler ABI info - done
[0.240s] -- Check for working CXX compiler: /usr/bin/c++ - skipped
[0.240s] -- Detecting CXX compile features
[0.241s] -- Detecting CXX compile features - done
[0.243s] -- Found ament_cmake: 1.3.7 (/opt/ros/humble/share/ament_cmake/cmake)
[0.359s] -- Found Python3: /usr/bin/python3.10 (found version "3.10.12") found components: Interpreter 
[0.398s] -- Override CMake install command with custom implementation using symlinks instead of copying resources
[0.422s] -- Found nav2_common: 1.1.13 (/home/user/ros2_ws/install/nav2_common/share/nav2_common/cmake)
[0.424s] -- Found rclcpp: 16.0.8 (/opt/ros/humble/share/rclcpp/cmake)
[0.455s] -- Found rosidl_generator_c: 3.1.5 (/opt/ros/humble/share/rosidl_generator_c/cmake)
[0.459s] -- Found rosidl_adapter: 3.1.5 (/opt/ros/humble/share/rosidl_adapter/cmake)
[0.465s] -- Found rosidl_generator_cpp: 3.1.5 (/opt/ros/humble/share/rosidl_generator_cpp/cmake)
[0.475s] -- Using all available rosidl_typesupport_c: rosidl_typesupport_fastrtps_c;rosidl_typesupport_introspection_c
[0.488s] -- Using all available rosidl_typesupport_cpp: rosidl_typesupport_fastrtps_cpp;rosidl_typesupport_introspection_cpp
[0.534s] -- Found rmw_implementation_cmake: 6.1.1 (/opt/ros/humble/share/rmw_implementation_cmake/cmake)
[0.536s] -- Found rmw_fastrtps_cpp: 6.2.6 (/opt/ros/humble/share/rmw_fastrtps_cpp/cmake)
[0.603s] -- Found OpenSSL: /usr/lib/x86_64-linux-gnu/libcrypto.so (found version "3.0.2")  
[0.623s] -- Found FastRTPS: /opt/ros/humble/include  
[0.656s] -- Using RMW implementation 'rmw_fastrtps_cpp' as default
[0.664s] -- Looking for pthread.h
[0.717s] -- Looking for pthread.h - found
[0.718s] -- Performing Test CMAKE_HAVE_LIBC_PTHREAD
[0.771s] -- Performing Test CMAKE_HAVE_LIBC_PTHREAD - Success
[0.772s] -- Found Threads: TRUE  
[0.865s] -- Found rclcpp_lifecycle: 16.0.8 (/opt/ros/humble/share/rclcpp_lifecycle/cmake)
[0.895s] -- Found rclcpp_components: 16.0.8 (/opt/ros/humble/share/rclcpp_components/cmake)
[0.941s] -- Found message_filters: 4.3.3 (/opt/ros/humble/share/message_filters/cmake)
[0.945s] -- Found tf2_geometry_msgs: 0.25.5 (/opt/ros/humble/share/tf2_geometry_msgs/cmake)
[0.986s] -- Found eigen3_cmake_module: 0.1.1 (/opt/ros/humble/share/eigen3_cmake_module/cmake)
[0.987s] -- Found Eigen3: TRUE (found version "3.4.0") 
[0.987s] -- Ensuring Eigen3 include directory is part of orocos-kdl CMake target
[1.152s] -- Found nav_msgs: 4.2.3 (/opt/ros/humble/share/nav_msgs/cmake)
[1.212s] -- Found sensor_msgs: 4.2.3 (/opt/ros/humble/share/sensor_msgs/cmake)
[1.269s] -- Found std_srvs: 4.2.3 (/opt/ros/humble/share/std_srvs/cmake)
[1.278s] -- Found nav2_util: 1.1.13 (/home/user/ros2_ws/install/nav2_util/share/nav2_util/cmake)
[1.537s] -- Found pluginlib: 5.1.0 (/opt/ros/humble/share/pluginlib/cmake)
[1.550s] -- Setting build type to Release as none was specified.
[1.551s] -- Looking for drand48
[1.603s] -- Looking for drand48 - found
[3.079s] -- Found ament_lint_auto: 0.12.10 (/opt/ros/humble/share/ament_lint_auto/cmake)
[3.138s] -- Added test 'cppcheck' to perform static code analysis on C / C++ code
[3.138s] -- Configured cppcheck include dirs: /home/user/ros2_ws/src/navigation2/nav2_amcl/include;/home/user/ros2_ws/src/navigation2/nav2_amcl/src/include
[3.138s] -- Configured cppcheck exclude dirs and/or files: 
[3.139s] -- Added test 'lint_cmake' to check CMake code style
[3.140s] -- Added test 'uncrustify' to check C / C++ code style
[3.140s] -- Configured uncrustify additional arguments: 
[3.140s] -- Added test 'xmllint' to check XML markup files
[3.143s] -- Configuring done
[3.186s] -- Generating done
[3.187s] -- Build files have been written to: /home/user/ros2_ws/build/nav2_amcl
[3.201s] Invoked command in '/home/user/ros2_ws/build/nav2_amcl' returned '0': AMENT_PREFIX_PATH=/home/user/ros2_ws/install/nav2_util:/home/user/ros2_ws/install/nav2_msgs:/home/user/ros2_ws/install/nav2_common:${AMENT_PREFIX_PATH} CMAKE_PREFIX_PATH=/home/user/ros2_ws/install/nav2_util:/home/user/ros2_ws/install/nav2_msgs:/home/user/ros2_ws/install/nav2_common:/home/user/ros2_ws/install/slam_toolbox:/home/user/ros2_ws/install/slam_gmapping:/home/user/ros2_ws/install/serial:/home/user/ros2_ws/install/imu_tools:/home/user/ros2_ws/install/rviz_imu_plugin:/home/user/ros2_ws/install/rtabmap_ros:/home/user/ros2_ws/install/rtabmap_launch:/home/user/ros2_ws/install/rtabmap_examples:/home/user/ros2_ws/install/rtabmap_demos:/home/user/ros2_ws/install/rtabmap_viz:/home/user/ros2_ws/install/rtabmap_slam:/home/user/ros2_ws/install/rtabmap_odom:/home/user/ros2_ws/install/rtabmap_util:/home/user/ros2_ws/install/rtabmap_sync:/home/user/ros2_ws/install/rtabmap_rviz_plugins:/home/user/ros2_ws/install/rtabmap_conversions:/home/user/ros2_ws/install/rtabmap_python:/opt/ros/humble:/home/user/ros2_ws/install/rtabmap_msgs:/home/user/ros2_ws/install/rtabmap:/home/user/ros2_ws/install/roboteq_ros2_driver:/home/user/ros2_ws/install/realsense2_description:/home/user/ros2_ws/install/realsense2_camera:/home/user/ros2_ws/install/realsense2_camera_msgs:/home/user/ros2_ws/install/openslam_gmapping:/home/user/ros2_ws/install/lslidar_driver:/home/user/ros2_ws/install/lslidar_msgs:/home/user/ros2_ws/install/imu_filter_madgwick:/home/user/ros2_ws/install/imu_complementary_filter:/home/user/ros2_ws/install/amr_bot LD_LIBRARY_PATH=/home/user/ros2_ws/install/nav2_util/lib:/home/user/ros2_ws/install/nav2_msgs/lib:${LD_LIBRARY_PATH} PYTHONPATH=/home/user/ros2_ws/install/nav2_msgs/local/lib/python3.10/dist-packages:/home/user/ros2_ws/install/nav2_common/local/lib/python3.10/dist-packages:${PYTHONPATH} /usr/bin/cmake /home/user/ros2_ws/src/navigation2/nav2_amcl -DAMENT_CMAKE_SYMLINK_INSTALL=1 -DCMAKE_INSTALL_PREFIX=/home/user/ros2_ws/install/nav2_amcl
[3.202s] Invoking command in '/home/user/ros2_ws/build/nav2_amcl': AMENT_PREFIX_PATH=/home/user/ros2_ws/install/nav2_util:/home/user/ros2_ws/install/nav2_msgs:/home/user/ros2_ws/install/nav2_common:${AMENT_PREFIX_PATH} CMAKE_PREFIX_PATH=/home/user/ros2_ws/install/nav2_util:/home/user/ros2_ws/install/nav2_msgs:/home/user/ros2_ws/install/nav2_common:/home/user/ros2_ws/install/slam_toolbox:/home/user/ros2_ws/install/slam_gmapping:/home/user/ros2_ws/install/serial:/home/user/ros2_ws/install/imu_tools:/home/user/ros2_ws/install/rviz_imu_plugin:/home/user/ros2_ws/install/rtabmap_ros:/home/user/ros2_ws/install/rtabmap_launch:/home/user/ros2_ws/install/rtabmap_examples:/home/user/ros2_ws/install/rtabmap_demos:/home/user/ros2_ws/install/rtabmap_viz:/home/user/ros2_ws/install/rtabmap_slam:/home/user/ros2_ws/install/rtabmap_odom:/home/user/ros2_ws/install/rtabmap_util:/home/user/ros2_ws/install/rtabmap_sync:/home/user/ros2_ws/install/rtabmap_rviz_plugins:/home/user/ros2_ws/install/rtabmap_conversions:/home/user/ros2_ws/install/rtabmap_python:/opt/ros/humble:/home/user/ros2_ws/install/rtabmap_msgs:/home/user/ros2_ws/install/rtabmap:/home/user/ros2_ws/install/roboteq_ros2_driver:/home/user/ros2_ws/install/realsense2_description:/home/user/ros2_ws/install/realsense2_camera:/home/user/ros2_ws/install/realsense2_camera_msgs:/home/user/ros2_ws/install/openslam_gmapping:/home/user/ros2_ws/install/lslidar_driver:/home/user/ros2_ws/install/lslidar_msgs:/home/user/ros2_ws/install/imu_filter_madgwick:/home/user/ros2_ws/install/imu_complementary_filter:/home/user/ros2_ws/install/amr_bot LD_LIBRARY_PATH=/home/user/ros2_ws/install/nav2_util/lib:/home/user/ros2_ws/install/nav2_msgs/lib:${LD_LIBRARY_PATH} PYTHONPATH=/home/user/ros2_ws/install/nav2_msgs/local/lib/python3.10/dist-packages:/home/user/ros2_ws/install/nav2_common/local/lib/python3.10/dist-packages:${PYTHONPATH} /usr/bin/cmake --build /home/user/ros2_ws/build/nav2_amcl
[3.236s] [  4%] [32mBuilding C object src/map/CMakeFiles/map_lib.dir/map.c.o[0m
[3.266s] [  8%] [32mBuilding C object src/map/CMakeFiles/map_lib.dir/map_range.c.o[0m
[3.320s] [ 12%] [32mBuilding C object src/map/CMakeFiles/map_lib.dir/map_draw.c.o[0m
[3.337s] [ 16%] [32mBuilding CXX object src/map/CMakeFiles/map_lib.dir/map_cspace.cpp.o[0m
[3.526s] [ 20%] [32m[1mLinking CXX shared library libmap_lib.so[0m
[3.577s] [ 20%] Built target map_lib
[3.592s] [ 25%] [32mBuilding C object src/pf/CMakeFiles/pf_lib.dir/pf.c.o[0m
[3.690s] [ 29%] [32mBuilding C object src/pf/CMakeFiles/pf_lib.dir/pf_kdtree.c.o[0m
[3.766s] [ 33%] [32mBuilding C object src/pf/CMakeFiles/pf_lib.dir/pf_pdf.c.o[0m
[3.807s] [ 37%] [32mBuilding C object src/pf/CMakeFiles/pf_lib.dir/pf_vector.c.o[0m
[3.842s] [ 41%] [32mBuilding C object src/pf/CMakeFiles/pf_lib.dir/eig3.c.o[0m
[3.927s] [ 45%] [32mBuilding C object src/pf/CMakeFiles/pf_lib.dir/pf_draw.c.o[0m
[3.942s] [ 50%] [32m[1mLinking C shared library libpf_lib.so[0m
[3.967s] [ 50%] Built target pf_lib
[3.983s] [ 54%] [32mBuilding CXX object src/sensors/CMakeFiles/sensors_lib.dir/laser/laser.cpp.o[0m
[4.153s] [ 58%] [32mBuilding CXX object src/sensors/CMakeFiles/sensors_lib.dir/laser/beam_model.cpp.o[0m
[4.321s] [ 62%] [32mBuilding CXX object src/sensors/CMakeFiles/sensors_lib.dir/laser/likelihood_field_model.cpp.o[0m
[4.497s] [ 66%] [32mBuilding CXX object src/sensors/CMakeFiles/sensors_lib.dir/laser/likelihood_field_model_prob.cpp.o[0m
[4.684s] [ 70%] [32m[1mLinking CXX shared library libsensors_lib.so[0m
[4.737s] [ 70%] Built target sensors_lib
[4.753s] [ 75%] [32mBuilding CXX object CMakeFiles/amcl_core.dir/src/amcl_node.cpp.o[0m
[23.108s] [ 79%] [32m[1mLinking CXX shared library libamcl_core.so[0m
[23.341s] [ 79%] Built target amcl_core
[23.356s] [ 83%] [32mBuilding CXX object CMakeFiles/amcl.dir/src/main.cpp.o[0m
[26.169s] [ 87%] [32m[1mLinking CXX executable amcl[0m
[26.349s] [ 87%] Built target amcl
[26.364s] [ 91%] [32mBuilding CXX object src/motion_model/CMakeFiles/motions_lib.dir/omni_motion_model.cpp.o[0m
[26.782s] [ 95%] [32mBuilding CXX object src/motion_model/CMakeFiles/motions_lib.dir/differential_motion_model.cpp.o[0m
[27.216s] [100%] [32m[1mLinking CXX shared library libmotions_lib.so[0m
[27.341s] [100%] Built target motions_lib
[27.350s] Invoked command in '/home/user/ros2_ws/build/nav2_amcl' returned '0': AMENT_PREFIX_PATH=/home/user/ros2_ws/install/nav2_util:/home/user/ros2_ws/install/nav2_msgs:/home/user/ros2_ws/install/nav2_common:${AMENT_PREFIX_PATH} CMAKE_PREFIX_PATH=/home/user/ros2_ws/install/nav2_util:/home/user/ros2_ws/install/nav2_msgs:/home/user/ros2_ws/install/nav2_common:/home/user/ros2_ws/install/slam_toolbox:/home/user/ros2_ws/install/slam_gmapping:/home/user/ros2_ws/install/serial:/home/user/ros2_ws/install/imu_tools:/home/user/ros2_ws/install/rviz_imu_plugin:/home/user/ros2_ws/install/rtabmap_ros:/home/user/ros2_ws/install/rtabmap_launch:/home/user/ros2_ws/install/rtabmap_examples:/home/user/ros2_ws/install/rtabmap_demos:/home/user/ros2_ws/install/rtabmap_viz:/home/user/ros2_ws/install/rtabmap_slam:/home/user/ros2_ws/install/rtabmap_odom:/home/user/ros2_ws/install/rtabmap_util:/home/user/ros2_ws/install/rtabmap_sync:/home/user/ros2_ws/install/rtabmap_rviz_plugins:/home/user/ros2_ws/install/rtabmap_conversions:/home/user/ros2_ws/install/rtabmap_python:/opt/ros/humble:/home/user/ros2_ws/install/rtabmap_msgs:/home/user/ros2_ws/install/rtabmap:/home/user/ros2_ws/install/roboteq_ros2_driver:/home/user/ros2_ws/install/realsense2_description:/home/user/ros2_ws/install/realsense2_camera:/home/user/ros2_ws/install/realsense2_camera_msgs:/home/user/ros2_ws/install/openslam_gmapping:/home/user/ros2_ws/install/lslidar_driver:/home/user/ros2_ws/install/lslidar_msgs:/home/user/ros2_ws/install/imu_filter_madgwick:/home/user/ros2_ws/install/imu_complementary_filter:/home/user/ros2_ws/install/amr_bot LD_LIBRARY_PATH=/home/user/ros2_ws/install/nav2_util/lib:/home/user/ros2_ws/install/nav2_msgs/lib:${LD_LIBRARY_PATH} PYTHONPATH=/home/user/ros2_ws/install/nav2_msgs/local/lib/python3.10/dist-packages:/home/user/ros2_ws/install/nav2_common/local/lib/python3.10/dist-packages:${PYTHONPATH} /usr/bin/cmake --build /home/user/ros2_ws/build/nav2_amcl
[27.376s] Invoking command in '/home/user/ros2_ws/build/nav2_amcl': AMENT_PREFIX_PATH=/home/user/ros2_ws/install/nav2_util:/home/user/ros2_ws/install/nav2_msgs:/home/user/ros2_ws/install/nav2_common:${AMENT_PREFIX_PATH} CMAKE_PREFIX_PATH=/home/user/ros2_ws/install/nav2_util:/home/user/ros2_ws/install/nav2_msgs:/home/user/ros2_ws/install/nav2_common:/home/user/ros2_ws/install/slam_toolbox:/home/user/ros2_ws/install/slam_gmapping:/home/user/ros2_ws/install/serial:/home/user/ros2_ws/install/imu_tools:/home/user/ros2_ws/install/rviz_imu_plugin:/home/user/ros2_ws/install/rtabmap_ros:/home/user/ros2_ws/install/rtabmap_launch:/home/user/ros2_ws/install/rtabmap_examples:/home/user/ros2_ws/install/rtabmap_demos:/home/user/ros2_ws/install/rtabmap_viz:/home/user/ros2_ws/install/rtabmap_slam:/home/user/ros2_ws/install/rtabmap_odom:/home/user/ros2_ws/install/rtabmap_util:/home/user/ros2_ws/install/rtabmap_sync:/home/user/ros2_ws/install/rtabmap_rviz_plugins:/home/user/ros2_ws/install/rtabmap_conversions:/home/user/ros2_ws/install/rtabmap_python:/opt/ros/humble:/home/user/ros2_ws/install/rtabmap_msgs:/home/user/ros2_ws/install/rtabmap:/home/user/ros2_ws/install/roboteq_ros2_driver:/home/user/ros2_ws/install/realsense2_description:/home/user/ros2_ws/install/realsense2_camera:/home/user/ros2_ws/install/realsense2_camera_msgs:/home/user/ros2_ws/install/openslam_gmapping:/home/user/ros2_ws/install/lslidar_driver:/home/user/ros2_ws/install/lslidar_msgs:/home/user/ros2_ws/install/imu_filter_madgwick:/home/user/ros2_ws/install/imu_complementary_filter:/home/user/ros2_ws/install/amr_bot LD_LIBRARY_PATH=/home/user/ros2_ws/install/nav2_util/lib:/home/user/ros2_ws/install/nav2_msgs/lib:${LD_LIBRARY_PATH} PYTHONPATH=/home/user/ros2_ws/install/nav2_msgs/local/lib/python3.10/dist-packages:/home/user/ros2_ws/install/nav2_common/local/lib/python3.10/dist-packages:${PYTHONPATH} /usr/bin/cmake --install /home/user/ros2_ws/build/nav2_amcl
[27.382s] -- Install configuration: "Release"
[27.382s] -- Execute custom install script
[27.382s] -- Symlinking: /home/user/ros2_ws/install/nav2_amcl/lib/libpf_lib.so
[27.389s] -- Symlinking: /home/user/ros2_ws/install/nav2_amcl/lib/libmap_lib.so
[27.397s] -- Symlinking: /home/user/ros2_ws/install/nav2_amcl/lib/libmotions_lib.so
[27.403s] -- Symlinking: /home/user/ros2_ws/install/nav2_amcl/lib/libsensors_lib.so
[27.409s] -- Symlinking: /home/user/ros2_ws/install/nav2_amcl/lib/libamcl_core.so
[27.415s] -- Symlinking: /home/user/ros2_ws/install/nav2_amcl/lib/nav2_amcl/amcl
[27.421s] -- Symlinking: /home/user/ros2_ws/install/nav2_amcl/include//nav2_amcl/amcl_node.hpp
[27.427s] -- Symlinking: /home/user/ros2_ws/install/nav2_amcl/include//nav2_amcl/angleutils.hpp
[27.433s] -- Symlinking: /home/user/ros2_ws/install/nav2_amcl/include//nav2_amcl/map/map.hpp
[27.438s] -- Symlinking: /home/user/ros2_ws/install/nav2_amcl/include//nav2_amcl/motion_model/differential_motion_model.hpp
[27.443s] -- Symlinking: /home/user/ros2_ws/install/nav2_amcl/include//nav2_amcl/motion_model/motion_model.hpp
[27.449s] -- Symlinking: /home/user/ros2_ws/install/nav2_amcl/include//nav2_amcl/motion_model/omni_motion_model.hpp
[27.454s] -- Symlinking: /home/user/ros2_ws/install/nav2_amcl/include//nav2_amcl/pf/eig3.hpp
[27.459s] -- Symlinking: /home/user/ros2_ws/install/nav2_amcl/include//nav2_amcl/pf/pf.hpp
[27.465s] -- Symlinking: /home/user/ros2_ws/install/nav2_amcl/include//nav2_amcl/pf/pf_kdtree.hpp
[27.470s] -- Symlinking: /home/user/ros2_ws/install/nav2_amcl/include//nav2_amcl/pf/pf_pdf.hpp
[27.475s] -- Symlinking: /home/user/ros2_ws/install/nav2_amcl/include//nav2_amcl/pf/pf_vector.hpp
[27.481s] -- Symlinking: /home/user/ros2_ws/install/nav2_amcl/include//nav2_amcl/portable_utils.hpp
[27.488s] -- Symlinking: /home/user/ros2_ws/install/nav2_amcl/include//nav2_amcl/sensors/laser/laser.hpp
[27.493s] -- Symlinking: /home/user/ros2_ws/install/nav2_amcl/share/nav2_amcl/environment/library_path.sh
[27.499s] -- Symlinking: /home/user/ros2_ws/install/nav2_amcl/share/nav2_amcl/environment/library_path.dsv
[27.505s] -- Symlinking: /home/user/ros2_ws/install/nav2_amcl/share/nav2_amcl//plugins.xml
[27.513s] -- Symlinking: /home/user/ros2_ws/install/nav2_amcl/share/ament_index/resource_index/package_run_dependencies/nav2_amcl
[27.519s] -- Symlinking: /home/user/ros2_ws/install/nav2_amcl/share/ament_index/resource_index/parent_prefix_path/nav2_amcl
[27.525s] -- Symlinking: /home/user/ros2_ws/install/nav2_amcl/share/nav2_amcl/environment/ament_prefix_path.sh
[27.531s] -- Symlinking: /home/user/ros2_ws/install/nav2_amcl/share/nav2_amcl/environment/ament_prefix_path.dsv
[27.536s] -- Symlinking: /home/user/ros2_ws/install/nav2_amcl/share/nav2_amcl/environment/path.sh
[27.541s] -- Symlinking: /home/user/ros2_ws/install/nav2_amcl/share/nav2_amcl/environment/path.dsv
[27.547s] -- Symlinking: /home/user/ros2_ws/install/nav2_amcl/share/nav2_amcl/local_setup.bash
[27.552s] -- Symlinking: /home/user/ros2_ws/install/nav2_amcl/share/nav2_amcl/local_setup.sh
[27.558s] -- Symlinking: /home/user/ros2_ws/install/nav2_amcl/share/nav2_amcl/local_setup.zsh
[27.564s] -- Symlinking: /home/user/ros2_ws/install/nav2_amcl/share/nav2_amcl/local_setup.dsv
[27.570s] -- Symlinking: /home/user/ros2_ws/install/nav2_amcl/share/nav2_amcl/package.dsv
[27.576s] -- Symlinking: /home/user/ros2_ws/install/nav2_amcl/share/ament_index/resource_index/packages/nav2_amcl
[27.582s] -- Symlinking: /home/user/ros2_ws/install/nav2_amcl/share/ament_index/resource_index/nav2_amcl__pluginlib__plugin/nav2_amcl
[27.590s] -- Symlinking: /home/user/ros2_ws/install/nav2_amcl/share/ament_index/resource_index/rclcpp_components/nav2_amcl
[27.596s] -- Symlinking: /home/user/ros2_ws/install/nav2_amcl/share/nav2_amcl/cmake/ament_cmake_export_include_directories-extras.cmake
[27.602s] -- Symlinking: /home/user/ros2_ws/install/nav2_amcl/share/nav2_amcl/cmake/ament_cmake_export_libraries-extras.cmake
[27.608s] -- Symlinking: /home/user/ros2_ws/install/nav2_amcl/share/nav2_amcl/cmake/ament_cmake_export_dependencies-extras.cmake
[27.613s] -- Symlinking: /home/user/ros2_ws/install/nav2_amcl/share/nav2_amcl/cmake/nav2_amclConfig.cmake
[27.619s] -- Symlinking: /home/user/ros2_ws/install/nav2_amcl/share/nav2_amcl/cmake/nav2_amclConfig-version.cmake
[27.624s] -- Symlinking: /home/user/ros2_ws/install/nav2_amcl/share/nav2_amcl/package.xml
[27.632s] Invoked command in '/home/user/ros2_ws/build/nav2_amcl' returned '0': AMENT_PREFIX_PATH=/home/user/ros2_ws/install/nav2_util:/home/user/ros2_ws/install/nav2_msgs:/home/user/ros2_ws/install/nav2_common:${AMENT_PREFIX_PATH} CMAKE_PREFIX_PATH=/home/user/ros2_ws/install/nav2_util:/home/user/ros2_ws/install/nav2_msgs:/home/user/ros2_ws/install/nav2_common:/home/user/ros2_ws/install/slam_toolbox:/home/user/ros2_ws/install/slam_gmapping:/home/user/ros2_ws/install/serial:/home/user/ros2_ws/install/imu_tools:/home/user/ros2_ws/install/rviz_imu_plugin:/home/user/ros2_ws/install/rtabmap_ros:/home/user/ros2_ws/install/rtabmap_launch:/home/user/ros2_ws/install/rtabmap_examples:/home/user/ros2_ws/install/rtabmap_demos:/home/user/ros2_ws/install/rtabmap_viz:/home/user/ros2_ws/install/rtabmap_slam:/home/user/ros2_ws/install/rtabmap_odom:/home/user/ros2_ws/install/rtabmap_util:/home/user/ros2_ws/install/rtabmap_sync:/home/user/ros2_ws/install/rtabmap_rviz_plugins:/home/user/ros2_ws/install/rtabmap_conversions:/home/user/ros2_ws/install/rtabmap_python:/opt/ros/humble:/home/user/ros2_ws/install/rtabmap_msgs:/home/user/ros2_ws/install/rtabmap:/home/user/ros2_ws/install/roboteq_ros2_driver:/home/user/ros2_ws/install/realsense2_description:/home/user/ros2_ws/install/realsense2_camera:/home/user/ros2_ws/install/realsense2_camera_msgs:/home/user/ros2_ws/install/openslam_gmapping:/home/user/ros2_ws/install/lslidar_driver:/home/user/ros2_ws/install/lslidar_msgs:/home/user/ros2_ws/install/imu_filter_madgwick:/home/user/ros2_ws/install/imu_complementary_filter:/home/user/ros2_ws/install/amr_bot LD_LIBRARY_PATH=/home/user/ros2_ws/install/nav2_util/lib:/home/user/ros2_ws/install/nav2_msgs/lib:${LD_LIBRARY_PATH} PYTHONPATH=/home/user/ros2_ws/install/nav2_msgs/local/lib/python3.10/dist-packages:/home/user/ros2_ws/install/nav2_common/local/lib/python3.10/dist-packages:${PYTHONPATH} /usr/bin/cmake --install /home/user/ros2_ws/build/nav2_amcl
