[0.041s] Invoking command in '/home/user/ros2_ws/build/slam_toolbox': CMAKE_PREFIX_PATH=/home/user/ros2_ws/install/nav2_map_server:/home/user/ros2_ws/install/nav2_util:/home/user/ros2_ws/install/nav2_msgs:/home/user/ros2_ws/install/nav2_common:/home/user/ros2_ws/install/rtabmap_ros:/home/user/ros2_ws/install/rtabmap_demos:/home/user/ros2_ws/install/nav2_system_tests:/home/user/ros2_ws/install/nav2_bringup:/home/user/ros2_ws/install/slam_toolbox:/home/user/ros2_ws/install/slam_gmapping:/home/user/ros2_ws/install/serial:/home/user/ros2_ws/install/imu_tools:/home/user/ros2_ws/install/rviz_imu_plugin:/home/user/ros2_ws/install/rtabmap_launch:/home/user/ros2_ws/install/rtabmap_examples:/home/user/ros2_ws/install/rtabmap_viz:/home/user/ros2_ws/install/rtabmap_slam:/home/user/ros2_ws/install/rtabmap_odom:/home/user/ros2_ws/install/rtabmap_util:/home/user/ros2_ws/install/rtabmap_sync:/home/user/ros2_ws/install/rtabmap_rviz_plugins:/home/user/ros2_ws/install/rtabmap_conversions:/home/user/ros2_ws/install/rtabmap_python:/home/user/ros2_ws/install/nav2_simple_commander:/opt/ros/humble:/home/user/ros2_ws/install/rtabmap_msgs:/home/user/ros2_ws/install/rtabmap:/home/user/ros2_ws/install/roboteq_ros2_driver:/home/user/ros2_ws/install/realsense2_description:/home/user/ros2_ws/install/realsense2_camera:/home/user/ros2_ws/install/realsense2_camera_msgs:/home/user/ros2_ws/install/openslam_gmapping:/home/user/ros2_ws/install/navigation2:/home/user/ros2_ws/install/nav2_smoother:/home/user/ros2_ws/install/nav2_graceful_controller:/home/user/ros2_ws/install/nav2_dwb_controller:/home/user/ros2_ws/install/nav2_controller:/home/user/ros2_ws/install/dwb_plugins:/home/user/ros2_ws/install/dwb_critics:/home/user/ros2_ws/install/dwb_core:/home/user/ros2_ws/install/nav_2d_utils:/home/user/ros2_ws/install/dwb_msgs:/home/user/ros2_ws/install/nav_2d_msgs:/home/user/ros2_ws/install/nav2_waypoint_follower:/home/user/ros2_ws/install/nav2_theta_star_planner:/home/user/ros2_ws/install/nav2_smac_planner:/home/user/ros2_ws/install/nav2_rotation_shim_controller:/home/user/ros2_ws/install/nav2_regulated_pure_pursuit_controller:/home/user/ros2_ws/install/nav2_planner:/home/user/ros2_ws/install/nav2_navfn_planner:/home/user/ros2_ws/install/nav2_mppi_controller:/home/user/ros2_ws/install/nav2_constrained_smoother:/home/user/ros2_ws/install/nav2_bt_navigator:/home/user/ros2_ws/install/nav2_behaviors:/home/user/ros2_ws/install/nav2_core:/home/user/ros2_ws/install/nav2_collision_monitor:/home/user/ros2_ws/install/costmap_queue:/home/user/ros2_ws/install/nav2_costmap_2d:/home/user/ros2_ws/install/nav2_voxel_grid:/home/user/ros2_ws/install/nav2_velocity_smoother:/home/user/ros2_ws/install/nav2_rviz_plugins:/home/user/ros2_ws/install/nav2_lifecycle_manager:/home/user/ros2_ws/install/nav2_behavior_tree:/home/user/ros2_ws/install/nav2_amcl:/home/user/ros2_ws/install/lslidar_driver:/home/user/ros2_ws/install/lslidar_msgs:/home/user/ros2_ws/install/imu_filter_madgwick:/home/user/ros2_ws/install/imu_complementary_filter:/home/user/ros2_ws/install/amr_bot LD_LIBRARY_PATH=/home/user/ros2_ws/install/nav2_map_server/lib:/home/user/ros2_ws/install/nav2_util/lib:/home/user/ros2_ws/install/nav2_msgs/lib:/home/user/ros2_ws/install/slam_toolbox/lib:/home/user/ros2_ws/install/serial/lib:/home/user/ros2_ws/install/rviz_imu_plugin/lib:/home/user/ros2_ws/install/rtabmap_slam/lib:/home/user/ros2_ws/install/rtabmap_odom/lib:/home/user/ros2_ws/install/rtabmap_util/lib:/home/user/ros2_ws/install/rtabmap_sync/lib:/home/user/ros2_ws/install/rtabmap_rviz_plugins/lib:/home/user/ros2_ws/install/rtabmap_conversions/lib:/home/user/ros2_ws/install/rtabmap_msgs/lib:/home/user/ros2_ws/install/rtabmap/lib:/home/user/ros2_ws/install/realsense2_camera/lib:/home/user/ros2_ws/install/realsense2_camera_msgs/lib:/home/user/ros2_ws/install/openslam_gmapping/lib:/home/user/ros2_ws/install/nav2_smoother/lib:/home/user/ros2_ws/install/nav2_graceful_controller/lib:/home/user/ros2_ws/install/nav2_controller/lib:/home/user/ros2_ws/install/dwb_plugins/lib:/home/user/ros2_ws/install/dwb_critics/lib:/home/user/ros2_ws/install/dwb_core/lib:/home/user/ros2_ws/install/nav_2d_utils/lib:/home/user/ros2_ws/install/dwb_msgs/lib:/home/user/ros2_ws/install/nav_2d_msgs/lib:/home/user/ros2_ws/install/nav2_waypoint_follower/lib:/home/user/ros2_ws/install/nav2_theta_star_planner/lib:/home/user/ros2_ws/install/nav2_smac_planner/lib:/home/user/ros2_ws/install/nav2_rotation_shim_controller/lib:/home/user/ros2_ws/install/nav2_regulated_pure_pursuit_controller/lib:/home/user/ros2_ws/install/nav2_planner/lib:/home/user/ros2_ws/install/nav2_navfn_planner/lib:/home/user/ros2_ws/install/nav2_mppi_controller/lib:/home/user/ros2_ws/install/nav2_constrained_smoother/lib:/home/user/ros2_ws/install/nav2_bt_navigator/lib:/home/user/ros2_ws/install/nav2_behaviors/lib:/home/user/ros2_ws/install/nav2_collision_monitor/lib:/home/user/ros2_ws/install/costmap_queue/lib:/home/user/ros2_ws/install/nav2_costmap_2d/lib:/home/user/ros2_ws/install/nav2_voxel_grid/lib:/home/user/ros2_ws/install/nav2_velocity_smoother/lib:/home/user/ros2_ws/install/nav2_rviz_plugins/lib:/home/user/ros2_ws/install/nav2_lifecycle_manager/lib:/home/user/ros2_ws/install/nav2_behavior_tree/lib:/home/user/ros2_ws/install/nav2_amcl/lib:/home/user/ros2_ws/install/lslidar_msgs/lib:/home/user/ros2_ws/install/imu_filter_madgwick/lib:/home/user/ros2_ws/install/imu_complementary_filter/lib:/usr/lib/x86_64-linux-gnu/gazebo-11/plugins:/opt/ros/humble/opt/rviz_ogre_vendor/lib:/opt/ros/humble/lib/x86_64-linux-gnu:/opt/ros/humble/lib /usr/bin/cmake --build /home/user/ros2_ws/build/slam_toolbox
[0.096s] [  1%] Built target slam_toolbox__cpp
[0.117s] [  9%] Built target slam_toolbox__rosidl_typesupport_cpp
[0.138s] [ 18%] Built target slam_toolbox__rosidl_generator_c
[0.159s] [ 27%] Built target slam_toolbox__rosidl_typesupport_fastrtps_c
[0.181s] [ 36%] Built target slam_toolbox__rosidl_typesupport_fastrtps_cpp
[0.202s] [ 44%] Built target slam_toolbox__rosidl_typesupport_introspection_c
[0.220s] [ 52%] Built target slam_toolbox__rosidl_typesupport_c
[0.241s] [ 60%] Built target slam_toolbox__rosidl_typesupport_introspection_cpp
[0.258s] [ 60%] Built target slam_toolbox
[0.280s] [ 60%] Built target ament_cmake_python_symlink_slam_toolbox
[0.414s] running egg_info
[0.414s] writing slam_toolbox.egg-info/PKG-INFO
[0.414s] writing dependency_links to slam_toolbox.egg-info/dependency_links.txt
[0.414s] writing top-level names to slam_toolbox.egg-info/top_level.txt
[0.415s] reading manifest file 'slam_toolbox.egg-info/SOURCES.txt'
[0.415s] writing manifest file 'slam_toolbox.egg-info/SOURCES.txt'
[0.433s] [ 60%] Built target ament_cmake_python_build_slam_toolbox_egg
[0.451s] [ 60%] Built target slam_toolbox__py
[0.470s] [ 68%] Built target slam_toolbox__rosidl_generator_py
[0.489s] [ 69%] Built target slam_toolbox__rosidl_typesupport_fastrtps_c__pyext
[0.508s] [ 71%] Built target slam_toolbox__rosidl_typesupport_introspection_c__pyext
[0.527s] [ 73%] Built target slam_toolbox__rosidl_typesupport_c__pyext
[0.551s] [ 75%] Built target SlamToolboxPlugin
[0.581s] [ 77%] Built target kartoSlamToolbox
[0.608s] [ 79%] Built target ceres_solver_plugin
[0.641s] [ 84%] Built target toolbox_common
[0.670s] [ 86%] Built target async_slam_toolbox
[0.700s] [ 87%] Built target async_slam_toolbox_node
[0.728s] [ 89%] Built target sync_slam_toolbox
[0.756s] [ 90%] Built target sync_slam_toolbox_node
[0.784s] [ 91%] Built target localization_slam_toolbox
[0.815s] [ 93%] Built target localization_slam_toolbox_node
[0.843s] [ 94%] Built target lifelong_slam_toolbox
[0.871s] [ 96%] Built target lifelong_slam_toolbox_node
[0.904s] [ 97%] Built target map_and_localization_slam_toolbox
[0.932s] [ 98%] Built target map_and_localization_slam_toolbox_node
[0.962s] [100%] Built target merge_maps_kinematic
[0.973s] Invoked command in '/home/user/ros2_ws/build/slam_toolbox' returned '0': CMAKE_PREFIX_PATH=/home/user/ros2_ws/install/nav2_map_server:/home/user/ros2_ws/install/nav2_util:/home/user/ros2_ws/install/nav2_msgs:/home/user/ros2_ws/install/nav2_common:/home/user/ros2_ws/install/rtabmap_ros:/home/user/ros2_ws/install/rtabmap_demos:/home/user/ros2_ws/install/nav2_system_tests:/home/user/ros2_ws/install/nav2_bringup:/home/user/ros2_ws/install/slam_toolbox:/home/user/ros2_ws/install/slam_gmapping:/home/user/ros2_ws/install/serial:/home/user/ros2_ws/install/imu_tools:/home/user/ros2_ws/install/rviz_imu_plugin:/home/user/ros2_ws/install/rtabmap_launch:/home/user/ros2_ws/install/rtabmap_examples:/home/user/ros2_ws/install/rtabmap_viz:/home/user/ros2_ws/install/rtabmap_slam:/home/user/ros2_ws/install/rtabmap_odom:/home/user/ros2_ws/install/rtabmap_util:/home/user/ros2_ws/install/rtabmap_sync:/home/user/ros2_ws/install/rtabmap_rviz_plugins:/home/user/ros2_ws/install/rtabmap_conversions:/home/user/ros2_ws/install/rtabmap_python:/home/user/ros2_ws/install/nav2_simple_commander:/opt/ros/humble:/home/user/ros2_ws/install/rtabmap_msgs:/home/user/ros2_ws/install/rtabmap:/home/user/ros2_ws/install/roboteq_ros2_driver:/home/user/ros2_ws/install/realsense2_description:/home/user/ros2_ws/install/realsense2_camera:/home/user/ros2_ws/install/realsense2_camera_msgs:/home/user/ros2_ws/install/openslam_gmapping:/home/user/ros2_ws/install/navigation2:/home/user/ros2_ws/install/nav2_smoother:/home/user/ros2_ws/install/nav2_graceful_controller:/home/user/ros2_ws/install/nav2_dwb_controller:/home/user/ros2_ws/install/nav2_controller:/home/user/ros2_ws/install/dwb_plugins:/home/user/ros2_ws/install/dwb_critics:/home/user/ros2_ws/install/dwb_core:/home/user/ros2_ws/install/nav_2d_utils:/home/user/ros2_ws/install/dwb_msgs:/home/user/ros2_ws/install/nav_2d_msgs:/home/user/ros2_ws/install/nav2_waypoint_follower:/home/user/ros2_ws/install/nav2_theta_star_planner:/home/user/ros2_ws/install/nav2_smac_planner:/home/user/ros2_ws/install/nav2_rotation_shim_controller:/home/user/ros2_ws/install/nav2_regulated_pure_pursuit_controller:/home/user/ros2_ws/install/nav2_planner:/home/user/ros2_ws/install/nav2_navfn_planner:/home/user/ros2_ws/install/nav2_mppi_controller:/home/user/ros2_ws/install/nav2_constrained_smoother:/home/user/ros2_ws/install/nav2_bt_navigator:/home/user/ros2_ws/install/nav2_behaviors:/home/user/ros2_ws/install/nav2_core:/home/user/ros2_ws/install/nav2_collision_monitor:/home/user/ros2_ws/install/costmap_queue:/home/user/ros2_ws/install/nav2_costmap_2d:/home/user/ros2_ws/install/nav2_voxel_grid:/home/user/ros2_ws/install/nav2_velocity_smoother:/home/user/ros2_ws/install/nav2_rviz_plugins:/home/user/ros2_ws/install/nav2_lifecycle_manager:/home/user/ros2_ws/install/nav2_behavior_tree:/home/user/ros2_ws/install/nav2_amcl:/home/user/ros2_ws/install/lslidar_driver:/home/user/ros2_ws/install/lslidar_msgs:/home/user/ros2_ws/install/imu_filter_madgwick:/home/user/ros2_ws/install/imu_complementary_filter:/home/user/ros2_ws/install/amr_bot LD_LIBRARY_PATH=/home/user/ros2_ws/install/nav2_map_server/lib:/home/user/ros2_ws/install/nav2_util/lib:/home/user/ros2_ws/install/nav2_msgs/lib:/home/user/ros2_ws/install/slam_toolbox/lib:/home/user/ros2_ws/install/serial/lib:/home/user/ros2_ws/install/rviz_imu_plugin/lib:/home/user/ros2_ws/install/rtabmap_slam/lib:/home/user/ros2_ws/install/rtabmap_odom/lib:/home/user/ros2_ws/install/rtabmap_util/lib:/home/user/ros2_ws/install/rtabmap_sync/lib:/home/user/ros2_ws/install/rtabmap_rviz_plugins/lib:/home/user/ros2_ws/install/rtabmap_conversions/lib:/home/user/ros2_ws/install/rtabmap_msgs/lib:/home/user/ros2_ws/install/rtabmap/lib:/home/user/ros2_ws/install/realsense2_camera/lib:/home/user/ros2_ws/install/realsense2_camera_msgs/lib:/home/user/ros2_ws/install/openslam_gmapping/lib:/home/user/ros2_ws/install/nav2_smoother/lib:/home/user/ros2_ws/install/nav2_graceful_controller/lib:/home/user/ros2_ws/install/nav2_controller/lib:/home/user/ros2_ws/install/dwb_plugins/lib:/home/user/ros2_ws/install/dwb_critics/lib:/home/user/ros2_ws/install/dwb_core/lib:/home/user/ros2_ws/install/nav_2d_utils/lib:/home/user/ros2_ws/install/dwb_msgs/lib:/home/user/ros2_ws/install/nav_2d_msgs/lib:/home/user/ros2_ws/install/nav2_waypoint_follower/lib:/home/user/ros2_ws/install/nav2_theta_star_planner/lib:/home/user/ros2_ws/install/nav2_smac_planner/lib:/home/user/ros2_ws/install/nav2_rotation_shim_controller/lib:/home/user/ros2_ws/install/nav2_regulated_pure_pursuit_controller/lib:/home/user/ros2_ws/install/nav2_planner/lib:/home/user/ros2_ws/install/nav2_navfn_planner/lib:/home/user/ros2_ws/install/nav2_mppi_controller/lib:/home/user/ros2_ws/install/nav2_constrained_smoother/lib:/home/user/ros2_ws/install/nav2_bt_navigator/lib:/home/user/ros2_ws/install/nav2_behaviors/lib:/home/user/ros2_ws/install/nav2_collision_monitor/lib:/home/user/ros2_ws/install/costmap_queue/lib:/home/user/ros2_ws/install/nav2_costmap_2d/lib:/home/user/ros2_ws/install/nav2_voxel_grid/lib:/home/user/ros2_ws/install/nav2_velocity_smoother/lib:/home/user/ros2_ws/install/nav2_rviz_plugins/lib:/home/user/ros2_ws/install/nav2_lifecycle_manager/lib:/home/user/ros2_ws/install/nav2_behavior_tree/lib:/home/user/ros2_ws/install/nav2_amcl/lib:/home/user/ros2_ws/install/lslidar_msgs/lib:/home/user/ros2_ws/install/imu_filter_madgwick/lib:/home/user/ros2_ws/install/imu_complementary_filter/lib:/usr/lib/x86_64-linux-gnu/gazebo-11/plugins:/opt/ros/humble/opt/rviz_ogre_vendor/lib:/opt/ros/humble/lib/x86_64-linux-gnu:/opt/ros/humble/lib /usr/bin/cmake --build /home/user/ros2_ws/build/slam_toolbox
[1.341s] Invoking command in '/home/user/ros2_ws/build/slam_toolbox': CMAKE_PREFIX_PATH=/home/user/ros2_ws/install/nav2_map_server:/home/user/ros2_ws/install/nav2_util:/home/user/ros2_ws/install/nav2_msgs:/home/user/ros2_ws/install/nav2_common:/home/user/ros2_ws/install/rtabmap_ros:/home/user/ros2_ws/install/rtabmap_demos:/home/user/ros2_ws/install/nav2_system_tests:/home/user/ros2_ws/install/nav2_bringup:/home/user/ros2_ws/install/slam_toolbox:/home/user/ros2_ws/install/slam_gmapping:/home/user/ros2_ws/install/serial:/home/user/ros2_ws/install/imu_tools:/home/user/ros2_ws/install/rviz_imu_plugin:/home/user/ros2_ws/install/rtabmap_launch:/home/user/ros2_ws/install/rtabmap_examples:/home/user/ros2_ws/install/rtabmap_viz:/home/user/ros2_ws/install/rtabmap_slam:/home/user/ros2_ws/install/rtabmap_odom:/home/user/ros2_ws/install/rtabmap_util:/home/user/ros2_ws/install/rtabmap_sync:/home/user/ros2_ws/install/rtabmap_rviz_plugins:/home/user/ros2_ws/install/rtabmap_conversions:/home/user/ros2_ws/install/rtabmap_python:/home/user/ros2_ws/install/nav2_simple_commander:/opt/ros/humble:/home/user/ros2_ws/install/rtabmap_msgs:/home/user/ros2_ws/install/rtabmap:/home/user/ros2_ws/install/roboteq_ros2_driver:/home/user/ros2_ws/install/realsense2_description:/home/user/ros2_ws/install/realsense2_camera:/home/user/ros2_ws/install/realsense2_camera_msgs:/home/user/ros2_ws/install/openslam_gmapping:/home/user/ros2_ws/install/navigation2:/home/user/ros2_ws/install/nav2_smoother:/home/user/ros2_ws/install/nav2_graceful_controller:/home/user/ros2_ws/install/nav2_dwb_controller:/home/user/ros2_ws/install/nav2_controller:/home/user/ros2_ws/install/dwb_plugins:/home/user/ros2_ws/install/dwb_critics:/home/user/ros2_ws/install/dwb_core:/home/user/ros2_ws/install/nav_2d_utils:/home/user/ros2_ws/install/dwb_msgs:/home/user/ros2_ws/install/nav_2d_msgs:/home/user/ros2_ws/install/nav2_waypoint_follower:/home/user/ros2_ws/install/nav2_theta_star_planner:/home/user/ros2_ws/install/nav2_smac_planner:/home/user/ros2_ws/install/nav2_rotation_shim_controller:/home/user/ros2_ws/install/nav2_regulated_pure_pursuit_controller:/home/user/ros2_ws/install/nav2_planner:/home/user/ros2_ws/install/nav2_navfn_planner:/home/user/ros2_ws/install/nav2_mppi_controller:/home/user/ros2_ws/install/nav2_constrained_smoother:/home/user/ros2_ws/install/nav2_bt_navigator:/home/user/ros2_ws/install/nav2_behaviors:/home/user/ros2_ws/install/nav2_core:/home/user/ros2_ws/install/nav2_collision_monitor:/home/user/ros2_ws/install/costmap_queue:/home/user/ros2_ws/install/nav2_costmap_2d:/home/user/ros2_ws/install/nav2_voxel_grid:/home/user/ros2_ws/install/nav2_velocity_smoother:/home/user/ros2_ws/install/nav2_rviz_plugins:/home/user/ros2_ws/install/nav2_lifecycle_manager:/home/user/ros2_ws/install/nav2_behavior_tree:/home/user/ros2_ws/install/nav2_amcl:/home/user/ros2_ws/install/lslidar_driver:/home/user/ros2_ws/install/lslidar_msgs:/home/user/ros2_ws/install/imu_filter_madgwick:/home/user/ros2_ws/install/imu_complementary_filter:/home/user/ros2_ws/install/amr_bot LD_LIBRARY_PATH=/home/user/ros2_ws/install/nav2_map_server/lib:/home/user/ros2_ws/install/nav2_util/lib:/home/user/ros2_ws/install/nav2_msgs/lib:/home/user/ros2_ws/install/slam_toolbox/lib:/home/user/ros2_ws/install/serial/lib:/home/user/ros2_ws/install/rviz_imu_plugin/lib:/home/user/ros2_ws/install/rtabmap_slam/lib:/home/user/ros2_ws/install/rtabmap_odom/lib:/home/user/ros2_ws/install/rtabmap_util/lib:/home/user/ros2_ws/install/rtabmap_sync/lib:/home/user/ros2_ws/install/rtabmap_rviz_plugins/lib:/home/user/ros2_ws/install/rtabmap_conversions/lib:/home/user/ros2_ws/install/rtabmap_msgs/lib:/home/user/ros2_ws/install/rtabmap/lib:/home/user/ros2_ws/install/realsense2_camera/lib:/home/user/ros2_ws/install/realsense2_camera_msgs/lib:/home/user/ros2_ws/install/openslam_gmapping/lib:/home/user/ros2_ws/install/nav2_smoother/lib:/home/user/ros2_ws/install/nav2_graceful_controller/lib:/home/user/ros2_ws/install/nav2_controller/lib:/home/user/ros2_ws/install/dwb_plugins/lib:/home/user/ros2_ws/install/dwb_critics/lib:/home/user/ros2_ws/install/dwb_core/lib:/home/user/ros2_ws/install/nav_2d_utils/lib:/home/user/ros2_ws/install/dwb_msgs/lib:/home/user/ros2_ws/install/nav_2d_msgs/lib:/home/user/ros2_ws/install/nav2_waypoint_follower/lib:/home/user/ros2_ws/install/nav2_theta_star_planner/lib:/home/user/ros2_ws/install/nav2_smac_planner/lib:/home/user/ros2_ws/install/nav2_rotation_shim_controller/lib:/home/user/ros2_ws/install/nav2_regulated_pure_pursuit_controller/lib:/home/user/ros2_ws/install/nav2_planner/lib:/home/user/ros2_ws/install/nav2_navfn_planner/lib:/home/user/ros2_ws/install/nav2_mppi_controller/lib:/home/user/ros2_ws/install/nav2_constrained_smoother/lib:/home/user/ros2_ws/install/nav2_bt_navigator/lib:/home/user/ros2_ws/install/nav2_behaviors/lib:/home/user/ros2_ws/install/nav2_collision_monitor/lib:/home/user/ros2_ws/install/costmap_queue/lib:/home/user/ros2_ws/install/nav2_costmap_2d/lib:/home/user/ros2_ws/install/nav2_voxel_grid/lib:/home/user/ros2_ws/install/nav2_velocity_smoother/lib:/home/user/ros2_ws/install/nav2_rviz_plugins/lib:/home/user/ros2_ws/install/nav2_lifecycle_manager/lib:/home/user/ros2_ws/install/nav2_behavior_tree/lib:/home/user/ros2_ws/install/nav2_amcl/lib:/home/user/ros2_ws/install/lslidar_msgs/lib:/home/user/ros2_ws/install/imu_filter_madgwick/lib:/home/user/ros2_ws/install/imu_complementary_filter/lib:/usr/lib/x86_64-linux-gnu/gazebo-11/plugins:/opt/ros/humble/opt/rviz_ogre_vendor/lib:/opt/ros/humble/lib/x86_64-linux-gnu:/opt/ros/humble/lib /usr/bin/cmake --install /home/user/ros2_ws/build/slam_toolbox
[1.350s] -- Install configuration: "Release"
[1.351s] -- Execute custom install script
[1.351s] -- Up-to-date symlink: /home/user/ros2_ws/install/slam_toolbox/include//karto_sdk/Karto.h
[1.351s] -- Up-to-date symlink: /home/user/ros2_ws/install/slam_toolbox/include//karto_sdk/Macros.h
[1.351s] -- Up-to-date symlink: /home/user/ros2_ws/install/slam_toolbox/include//karto_sdk/Mapper.h
[1.351s] -- Up-to-date symlink: /home/user/ros2_ws/install/slam_toolbox/include//karto_sdk/Math.h
[1.351s] -- Up-to-date symlink: /home/user/ros2_ws/install/slam_toolbox/include//karto_sdk/Types.h
[1.351s] -- Up-to-date symlink: /home/user/ros2_ws/install/slam_toolbox/include//karto_sdk/nanoflann.hpp
[1.351s] -- Up-to-date symlink: /home/user/ros2_ws/install/slam_toolbox/include//karto_sdk/nanoflann_adaptors.h
[1.351s] -- Up-to-date symlink: /home/user/ros2_ws/install/slam_toolbox/share/ament_index/resource_index/rosidl_interfaces/slam_toolbox
[1.352s] -- Up-to-date symlink: /home/user/ros2_ws/install/slam_toolbox/include/slam_toolbox/slam_toolbox/msg/rosidl_generator_c__visibility_control.h
[1.352s] -- Up-to-date symlink: /home/user/ros2_ws/install/slam_toolbox/include/slam_toolbox/slam_toolbox/srv/add_submap.h
[1.352s] -- Up-to-date symlink: /home/user/ros2_ws/install/slam_toolbox/include/slam_toolbox/slam_toolbox/srv/clear.h
[1.352s] -- Up-to-date symlink: /home/user/ros2_ws/install/slam_toolbox/include/slam_toolbox/slam_toolbox/srv/clear_queue.h
[1.352s] -- Up-to-date symlink: /home/user/ros2_ws/install/slam_toolbox/include/slam_toolbox/slam_toolbox/srv/deserialize_pose_graph.h
[1.352s] -- Up-to-date symlink: /home/user/ros2_ws/install/slam_toolbox/include/slam_toolbox/slam_toolbox/srv/detail/add_submap__functions.h
[1.352s] -- Up-to-date symlink: /home/user/ros2_ws/install/slam_toolbox/include/slam_toolbox/slam_toolbox/srv/detail/add_submap__struct.h
[1.352s] -- Up-to-date symlink: /home/user/ros2_ws/install/slam_toolbox/include/slam_toolbox/slam_toolbox/srv/detail/add_submap__type_support.h
[1.352s] -- Up-to-date symlink: /home/user/ros2_ws/install/slam_toolbox/include/slam_toolbox/slam_toolbox/srv/detail/clear__functions.h
[1.352s] -- Up-to-date symlink: /home/user/ros2_ws/install/slam_toolbox/include/slam_toolbox/slam_toolbox/srv/detail/clear__struct.h
[1.352s] -- Up-to-date symlink: /home/user/ros2_ws/install/slam_toolbox/include/slam_toolbox/slam_toolbox/srv/detail/clear__type_support.h
[1.352s] -- Up-to-date symlink: /home/user/ros2_ws/install/slam_toolbox/include/slam_toolbox/slam_toolbox/srv/detail/clear_queue__functions.h
[1.352s] -- Up-to-date symlink: /home/user/ros2_ws/install/slam_toolbox/include/slam_toolbox/slam_toolbox/srv/detail/clear_queue__struct.h
[1.353s] -- Up-to-date symlink: /home/user/ros2_ws/install/slam_toolbox/include/slam_toolbox/slam_toolbox/srv/detail/clear_queue__type_support.h
[1.353s] -- Up-to-date symlink: /home/user/ros2_ws/install/slam_toolbox/include/slam_toolbox/slam_toolbox/srv/detail/deserialize_pose_graph__functions.h
[1.353s] -- Up-to-date symlink: /home/user/ros2_ws/install/slam_toolbox/include/slam_toolbox/slam_toolbox/srv/detail/deserialize_pose_graph__struct.h
[1.353s] -- Up-to-date symlink: /home/user/ros2_ws/install/slam_toolbox/include/slam_toolbox/slam_toolbox/srv/detail/deserialize_pose_graph__type_support.h
[1.353s] -- Up-to-date symlink: /home/user/ros2_ws/install/slam_toolbox/include/slam_toolbox/slam_toolbox/srv/detail/loop_closure__functions.h
[1.353s] -- Up-to-date symlink: /home/user/ros2_ws/install/slam_toolbox/include/slam_toolbox/slam_toolbox/srv/detail/loop_closure__struct.h
[1.353s] -- Up-to-date symlink: /home/user/ros2_ws/install/slam_toolbox/include/slam_toolbox/slam_toolbox/srv/detail/loop_closure__type_support.h
[1.353s] -- Up-to-date symlink: /home/user/ros2_ws/install/slam_toolbox/include/slam_toolbox/slam_toolbox/srv/detail/merge_maps__functions.h
[1.353s] -- Up-to-date symlink: /home/user/ros2_ws/install/slam_toolbox/include/slam_toolbox/slam_toolbox/srv/detail/merge_maps__struct.h
[1.353s] -- Up-to-date symlink: /home/user/ros2_ws/install/slam_toolbox/include/slam_toolbox/slam_toolbox/srv/detail/merge_maps__type_support.h
[1.353s] -- Up-to-date symlink: /home/user/ros2_ws/install/slam_toolbox/include/slam_toolbox/slam_toolbox/srv/detail/pause__functions.h
[1.353s] -- Up-to-date symlink: /home/user/ros2_ws/install/slam_toolbox/include/slam_toolbox/slam_toolbox/srv/detail/pause__struct.h
[1.353s] -- Up-to-date symlink: /home/user/ros2_ws/install/slam_toolbox/include/slam_toolbox/slam_toolbox/srv/detail/pause__type_support.h
[1.354s] -- Up-to-date symlink: /home/user/ros2_ws/install/slam_toolbox/include/slam_toolbox/slam_toolbox/srv/detail/save_map__functions.h
[1.354s] -- Up-to-date symlink: /home/user/ros2_ws/install/slam_toolbox/include/slam_toolbox/slam_toolbox/srv/detail/save_map__struct.h
[1.354s] -- Up-to-date symlink: /home/user/ros2_ws/install/slam_toolbox/include/slam_toolbox/slam_toolbox/srv/detail/save_map__type_support.h
[1.354s] -- Up-to-date symlink: /home/user/ros2_ws/install/slam_toolbox/include/slam_toolbox/slam_toolbox/srv/detail/serialize_pose_graph__functions.h
[1.354s] -- Up-to-date symlink: /home/user/ros2_ws/install/slam_toolbox/include/slam_toolbox/slam_toolbox/srv/detail/serialize_pose_graph__struct.h
[1.354s] -- Up-to-date symlink: /home/user/ros2_ws/install/slam_toolbox/include/slam_toolbox/slam_toolbox/srv/detail/serialize_pose_graph__type_support.h
[1.354s] -- Up-to-date symlink: /home/user/ros2_ws/install/slam_toolbox/include/slam_toolbox/slam_toolbox/srv/detail/toggle_interactive__functions.h
[1.354s] -- Up-to-date symlink: /home/user/ros2_ws/install/slam_toolbox/include/slam_toolbox/slam_toolbox/srv/detail/toggle_interactive__struct.h
[1.354s] -- Up-to-date symlink: /home/user/ros2_ws/install/slam_toolbox/include/slam_toolbox/slam_toolbox/srv/detail/toggle_interactive__type_support.h
[1.354s] -- Up-to-date symlink: /home/user/ros2_ws/install/slam_toolbox/include/slam_toolbox/slam_toolbox/srv/loop_closure.h
[1.354s] -- Up-to-date symlink: /home/user/ros2_ws/install/slam_toolbox/include/slam_toolbox/slam_toolbox/srv/merge_maps.h
[1.354s] -- Up-to-date symlink: /home/user/ros2_ws/install/slam_toolbox/include/slam_toolbox/slam_toolbox/srv/pause.h
[1.355s] -- Up-to-date symlink: /home/user/ros2_ws/install/slam_toolbox/include/slam_toolbox/slam_toolbox/srv/save_map.h
[1.355s] -- Up-to-date symlink: /home/user/ros2_ws/install/slam_toolbox/include/slam_toolbox/slam_toolbox/srv/serialize_pose_graph.h
[1.355s] -- Up-to-date symlink: /home/user/ros2_ws/install/slam_toolbox/include/slam_toolbox/slam_toolbox/srv/toggle_interactive.h
[1.355s] -- Up-to-date symlink: /home/user/ros2_ws/install/slam_toolbox/share/slam_toolbox/environment/library_path.sh
[1.355s] -- Up-to-date symlink: /home/user/ros2_ws/install/slam_toolbox/share/slam_toolbox/environment/library_path.dsv
[1.355s] -- Up-to-date symlink: /home/user/ros2_ws/install/slam_toolbox/include/slam_toolbox/slam_toolbox/msg/rosidl_typesupport_fastrtps_c__visibility_control.h
[1.355s] -- Up-to-date symlink: /home/user/ros2_ws/install/slam_toolbox/include/slam_toolbox/slam_toolbox/srv/detail/add_submap__rosidl_typesupport_fastrtps_c.h
[1.355s] -- Up-to-date symlink: /home/user/ros2_ws/install/slam_toolbox/include/slam_toolbox/slam_toolbox/srv/detail/clear__rosidl_typesupport_fastrtps_c.h
[1.355s] -- Up-to-date symlink: /home/user/ros2_ws/install/slam_toolbox/include/slam_toolbox/slam_toolbox/srv/detail/clear_queue__rosidl_typesupport_fastrtps_c.h
[1.356s] -- Up-to-date symlink: /home/user/ros2_ws/install/slam_toolbox/include/slam_toolbox/slam_toolbox/srv/detail/deserialize_pose_graph__rosidl_typesupport_fastrtps_c.h
[1.356s] -- Up-to-date symlink: /home/user/ros2_ws/install/slam_toolbox/include/slam_toolbox/slam_toolbox/srv/detail/loop_closure__rosidl_typesupport_fastrtps_c.h
[1.356s] -- Up-to-date symlink: /home/user/ros2_ws/install/slam_toolbox/include/slam_toolbox/slam_toolbox/srv/detail/merge_maps__rosidl_typesupport_fastrtps_c.h
[1.356s] -- Up-to-date symlink: /home/user/ros2_ws/install/slam_toolbox/include/slam_toolbox/slam_toolbox/srv/detail/pause__rosidl_typesupport_fastrtps_c.h
[1.356s] -- Up-to-date symlink: /home/user/ros2_ws/install/slam_toolbox/include/slam_toolbox/slam_toolbox/srv/detail/save_map__rosidl_typesupport_fastrtps_c.h
[1.356s] -- Up-to-date symlink: /home/user/ros2_ws/install/slam_toolbox/include/slam_toolbox/slam_toolbox/srv/detail/serialize_pose_graph__rosidl_typesupport_fastrtps_c.h
[1.356s] -- Up-to-date symlink: /home/user/ros2_ws/install/slam_toolbox/include/slam_toolbox/slam_toolbox/srv/detail/toggle_interactive__rosidl_typesupport_fastrtps_c.h
[1.356s] -- Up-to-date symlink: /home/user/ros2_ws/install/slam_toolbox/include/slam_toolbox/slam_toolbox/srv/add_submap.hpp
[1.356s] -- Up-to-date symlink: /home/user/ros2_ws/install/slam_toolbox/include/slam_toolbox/slam_toolbox/srv/clear.hpp
[1.356s] -- Up-to-date symlink: /home/user/ros2_ws/install/slam_toolbox/include/slam_toolbox/slam_toolbox/srv/clear_queue.hpp
[1.357s] -- Up-to-date symlink: /home/user/ros2_ws/install/slam_toolbox/include/slam_toolbox/slam_toolbox/srv/deserialize_pose_graph.hpp
[1.357s] -- Up-to-date symlink: /home/user/ros2_ws/install/slam_toolbox/include/slam_toolbox/slam_toolbox/srv/detail/add_submap__builder.hpp
[1.357s] -- Up-to-date symlink: /home/user/ros2_ws/install/slam_toolbox/include/slam_toolbox/slam_toolbox/srv/detail/add_submap__struct.hpp
[1.357s] -- Up-to-date symlink: /home/user/ros2_ws/install/slam_toolbox/include/slam_toolbox/slam_toolbox/srv/detail/add_submap__traits.hpp
[1.357s] -- Up-to-date symlink: /home/user/ros2_ws/install/slam_toolbox/include/slam_toolbox/slam_toolbox/srv/detail/clear__builder.hpp
[1.357s] -- Up-to-date symlink: /home/user/ros2_ws/install/slam_toolbox/include/slam_toolbox/slam_toolbox/srv/detail/clear__struct.hpp
[1.357s] -- Up-to-date symlink: /home/user/ros2_ws/install/slam_toolbox/include/slam_toolbox/slam_toolbox/srv/detail/clear__traits.hpp
[1.357s] -- Up-to-date symlink: /home/user/ros2_ws/install/slam_toolbox/include/slam_toolbox/slam_toolbox/srv/detail/clear_queue__builder.hpp
[1.357s] -- Up-to-date symlink: /home/user/ros2_ws/install/slam_toolbox/include/slam_toolbox/slam_toolbox/srv/detail/clear_queue__struct.hpp
[1.357s] -- Up-to-date symlink: /home/user/ros2_ws/install/slam_toolbox/include/slam_toolbox/slam_toolbox/srv/detail/clear_queue__traits.hpp
[1.357s] -- Up-to-date symlink: /home/user/ros2_ws/install/slam_toolbox/include/slam_toolbox/slam_toolbox/srv/detail/deserialize_pose_graph__builder.hpp
[1.357s] -- Up-to-date symlink: /home/user/ros2_ws/install/slam_toolbox/include/slam_toolbox/slam_toolbox/srv/detail/deserialize_pose_graph__struct.hpp
[1.357s] -- Up-to-date symlink: /home/user/ros2_ws/install/slam_toolbox/include/slam_toolbox/slam_toolbox/srv/detail/deserialize_pose_graph__traits.hpp
[1.358s] -- Up-to-date symlink: /home/user/ros2_ws/install/slam_toolbox/include/slam_toolbox/slam_toolbox/srv/detail/loop_closure__builder.hpp
[1.358s] -- Up-to-date symlink: /home/user/ros2_ws/install/slam_toolbox/include/slam_toolbox/slam_toolbox/srv/detail/loop_closure__struct.hpp
[1.358s] -- Up-to-date symlink: /home/user/ros2_ws/install/slam_toolbox/include/slam_toolbox/slam_toolbox/srv/detail/loop_closure__traits.hpp
[1.358s] -- Up-to-date symlink: /home/user/ros2_ws/install/slam_toolbox/include/slam_toolbox/slam_toolbox/srv/detail/merge_maps__builder.hpp
[1.358s] -- Up-to-date symlink: /home/user/ros2_ws/install/slam_toolbox/include/slam_toolbox/slam_toolbox/srv/detail/merge_maps__struct.hpp
[1.358s] -- Up-to-date symlink: /home/user/ros2_ws/install/slam_toolbox/include/slam_toolbox/slam_toolbox/srv/detail/merge_maps__traits.hpp
[1.358s] -- Up-to-date symlink: /home/user/ros2_ws/install/slam_toolbox/include/slam_toolbox/slam_toolbox/srv/detail/pause__builder.hpp
[1.358s] -- Up-to-date symlink: /home/user/ros2_ws/install/slam_toolbox/include/slam_toolbox/slam_toolbox/srv/detail/pause__struct.hpp
[1.358s] -- Up-to-date symlink: /home/user/ros2_ws/install/slam_toolbox/include/slam_toolbox/slam_toolbox/srv/detail/pause__traits.hpp
[1.358s] -- Up-to-date symlink: /home/user/ros2_ws/install/slam_toolbox/include/slam_toolbox/slam_toolbox/srv/detail/save_map__builder.hpp
[1.358s] -- Up-to-date symlink: /home/user/ros2_ws/install/slam_toolbox/include/slam_toolbox/slam_toolbox/srv/detail/save_map__struct.hpp
[1.358s] -- Up-to-date symlink: /home/user/ros2_ws/install/slam_toolbox/include/slam_toolbox/slam_toolbox/srv/detail/save_map__traits.hpp
[1.358s] -- Up-to-date symlink: /home/user/ros2_ws/install/slam_toolbox/include/slam_toolbox/slam_toolbox/srv/detail/serialize_pose_graph__builder.hpp
[1.359s] -- Up-to-date symlink: /home/user/ros2_ws/install/slam_toolbox/include/slam_toolbox/slam_toolbox/srv/detail/serialize_pose_graph__struct.hpp
[1.359s] -- Up-to-date symlink: /home/user/ros2_ws/install/slam_toolbox/include/slam_toolbox/slam_toolbox/srv/detail/serialize_pose_graph__traits.hpp
[1.359s] -- Up-to-date symlink: /home/user/ros2_ws/install/slam_toolbox/include/slam_toolbox/slam_toolbox/srv/detail/toggle_interactive__builder.hpp
[1.359s] -- Up-to-date symlink: /home/user/ros2_ws/install/slam_toolbox/include/slam_toolbox/slam_toolbox/srv/detail/toggle_interactive__struct.hpp
[1.359s] -- Up-to-date symlink: /home/user/ros2_ws/install/slam_toolbox/include/slam_toolbox/slam_toolbox/srv/detail/toggle_interactive__traits.hpp
[1.359s] -- Up-to-date symlink: /home/user/ros2_ws/install/slam_toolbox/include/slam_toolbox/slam_toolbox/srv/loop_closure.hpp
[1.359s] -- Up-to-date symlink: /home/user/ros2_ws/install/slam_toolbox/include/slam_toolbox/slam_toolbox/srv/merge_maps.hpp
[1.359s] -- Up-to-date symlink: /home/user/ros2_ws/install/slam_toolbox/include/slam_toolbox/slam_toolbox/srv/pause.hpp
[1.359s] -- Up-to-date symlink: /home/user/ros2_ws/install/slam_toolbox/include/slam_toolbox/slam_toolbox/srv/save_map.hpp
[1.359s] -- Up-to-date symlink: /home/user/ros2_ws/install/slam_toolbox/include/slam_toolbox/slam_toolbox/srv/serialize_pose_graph.hpp
[1.359s] -- Up-to-date symlink: /home/user/ros2_ws/install/slam_toolbox/include/slam_toolbox/slam_toolbox/srv/toggle_interactive.hpp
[1.359s] -- Up-to-date symlink: /home/user/ros2_ws/install/slam_toolbox/include/slam_toolbox/slam_toolbox/msg/rosidl_typesupport_fastrtps_cpp__visibility_control.h
[1.359s] -- Up-to-date symlink: /home/user/ros2_ws/install/slam_toolbox/include/slam_toolbox/slam_toolbox/srv/detail/add_submap__rosidl_typesupport_fastrtps_cpp.hpp
[1.360s] -- Up-to-date symlink: /home/user/ros2_ws/install/slam_toolbox/include/slam_toolbox/slam_toolbox/srv/detail/clear__rosidl_typesupport_fastrtps_cpp.hpp
[1.360s] -- Up-to-date symlink: /home/user/ros2_ws/install/slam_toolbox/include/slam_toolbox/slam_toolbox/srv/detail/clear_queue__rosidl_typesupport_fastrtps_cpp.hpp
[1.360s] -- Up-to-date symlink: /home/user/ros2_ws/install/slam_toolbox/include/slam_toolbox/slam_toolbox/srv/detail/deserialize_pose_graph__rosidl_typesupport_fastrtps_cpp.hpp
[1.360s] -- Up-to-date symlink: /home/user/ros2_ws/install/slam_toolbox/include/slam_toolbox/slam_toolbox/srv/detail/loop_closure__rosidl_typesupport_fastrtps_cpp.hpp
[1.360s] -- Up-to-date symlink: /home/user/ros2_ws/install/slam_toolbox/include/slam_toolbox/slam_toolbox/srv/detail/merge_maps__rosidl_typesupport_fastrtps_cpp.hpp
[1.360s] -- Up-to-date symlink: /home/user/ros2_ws/install/slam_toolbox/include/slam_toolbox/slam_toolbox/srv/detail/pause__rosidl_typesupport_fastrtps_cpp.hpp
[1.360s] -- Up-to-date symlink: /home/user/ros2_ws/install/slam_toolbox/include/slam_toolbox/slam_toolbox/srv/detail/save_map__rosidl_typesupport_fastrtps_cpp.hpp
[1.360s] -- Up-to-date symlink: /home/user/ros2_ws/install/slam_toolbox/include/slam_toolbox/slam_toolbox/srv/detail/serialize_pose_graph__rosidl_typesupport_fastrtps_cpp.hpp
[1.360s] -- Up-to-date symlink: /home/user/ros2_ws/install/slam_toolbox/include/slam_toolbox/slam_toolbox/srv/detail/toggle_interactive__rosidl_typesupport_fastrtps_cpp.hpp
[1.360s] -- Up-to-date symlink: /home/user/ros2_ws/install/slam_toolbox/include/slam_toolbox/slam_toolbox/msg/rosidl_typesupport_introspection_c__visibility_control.h
[1.360s] -- Up-to-date symlink: /home/user/ros2_ws/install/slam_toolbox/include/slam_toolbox/slam_toolbox/srv/detail/add_submap__rosidl_typesupport_introspection_c.h
[1.360s] -- Up-to-date symlink: /home/user/ros2_ws/install/slam_toolbox/include/slam_toolbox/slam_toolbox/srv/detail/clear__rosidl_typesupport_introspection_c.h
[1.361s] -- Up-to-date symlink: /home/user/ros2_ws/install/slam_toolbox/include/slam_toolbox/slam_toolbox/srv/detail/clear_queue__rosidl_typesupport_introspection_c.h
[1.361s] -- Up-to-date symlink: /home/user/ros2_ws/install/slam_toolbox/include/slam_toolbox/slam_toolbox/srv/detail/deserialize_pose_graph__rosidl_typesupport_introspection_c.h
[1.361s] -- Up-to-date symlink: /home/user/ros2_ws/install/slam_toolbox/include/slam_toolbox/slam_toolbox/srv/detail/loop_closure__rosidl_typesupport_introspection_c.h
[1.361s] -- Up-to-date symlink: /home/user/ros2_ws/install/slam_toolbox/include/slam_toolbox/slam_toolbox/srv/detail/merge_maps__rosidl_typesupport_introspection_c.h
[1.361s] -- Up-to-date symlink: /home/user/ros2_ws/install/slam_toolbox/include/slam_toolbox/slam_toolbox/srv/detail/pause__rosidl_typesupport_introspection_c.h
[1.362s] -- Up-to-date symlink: /home/user/ros2_ws/install/slam_toolbox/include/slam_toolbox/slam_toolbox/srv/detail/save_map__rosidl_typesupport_introspection_c.h
[1.362s] -- Up-to-date symlink: /home/user/ros2_ws/install/slam_toolbox/include/slam_toolbox/slam_toolbox/srv/detail/serialize_pose_graph__rosidl_typesupport_introspection_c.h
[1.362s] -- Up-to-date symlink: /home/user/ros2_ws/install/slam_toolbox/include/slam_toolbox/slam_toolbox/srv/detail/toggle_interactive__rosidl_typesupport_introspection_c.h
[1.362s] -- Up-to-date symlink: /home/user/ros2_ws/install/slam_toolbox/include/slam_toolbox/slam_toolbox/srv/detail/add_submap__rosidl_typesupport_introspection_cpp.hpp
[1.362s] -- Up-to-date symlink: /home/user/ros2_ws/install/slam_toolbox/include/slam_toolbox/slam_toolbox/srv/detail/clear__rosidl_typesupport_introspection_cpp.hpp
[1.362s] -- Up-to-date symlink: /home/user/ros2_ws/install/slam_toolbox/include/slam_toolbox/slam_toolbox/srv/detail/clear_queue__rosidl_typesupport_introspection_cpp.hpp
[1.362s] -- Up-to-date symlink: /home/user/ros2_ws/install/slam_toolbox/include/slam_toolbox/slam_toolbox/srv/detail/deserialize_pose_graph__rosidl_typesupport_introspection_cpp.hpp
[1.362s] -- Up-to-date symlink: /home/user/ros2_ws/install/slam_toolbox/include/slam_toolbox/slam_toolbox/srv/detail/loop_closure__rosidl_typesupport_introspection_cpp.hpp
[1.362s] -- Up-to-date symlink: /home/user/ros2_ws/install/slam_toolbox/include/slam_toolbox/slam_toolbox/srv/detail/merge_maps__rosidl_typesupport_introspection_cpp.hpp
[1.362s] -- Up-to-date symlink: /home/user/ros2_ws/install/slam_toolbox/include/slam_toolbox/slam_toolbox/srv/detail/pause__rosidl_typesupport_introspection_cpp.hpp
[1.362s] -- Up-to-date symlink: /home/user/ros2_ws/install/slam_toolbox/include/slam_toolbox/slam_toolbox/srv/detail/save_map__rosidl_typesupport_introspection_cpp.hpp
[1.362s] -- Up-to-date symlink: /home/user/ros2_ws/install/slam_toolbox/include/slam_toolbox/slam_toolbox/srv/detail/serialize_pose_graph__rosidl_typesupport_introspection_cpp.hpp
[1.362s] -- Up-to-date symlink: /home/user/ros2_ws/install/slam_toolbox/include/slam_toolbox/slam_toolbox/srv/detail/toggle_interactive__rosidl_typesupport_introspection_cpp.hpp
[1.362s] -- Up-to-date symlink: /home/user/ros2_ws/install/slam_toolbox/share/slam_toolbox/environment/pythonpath.sh
[1.362s] -- Up-to-date symlink: /home/user/ros2_ws/install/slam_toolbox/share/slam_toolbox/environment/pythonpath.dsv
[1.362s] -- Up-to-date symlink: /home/user/ros2_ws/install/slam_toolbox/local/lib/python3.10/dist-packages/slam_toolbox-2.7.0-py3.10.egg-info/PKG-INFO
[1.362s] -- Up-to-date symlink: /home/user/ros2_ws/install/slam_toolbox/local/lib/python3.10/dist-packages/slam_toolbox-2.7.0-py3.10.egg-info/SOURCES.txt
[1.362s] -- Up-to-date symlink: /home/user/ros2_ws/install/slam_toolbox/local/lib/python3.10/dist-packages/slam_toolbox-2.7.0-py3.10.egg-info/dependency_links.txt
[1.362s] -- Up-to-date symlink: /home/user/ros2_ws/install/slam_toolbox/local/lib/python3.10/dist-packages/slam_toolbox-2.7.0-py3.10.egg-info/top_level.txt
[1.362s] -- Up-to-date symlink: /home/user/ros2_ws/install/slam_toolbox/local/lib/python3.10/dist-packages/slam_toolbox/__init__.py
[1.362s] -- Up-to-date symlink: /home/user/ros2_ws/install/slam_toolbox/local/lib/python3.10/dist-packages/slam_toolbox/_slam_toolbox_s.ep.rosidl_typesupport_c.c
[1.362s] -- Up-to-date symlink: /home/user/ros2_ws/install/slam_toolbox/local/lib/python3.10/dist-packages/slam_toolbox/_slam_toolbox_s.ep.rosidl_typesupport_fastrtps_c.c
[1.362s] -- Up-to-date symlink: /home/user/ros2_ws/install/slam_toolbox/local/lib/python3.10/dist-packages/slam_toolbox/_slam_toolbox_s.ep.rosidl_typesupport_introspection_c.c
[1.362s] -- Up-to-date symlink: /home/user/ros2_ws/install/slam_toolbox/local/lib/python3.10/dist-packages/slam_toolbox/libslam_toolbox__rosidl_generator_py.so
[1.362s] -- Up-to-date symlink: /home/user/ros2_ws/install/slam_toolbox/local/lib/python3.10/dist-packages/slam_toolbox/slam_toolbox_s__rosidl_typesupport_c.cpython-310-x86_64-linux-gnu.so
[1.362s] -- Up-to-date symlink: /home/user/ros2_ws/install/slam_toolbox/local/lib/python3.10/dist-packages/slam_toolbox/slam_toolbox_s__rosidl_typesupport_fastrtps_c.cpython-310-x86_64-linux-gnu.so
[1.362s] -- Up-to-date symlink: /home/user/ros2_ws/install/slam_toolbox/local/lib/python3.10/dist-packages/slam_toolbox/slam_toolbox_s__rosidl_typesupport_introspection_c.cpython-310-x86_64-linux-gnu.so
[1.362s] -- Up-to-date symlink: /home/user/ros2_ws/install/slam_toolbox/local/lib/python3.10/dist-packages/slam_toolbox/srv/__init__.py
[1.363s] -- Up-to-date symlink: /home/user/ros2_ws/install/slam_toolbox/local/lib/python3.10/dist-packages/slam_toolbox/srv/_add_submap.py
[1.363s] -- Up-to-date symlink: /home/user/ros2_ws/install/slam_toolbox/local/lib/python3.10/dist-packages/slam_toolbox/srv/_add_submap_s.c
[1.363s] -- Up-to-date symlink: /home/user/ros2_ws/install/slam_toolbox/local/lib/python3.10/dist-packages/slam_toolbox/srv/_clear.py
[1.363s] -- Up-to-date symlink: /home/user/ros2_ws/install/slam_toolbox/local/lib/python3.10/dist-packages/slam_toolbox/srv/_clear_queue.py
[1.363s] -- Up-to-date symlink: /home/user/ros2_ws/install/slam_toolbox/local/lib/python3.10/dist-packages/slam_toolbox/srv/_clear_queue_s.c
[1.363s] -- Up-to-date symlink: /home/user/ros2_ws/install/slam_toolbox/local/lib/python3.10/dist-packages/slam_toolbox/srv/_clear_s.c
[1.363s] -- Up-to-date symlink: /home/user/ros2_ws/install/slam_toolbox/local/lib/python3.10/dist-packages/slam_toolbox/srv/_deserialize_pose_graph.py
[1.363s] -- Up-to-date symlink: /home/user/ros2_ws/install/slam_toolbox/local/lib/python3.10/dist-packages/slam_toolbox/srv/_deserialize_pose_graph_s.c
[1.363s] -- Up-to-date symlink: /home/user/ros2_ws/install/slam_toolbox/local/lib/python3.10/dist-packages/slam_toolbox/srv/_loop_closure.py
[1.363s] -- Up-to-date symlink: /home/user/ros2_ws/install/slam_toolbox/local/lib/python3.10/dist-packages/slam_toolbox/srv/_loop_closure_s.c
[1.363s] -- Up-to-date symlink: /home/user/ros2_ws/install/slam_toolbox/local/lib/python3.10/dist-packages/slam_toolbox/srv/_merge_maps.py
[1.363s] -- Up-to-date symlink: /home/user/ros2_ws/install/slam_toolbox/local/lib/python3.10/dist-packages/slam_toolbox/srv/_merge_maps_s.c
[1.363s] -- Up-to-date symlink: /home/user/ros2_ws/install/slam_toolbox/local/lib/python3.10/dist-packages/slam_toolbox/srv/_pause.py
[1.363s] -- Up-to-date symlink: /home/user/ros2_ws/install/slam_toolbox/local/lib/python3.10/dist-packages/slam_toolbox/srv/_pause_s.c
[1.363s] -- Up-to-date symlink: /home/user/ros2_ws/install/slam_toolbox/local/lib/python3.10/dist-packages/slam_toolbox/srv/_save_map.py
[1.363s] -- Up-to-date symlink: /home/user/ros2_ws/install/slam_toolbox/local/lib/python3.10/dist-packages/slam_toolbox/srv/_save_map_s.c
[1.363s] -- Up-to-date symlink: /home/user/ros2_ws/install/slam_toolbox/local/lib/python3.10/dist-packages/slam_toolbox/srv/_serialize_pose_graph.py
[1.363s] -- Up-to-date symlink: /home/user/ros2_ws/install/slam_toolbox/local/lib/python3.10/dist-packages/slam_toolbox/srv/_serialize_pose_graph_s.c
[1.363s] -- Up-to-date symlink: /home/user/ros2_ws/install/slam_toolbox/local/lib/python3.10/dist-packages/slam_toolbox/srv/_toggle_interactive.py
[1.363s] -- Up-to-date symlink: /home/user/ros2_ws/install/slam_toolbox/local/lib/python3.10/dist-packages/slam_toolbox/srv/_toggle_interactive_s.c
[1.363s] -- Up-to-date symlink: /home/user/ros2_ws/install/slam_toolbox/local/lib/python3.10/dist-packages/slam_toolbox/slam_toolbox_s__rosidl_typesupport_fastrtps_c.cpython-310-x86_64-linux-gnu.so
[1.364s] -- Up-to-date symlink: /home/user/ros2_ws/install/slam_toolbox/local/lib/python3.10/dist-packages/slam_toolbox/slam_toolbox_s__rosidl_typesupport_introspection_c.cpython-310-x86_64-linux-gnu.so
[1.364s] -- Up-to-date symlink: /home/user/ros2_ws/install/slam_toolbox/local/lib/python3.10/dist-packages/slam_toolbox/slam_toolbox_s__rosidl_typesupport_c.cpython-310-x86_64-linux-gnu.so
[1.364s] -- Up-to-date symlink: /home/user/ros2_ws/install/slam_toolbox/share/slam_toolbox/srv/Pause.idl
[1.364s] -- Up-to-date symlink: /home/user/ros2_ws/install/slam_toolbox/share/slam_toolbox/srv/ClearQueue.idl
[1.364s] -- Up-to-date symlink: /home/user/ros2_ws/install/slam_toolbox/share/slam_toolbox/srv/ToggleInteractive.idl
[1.364s] -- Up-to-date symlink: /home/user/ros2_ws/install/slam_toolbox/share/slam_toolbox/srv/Clear.idl
[1.364s] -- Up-to-date symlink: /home/user/ros2_ws/install/slam_toolbox/share/slam_toolbox/srv/SaveMap.idl
[1.364s] -- Up-to-date symlink: /home/user/ros2_ws/install/slam_toolbox/share/slam_toolbox/srv/LoopClosure.idl
[1.364s] -- Up-to-date symlink: /home/user/ros2_ws/install/slam_toolbox/share/slam_toolbox/srv/MergeMaps.idl
[1.364s] -- Up-to-date symlink: /home/user/ros2_ws/install/slam_toolbox/share/slam_toolbox/srv/AddSubmap.idl
[1.364s] -- Up-to-date symlink: /home/user/ros2_ws/install/slam_toolbox/share/slam_toolbox/srv/DeserializePoseGraph.idl
[1.364s] -- Up-to-date symlink: /home/user/ros2_ws/install/slam_toolbox/share/slam_toolbox/srv/SerializePoseGraph.idl
[1.364s] -- Up-to-date symlink: /home/user/ros2_ws/install/slam_toolbox/share/slam_toolbox/srvs/Pause.srv
[1.364s] -- Up-to-date symlink: /home/user/ros2_ws/install/slam_toolbox/share/slam_toolbox/srvs/Pause_Request.msg
[1.364s] -- Up-to-date symlink: /home/user/ros2_ws/install/slam_toolbox/share/slam_toolbox/srvs/Pause_Response.msg
[1.364s] -- Up-to-date symlink: /home/user/ros2_ws/install/slam_toolbox/share/slam_toolbox/srvs/ClearQueue.srv
[1.364s] -- Up-to-date symlink: /home/user/ros2_ws/install/slam_toolbox/share/slam_toolbox/srvs/ClearQueue_Request.msg
[1.364s] -- Up-to-date symlink: /home/user/ros2_ws/install/slam_toolbox/share/slam_toolbox/srvs/ClearQueue_Response.msg
[1.364s] -- Up-to-date symlink: /home/user/ros2_ws/install/slam_toolbox/share/slam_toolbox/srvs/ToggleInteractive.srv
[1.364s] -- Up-to-date symlink: /home/user/ros2_ws/install/slam_toolbox/share/slam_toolbox/srvs/ToggleInteractive_Request.msg
[1.364s] -- Up-to-date symlink: /home/user/ros2_ws/install/slam_toolbox/share/slam_toolbox/srvs/ToggleInteractive_Response.msg
[1.364s] -- Up-to-date symlink: /home/user/ros2_ws/install/slam_toolbox/share/slam_toolbox/srvs/Clear.srv
[1.364s] -- Up-to-date symlink: /home/user/ros2_ws/install/slam_toolbox/share/slam_toolbox/srvs/Clear_Request.msg
[1.364s] -- Up-to-date symlink: /home/user/ros2_ws/install/slam_toolbox/share/slam_toolbox/srvs/Clear_Response.msg
[1.364s] -- Up-to-date symlink: /home/user/ros2_ws/install/slam_toolbox/share/slam_toolbox/srvs/SaveMap.srv
[1.364s] -- Up-to-date symlink: /home/user/ros2_ws/install/slam_toolbox/share/slam_toolbox/srvs/SaveMap_Request.msg
[1.364s] -- Up-to-date symlink: /home/user/ros2_ws/install/slam_toolbox/share/slam_toolbox/srvs/SaveMap_Response.msg
[1.364s] -- Up-to-date symlink: /home/user/ros2_ws/install/slam_toolbox/share/slam_toolbox/srvs/LoopClosure.srv
[1.364s] -- Up-to-date symlink: /home/user/ros2_ws/install/slam_toolbox/share/slam_toolbox/srvs/LoopClosure_Request.msg
[1.365s] -- Up-to-date symlink: /home/user/ros2_ws/install/slam_toolbox/share/slam_toolbox/srvs/LoopClosure_Response.msg
[1.365s] -- Up-to-date symlink: /home/user/ros2_ws/install/slam_toolbox/share/slam_toolbox/srvs/MergeMaps.srv
[1.365s] -- Up-to-date symlink: /home/user/ros2_ws/install/slam_toolbox/share/slam_toolbox/srvs/MergeMaps_Request.msg
[1.365s] -- Up-to-date symlink: /home/user/ros2_ws/install/slam_toolbox/share/slam_toolbox/srvs/MergeMaps_Response.msg
[1.365s] -- Up-to-date symlink: /home/user/ros2_ws/install/slam_toolbox/share/slam_toolbox/srvs/AddSubmap.srv
[1.365s] -- Up-to-date symlink: /home/user/ros2_ws/install/slam_toolbox/share/slam_toolbox/srvs/AddSubmap_Request.msg
[1.365s] -- Up-to-date symlink: /home/user/ros2_ws/install/slam_toolbox/share/slam_toolbox/srvs/AddSubmap_Response.msg
[1.365s] -- Up-to-date symlink: /home/user/ros2_ws/install/slam_toolbox/share/slam_toolbox/srvs/DeserializePoseGraph.srv
[1.365s] -- Up-to-date symlink: /home/user/ros2_ws/install/slam_toolbox/share/slam_toolbox/srvs/DeserializePoseGraph_Request.msg
[1.365s] -- Up-to-date symlink: /home/user/ros2_ws/install/slam_toolbox/share/slam_toolbox/srvs/DeserializePoseGraph_Response.msg
[1.365s] -- Up-to-date symlink: /home/user/ros2_ws/install/slam_toolbox/share/slam_toolbox/srvs/SerializePoseGraph.srv
[1.365s] -- Up-to-date symlink: /home/user/ros2_ws/install/slam_toolbox/share/slam_toolbox/srvs/SerializePoseGraph_Request.msg
[1.365s] -- Up-to-date symlink: /home/user/ros2_ws/install/slam_toolbox/share/slam_toolbox/srvs/SerializePoseGraph_Response.msg
[1.365s] -- Up-to-date symlink: /home/user/ros2_ws/install/slam_toolbox/share/slam_toolbox//rviz_plugins.xml
[1.365s] -- Up-to-date symlink: /home/user/ros2_ws/install/slam_toolbox/share/slam_toolbox//solver_plugins.xml
[1.365s] -- Up-to-date symlink: /home/user/ros2_ws/install/slam_toolbox/lib/slam_toolbox/async_slam_toolbox_node
[1.365s] -- Up-to-date symlink: /home/user/ros2_ws/install/slam_toolbox/lib/slam_toolbox/sync_slam_toolbox_node
[1.365s] -- Up-to-date symlink: /home/user/ros2_ws/install/slam_toolbox/lib/slam_toolbox/localization_slam_toolbox_node
[1.365s] -- Up-to-date symlink: /home/user/ros2_ws/install/slam_toolbox/lib/slam_toolbox/map_and_localization_slam_toolbox_node
[1.365s] -- Up-to-date symlink: /home/user/ros2_ws/install/slam_toolbox/lib/slam_toolbox/lifelong_slam_toolbox_node
[1.365s] -- Up-to-date symlink: /home/user/ros2_ws/install/slam_toolbox/lib/slam_toolbox/merge_maps_kinematic
[1.365s] -- Up-to-date symlink: /home/user/ros2_ws/install/slam_toolbox/lib/libtoolbox_common.so
[1.365s] -- Up-to-date symlink: /home/user/ros2_ws/install/slam_toolbox/lib/libSlamToolboxPlugin.so
[1.365s] -- Up-to-date symlink: /home/user/ros2_ws/install/slam_toolbox/lib/libceres_solver_plugin.so
[1.366s] -- Up-to-date symlink: /home/user/ros2_ws/install/slam_toolbox/lib/libasync_slam_toolbox.so
[1.366s] -- Up-to-date symlink: /home/user/ros2_ws/install/slam_toolbox/lib/libsync_slam_toolbox.so
[1.366s] -- Up-to-date symlink: /home/user/ros2_ws/install/slam_toolbox/lib/liblocalization_slam_toolbox.so
[1.366s] -- Up-to-date symlink: /home/user/ros2_ws/install/slam_toolbox/lib/liblifelong_slam_toolbox.so
[1.366s] -- Up-to-date symlink: /home/user/ros2_ws/install/slam_toolbox/lib/libmap_and_localization_slam_toolbox.so
[1.366s] -- Up-to-date symlink: /home/user/ros2_ws/install/slam_toolbox/lib/libkartoSlamToolbox.so
[1.366s] -- Up-to-date symlink: /home/user/ros2_ws/install/slam_toolbox/include/slam_toolbox/experimental/slam_toolbox_lifelong.hpp
[1.366s] -- Up-to-date symlink: /home/user/ros2_ws/install/slam_toolbox/include/slam_toolbox/experimental/slam_toolbox_map_and_localization.hpp
[1.366s] -- Up-to-date symlink: /home/user/ros2_ws/install/slam_toolbox/include/slam_toolbox/get_pose_helper.hpp
[1.366s] -- Up-to-date symlink: /home/user/ros2_ws/install/slam_toolbox/include/slam_toolbox/laser_utils.hpp
[1.366s] -- Up-to-date symlink: /home/user/ros2_ws/install/slam_toolbox/include/slam_toolbox/loop_closure_assistant.hpp
[1.366s] -- Up-to-date symlink: /home/user/ros2_ws/install/slam_toolbox/include/slam_toolbox/map_saver.hpp
[1.366s] -- Up-to-date symlink: /home/user/ros2_ws/install/slam_toolbox/include/slam_toolbox/merge_maps_kinematic.hpp
[1.366s] -- Up-to-date symlink: /home/user/ros2_ws/install/slam_toolbox/include/slam_toolbox/serialization.hpp
[1.366s] -- Up-to-date symlink: /home/user/ros2_ws/install/slam_toolbox/include/slam_toolbox/slam_mapper.hpp
[1.367s] -- Up-to-date symlink: /home/user/ros2_ws/install/slam_toolbox/include/slam_toolbox/slam_toolbox_async.hpp
[1.367s] -- Up-to-date symlink: /home/user/ros2_ws/install/slam_toolbox/include/slam_toolbox/slam_toolbox_common.hpp
[1.367s] -- Up-to-date symlink: /home/user/ros2_ws/install/slam_toolbox/include/slam_toolbox/slam_toolbox_localization.hpp
[1.367s] -- Up-to-date symlink: /home/user/ros2_ws/install/slam_toolbox/include/slam_toolbox/slam_toolbox_sync.hpp
[1.367s] -- Up-to-date symlink: /home/user/ros2_ws/install/slam_toolbox/include/slam_toolbox/snap_utils.hpp
[1.367s] -- Up-to-date symlink: /home/user/ros2_ws/install/slam_toolbox/include/slam_toolbox/toolbox_msgs.hpp
[1.367s] -- Up-to-date symlink: /home/user/ros2_ws/install/slam_toolbox/include/slam_toolbox/toolbox_types.hpp
[1.367s] -- Up-to-date symlink: /home/user/ros2_ws/install/slam_toolbox/include/slam_toolbox/visualization_utils.hpp
[1.367s] -- Up-to-date symlink: /home/user/ros2_ws/install/slam_toolbox/share/slam_toolbox/launch/localization_launch.py
[1.367s] -- Up-to-date symlink: /home/user/ros2_ws/install/slam_toolbox/share/slam_toolbox/launch/merge_maps_kinematic_launch.py
[1.367s] -- Up-to-date symlink: /home/user/ros2_ws/install/slam_toolbox/share/slam_toolbox/launch/offline_launch.py
[1.367s] -- Up-to-date symlink: /home/user/ros2_ws/install/slam_toolbox/share/slam_toolbox/launch/online_async_launch.py
[1.367s] -- Up-to-date symlink: /home/user/ros2_ws/install/slam_toolbox/share/slam_toolbox/launch/online_sync_launch.py
[1.367s] -- Up-to-date symlink: /home/user/ros2_ws/install/slam_toolbox/share/slam_toolbox/config/mapper_params_lifelong.yaml
[1.367s] -- Up-to-date symlink: /home/user/ros2_ws/install/slam_toolbox/share/slam_toolbox/config/mapper_params_localization.yaml
[1.367s] -- Up-to-date symlink: /home/user/ros2_ws/install/slam_toolbox/share/slam_toolbox/config/mapper_params_offline.yaml
[1.367s] -- Up-to-date symlink: /home/user/ros2_ws/install/slam_toolbox/share/slam_toolbox/config/mapper_params_online_async.yaml
[1.367s] -- Up-to-date symlink: /home/user/ros2_ws/install/slam_toolbox/share/slam_toolbox/config/mapper_params_online_sync.yaml
[1.368s] -- Up-to-date symlink: /home/user/ros2_ws/install/slam_toolbox/share/slam_toolbox/config/slam_toolbox_default.rviz
[1.368s] -- Up-to-date symlink: /home/user/ros2_ws/install/slam_toolbox/share/solver_plugins.xml
[1.368s] -- Up-to-date symlink: /home/user/ros2_ws/install/slam_toolbox/share/rviz_plugins.xml
[1.368s] -- Up-to-date symlink: /home/user/ros2_ws/install/slam_toolbox/share/ament_index/resource_index/package_run_dependencies/slam_toolbox
[1.368s] -- Up-to-date symlink: /home/user/ros2_ws/install/slam_toolbox/share/ament_index/resource_index/parent_prefix_path/slam_toolbox
[1.368s] -- Up-to-date symlink: /home/user/ros2_ws/install/slam_toolbox/share/slam_toolbox/environment/ament_prefix_path.sh
[1.368s] -- Up-to-date symlink: /home/user/ros2_ws/install/slam_toolbox/share/slam_toolbox/environment/ament_prefix_path.dsv
[1.368s] -- Up-to-date symlink: /home/user/ros2_ws/install/slam_toolbox/share/slam_toolbox/environment/path.sh
[1.368s] -- Up-to-date symlink: /home/user/ros2_ws/install/slam_toolbox/share/slam_toolbox/environment/path.dsv
[1.368s] -- Up-to-date symlink: /home/user/ros2_ws/install/slam_toolbox/share/slam_toolbox/local_setup.bash
[1.368s] -- Up-to-date symlink: /home/user/ros2_ws/install/slam_toolbox/share/slam_toolbox/local_setup.sh
[1.368s] -- Up-to-date symlink: /home/user/ros2_ws/install/slam_toolbox/share/slam_toolbox/local_setup.zsh
[1.369s] -- Up-to-date symlink: /home/user/ros2_ws/install/slam_toolbox/share/slam_toolbox/local_setup.dsv
[1.369s] -- Symlinking: /home/user/ros2_ws/install/slam_toolbox/share/slam_toolbox/package.dsv
[1.380s] -- Up-to-date symlink: /home/user/ros2_ws/install/slam_toolbox/share/ament_index/resource_index/packages/slam_toolbox
[1.380s] -- Up-to-date symlink: /home/user/ros2_ws/install/slam_toolbox/share/ament_index/resource_index/rviz_common__pluginlib__plugin/slam_toolbox
[1.380s] -- Up-to-date symlink: /home/user/ros2_ws/install/slam_toolbox/share/ament_index/resource_index/slam_toolbox__pluginlib__plugin/slam_toolbox
[1.380s] -- Up-to-date symlink: /home/user/ros2_ws/install/slam_toolbox/share/ament_index/resource_index/rclcpp_components/slam_toolbox
[1.380s] -- Up-to-date symlink: /home/user/ros2_ws/install/slam_toolbox/share/slam_toolbox/cmake/rosidl_cmake-extras.cmake
[1.380s] -- Up-to-date symlink: /home/user/ros2_ws/install/slam_toolbox/share/slam_toolbox/cmake/ament_cmake_export_dependencies-extras.cmake
[1.381s] -- Up-to-date symlink: /home/user/ros2_ws/install/slam_toolbox/share/slam_toolbox/cmake/ament_cmake_export_include_directories-extras.cmake
[1.381s] -- Up-to-date symlink: /home/user/ros2_ws/install/slam_toolbox/share/slam_toolbox/cmake/ament_cmake_export_libraries-extras.cmake
[1.381s] -- Up-to-date symlink: /home/user/ros2_ws/install/slam_toolbox/share/slam_toolbox/cmake/ament_cmake_export_targets-extras.cmake
[1.381s] -- Up-to-date symlink: /home/user/ros2_ws/install/slam_toolbox/share/slam_toolbox/cmake/rosidl_cmake_export_typesupport_targets-extras.cmake
[1.381s] -- Up-to-date symlink: /home/user/ros2_ws/install/slam_toolbox/share/slam_toolbox/cmake/rosidl_cmake_export_typesupport_libraries-extras.cmake
[1.381s] -- Up-to-date symlink: /home/user/ros2_ws/install/slam_toolbox/share/slam_toolbox/cmake/slam_toolboxConfig.cmake
[1.381s] -- Up-to-date symlink: /home/user/ros2_ws/install/slam_toolbox/share/slam_toolbox/cmake/slam_toolboxConfig-version.cmake
[1.381s] -- Up-to-date symlink: /home/user/ros2_ws/install/slam_toolbox/share/slam_toolbox/package.xml
[1.381s] -- Up-to-date: /home/user/ros2_ws/install/slam_toolbox/lib/libslam_toolbox__rosidl_generator_c.so
[1.381s] -- Up-to-date: /home/user/ros2_ws/install/slam_toolbox/lib/libslam_toolbox__rosidl_typesupport_fastrtps_c.so
[1.381s] -- Up-to-date: /home/user/ros2_ws/install/slam_toolbox/lib/libslam_toolbox__rosidl_typesupport_fastrtps_cpp.so
[1.381s] -- Up-to-date: /home/user/ros2_ws/install/slam_toolbox/lib/libslam_toolbox__rosidl_typesupport_introspection_c.so
[1.381s] -- Up-to-date: /home/user/ros2_ws/install/slam_toolbox/lib/libslam_toolbox__rosidl_typesupport_c.so
[1.381s] -- Up-to-date: /home/user/ros2_ws/install/slam_toolbox/lib/libslam_toolbox__rosidl_typesupport_introspection_cpp.so
[1.382s] -- Up-to-date: /home/user/ros2_ws/install/slam_toolbox/lib/libslam_toolbox__rosidl_typesupport_cpp.so
[1.408s] Listing '/home/user/ros2_ws/install/slam_toolbox/local/lib/python3.10/dist-packages/slam_toolbox'...
[1.408s] Listing '/home/user/ros2_ws/install/slam_toolbox/local/lib/python3.10/dist-packages/slam_toolbox/srv'...
[1.411s] -- Up-to-date: /home/user/ros2_ws/install/slam_toolbox/lib/libslam_toolbox__rosidl_generator_py.so
[1.411s] -- Up-to-date: /home/user/ros2_ws/install/slam_toolbox/share/slam_toolbox/cmake/export_slam_toolbox__rosidl_generator_cExport.cmake
[1.411s] -- Up-to-date: /home/user/ros2_ws/install/slam_toolbox/share/slam_toolbox/cmake/export_slam_toolbox__rosidl_generator_cExport-release.cmake
[1.411s] -- Up-to-date: /home/user/ros2_ws/install/slam_toolbox/share/slam_toolbox/cmake/export_slam_toolbox__rosidl_typesupport_fastrtps_cExport.cmake
[1.411s] -- Up-to-date: /home/user/ros2_ws/install/slam_toolbox/share/slam_toolbox/cmake/export_slam_toolbox__rosidl_typesupport_fastrtps_cExport-release.cmake
[1.411s] -- Up-to-date: /home/user/ros2_ws/install/slam_toolbox/share/slam_toolbox/cmake/export_slam_toolbox__rosidl_generator_cppExport.cmake
[1.411s] -- Up-to-date: /home/user/ros2_ws/install/slam_toolbox/share/slam_toolbox/cmake/export_slam_toolbox__rosidl_typesupport_fastrtps_cppExport.cmake
[1.411s] -- Up-to-date: /home/user/ros2_ws/install/slam_toolbox/share/slam_toolbox/cmake/export_slam_toolbox__rosidl_typesupport_fastrtps_cppExport-release.cmake
[1.411s] -- Up-to-date: /home/user/ros2_ws/install/slam_toolbox/share/slam_toolbox/cmake/slam_toolbox__rosidl_typesupport_introspection_cExport.cmake
[1.411s] -- Up-to-date: /home/user/ros2_ws/install/slam_toolbox/share/slam_toolbox/cmake/slam_toolbox__rosidl_typesupport_introspection_cExport-release.cmake
[1.412s] -- Up-to-date: /home/user/ros2_ws/install/slam_toolbox/share/slam_toolbox/cmake/slam_toolbox__rosidl_typesupport_cExport.cmake
[1.412s] -- Up-to-date: /home/user/ros2_ws/install/slam_toolbox/share/slam_toolbox/cmake/slam_toolbox__rosidl_typesupport_cExport-release.cmake
[1.412s] -- Up-to-date: /home/user/ros2_ws/install/slam_toolbox/share/slam_toolbox/cmake/slam_toolbox__rosidl_typesupport_introspection_cppExport.cmake
[1.412s] -- Up-to-date: /home/user/ros2_ws/install/slam_toolbox/share/slam_toolbox/cmake/slam_toolbox__rosidl_typesupport_introspection_cppExport-release.cmake
[1.412s] -- Up-to-date: /home/user/ros2_ws/install/slam_toolbox/share/slam_toolbox/cmake/slam_toolbox__rosidl_typesupport_cppExport.cmake
[1.412s] -- Up-to-date: /home/user/ros2_ws/install/slam_toolbox/share/slam_toolbox/cmake/slam_toolbox__rosidl_typesupport_cppExport-release.cmake
[1.412s] -- Up-to-date: /home/user/ros2_ws/install/slam_toolbox/share/slam_toolbox/cmake/export_slam_toolbox__rosidl_generator_pyExport.cmake
[1.412s] -- Up-to-date: /home/user/ros2_ws/install/slam_toolbox/share/slam_toolbox/cmake/export_slam_toolbox__rosidl_generator_pyExport-release.cmake
[1.412s] -- Up-to-date: /home/user/ros2_ws/install/slam_toolbox/share/slam_toolbox/cmake/SlamToolboxPluginExport.cmake
[1.412s] -- Up-to-date: /home/user/ros2_ws/install/slam_toolbox/share/slam_toolbox/cmake/SlamToolboxPluginExport-release.cmake
[1.414s] Invoked command in '/home/user/ros2_ws/build/slam_toolbox' returned '0': CMAKE_PREFIX_PATH=/home/user/ros2_ws/install/nav2_map_server:/home/user/ros2_ws/install/nav2_util:/home/user/ros2_ws/install/nav2_msgs:/home/user/ros2_ws/install/nav2_common:/home/user/ros2_ws/install/rtabmap_ros:/home/user/ros2_ws/install/rtabmap_demos:/home/user/ros2_ws/install/nav2_system_tests:/home/user/ros2_ws/install/nav2_bringup:/home/user/ros2_ws/install/slam_toolbox:/home/user/ros2_ws/install/slam_gmapping:/home/user/ros2_ws/install/serial:/home/user/ros2_ws/install/imu_tools:/home/user/ros2_ws/install/rviz_imu_plugin:/home/user/ros2_ws/install/rtabmap_launch:/home/user/ros2_ws/install/rtabmap_examples:/home/user/ros2_ws/install/rtabmap_viz:/home/user/ros2_ws/install/rtabmap_slam:/home/user/ros2_ws/install/rtabmap_odom:/home/user/ros2_ws/install/rtabmap_util:/home/user/ros2_ws/install/rtabmap_sync:/home/user/ros2_ws/install/rtabmap_rviz_plugins:/home/user/ros2_ws/install/rtabmap_conversions:/home/user/ros2_ws/install/rtabmap_python:/home/user/ros2_ws/install/nav2_simple_commander:/opt/ros/humble:/home/user/ros2_ws/install/rtabmap_msgs:/home/user/ros2_ws/install/rtabmap:/home/user/ros2_ws/install/roboteq_ros2_driver:/home/user/ros2_ws/install/realsense2_description:/home/user/ros2_ws/install/realsense2_camera:/home/user/ros2_ws/install/realsense2_camera_msgs:/home/user/ros2_ws/install/openslam_gmapping:/home/user/ros2_ws/install/navigation2:/home/user/ros2_ws/install/nav2_smoother:/home/user/ros2_ws/install/nav2_graceful_controller:/home/user/ros2_ws/install/nav2_dwb_controller:/home/user/ros2_ws/install/nav2_controller:/home/user/ros2_ws/install/dwb_plugins:/home/user/ros2_ws/install/dwb_critics:/home/user/ros2_ws/install/dwb_core:/home/user/ros2_ws/install/nav_2d_utils:/home/user/ros2_ws/install/dwb_msgs:/home/user/ros2_ws/install/nav_2d_msgs:/home/user/ros2_ws/install/nav2_waypoint_follower:/home/user/ros2_ws/install/nav2_theta_star_planner:/home/user/ros2_ws/install/nav2_smac_planner:/home/user/ros2_ws/install/nav2_rotation_shim_controller:/home/user/ros2_ws/install/nav2_regulated_pure_pursuit_controller:/home/user/ros2_ws/install/nav2_planner:/home/user/ros2_ws/install/nav2_navfn_planner:/home/user/ros2_ws/install/nav2_mppi_controller:/home/user/ros2_ws/install/nav2_constrained_smoother:/home/user/ros2_ws/install/nav2_bt_navigator:/home/user/ros2_ws/install/nav2_behaviors:/home/user/ros2_ws/install/nav2_core:/home/user/ros2_ws/install/nav2_collision_monitor:/home/user/ros2_ws/install/costmap_queue:/home/user/ros2_ws/install/nav2_costmap_2d:/home/user/ros2_ws/install/nav2_voxel_grid:/home/user/ros2_ws/install/nav2_velocity_smoother:/home/user/ros2_ws/install/nav2_rviz_plugins:/home/user/ros2_ws/install/nav2_lifecycle_manager:/home/user/ros2_ws/install/nav2_behavior_tree:/home/user/ros2_ws/install/nav2_amcl:/home/user/ros2_ws/install/lslidar_driver:/home/user/ros2_ws/install/lslidar_msgs:/home/user/ros2_ws/install/imu_filter_madgwick:/home/user/ros2_ws/install/imu_complementary_filter:/home/user/ros2_ws/install/amr_bot LD_LIBRARY_PATH=/home/user/ros2_ws/install/nav2_map_server/lib:/home/user/ros2_ws/install/nav2_util/lib:/home/user/ros2_ws/install/nav2_msgs/lib:/home/user/ros2_ws/install/slam_toolbox/lib:/home/user/ros2_ws/install/serial/lib:/home/user/ros2_ws/install/rviz_imu_plugin/lib:/home/user/ros2_ws/install/rtabmap_slam/lib:/home/user/ros2_ws/install/rtabmap_odom/lib:/home/user/ros2_ws/install/rtabmap_util/lib:/home/user/ros2_ws/install/rtabmap_sync/lib:/home/user/ros2_ws/install/rtabmap_rviz_plugins/lib:/home/user/ros2_ws/install/rtabmap_conversions/lib:/home/user/ros2_ws/install/rtabmap_msgs/lib:/home/user/ros2_ws/install/rtabmap/lib:/home/user/ros2_ws/install/realsense2_camera/lib:/home/user/ros2_ws/install/realsense2_camera_msgs/lib:/home/user/ros2_ws/install/openslam_gmapping/lib:/home/user/ros2_ws/install/nav2_smoother/lib:/home/user/ros2_ws/install/nav2_graceful_controller/lib:/home/user/ros2_ws/install/nav2_controller/lib:/home/user/ros2_ws/install/dwb_plugins/lib:/home/user/ros2_ws/install/dwb_critics/lib:/home/user/ros2_ws/install/dwb_core/lib:/home/user/ros2_ws/install/nav_2d_utils/lib:/home/user/ros2_ws/install/dwb_msgs/lib:/home/user/ros2_ws/install/nav_2d_msgs/lib:/home/user/ros2_ws/install/nav2_waypoint_follower/lib:/home/user/ros2_ws/install/nav2_theta_star_planner/lib:/home/user/ros2_ws/install/nav2_smac_planner/lib:/home/user/ros2_ws/install/nav2_rotation_shim_controller/lib:/home/user/ros2_ws/install/nav2_regulated_pure_pursuit_controller/lib:/home/user/ros2_ws/install/nav2_planner/lib:/home/user/ros2_ws/install/nav2_navfn_planner/lib:/home/user/ros2_ws/install/nav2_mppi_controller/lib:/home/user/ros2_ws/install/nav2_constrained_smoother/lib:/home/user/ros2_ws/install/nav2_bt_navigator/lib:/home/user/ros2_ws/install/nav2_behaviors/lib:/home/user/ros2_ws/install/nav2_collision_monitor/lib:/home/user/ros2_ws/install/costmap_queue/lib:/home/user/ros2_ws/install/nav2_costmap_2d/lib:/home/user/ros2_ws/install/nav2_voxel_grid/lib:/home/user/ros2_ws/install/nav2_velocity_smoother/lib:/home/user/ros2_ws/install/nav2_rviz_plugins/lib:/home/user/ros2_ws/install/nav2_lifecycle_manager/lib:/home/user/ros2_ws/install/nav2_behavior_tree/lib:/home/user/ros2_ws/install/nav2_amcl/lib:/home/user/ros2_ws/install/lslidar_msgs/lib:/home/user/ros2_ws/install/imu_filter_madgwick/lib:/home/user/ros2_ws/install/imu_complementary_filter/lib:/usr/lib/x86_64-linux-gnu/gazebo-11/plugins:/opt/ros/humble/opt/rviz_ogre_vendor/lib:/opt/ros/humble/lib/x86_64-linux-gnu:/opt/ros/humble/lib /usr/bin/cmake --install /home/user/ros2_ws/build/slam_toolbox
