[0.034s] Invoking command in '/home/user/ros2_ws/build/serial': CMAKE_PREFIX_PATH=/home/user/ros2_ws/install/slam_toolbox:/home/user/ros2_ws/install/slam_gmapping:/home/user/ros2_ws/install/serial:/home/user/ros2_ws/install/imu_tools:/home/user/ros2_ws/install/rviz_imu_plugin:/home/user/ros2_ws/install/rtabmap_ros:/home/user/ros2_ws/install/rtabmap_launch:/home/user/ros2_ws/install/rtabmap_examples:/home/user/ros2_ws/install/rtabmap_demos:/home/user/ros2_ws/install/rtabmap_viz:/home/user/ros2_ws/install/rtabmap_slam:/home/user/ros2_ws/install/rtabmap_odom:/home/user/ros2_ws/install/rtabmap_util:/home/user/ros2_ws/install/rtabmap_sync:/home/user/ros2_ws/install/rtabmap_rviz_plugins:/home/user/ros2_ws/install/rtabmap_conversions:/home/user/ros2_ws/install/rtabmap_python:/opt/ros/humble:/home/user/ros2_ws/install/rtabmap_msgs:/home/user/ros2_ws/install/rtabmap:/home/user/ros2_ws/install/roboteq_ros2_driver:/home/user/ros2_ws/install/realsense2_description:/home/user/ros2_ws/install/realsense2_camera:/home/user/ros2_ws/install/realsense2_camera_msgs:/home/user/ros2_ws/install/openslam_gmapping:/home/user/ros2_ws/install/lslidar_driver:/home/user/ros2_ws/install/lslidar_msgs:/home/user/ros2_ws/install/imu_filter_madgwick:/home/user/ros2_ws/install/imu_complementary_filter:/home/user/ros2_ws/install/amr_bot /usr/bin/cmake --build /home/user/ros2_ws/build/serial
[0.067s] [100%] Built target serial
[0.076s] Invoked command in '/home/user/ros2_ws/build/serial' returned '0': CMAKE_PREFIX_PATH=/home/user/ros2_ws/install/slam_toolbox:/home/user/ros2_ws/install/slam_gmapping:/home/user/ros2_ws/install/serial:/home/user/ros2_ws/install/imu_tools:/home/user/ros2_ws/install/rviz_imu_plugin:/home/user/ros2_ws/install/rtabmap_ros:/home/user/ros2_ws/install/rtabmap_launch:/home/user/ros2_ws/install/rtabmap_examples:/home/user/ros2_ws/install/rtabmap_demos:/home/user/ros2_ws/install/rtabmap_viz:/home/user/ros2_ws/install/rtabmap_slam:/home/user/ros2_ws/install/rtabmap_odom:/home/user/ros2_ws/install/rtabmap_util:/home/user/ros2_ws/install/rtabmap_sync:/home/user/ros2_ws/install/rtabmap_rviz_plugins:/home/user/ros2_ws/install/rtabmap_conversions:/home/user/ros2_ws/install/rtabmap_python:/opt/ros/humble:/home/user/ros2_ws/install/rtabmap_msgs:/home/user/ros2_ws/install/rtabmap:/home/user/ros2_ws/install/roboteq_ros2_driver:/home/user/ros2_ws/install/realsense2_description:/home/user/ros2_ws/install/realsense2_camera:/home/user/ros2_ws/install/realsense2_camera_msgs:/home/user/ros2_ws/install/openslam_gmapping:/home/user/ros2_ws/install/lslidar_driver:/home/user/ros2_ws/install/lslidar_msgs:/home/user/ros2_ws/install/imu_filter_madgwick:/home/user/ros2_ws/install/imu_complementary_filter:/home/user/ros2_ws/install/amr_bot /usr/bin/cmake --build /home/user/ros2_ws/build/serial
[0.099s] Invoking command in '/home/user/ros2_ws/build/serial': CMAKE_PREFIX_PATH=/home/user/ros2_ws/install/slam_toolbox:/home/user/ros2_ws/install/slam_gmapping:/home/user/ros2_ws/install/serial:/home/user/ros2_ws/install/imu_tools:/home/user/ros2_ws/install/rviz_imu_plugin:/home/user/ros2_ws/install/rtabmap_ros:/home/user/ros2_ws/install/rtabmap_launch:/home/user/ros2_ws/install/rtabmap_examples:/home/user/ros2_ws/install/rtabmap_demos:/home/user/ros2_ws/install/rtabmap_viz:/home/user/ros2_ws/install/rtabmap_slam:/home/user/ros2_ws/install/rtabmap_odom:/home/user/ros2_ws/install/rtabmap_util:/home/user/ros2_ws/install/rtabmap_sync:/home/user/ros2_ws/install/rtabmap_rviz_plugins:/home/user/ros2_ws/install/rtabmap_conversions:/home/user/ros2_ws/install/rtabmap_python:/opt/ros/humble:/home/user/ros2_ws/install/rtabmap_msgs:/home/user/ros2_ws/install/rtabmap:/home/user/ros2_ws/install/roboteq_ros2_driver:/home/user/ros2_ws/install/realsense2_description:/home/user/ros2_ws/install/realsense2_camera:/home/user/ros2_ws/install/realsense2_camera_msgs:/home/user/ros2_ws/install/openslam_gmapping:/home/user/ros2_ws/install/lslidar_driver:/home/user/ros2_ws/install/lslidar_msgs:/home/user/ros2_ws/install/imu_filter_madgwick:/home/user/ros2_ws/install/imu_complementary_filter:/home/user/ros2_ws/install/amr_bot /usr/bin/cmake --install /home/user/ros2_ws/build/serial
[0.105s] -- Install configuration: "Release"
[0.105s] -- Execute custom install script
[0.105s] -- Up-to-date symlink: /home/user/ros2_ws/install/serial/share/serial/environment/library_path.sh
[0.105s] -- Up-to-date symlink: /home/user/ros2_ws/install/serial/share/serial/environment/library_path.dsv
[0.105s] -- Up-to-date symlink: /home/user/ros2_ws/install/serial/lib/libserial.a
[0.105s] -- Up-to-date symlink: /home/user/ros2_ws/install/serial/include/serial/serial.h
[0.105s] -- Up-to-date symlink: /home/user/ros2_ws/install/serial/include/serial/v8stdint.h
[0.105s] -- Up-to-date symlink: /home/user/ros2_ws/install/serial/share/ament_index/resource_index/package_run_dependencies/serial
[0.106s] -- Up-to-date symlink: /home/user/ros2_ws/install/serial/share/ament_index/resource_index/parent_prefix_path/serial
[0.106s] -- Up-to-date symlink: /home/user/ros2_ws/install/serial/share/serial/environment/ament_prefix_path.sh
[0.106s] -- Up-to-date symlink: /home/user/ros2_ws/install/serial/share/serial/environment/ament_prefix_path.dsv
[0.106s] -- Up-to-date symlink: /home/user/ros2_ws/install/serial/share/serial/environment/path.sh
[0.106s] -- Up-to-date symlink: /home/user/ros2_ws/install/serial/share/serial/environment/path.dsv
[0.106s] -- Up-to-date symlink: /home/user/ros2_ws/install/serial/share/serial/local_setup.bash
[0.106s] -- Up-to-date symlink: /home/user/ros2_ws/install/serial/share/serial/local_setup.sh
[0.106s] -- Up-to-date symlink: /home/user/ros2_ws/install/serial/share/serial/local_setup.zsh
[0.106s] -- Up-to-date symlink: /home/user/ros2_ws/install/serial/share/serial/local_setup.dsv
[0.106s] -- Symlinking: /home/user/ros2_ws/install/serial/share/serial/package.dsv
[0.113s] -- Up-to-date symlink: /home/user/ros2_ws/install/serial/share/ament_index/resource_index/packages/serial
[0.113s] -- Up-to-date symlink: /home/user/ros2_ws/install/serial/share/serial/cmake/ament_cmake_export_include_directories-extras.cmake
[0.113s] -- Up-to-date symlink: /home/user/ros2_ws/install/serial/share/serial/cmake/ament_cmake_export_libraries-extras.cmake
[0.113s] -- Up-to-date symlink: /home/user/ros2_ws/install/serial/share/serial/cmake/serialConfig.cmake
[0.113s] -- Up-to-date symlink: /home/user/ros2_ws/install/serial/share/serial/cmake/serialConfig-version.cmake
[0.114s] -- Up-to-date symlink: /home/user/ros2_ws/install/serial/share/serial/package.xml
[0.115s] Invoked command in '/home/user/ros2_ws/build/serial' returned '0': CMAKE_PREFIX_PATH=/home/user/ros2_ws/install/slam_toolbox:/home/user/ros2_ws/install/slam_gmapping:/home/user/ros2_ws/install/serial:/home/user/ros2_ws/install/imu_tools:/home/user/ros2_ws/install/rviz_imu_plugin:/home/user/ros2_ws/install/rtabmap_ros:/home/user/ros2_ws/install/rtabmap_launch:/home/user/ros2_ws/install/rtabmap_examples:/home/user/ros2_ws/install/rtabmap_demos:/home/user/ros2_ws/install/rtabmap_viz:/home/user/ros2_ws/install/rtabmap_slam:/home/user/ros2_ws/install/rtabmap_odom:/home/user/ros2_ws/install/rtabmap_util:/home/user/ros2_ws/install/rtabmap_sync:/home/user/ros2_ws/install/rtabmap_rviz_plugins:/home/user/ros2_ws/install/rtabmap_conversions:/home/user/ros2_ws/install/rtabmap_python:/opt/ros/humble:/home/user/ros2_ws/install/rtabmap_msgs:/home/user/ros2_ws/install/rtabmap:/home/user/ros2_ws/install/roboteq_ros2_driver:/home/user/ros2_ws/install/realsense2_description:/home/user/ros2_ws/install/realsense2_camera:/home/user/ros2_ws/install/realsense2_camera_msgs:/home/user/ros2_ws/install/openslam_gmapping:/home/user/ros2_ws/install/lslidar_driver:/home/user/ros2_ws/install/lslidar_msgs:/home/user/ros2_ws/install/imu_filter_madgwick:/home/user/ros2_ws/install/imu_complementary_filter:/home/user/ros2_ws/install/amr_bot /usr/bin/cmake --install /home/user/ros2_ws/build/serial
