[0.044s] Invoking command in '/home/user/ros2_ws/build/nav2_controller': AMENT_PREFIX_PATH=/home/user/ros2_ws/install/nav2_core:/home/user/ros2_ws/install/nav2_costmap_2d:/home/user/ros2_ws/install/nav_2d_utils:/home/user/ros2_ws/install/nav2_util:/home/user/ros2_ws/install/nav2_voxel_grid:/home/user/ros2_ws/install/nav2_msgs:/home/user/ros2_ws/install/nav_2d_msgs:/home/user/ros2_ws/install/nav2_common:${AMENT_PREFIX_PATH} CMAKE_PREFIX_PATH=/home/user/ros2_ws/install/nav2_core:/home/user/ros2_ws/install/nav2_costmap_2d:/home/user/ros2_ws/install/nav_2d_utils:/home/user/ros2_ws/install/nav2_util:/home/user/ros2_ws/install/nav2_voxel_grid:/home/user/ros2_ws/install/nav2_msgs:/home/user/ros2_ws/install/nav_2d_msgs:/home/user/ros2_ws/install/nav2_common:/home/user/ros2_ws/install/slam_toolbox:/home/user/ros2_ws/install/slam_gmapping:/home/user/ros2_ws/install/serial:/home/user/ros2_ws/install/imu_tools:/home/user/ros2_ws/install/rviz_imu_plugin:/home/user/ros2_ws/install/rtabmap_ros:/home/user/ros2_ws/install/rtabmap_launch:/home/user/ros2_ws/install/rtabmap_examples:/home/user/ros2_ws/install/rtabmap_demos:/home/user/ros2_ws/install/rtabmap_viz:/home/user/ros2_ws/install/rtabmap_slam:/home/user/ros2_ws/install/rtabmap_odom:/home/user/ros2_ws/install/rtabmap_util:/home/user/ros2_ws/install/rtabmap_sync:/home/user/ros2_ws/install/rtabmap_rviz_plugins:/home/user/ros2_ws/install/rtabmap_conversions:/home/user/ros2_ws/install/rtabmap_python:/opt/ros/humble:/home/user/ros2_ws/install/rtabmap_msgs:/home/user/ros2_ws/install/rtabmap:/home/user/ros2_ws/install/roboteq_ros2_driver:/home/user/ros2_ws/install/realsense2_description:/home/user/ros2_ws/install/realsense2_camera:/home/user/ros2_ws/install/realsense2_camera_msgs:/home/user/ros2_ws/install/openslam_gmapping:/home/user/ros2_ws/install/lslidar_driver:/home/user/ros2_ws/install/lslidar_msgs:/home/user/ros2_ws/install/imu_filter_madgwick:/home/user/ros2_ws/install/imu_complementary_filter:/home/user/ros2_ws/install/amr_bot LD_LIBRARY_PATH=/home/user/ros2_ws/install/nav2_costmap_2d/lib:/home/user/ros2_ws/install/nav_2d_utils/lib:/home/user/ros2_ws/install/nav2_util/lib:/home/user/ros2_ws/install/nav2_voxel_grid/lib:/home/user/ros2_ws/install/nav2_msgs/lib:/home/user/ros2_ws/install/nav_2d_msgs/lib:${LD_LIBRARY_PATH} PYTHONPATH=/home/user/ros2_ws/install/nav2_msgs/local/lib/python3.10/dist-packages:/home/user/ros2_ws/install/nav_2d_msgs/local/lib/python3.10/dist-packages:/home/user/ros2_ws/install/nav2_common/local/lib/python3.10/dist-packages:${PYTHONPATH} /usr/bin/cmake --build /home/user/ros2_ws/build/nav2_controller
[0.073s] [35m[1mConsolidate compiler generated dependencies of target controller_server_core[0m
[0.086s] [  9%] Built target controller_server_core
[0.094s] [35m[1mConsolidate compiler generated dependencies of target controller_server[0m
[0.107s] [ 18%] Built target controller_server
[0.116s] [35m[1mConsolidate compiler generated dependencies of target simple_progress_checker[0m
[0.130s] [ 27%] Built target simple_progress_checker
[0.138s] [35m[1mConsolidate compiler generated dependencies of target pose_progress_checker[0m
[0.151s] [ 36%] Built target pose_progress_checker
[0.160s] [35m[1mConsolidate compiler generated dependencies of target simple_goal_checker[0m
[0.173s] [ 45%] Built target simple_goal_checker
[0.181s] [35m[1mConsolidate compiler generated dependencies of target stopped_goal_checker[0m
[0.194s] [ 54%] Built target stopped_goal_checker
[0.201s] [35m[1mConsolidate compiler generated dependencies of target gtest_main[0m
[0.210s] [ 63%] Built target gtest_main
[0.217s] [35m[1mConsolidate compiler generated dependencies of target gtest[0m
[0.225s] [ 72%] Built target gtest
[0.233s] [35m[1mConsolidate compiler generated dependencies of target pctest[0m
[0.245s] [ 81%] Built target pctest
[0.252s] [35m[1mConsolidate compiler generated dependencies of target gctest[0m
[0.268s] [ 90%] Built target gctest
[0.278s] [35m[1mConsolidate compiler generated dependencies of target test_dynamic_parameters[0m
[0.292s] [100%] Built target test_dynamic_parameters
[0.300s] Invoked command in '/home/user/ros2_ws/build/nav2_controller' returned '0': AMENT_PREFIX_PATH=/home/user/ros2_ws/install/nav2_core:/home/user/ros2_ws/install/nav2_costmap_2d:/home/user/ros2_ws/install/nav_2d_utils:/home/user/ros2_ws/install/nav2_util:/home/user/ros2_ws/install/nav2_voxel_grid:/home/user/ros2_ws/install/nav2_msgs:/home/user/ros2_ws/install/nav_2d_msgs:/home/user/ros2_ws/install/nav2_common:${AMENT_PREFIX_PATH} CMAKE_PREFIX_PATH=/home/user/ros2_ws/install/nav2_core:/home/user/ros2_ws/install/nav2_costmap_2d:/home/user/ros2_ws/install/nav_2d_utils:/home/user/ros2_ws/install/nav2_util:/home/user/ros2_ws/install/nav2_voxel_grid:/home/user/ros2_ws/install/nav2_msgs:/home/user/ros2_ws/install/nav_2d_msgs:/home/user/ros2_ws/install/nav2_common:/home/user/ros2_ws/install/slam_toolbox:/home/user/ros2_ws/install/slam_gmapping:/home/user/ros2_ws/install/serial:/home/user/ros2_ws/install/imu_tools:/home/user/ros2_ws/install/rviz_imu_plugin:/home/user/ros2_ws/install/rtabmap_ros:/home/user/ros2_ws/install/rtabmap_launch:/home/user/ros2_ws/install/rtabmap_examples:/home/user/ros2_ws/install/rtabmap_demos:/home/user/ros2_ws/install/rtabmap_viz:/home/user/ros2_ws/install/rtabmap_slam:/home/user/ros2_ws/install/rtabmap_odom:/home/user/ros2_ws/install/rtabmap_util:/home/user/ros2_ws/install/rtabmap_sync:/home/user/ros2_ws/install/rtabmap_rviz_plugins:/home/user/ros2_ws/install/rtabmap_conversions:/home/user/ros2_ws/install/rtabmap_python:/opt/ros/humble:/home/user/ros2_ws/install/rtabmap_msgs:/home/user/ros2_ws/install/rtabmap:/home/user/ros2_ws/install/roboteq_ros2_driver:/home/user/ros2_ws/install/realsense2_description:/home/user/ros2_ws/install/realsense2_camera:/home/user/ros2_ws/install/realsense2_camera_msgs:/home/user/ros2_ws/install/openslam_gmapping:/home/user/ros2_ws/install/lslidar_driver:/home/user/ros2_ws/install/lslidar_msgs:/home/user/ros2_ws/install/imu_filter_madgwick:/home/user/ros2_ws/install/imu_complementary_filter:/home/user/ros2_ws/install/amr_bot LD_LIBRARY_PATH=/home/user/ros2_ws/install/nav2_costmap_2d/lib:/home/user/ros2_ws/install/nav_2d_utils/lib:/home/user/ros2_ws/install/nav2_util/lib:/home/user/ros2_ws/install/nav2_voxel_grid/lib:/home/user/ros2_ws/install/nav2_msgs/lib:/home/user/ros2_ws/install/nav_2d_msgs/lib:${LD_LIBRARY_PATH} PYTHONPATH=/home/user/ros2_ws/install/nav2_msgs/local/lib/python3.10/dist-packages:/home/user/ros2_ws/install/nav_2d_msgs/local/lib/python3.10/dist-packages:/home/user/ros2_ws/install/nav2_common/local/lib/python3.10/dist-packages:${PYTHONPATH} /usr/bin/cmake --build /home/user/ros2_ws/build/nav2_controller
[0.335s] Invoking command in '/home/user/ros2_ws/build/nav2_controller': AMENT_PREFIX_PATH=/home/user/ros2_ws/install/nav2_core:/home/user/ros2_ws/install/nav2_costmap_2d:/home/user/ros2_ws/install/nav_2d_utils:/home/user/ros2_ws/install/nav2_util:/home/user/ros2_ws/install/nav2_voxel_grid:/home/user/ros2_ws/install/nav2_msgs:/home/user/ros2_ws/install/nav_2d_msgs:/home/user/ros2_ws/install/nav2_common:${AMENT_PREFIX_PATH} CMAKE_PREFIX_PATH=/home/user/ros2_ws/install/nav2_core:/home/user/ros2_ws/install/nav2_costmap_2d:/home/user/ros2_ws/install/nav_2d_utils:/home/user/ros2_ws/install/nav2_util:/home/user/ros2_ws/install/nav2_voxel_grid:/home/user/ros2_ws/install/nav2_msgs:/home/user/ros2_ws/install/nav_2d_msgs:/home/user/ros2_ws/install/nav2_common:/home/user/ros2_ws/install/slam_toolbox:/home/user/ros2_ws/install/slam_gmapping:/home/user/ros2_ws/install/serial:/home/user/ros2_ws/install/imu_tools:/home/user/ros2_ws/install/rviz_imu_plugin:/home/user/ros2_ws/install/rtabmap_ros:/home/user/ros2_ws/install/rtabmap_launch:/home/user/ros2_ws/install/rtabmap_examples:/home/user/ros2_ws/install/rtabmap_demos:/home/user/ros2_ws/install/rtabmap_viz:/home/user/ros2_ws/install/rtabmap_slam:/home/user/ros2_ws/install/rtabmap_odom:/home/user/ros2_ws/install/rtabmap_util:/home/user/ros2_ws/install/rtabmap_sync:/home/user/ros2_ws/install/rtabmap_rviz_plugins:/home/user/ros2_ws/install/rtabmap_conversions:/home/user/ros2_ws/install/rtabmap_python:/opt/ros/humble:/home/user/ros2_ws/install/rtabmap_msgs:/home/user/ros2_ws/install/rtabmap:/home/user/ros2_ws/install/roboteq_ros2_driver:/home/user/ros2_ws/install/realsense2_description:/home/user/ros2_ws/install/realsense2_camera:/home/user/ros2_ws/install/realsense2_camera_msgs:/home/user/ros2_ws/install/openslam_gmapping:/home/user/ros2_ws/install/lslidar_driver:/home/user/ros2_ws/install/lslidar_msgs:/home/user/ros2_ws/install/imu_filter_madgwick:/home/user/ros2_ws/install/imu_complementary_filter:/home/user/ros2_ws/install/amr_bot LD_LIBRARY_PATH=/home/user/ros2_ws/install/nav2_costmap_2d/lib:/home/user/ros2_ws/install/nav_2d_utils/lib:/home/user/ros2_ws/install/nav2_util/lib:/home/user/ros2_ws/install/nav2_voxel_grid/lib:/home/user/ros2_ws/install/nav2_msgs/lib:/home/user/ros2_ws/install/nav_2d_msgs/lib:${LD_LIBRARY_PATH} PYTHONPATH=/home/user/ros2_ws/install/nav2_msgs/local/lib/python3.10/dist-packages:/home/user/ros2_ws/install/nav_2d_msgs/local/lib/python3.10/dist-packages:/home/user/ros2_ws/install/nav2_common/local/lib/python3.10/dist-packages:${PYTHONPATH} /usr/bin/cmake --install /home/user/ros2_ws/build/nav2_controller
[0.341s] -- Install configuration: "Release"
[0.341s] -- Execute custom install script
[0.341s] -- Up-to-date symlink: /home/user/ros2_ws/install/nav2_controller/lib/libsimple_progress_checker.so
[0.341s] -- Up-to-date symlink: /home/user/ros2_ws/install/nav2_controller/lib/libpose_progress_checker.so
[0.341s] -- Up-to-date symlink: /home/user/ros2_ws/install/nav2_controller/lib/libsimple_goal_checker.so
[0.341s] -- Up-to-date symlink: /home/user/ros2_ws/install/nav2_controller/lib/libstopped_goal_checker.so
[0.341s] -- Up-to-date symlink: /home/user/ros2_ws/install/nav2_controller/lib/libcontroller_server_core.so
[0.341s] -- Up-to-date symlink: /home/user/ros2_ws/install/nav2_controller/lib/nav2_controller/controller_server
[0.342s] -- Up-to-date symlink: /home/user/ros2_ws/install/nav2_controller/include//nav2_controller/controller_server.hpp
[0.342s] -- Up-to-date symlink: /home/user/ros2_ws/install/nav2_controller/include//nav2_controller/plugins/pose_progress_checker.hpp
[0.342s] -- Up-to-date symlink: /home/user/ros2_ws/install/nav2_controller/include//nav2_controller/plugins/simple_goal_checker.hpp
[0.342s] -- Up-to-date symlink: /home/user/ros2_ws/install/nav2_controller/include//nav2_controller/plugins/simple_progress_checker.hpp
[0.342s] -- Up-to-date symlink: /home/user/ros2_ws/install/nav2_controller/include//nav2_controller/plugins/stopped_goal_checker.hpp
[0.342s] -- Up-to-date symlink: /home/user/ros2_ws/install/nav2_controller/share/nav2_controller/environment/library_path.sh
[0.342s] -- Up-to-date symlink: /home/user/ros2_ws/install/nav2_controller/share/nav2_controller/environment/library_path.dsv
[0.342s] -- Up-to-date symlink: /home/user/ros2_ws/install/nav2_controller/share/nav2_controller//plugins.xml
[0.342s] -- Up-to-date symlink: /home/user/ros2_ws/install/nav2_controller/share/ament_index/resource_index/package_run_dependencies/nav2_controller
[0.342s] -- Up-to-date symlink: /home/user/ros2_ws/install/nav2_controller/share/ament_index/resource_index/parent_prefix_path/nav2_controller
[0.342s] -- Up-to-date symlink: /home/user/ros2_ws/install/nav2_controller/share/nav2_controller/environment/ament_prefix_path.sh
[0.343s] -- Up-to-date symlink: /home/user/ros2_ws/install/nav2_controller/share/nav2_controller/environment/ament_prefix_path.dsv
[0.343s] -- Up-to-date symlink: /home/user/ros2_ws/install/nav2_controller/share/nav2_controller/environment/path.sh
[0.343s] -- Up-to-date symlink: /home/user/ros2_ws/install/nav2_controller/share/nav2_controller/environment/path.dsv
[0.343s] -- Up-to-date symlink: /home/user/ros2_ws/install/nav2_controller/share/nav2_controller/local_setup.bash
[0.343s] -- Up-to-date symlink: /home/user/ros2_ws/install/nav2_controller/share/nav2_controller/local_setup.sh
[0.343s] -- Up-to-date symlink: /home/user/ros2_ws/install/nav2_controller/share/nav2_controller/local_setup.zsh
[0.343s] -- Up-to-date symlink: /home/user/ros2_ws/install/nav2_controller/share/nav2_controller/local_setup.dsv
[0.343s] -- Symlinking: /home/user/ros2_ws/install/nav2_controller/share/nav2_controller/package.dsv
[0.349s] -- Up-to-date symlink: /home/user/ros2_ws/install/nav2_controller/share/ament_index/resource_index/packages/nav2_controller
[0.349s] -- Up-to-date symlink: /home/user/ros2_ws/install/nav2_controller/share/ament_index/resource_index/nav2_core__pluginlib__plugin/nav2_controller
[0.349s] -- Up-to-date symlink: /home/user/ros2_ws/install/nav2_controller/share/ament_index/resource_index/rclcpp_components/nav2_controller
[0.349s] -- Up-to-date symlink: /home/user/ros2_ws/install/nav2_controller/share/nav2_controller/cmake/ament_cmake_export_include_directories-extras.cmake
[0.349s] -- Up-to-date symlink: /home/user/ros2_ws/install/nav2_controller/share/nav2_controller/cmake/ament_cmake_export_libraries-extras.cmake
[0.349s] -- Up-to-date symlink: /home/user/ros2_ws/install/nav2_controller/share/nav2_controller/cmake/ament_cmake_export_dependencies-extras.cmake
[0.349s] -- Up-to-date symlink: /home/user/ros2_ws/install/nav2_controller/share/nav2_controller/cmake/nav2_controllerConfig.cmake
[0.350s] -- Up-to-date symlink: /home/user/ros2_ws/install/nav2_controller/share/nav2_controller/cmake/nav2_controllerConfig-version.cmake
[0.350s] -- Up-to-date symlink: /home/user/ros2_ws/install/nav2_controller/share/nav2_controller/package.xml
[0.351s] Invoked command in '/home/user/ros2_ws/build/nav2_controller' returned '0': AMENT_PREFIX_PATH=/home/user/ros2_ws/install/nav2_core:/home/user/ros2_ws/install/nav2_costmap_2d:/home/user/ros2_ws/install/nav_2d_utils:/home/user/ros2_ws/install/nav2_util:/home/user/ros2_ws/install/nav2_voxel_grid:/home/user/ros2_ws/install/nav2_msgs:/home/user/ros2_ws/install/nav_2d_msgs:/home/user/ros2_ws/install/nav2_common:${AMENT_PREFIX_PATH} CMAKE_PREFIX_PATH=/home/user/ros2_ws/install/nav2_core:/home/user/ros2_ws/install/nav2_costmap_2d:/home/user/ros2_ws/install/nav_2d_utils:/home/user/ros2_ws/install/nav2_util:/home/user/ros2_ws/install/nav2_voxel_grid:/home/user/ros2_ws/install/nav2_msgs:/home/user/ros2_ws/install/nav_2d_msgs:/home/user/ros2_ws/install/nav2_common:/home/user/ros2_ws/install/slam_toolbox:/home/user/ros2_ws/install/slam_gmapping:/home/user/ros2_ws/install/serial:/home/user/ros2_ws/install/imu_tools:/home/user/ros2_ws/install/rviz_imu_plugin:/home/user/ros2_ws/install/rtabmap_ros:/home/user/ros2_ws/install/rtabmap_launch:/home/user/ros2_ws/install/rtabmap_examples:/home/user/ros2_ws/install/rtabmap_demos:/home/user/ros2_ws/install/rtabmap_viz:/home/user/ros2_ws/install/rtabmap_slam:/home/user/ros2_ws/install/rtabmap_odom:/home/user/ros2_ws/install/rtabmap_util:/home/user/ros2_ws/install/rtabmap_sync:/home/user/ros2_ws/install/rtabmap_rviz_plugins:/home/user/ros2_ws/install/rtabmap_conversions:/home/user/ros2_ws/install/rtabmap_python:/opt/ros/humble:/home/user/ros2_ws/install/rtabmap_msgs:/home/user/ros2_ws/install/rtabmap:/home/user/ros2_ws/install/roboteq_ros2_driver:/home/user/ros2_ws/install/realsense2_description:/home/user/ros2_ws/install/realsense2_camera:/home/user/ros2_ws/install/realsense2_camera_msgs:/home/user/ros2_ws/install/openslam_gmapping:/home/user/ros2_ws/install/lslidar_driver:/home/user/ros2_ws/install/lslidar_msgs:/home/user/ros2_ws/install/imu_filter_madgwick:/home/user/ros2_ws/install/imu_complementary_filter:/home/user/ros2_ws/install/amr_bot LD_LIBRARY_PATH=/home/user/ros2_ws/install/nav2_costmap_2d/lib:/home/user/ros2_ws/install/nav_2d_utils/lib:/home/user/ros2_ws/install/nav2_util/lib:/home/user/ros2_ws/install/nav2_voxel_grid/lib:/home/user/ros2_ws/install/nav2_msgs/lib:/home/user/ros2_ws/install/nav_2d_msgs/lib:${LD_LIBRARY_PATH} PYTHONPATH=/home/user/ros2_ws/install/nav2_msgs/local/lib/python3.10/dist-packages:/home/user/ros2_ws/install/nav_2d_msgs/local/lib/python3.10/dist-packages:/home/user/ros2_ws/install/nav2_common/local/lib/python3.10/dist-packages:${PYTHONPATH} /usr/bin/cmake --install /home/user/ros2_ws/build/nav2_controller
