[0.036s] Invoking command in '/home/user/ros2_ws/build/nav2_msgs': AMENT_PREFIX_PATH=/home/user/ros2_ws/install/nav2_common:${AMENT_PREFIX_PATH} CMAKE_PREFIX_PATH=/home/user/ros2_ws/install/nav2_common:/home/user/ros2_ws/install/slam_toolbox:/home/user/ros2_ws/install/slam_gmapping:/home/user/ros2_ws/install/serial:/home/user/ros2_ws/install/imu_tools:/home/user/ros2_ws/install/rviz_imu_plugin:/home/user/ros2_ws/install/rtabmap_ros:/home/user/ros2_ws/install/rtabmap_launch:/home/user/ros2_ws/install/rtabmap_examples:/home/user/ros2_ws/install/rtabmap_demos:/home/user/ros2_ws/install/rtabmap_viz:/home/user/ros2_ws/install/rtabmap_slam:/home/user/ros2_ws/install/rtabmap_odom:/home/user/ros2_ws/install/rtabmap_util:/home/user/ros2_ws/install/rtabmap_sync:/home/user/ros2_ws/install/rtabmap_rviz_plugins:/home/user/ros2_ws/install/rtabmap_conversions:/home/user/ros2_ws/install/rtabmap_python:/opt/ros/humble:/home/user/ros2_ws/install/rtabmap_msgs:/home/user/ros2_ws/install/rtabmap:/home/user/ros2_ws/install/roboteq_ros2_driver:/home/user/ros2_ws/install/realsense2_description:/home/user/ros2_ws/install/realsense2_camera:/home/user/ros2_ws/install/realsense2_camera_msgs:/home/user/ros2_ws/install/openslam_gmapping:/home/user/ros2_ws/install/lslidar_driver:/home/user/ros2_ws/install/lslidar_msgs:/home/user/ros2_ws/install/imu_filter_madgwick:/home/user/ros2_ws/install/imu_complementary_filter:/home/user/ros2_ws/install/amr_bot PYTHONPATH=/home/user/ros2_ws/install/nav2_common/local/lib/python3.10/dist-packages:${PYTHONPATH} /usr/bin/cmake --build /home/user/ros2_ws/build/nav2_msgs
[0.087s] [  0%] Built target nav2_msgs__cpp
[0.101s] [35m[1mConsolidate compiler generated dependencies of target nav2_msgs__rosidl_typesupport_cpp[0m
[0.124s] [ 12%] Built target nav2_msgs__rosidl_typesupport_cpp
[0.135s] [35m[1mConsolidate compiler generated dependencies of target nav2_msgs__rosidl_generator_c[0m
[0.151s] [ 24%] Built target nav2_msgs__rosidl_generator_c
[0.166s] [35m[1mConsolidate compiler generated dependencies of target nav2_msgs__rosidl_typesupport_fastrtps_c[0m
[0.193s] [ 36%] Built target nav2_msgs__rosidl_typesupport_fastrtps_c
[0.208s] [35m[1mConsolidate compiler generated dependencies of target nav2_msgs__rosidl_typesupport_fastrtps_cpp[0m
[0.237s] [ 48%] Built target nav2_msgs__rosidl_typesupport_fastrtps_cpp
[0.248s] [35m[1mConsolidate compiler generated dependencies of target nav2_msgs__rosidl_typesupport_introspection_c[0m
[0.264s] [ 61%] Built target nav2_msgs__rosidl_typesupport_introspection_c
[0.274s] [35m[1mConsolidate compiler generated dependencies of target nav2_msgs__rosidl_typesupport_c[0m
[0.288s] [ 73%] Built target nav2_msgs__rosidl_typesupport_c
[0.301s] [35m[1mConsolidate compiler generated dependencies of target nav2_msgs__rosidl_typesupport_introspection_cpp[0m
[0.325s] [ 86%] Built target nav2_msgs__rosidl_typesupport_introspection_cpp
[0.341s] [ 86%] Built target nav2_msgs
[0.364s] [ 86%] Built target ament_cmake_python_symlink_nav2_msgs
[0.510s] running egg_info
[0.510s] writing nav2_msgs.egg-info/PKG-INFO
[0.511s] writing dependency_links to nav2_msgs.egg-info/dependency_links.txt
[0.511s] writing top-level names to nav2_msgs.egg-info/top_level.txt
[0.512s] reading manifest file 'nav2_msgs.egg-info/SOURCES.txt'
[0.513s] writing manifest file 'nav2_msgs.egg-info/SOURCES.txt'
[0.531s] [ 86%] Built target ament_cmake_python_build_nav2_msgs_egg
[0.548s] [ 86%] Built target nav2_msgs__py
[0.560s] [35m[1mConsolidate compiler generated dependencies of target nav2_msgs__rosidl_generator_py[0m
[0.585s] [ 98%] Built target nav2_msgs__rosidl_generator_py
[0.594s] [35m[1mConsolidate compiler generated dependencies of target nav2_msgs__rosidl_typesupport_fastrtps_c__pyext[0m
[0.604s] [ 99%] Built target nav2_msgs__rosidl_typesupport_fastrtps_c__pyext
[0.612s] [35m[1mConsolidate compiler generated dependencies of target nav2_msgs__rosidl_typesupport_introspection_c__pyext[0m
[0.624s] [ 99%] Built target nav2_msgs__rosidl_typesupport_introspection_c__pyext
[0.633s] [35m[1mConsolidate compiler generated dependencies of target nav2_msgs__rosidl_typesupport_c__pyext[0m
[0.646s] [100%] Built target nav2_msgs__rosidl_typesupport_c__pyext
[0.656s] Invoked command in '/home/user/ros2_ws/build/nav2_msgs' returned '0': AMENT_PREFIX_PATH=/home/user/ros2_ws/install/nav2_common:${AMENT_PREFIX_PATH} CMAKE_PREFIX_PATH=/home/user/ros2_ws/install/nav2_common:/home/user/ros2_ws/install/slam_toolbox:/home/user/ros2_ws/install/slam_gmapping:/home/user/ros2_ws/install/serial:/home/user/ros2_ws/install/imu_tools:/home/user/ros2_ws/install/rviz_imu_plugin:/home/user/ros2_ws/install/rtabmap_ros:/home/user/ros2_ws/install/rtabmap_launch:/home/user/ros2_ws/install/rtabmap_examples:/home/user/ros2_ws/install/rtabmap_demos:/home/user/ros2_ws/install/rtabmap_viz:/home/user/ros2_ws/install/rtabmap_slam:/home/user/ros2_ws/install/rtabmap_odom:/home/user/ros2_ws/install/rtabmap_util:/home/user/ros2_ws/install/rtabmap_sync:/home/user/ros2_ws/install/rtabmap_rviz_plugins:/home/user/ros2_ws/install/rtabmap_conversions:/home/user/ros2_ws/install/rtabmap_python:/opt/ros/humble:/home/user/ros2_ws/install/rtabmap_msgs:/home/user/ros2_ws/install/rtabmap:/home/user/ros2_ws/install/roboteq_ros2_driver:/home/user/ros2_ws/install/realsense2_description:/home/user/ros2_ws/install/realsense2_camera:/home/user/ros2_ws/install/realsense2_camera_msgs:/home/user/ros2_ws/install/openslam_gmapping:/home/user/ros2_ws/install/lslidar_driver:/home/user/ros2_ws/install/lslidar_msgs:/home/user/ros2_ws/install/imu_filter_madgwick:/home/user/ros2_ws/install/imu_complementary_filter:/home/user/ros2_ws/install/amr_bot PYTHONPATH=/home/user/ros2_ws/install/nav2_common/local/lib/python3.10/dist-packages:${PYTHONPATH} /usr/bin/cmake --build /home/user/ros2_ws/build/nav2_msgs
[1.122s] Invoking command in '/home/user/ros2_ws/build/nav2_msgs': AMENT_PREFIX_PATH=/home/user/ros2_ws/install/nav2_common:${AMENT_PREFIX_PATH} CMAKE_PREFIX_PATH=/home/user/ros2_ws/install/nav2_common:/home/user/ros2_ws/install/slam_toolbox:/home/user/ros2_ws/install/slam_gmapping:/home/user/ros2_ws/install/serial:/home/user/ros2_ws/install/imu_tools:/home/user/ros2_ws/install/rviz_imu_plugin:/home/user/ros2_ws/install/rtabmap_ros:/home/user/ros2_ws/install/rtabmap_launch:/home/user/ros2_ws/install/rtabmap_examples:/home/user/ros2_ws/install/rtabmap_demos:/home/user/ros2_ws/install/rtabmap_viz:/home/user/ros2_ws/install/rtabmap_slam:/home/user/ros2_ws/install/rtabmap_odom:/home/user/ros2_ws/install/rtabmap_util:/home/user/ros2_ws/install/rtabmap_sync:/home/user/ros2_ws/install/rtabmap_rviz_plugins:/home/user/ros2_ws/install/rtabmap_conversions:/home/user/ros2_ws/install/rtabmap_python:/opt/ros/humble:/home/user/ros2_ws/install/rtabmap_msgs:/home/user/ros2_ws/install/rtabmap:/home/user/ros2_ws/install/roboteq_ros2_driver:/home/user/ros2_ws/install/realsense2_description:/home/user/ros2_ws/install/realsense2_camera:/home/user/ros2_ws/install/realsense2_camera_msgs:/home/user/ros2_ws/install/openslam_gmapping:/home/user/ros2_ws/install/lslidar_driver:/home/user/ros2_ws/install/lslidar_msgs:/home/user/ros2_ws/install/imu_filter_madgwick:/home/user/ros2_ws/install/imu_complementary_filter:/home/user/ros2_ws/install/amr_bot PYTHONPATH=/home/user/ros2_ws/install/nav2_common/local/lib/python3.10/dist-packages:${PYTHONPATH} /usr/bin/cmake --install /home/user/ros2_ws/build/nav2_msgs
[1.127s] -- Install configuration: "Release"
[1.127s] -- Execute custom install script
[1.127s] -- Up-to-date symlink: /home/user/ros2_ws/install/nav2_msgs/share/ament_index/resource_index/rosidl_interfaces/nav2_msgs
[1.128s] -- Up-to-date symlink: /home/user/ros2_ws/install/nav2_msgs/include/nav2_msgs/nav2_msgs/action/assisted_teleop.h
[1.128s] -- Up-to-date symlink: /home/user/ros2_ws/install/nav2_msgs/include/nav2_msgs/nav2_msgs/action/back_up.h
[1.128s] -- Up-to-date symlink: /home/user/ros2_ws/install/nav2_msgs/include/nav2_msgs/nav2_msgs/action/compute_path_through_poses.h
[1.129s] -- Up-to-date symlink: /home/user/ros2_ws/install/nav2_msgs/include/nav2_msgs/nav2_msgs/action/compute_path_to_pose.h
[1.129s] -- Up-to-date symlink: /home/user/ros2_ws/install/nav2_msgs/include/nav2_msgs/nav2_msgs/action/detail/assisted_teleop__functions.h
[1.129s] -- Up-to-date symlink: /home/user/ros2_ws/install/nav2_msgs/include/nav2_msgs/nav2_msgs/action/detail/assisted_teleop__struct.h
[1.129s] -- Up-to-date symlink: /home/user/ros2_ws/install/nav2_msgs/include/nav2_msgs/nav2_msgs/action/detail/assisted_teleop__type_support.h
[1.129s] -- Up-to-date symlink: /home/user/ros2_ws/install/nav2_msgs/include/nav2_msgs/nav2_msgs/action/detail/back_up__functions.h
[1.129s] -- Up-to-date symlink: /home/user/ros2_ws/install/nav2_msgs/include/nav2_msgs/nav2_msgs/action/detail/back_up__struct.h
[1.129s] -- Up-to-date symlink: /home/user/ros2_ws/install/nav2_msgs/include/nav2_msgs/nav2_msgs/action/detail/back_up__type_support.h
[1.129s] -- Up-to-date symlink: /home/user/ros2_ws/install/nav2_msgs/include/nav2_msgs/nav2_msgs/action/detail/compute_path_through_poses__functions.h
[1.129s] -- Up-to-date symlink: /home/user/ros2_ws/install/nav2_msgs/include/nav2_msgs/nav2_msgs/action/detail/compute_path_through_poses__struct.h
[1.129s] -- Up-to-date symlink: /home/user/ros2_ws/install/nav2_msgs/include/nav2_msgs/nav2_msgs/action/detail/compute_path_through_poses__type_support.h
[1.129s] -- Up-to-date symlink: /home/user/ros2_ws/install/nav2_msgs/include/nav2_msgs/nav2_msgs/action/detail/compute_path_to_pose__functions.h
[1.129s] -- Up-to-date symlink: /home/user/ros2_ws/install/nav2_msgs/include/nav2_msgs/nav2_msgs/action/detail/compute_path_to_pose__struct.h
[1.129s] -- Up-to-date symlink: /home/user/ros2_ws/install/nav2_msgs/include/nav2_msgs/nav2_msgs/action/detail/compute_path_to_pose__type_support.h
[1.130s] -- Up-to-date symlink: /home/user/ros2_ws/install/nav2_msgs/include/nav2_msgs/nav2_msgs/action/detail/drive_on_heading__functions.h
[1.130s] -- Up-to-date symlink: /home/user/ros2_ws/install/nav2_msgs/include/nav2_msgs/nav2_msgs/action/detail/drive_on_heading__struct.h
[1.130s] -- Up-to-date symlink: /home/user/ros2_ws/install/nav2_msgs/include/nav2_msgs/nav2_msgs/action/detail/drive_on_heading__type_support.h
[1.130s] -- Up-to-date symlink: /home/user/ros2_ws/install/nav2_msgs/include/nav2_msgs/nav2_msgs/action/detail/dummy_behavior__functions.h
[1.130s] -- Up-to-date symlink: /home/user/ros2_ws/install/nav2_msgs/include/nav2_msgs/nav2_msgs/action/detail/dummy_behavior__struct.h
[1.130s] -- Up-to-date symlink: /home/user/ros2_ws/install/nav2_msgs/include/nav2_msgs/nav2_msgs/action/detail/dummy_behavior__type_support.h
[1.130s] -- Up-to-date symlink: /home/user/ros2_ws/install/nav2_msgs/include/nav2_msgs/nav2_msgs/action/detail/follow_path__functions.h
[1.130s] -- Up-to-date symlink: /home/user/ros2_ws/install/nav2_msgs/include/nav2_msgs/nav2_msgs/action/detail/follow_path__struct.h
[1.130s] -- Up-to-date symlink: /home/user/ros2_ws/install/nav2_msgs/include/nav2_msgs/nav2_msgs/action/detail/follow_path__type_support.h
[1.130s] -- Up-to-date symlink: /home/user/ros2_ws/install/nav2_msgs/include/nav2_msgs/nav2_msgs/action/detail/follow_waypoints__functions.h
[1.130s] -- Up-to-date symlink: /home/user/ros2_ws/install/nav2_msgs/include/nav2_msgs/nav2_msgs/action/detail/follow_waypoints__struct.h
[1.130s] -- Up-to-date symlink: /home/user/ros2_ws/install/nav2_msgs/include/nav2_msgs/nav2_msgs/action/detail/follow_waypoints__type_support.h
[1.130s] -- Up-to-date symlink: /home/user/ros2_ws/install/nav2_msgs/include/nav2_msgs/nav2_msgs/action/detail/navigate_through_poses__functions.h
[1.131s] -- Up-to-date symlink: /home/user/ros2_ws/install/nav2_msgs/include/nav2_msgs/nav2_msgs/action/detail/navigate_through_poses__struct.h
[1.131s] -- Up-to-date symlink: /home/user/ros2_ws/install/nav2_msgs/include/nav2_msgs/nav2_msgs/action/detail/navigate_through_poses__type_support.h
[1.131s] -- Up-to-date symlink: /home/user/ros2_ws/install/nav2_msgs/include/nav2_msgs/nav2_msgs/action/detail/navigate_to_pose__functions.h
[1.131s] -- Up-to-date symlink: /home/user/ros2_ws/install/nav2_msgs/include/nav2_msgs/nav2_msgs/action/detail/navigate_to_pose__struct.h
[1.131s] -- Up-to-date symlink: /home/user/ros2_ws/install/nav2_msgs/include/nav2_msgs/nav2_msgs/action/detail/navigate_to_pose__type_support.h
[1.131s] -- Up-to-date symlink: /home/user/ros2_ws/install/nav2_msgs/include/nav2_msgs/nav2_msgs/action/detail/smooth_path__functions.h
[1.131s] -- Up-to-date symlink: /home/user/ros2_ws/install/nav2_msgs/include/nav2_msgs/nav2_msgs/action/detail/smooth_path__struct.h
[1.131s] -- Up-to-date symlink: /home/user/ros2_ws/install/nav2_msgs/include/nav2_msgs/nav2_msgs/action/detail/smooth_path__type_support.h
[1.131s] -- Up-to-date symlink: /home/user/ros2_ws/install/nav2_msgs/include/nav2_msgs/nav2_msgs/action/detail/spin__functions.h
[1.131s] -- Up-to-date symlink: /home/user/ros2_ws/install/nav2_msgs/include/nav2_msgs/nav2_msgs/action/detail/spin__struct.h
[1.131s] -- Up-to-date symlink: /home/user/ros2_ws/install/nav2_msgs/include/nav2_msgs/nav2_msgs/action/detail/spin__type_support.h
[1.131s] -- Up-to-date symlink: /home/user/ros2_ws/install/nav2_msgs/include/nav2_msgs/nav2_msgs/action/detail/wait__functions.h
[1.131s] -- Up-to-date symlink: /home/user/ros2_ws/install/nav2_msgs/include/nav2_msgs/nav2_msgs/action/detail/wait__struct.h
[1.132s] -- Up-to-date symlink: /home/user/ros2_ws/install/nav2_msgs/include/nav2_msgs/nav2_msgs/action/detail/wait__type_support.h
[1.132s] -- Up-to-date symlink: /home/user/ros2_ws/install/nav2_msgs/include/nav2_msgs/nav2_msgs/action/drive_on_heading.h
[1.132s] -- Up-to-date symlink: /home/user/ros2_ws/install/nav2_msgs/include/nav2_msgs/nav2_msgs/action/dummy_behavior.h
[1.132s] -- Up-to-date symlink: /home/user/ros2_ws/install/nav2_msgs/include/nav2_msgs/nav2_msgs/action/follow_path.h
[1.132s] -- Up-to-date symlink: /home/user/ros2_ws/install/nav2_msgs/include/nav2_msgs/nav2_msgs/action/follow_waypoints.h
[1.132s] -- Up-to-date symlink: /home/user/ros2_ws/install/nav2_msgs/include/nav2_msgs/nav2_msgs/action/navigate_through_poses.h
[1.132s] -- Up-to-date symlink: /home/user/ros2_ws/install/nav2_msgs/include/nav2_msgs/nav2_msgs/action/navigate_to_pose.h
[1.132s] -- Up-to-date symlink: /home/user/ros2_ws/install/nav2_msgs/include/nav2_msgs/nav2_msgs/action/smooth_path.h
[1.132s] -- Up-to-date symlink: /home/user/ros2_ws/install/nav2_msgs/include/nav2_msgs/nav2_msgs/action/spin.h
[1.132s] -- Up-to-date symlink: /home/user/ros2_ws/install/nav2_msgs/include/nav2_msgs/nav2_msgs/action/wait.h
[1.132s] -- Up-to-date symlink: /home/user/ros2_ws/install/nav2_msgs/include/nav2_msgs/nav2_msgs/msg/behavior_tree_log.h
[1.132s] -- Up-to-date symlink: /home/user/ros2_ws/install/nav2_msgs/include/nav2_msgs/nav2_msgs/msg/behavior_tree_status_change.h
[1.132s] -- Up-to-date symlink: /home/user/ros2_ws/install/nav2_msgs/include/nav2_msgs/nav2_msgs/msg/costmap.h
[1.133s] -- Up-to-date symlink: /home/user/ros2_ws/install/nav2_msgs/include/nav2_msgs/nav2_msgs/msg/costmap_filter_info.h
[1.133s] -- Up-to-date symlink: /home/user/ros2_ws/install/nav2_msgs/include/nav2_msgs/nav2_msgs/msg/costmap_meta_data.h
[1.133s] -- Up-to-date symlink: /home/user/ros2_ws/install/nav2_msgs/include/nav2_msgs/nav2_msgs/msg/detail/behavior_tree_log__functions.h
[1.133s] -- Up-to-date symlink: /home/user/ros2_ws/install/nav2_msgs/include/nav2_msgs/nav2_msgs/msg/detail/behavior_tree_log__struct.h
[1.133s] -- Up-to-date symlink: /home/user/ros2_ws/install/nav2_msgs/include/nav2_msgs/nav2_msgs/msg/detail/behavior_tree_log__type_support.h
[1.133s] -- Up-to-date symlink: /home/user/ros2_ws/install/nav2_msgs/include/nav2_msgs/nav2_msgs/msg/detail/behavior_tree_status_change__functions.h
[1.133s] -- Up-to-date symlink: /home/user/ros2_ws/install/nav2_msgs/include/nav2_msgs/nav2_msgs/msg/detail/behavior_tree_status_change__struct.h
[1.133s] -- Up-to-date symlink: /home/user/ros2_ws/install/nav2_msgs/include/nav2_msgs/nav2_msgs/msg/detail/behavior_tree_status_change__type_support.h
[1.133s] -- Up-to-date symlink: /home/user/ros2_ws/install/nav2_msgs/include/nav2_msgs/nav2_msgs/msg/detail/costmap__functions.h
[1.133s] -- Up-to-date symlink: /home/user/ros2_ws/install/nav2_msgs/include/nav2_msgs/nav2_msgs/msg/detail/costmap__struct.h
[1.133s] -- Up-to-date symlink: /home/user/ros2_ws/install/nav2_msgs/include/nav2_msgs/nav2_msgs/msg/detail/costmap__type_support.h
[1.133s] -- Up-to-date symlink: /home/user/ros2_ws/install/nav2_msgs/include/nav2_msgs/nav2_msgs/msg/detail/costmap_filter_info__functions.h
[1.133s] -- Up-to-date symlink: /home/user/ros2_ws/install/nav2_msgs/include/nav2_msgs/nav2_msgs/msg/detail/costmap_filter_info__struct.h
[1.133s] -- Up-to-date symlink: /home/user/ros2_ws/install/nav2_msgs/include/nav2_msgs/nav2_msgs/msg/detail/costmap_filter_info__type_support.h
[1.133s] -- Up-to-date symlink: /home/user/ros2_ws/install/nav2_msgs/include/nav2_msgs/nav2_msgs/msg/detail/costmap_meta_data__functions.h
[1.133s] -- Up-to-date symlink: /home/user/ros2_ws/install/nav2_msgs/include/nav2_msgs/nav2_msgs/msg/detail/costmap_meta_data__struct.h
[1.134s] -- Up-to-date symlink: /home/user/ros2_ws/install/nav2_msgs/include/nav2_msgs/nav2_msgs/msg/detail/costmap_meta_data__type_support.h
[1.134s] -- Up-to-date symlink: /home/user/ros2_ws/install/nav2_msgs/include/nav2_msgs/nav2_msgs/msg/detail/particle__functions.h
[1.134s] -- Up-to-date symlink: /home/user/ros2_ws/install/nav2_msgs/include/nav2_msgs/nav2_msgs/msg/detail/particle__struct.h
[1.134s] -- Up-to-date symlink: /home/user/ros2_ws/install/nav2_msgs/include/nav2_msgs/nav2_msgs/msg/detail/particle__type_support.h
[1.134s] -- Up-to-date symlink: /home/user/ros2_ws/install/nav2_msgs/include/nav2_msgs/nav2_msgs/msg/detail/particle_cloud__functions.h
[1.134s] -- Up-to-date symlink: /home/user/ros2_ws/install/nav2_msgs/include/nav2_msgs/nav2_msgs/msg/detail/particle_cloud__struct.h
[1.134s] -- Up-to-date symlink: /home/user/ros2_ws/install/nav2_msgs/include/nav2_msgs/nav2_msgs/msg/detail/particle_cloud__type_support.h
[1.134s] -- Up-to-date symlink: /home/user/ros2_ws/install/nav2_msgs/include/nav2_msgs/nav2_msgs/msg/detail/speed_limit__functions.h
[1.134s] -- Up-to-date symlink: /home/user/ros2_ws/install/nav2_msgs/include/nav2_msgs/nav2_msgs/msg/detail/speed_limit__struct.h
[1.134s] -- Up-to-date symlink: /home/user/ros2_ws/install/nav2_msgs/include/nav2_msgs/nav2_msgs/msg/detail/speed_limit__type_support.h
[1.134s] -- Up-to-date symlink: /home/user/ros2_ws/install/nav2_msgs/include/nav2_msgs/nav2_msgs/msg/detail/voxel_grid__functions.h
[1.134s] -- Up-to-date symlink: /home/user/ros2_ws/install/nav2_msgs/include/nav2_msgs/nav2_msgs/msg/detail/voxel_grid__struct.h
[1.134s] -- Up-to-date symlink: /home/user/ros2_ws/install/nav2_msgs/include/nav2_msgs/nav2_msgs/msg/detail/voxel_grid__type_support.h
[1.135s] -- Up-to-date symlink: /home/user/ros2_ws/install/nav2_msgs/include/nav2_msgs/nav2_msgs/msg/particle.h
[1.135s] -- Up-to-date symlink: /home/user/ros2_ws/install/nav2_msgs/include/nav2_msgs/nav2_msgs/msg/particle_cloud.h
[1.135s] -- Up-to-date symlink: /home/user/ros2_ws/install/nav2_msgs/include/nav2_msgs/nav2_msgs/msg/rosidl_generator_c__visibility_control.h
[1.135s] -- Up-to-date symlink: /home/user/ros2_ws/install/nav2_msgs/include/nav2_msgs/nav2_msgs/msg/speed_limit.h
[1.135s] -- Up-to-date symlink: /home/user/ros2_ws/install/nav2_msgs/include/nav2_msgs/nav2_msgs/msg/voxel_grid.h
[1.135s] -- Up-to-date symlink: /home/user/ros2_ws/install/nav2_msgs/include/nav2_msgs/nav2_msgs/srv/clear_costmap_around_robot.h
[1.135s] -- Up-to-date symlink: /home/user/ros2_ws/install/nav2_msgs/include/nav2_msgs/nav2_msgs/srv/clear_costmap_except_region.h
[1.135s] -- Up-to-date symlink: /home/user/ros2_ws/install/nav2_msgs/include/nav2_msgs/nav2_msgs/srv/clear_entire_costmap.h
[1.135s] -- Up-to-date symlink: /home/user/ros2_ws/install/nav2_msgs/include/nav2_msgs/nav2_msgs/srv/detail/clear_costmap_around_robot__functions.h
[1.135s] -- Up-to-date symlink: /home/user/ros2_ws/install/nav2_msgs/include/nav2_msgs/nav2_msgs/srv/detail/clear_costmap_around_robot__struct.h
[1.135s] -- Up-to-date symlink: /home/user/ros2_ws/install/nav2_msgs/include/nav2_msgs/nav2_msgs/srv/detail/clear_costmap_around_robot__type_support.h
[1.135s] -- Up-to-date symlink: /home/user/ros2_ws/install/nav2_msgs/include/nav2_msgs/nav2_msgs/srv/detail/clear_costmap_except_region__functions.h
[1.135s] -- Up-to-date symlink: /home/user/ros2_ws/install/nav2_msgs/include/nav2_msgs/nav2_msgs/srv/detail/clear_costmap_except_region__struct.h
[1.135s] -- Up-to-date symlink: /home/user/ros2_ws/install/nav2_msgs/include/nav2_msgs/nav2_msgs/srv/detail/clear_costmap_except_region__type_support.h
[1.135s] -- Up-to-date symlink: /home/user/ros2_ws/install/nav2_msgs/include/nav2_msgs/nav2_msgs/srv/detail/clear_entire_costmap__functions.h
[1.135s] -- Up-to-date symlink: /home/user/ros2_ws/install/nav2_msgs/include/nav2_msgs/nav2_msgs/srv/detail/clear_entire_costmap__struct.h
[1.135s] -- Up-to-date symlink: /home/user/ros2_ws/install/nav2_msgs/include/nav2_msgs/nav2_msgs/srv/detail/clear_entire_costmap__type_support.h
[1.135s] -- Up-to-date symlink: /home/user/ros2_ws/install/nav2_msgs/include/nav2_msgs/nav2_msgs/srv/detail/get_costmap__functions.h
[1.135s] -- Up-to-date symlink: /home/user/ros2_ws/install/nav2_msgs/include/nav2_msgs/nav2_msgs/srv/detail/get_costmap__struct.h
[1.135s] -- Up-to-date symlink: /home/user/ros2_ws/install/nav2_msgs/include/nav2_msgs/nav2_msgs/srv/detail/get_costmap__type_support.h
[1.135s] -- Up-to-date symlink: /home/user/ros2_ws/install/nav2_msgs/include/nav2_msgs/nav2_msgs/srv/detail/is_path_valid__functions.h
[1.136s] -- Up-to-date symlink: /home/user/ros2_ws/install/nav2_msgs/include/nav2_msgs/nav2_msgs/srv/detail/is_path_valid__struct.h
[1.136s] -- Up-to-date symlink: /home/user/ros2_ws/install/nav2_msgs/include/nav2_msgs/nav2_msgs/srv/detail/is_path_valid__type_support.h
[1.136s] -- Up-to-date symlink: /home/user/ros2_ws/install/nav2_msgs/include/nav2_msgs/nav2_msgs/srv/detail/load_map__functions.h
[1.136s] -- Up-to-date symlink: /home/user/ros2_ws/install/nav2_msgs/include/nav2_msgs/nav2_msgs/srv/detail/load_map__struct.h
[1.136s] -- Up-to-date symlink: /home/user/ros2_ws/install/nav2_msgs/include/nav2_msgs/nav2_msgs/srv/detail/load_map__type_support.h
[1.136s] -- Up-to-date symlink: /home/user/ros2_ws/install/nav2_msgs/include/nav2_msgs/nav2_msgs/srv/detail/manage_lifecycle_nodes__functions.h
[1.136s] -- Up-to-date symlink: /home/user/ros2_ws/install/nav2_msgs/include/nav2_msgs/nav2_msgs/srv/detail/manage_lifecycle_nodes__struct.h
[1.136s] -- Up-to-date symlink: /home/user/ros2_ws/install/nav2_msgs/include/nav2_msgs/nav2_msgs/srv/detail/manage_lifecycle_nodes__type_support.h
[1.136s] -- Up-to-date symlink: /home/user/ros2_ws/install/nav2_msgs/include/nav2_msgs/nav2_msgs/srv/detail/save_map__functions.h
[1.136s] -- Up-to-date symlink: /home/user/ros2_ws/install/nav2_msgs/include/nav2_msgs/nav2_msgs/srv/detail/save_map__struct.h
[1.136s] -- Up-to-date symlink: /home/user/ros2_ws/install/nav2_msgs/include/nav2_msgs/nav2_msgs/srv/detail/save_map__type_support.h
[1.136s] -- Up-to-date symlink: /home/user/ros2_ws/install/nav2_msgs/include/nav2_msgs/nav2_msgs/srv/get_costmap.h
[1.136s] -- Up-to-date symlink: /home/user/ros2_ws/install/nav2_msgs/include/nav2_msgs/nav2_msgs/srv/is_path_valid.h
[1.136s] -- Up-to-date symlink: /home/user/ros2_ws/install/nav2_msgs/include/nav2_msgs/nav2_msgs/srv/load_map.h
[1.136s] -- Up-to-date symlink: /home/user/ros2_ws/install/nav2_msgs/include/nav2_msgs/nav2_msgs/srv/manage_lifecycle_nodes.h
[1.136s] -- Up-to-date symlink: /home/user/ros2_ws/install/nav2_msgs/include/nav2_msgs/nav2_msgs/srv/save_map.h
[1.136s] -- Up-to-date symlink: /home/user/ros2_ws/install/nav2_msgs/share/nav2_msgs/environment/library_path.sh
[1.136s] -- Up-to-date symlink: /home/user/ros2_ws/install/nav2_msgs/share/nav2_msgs/environment/library_path.dsv
[1.136s] -- Up-to-date symlink: /home/user/ros2_ws/install/nav2_msgs/include/nav2_msgs/nav2_msgs/action/detail/assisted_teleop__rosidl_typesupport_fastrtps_c.h
[1.136s] -- Up-to-date symlink: /home/user/ros2_ws/install/nav2_msgs/include/nav2_msgs/nav2_msgs/action/detail/back_up__rosidl_typesupport_fastrtps_c.h
[1.136s] -- Up-to-date symlink: /home/user/ros2_ws/install/nav2_msgs/include/nav2_msgs/nav2_msgs/action/detail/compute_path_through_poses__rosidl_typesupport_fastrtps_c.h
[1.136s] -- Up-to-date symlink: /home/user/ros2_ws/install/nav2_msgs/include/nav2_msgs/nav2_msgs/action/detail/compute_path_to_pose__rosidl_typesupport_fastrtps_c.h
[1.136s] -- Up-to-date symlink: /home/user/ros2_ws/install/nav2_msgs/include/nav2_msgs/nav2_msgs/action/detail/drive_on_heading__rosidl_typesupport_fastrtps_c.h
[1.136s] -- Up-to-date symlink: /home/user/ros2_ws/install/nav2_msgs/include/nav2_msgs/nav2_msgs/action/detail/dummy_behavior__rosidl_typesupport_fastrtps_c.h
[1.136s] -- Up-to-date symlink: /home/user/ros2_ws/install/nav2_msgs/include/nav2_msgs/nav2_msgs/action/detail/follow_path__rosidl_typesupport_fastrtps_c.h
[1.136s] -- Up-to-date symlink: /home/user/ros2_ws/install/nav2_msgs/include/nav2_msgs/nav2_msgs/action/detail/follow_waypoints__rosidl_typesupport_fastrtps_c.h
[1.136s] -- Up-to-date symlink: /home/user/ros2_ws/install/nav2_msgs/include/nav2_msgs/nav2_msgs/action/detail/navigate_through_poses__rosidl_typesupport_fastrtps_c.h
[1.136s] -- Up-to-date symlink: /home/user/ros2_ws/install/nav2_msgs/include/nav2_msgs/nav2_msgs/action/detail/navigate_to_pose__rosidl_typesupport_fastrtps_c.h
[1.137s] -- Up-to-date symlink: /home/user/ros2_ws/install/nav2_msgs/include/nav2_msgs/nav2_msgs/action/detail/smooth_path__rosidl_typesupport_fastrtps_c.h
[1.137s] -- Up-to-date symlink: /home/user/ros2_ws/install/nav2_msgs/include/nav2_msgs/nav2_msgs/action/detail/spin__rosidl_typesupport_fastrtps_c.h
[1.137s] -- Up-to-date symlink: /home/user/ros2_ws/install/nav2_msgs/include/nav2_msgs/nav2_msgs/action/detail/wait__rosidl_typesupport_fastrtps_c.h
[1.137s] -- Up-to-date symlink: /home/user/ros2_ws/install/nav2_msgs/include/nav2_msgs/nav2_msgs/msg/detail/behavior_tree_log__rosidl_typesupport_fastrtps_c.h
[1.137s] -- Up-to-date symlink: /home/user/ros2_ws/install/nav2_msgs/include/nav2_msgs/nav2_msgs/msg/detail/behavior_tree_status_change__rosidl_typesupport_fastrtps_c.h
[1.137s] -- Up-to-date symlink: /home/user/ros2_ws/install/nav2_msgs/include/nav2_msgs/nav2_msgs/msg/detail/costmap__rosidl_typesupport_fastrtps_c.h
[1.137s] -- Up-to-date symlink: /home/user/ros2_ws/install/nav2_msgs/include/nav2_msgs/nav2_msgs/msg/detail/costmap_filter_info__rosidl_typesupport_fastrtps_c.h
[1.137s] -- Up-to-date symlink: /home/user/ros2_ws/install/nav2_msgs/include/nav2_msgs/nav2_msgs/msg/detail/costmap_meta_data__rosidl_typesupport_fastrtps_c.h
[1.137s] -- Up-to-date symlink: /home/user/ros2_ws/install/nav2_msgs/include/nav2_msgs/nav2_msgs/msg/detail/particle__rosidl_typesupport_fastrtps_c.h
[1.137s] -- Up-to-date symlink: /home/user/ros2_ws/install/nav2_msgs/include/nav2_msgs/nav2_msgs/msg/detail/particle_cloud__rosidl_typesupport_fastrtps_c.h
[1.137s] -- Up-to-date symlink: /home/user/ros2_ws/install/nav2_msgs/include/nav2_msgs/nav2_msgs/msg/detail/speed_limit__rosidl_typesupport_fastrtps_c.h
[1.137s] -- Up-to-date symlink: /home/user/ros2_ws/install/nav2_msgs/include/nav2_msgs/nav2_msgs/msg/detail/voxel_grid__rosidl_typesupport_fastrtps_c.h
[1.137s] -- Up-to-date symlink: /home/user/ros2_ws/install/nav2_msgs/include/nav2_msgs/nav2_msgs/msg/rosidl_typesupport_fastrtps_c__visibility_control.h
[1.137s] -- Up-to-date symlink: /home/user/ros2_ws/install/nav2_msgs/include/nav2_msgs/nav2_msgs/srv/detail/clear_costmap_around_robot__rosidl_typesupport_fastrtps_c.h
[1.137s] -- Up-to-date symlink: /home/user/ros2_ws/install/nav2_msgs/include/nav2_msgs/nav2_msgs/srv/detail/clear_costmap_except_region__rosidl_typesupport_fastrtps_c.h
[1.137s] -- Up-to-date symlink: /home/user/ros2_ws/install/nav2_msgs/include/nav2_msgs/nav2_msgs/srv/detail/clear_entire_costmap__rosidl_typesupport_fastrtps_c.h
[1.137s] -- Up-to-date symlink: /home/user/ros2_ws/install/nav2_msgs/include/nav2_msgs/nav2_msgs/srv/detail/get_costmap__rosidl_typesupport_fastrtps_c.h
[1.137s] -- Up-to-date symlink: /home/user/ros2_ws/install/nav2_msgs/include/nav2_msgs/nav2_msgs/srv/detail/is_path_valid__rosidl_typesupport_fastrtps_c.h
[1.137s] -- Up-to-date symlink: /home/user/ros2_ws/install/nav2_msgs/include/nav2_msgs/nav2_msgs/srv/detail/load_map__rosidl_typesupport_fastrtps_c.h
[1.137s] -- Up-to-date symlink: /home/user/ros2_ws/install/nav2_msgs/include/nav2_msgs/nav2_msgs/srv/detail/manage_lifecycle_nodes__rosidl_typesupport_fastrtps_c.h
[1.137s] -- Up-to-date symlink: /home/user/ros2_ws/install/nav2_msgs/include/nav2_msgs/nav2_msgs/srv/detail/save_map__rosidl_typesupport_fastrtps_c.h
[1.137s] -- Up-to-date symlink: /home/user/ros2_ws/install/nav2_msgs/include/nav2_msgs/nav2_msgs/action/assisted_teleop.hpp
[1.137s] -- Up-to-date symlink: /home/user/ros2_ws/install/nav2_msgs/include/nav2_msgs/nav2_msgs/action/back_up.hpp
[1.137s] -- Up-to-date symlink: /home/user/ros2_ws/install/nav2_msgs/include/nav2_msgs/nav2_msgs/action/compute_path_through_poses.hpp
[1.137s] -- Up-to-date symlink: /home/user/ros2_ws/install/nav2_msgs/include/nav2_msgs/nav2_msgs/action/compute_path_to_pose.hpp
[1.137s] -- Up-to-date symlink: /home/user/ros2_ws/install/nav2_msgs/include/nav2_msgs/nav2_msgs/action/detail/assisted_teleop__builder.hpp
[1.137s] -- Up-to-date symlink: /home/user/ros2_ws/install/nav2_msgs/include/nav2_msgs/nav2_msgs/action/detail/assisted_teleop__struct.hpp
[1.137s] -- Up-to-date symlink: /home/user/ros2_ws/install/nav2_msgs/include/nav2_msgs/nav2_msgs/action/detail/assisted_teleop__traits.hpp
[1.137s] -- Up-to-date symlink: /home/user/ros2_ws/install/nav2_msgs/include/nav2_msgs/nav2_msgs/action/detail/back_up__builder.hpp
[1.137s] -- Up-to-date symlink: /home/user/ros2_ws/install/nav2_msgs/include/nav2_msgs/nav2_msgs/action/detail/back_up__struct.hpp
[1.137s] -- Up-to-date symlink: /home/user/ros2_ws/install/nav2_msgs/include/nav2_msgs/nav2_msgs/action/detail/back_up__traits.hpp
[1.137s] -- Up-to-date symlink: /home/user/ros2_ws/install/nav2_msgs/include/nav2_msgs/nav2_msgs/action/detail/compute_path_through_poses__builder.hpp
[1.137s] -- Up-to-date symlink: /home/user/ros2_ws/install/nav2_msgs/include/nav2_msgs/nav2_msgs/action/detail/compute_path_through_poses__struct.hpp
[1.138s] -- Up-to-date symlink: /home/user/ros2_ws/install/nav2_msgs/include/nav2_msgs/nav2_msgs/action/detail/compute_path_through_poses__traits.hpp
[1.138s] -- Up-to-date symlink: /home/user/ros2_ws/install/nav2_msgs/include/nav2_msgs/nav2_msgs/action/detail/compute_path_to_pose__builder.hpp
[1.138s] -- Up-to-date symlink: /home/user/ros2_ws/install/nav2_msgs/include/nav2_msgs/nav2_msgs/action/detail/compute_path_to_pose__struct.hpp
[1.138s] -- Up-to-date symlink: /home/user/ros2_ws/install/nav2_msgs/include/nav2_msgs/nav2_msgs/action/detail/compute_path_to_pose__traits.hpp
[1.138s] -- Up-to-date symlink: /home/user/ros2_ws/install/nav2_msgs/include/nav2_msgs/nav2_msgs/action/detail/drive_on_heading__builder.hpp
[1.138s] -- Up-to-date symlink: /home/user/ros2_ws/install/nav2_msgs/include/nav2_msgs/nav2_msgs/action/detail/drive_on_heading__struct.hpp
[1.138s] -- Up-to-date symlink: /home/user/ros2_ws/install/nav2_msgs/include/nav2_msgs/nav2_msgs/action/detail/drive_on_heading__traits.hpp
[1.138s] -- Up-to-date symlink: /home/user/ros2_ws/install/nav2_msgs/include/nav2_msgs/nav2_msgs/action/detail/dummy_behavior__builder.hpp
[1.138s] -- Up-to-date symlink: /home/user/ros2_ws/install/nav2_msgs/include/nav2_msgs/nav2_msgs/action/detail/dummy_behavior__struct.hpp
[1.138s] -- Up-to-date symlink: /home/user/ros2_ws/install/nav2_msgs/include/nav2_msgs/nav2_msgs/action/detail/dummy_behavior__traits.hpp
[1.138s] -- Up-to-date symlink: /home/user/ros2_ws/install/nav2_msgs/include/nav2_msgs/nav2_msgs/action/detail/follow_path__builder.hpp
[1.138s] -- Up-to-date symlink: /home/user/ros2_ws/install/nav2_msgs/include/nav2_msgs/nav2_msgs/action/detail/follow_path__struct.hpp
[1.138s] -- Up-to-date symlink: /home/user/ros2_ws/install/nav2_msgs/include/nav2_msgs/nav2_msgs/action/detail/follow_path__traits.hpp
[1.138s] -- Up-to-date symlink: /home/user/ros2_ws/install/nav2_msgs/include/nav2_msgs/nav2_msgs/action/detail/follow_waypoints__builder.hpp
[1.138s] -- Up-to-date symlink: /home/user/ros2_ws/install/nav2_msgs/include/nav2_msgs/nav2_msgs/action/detail/follow_waypoints__struct.hpp
[1.138s] -- Up-to-date symlink: /home/user/ros2_ws/install/nav2_msgs/include/nav2_msgs/nav2_msgs/action/detail/follow_waypoints__traits.hpp
[1.138s] -- Up-to-date symlink: /home/user/ros2_ws/install/nav2_msgs/include/nav2_msgs/nav2_msgs/action/detail/navigate_through_poses__builder.hpp
[1.138s] -- Up-to-date symlink: /home/user/ros2_ws/install/nav2_msgs/include/nav2_msgs/nav2_msgs/action/detail/navigate_through_poses__struct.hpp
[1.138s] -- Up-to-date symlink: /home/user/ros2_ws/install/nav2_msgs/include/nav2_msgs/nav2_msgs/action/detail/navigate_through_poses__traits.hpp
[1.138s] -- Up-to-date symlink: /home/user/ros2_ws/install/nav2_msgs/include/nav2_msgs/nav2_msgs/action/detail/navigate_to_pose__builder.hpp
[1.138s] -- Up-to-date symlink: /home/user/ros2_ws/install/nav2_msgs/include/nav2_msgs/nav2_msgs/action/detail/navigate_to_pose__struct.hpp
[1.138s] -- Up-to-date symlink: /home/user/ros2_ws/install/nav2_msgs/include/nav2_msgs/nav2_msgs/action/detail/navigate_to_pose__traits.hpp
[1.138s] -- Up-to-date symlink: /home/user/ros2_ws/install/nav2_msgs/include/nav2_msgs/nav2_msgs/action/detail/smooth_path__builder.hpp
[1.138s] -- Up-to-date symlink: /home/user/ros2_ws/install/nav2_msgs/include/nav2_msgs/nav2_msgs/action/detail/smooth_path__struct.hpp
[1.138s] -- Up-to-date symlink: /home/user/ros2_ws/install/nav2_msgs/include/nav2_msgs/nav2_msgs/action/detail/smooth_path__traits.hpp
[1.138s] -- Up-to-date symlink: /home/user/ros2_ws/install/nav2_msgs/include/nav2_msgs/nav2_msgs/action/detail/spin__builder.hpp
[1.138s] -- Up-to-date symlink: /home/user/ros2_ws/install/nav2_msgs/include/nav2_msgs/nav2_msgs/action/detail/spin__struct.hpp
[1.138s] -- Up-to-date symlink: /home/user/ros2_ws/install/nav2_msgs/include/nav2_msgs/nav2_msgs/action/detail/spin__traits.hpp
[1.138s] -- Up-to-date symlink: /home/user/ros2_ws/install/nav2_msgs/include/nav2_msgs/nav2_msgs/action/detail/wait__builder.hpp
[1.139s] -- Up-to-date symlink: /home/user/ros2_ws/install/nav2_msgs/include/nav2_msgs/nav2_msgs/action/detail/wait__struct.hpp
[1.139s] -- Up-to-date symlink: /home/user/ros2_ws/install/nav2_msgs/include/nav2_msgs/nav2_msgs/action/detail/wait__traits.hpp
[1.139s] -- Up-to-date symlink: /home/user/ros2_ws/install/nav2_msgs/include/nav2_msgs/nav2_msgs/action/drive_on_heading.hpp
[1.139s] -- Up-to-date symlink: /home/user/ros2_ws/install/nav2_msgs/include/nav2_msgs/nav2_msgs/action/dummy_behavior.hpp
[1.139s] -- Up-to-date symlink: /home/user/ros2_ws/install/nav2_msgs/include/nav2_msgs/nav2_msgs/action/follow_path.hpp
[1.139s] -- Up-to-date symlink: /home/user/ros2_ws/install/nav2_msgs/include/nav2_msgs/nav2_msgs/action/follow_waypoints.hpp
[1.139s] -- Up-to-date symlink: /home/user/ros2_ws/install/nav2_msgs/include/nav2_msgs/nav2_msgs/action/navigate_through_poses.hpp
[1.139s] -- Up-to-date symlink: /home/user/ros2_ws/install/nav2_msgs/include/nav2_msgs/nav2_msgs/action/navigate_to_pose.hpp
[1.139s] -- Up-to-date symlink: /home/user/ros2_ws/install/nav2_msgs/include/nav2_msgs/nav2_msgs/action/smooth_path.hpp
[1.139s] -- Up-to-date symlink: /home/user/ros2_ws/install/nav2_msgs/include/nav2_msgs/nav2_msgs/action/spin.hpp
[1.139s] -- Up-to-date symlink: /home/user/ros2_ws/install/nav2_msgs/include/nav2_msgs/nav2_msgs/action/wait.hpp
[1.139s] -- Up-to-date symlink: /home/user/ros2_ws/install/nav2_msgs/include/nav2_msgs/nav2_msgs/msg/behavior_tree_log.hpp
[1.139s] -- Up-to-date symlink: /home/user/ros2_ws/install/nav2_msgs/include/nav2_msgs/nav2_msgs/msg/behavior_tree_status_change.hpp
[1.139s] -- Up-to-date symlink: /home/user/ros2_ws/install/nav2_msgs/include/nav2_msgs/nav2_msgs/msg/costmap.hpp
[1.139s] -- Up-to-date symlink: /home/user/ros2_ws/install/nav2_msgs/include/nav2_msgs/nav2_msgs/msg/costmap_filter_info.hpp
[1.139s] -- Up-to-date symlink: /home/user/ros2_ws/install/nav2_msgs/include/nav2_msgs/nav2_msgs/msg/costmap_meta_data.hpp
[1.139s] -- Up-to-date symlink: /home/user/ros2_ws/install/nav2_msgs/include/nav2_msgs/nav2_msgs/msg/detail/behavior_tree_log__builder.hpp
[1.139s] -- Up-to-date symlink: /home/user/ros2_ws/install/nav2_msgs/include/nav2_msgs/nav2_msgs/msg/detail/behavior_tree_log__struct.hpp
[1.139s] -- Up-to-date symlink: /home/user/ros2_ws/install/nav2_msgs/include/nav2_msgs/nav2_msgs/msg/detail/behavior_tree_log__traits.hpp
[1.139s] -- Up-to-date symlink: /home/user/ros2_ws/install/nav2_msgs/include/nav2_msgs/nav2_msgs/msg/detail/behavior_tree_status_change__builder.hpp
[1.139s] -- Up-to-date symlink: /home/user/ros2_ws/install/nav2_msgs/include/nav2_msgs/nav2_msgs/msg/detail/behavior_tree_status_change__struct.hpp
[1.139s] -- Up-to-date symlink: /home/user/ros2_ws/install/nav2_msgs/include/nav2_msgs/nav2_msgs/msg/detail/behavior_tree_status_change__traits.hpp
[1.139s] -- Up-to-date symlink: /home/user/ros2_ws/install/nav2_msgs/include/nav2_msgs/nav2_msgs/msg/detail/costmap__builder.hpp
[1.139s] -- Up-to-date symlink: /home/user/ros2_ws/install/nav2_msgs/include/nav2_msgs/nav2_msgs/msg/detail/costmap__struct.hpp
[1.139s] -- Up-to-date symlink: /home/user/ros2_ws/install/nav2_msgs/include/nav2_msgs/nav2_msgs/msg/detail/costmap__traits.hpp
[1.139s] -- Up-to-date symlink: /home/user/ros2_ws/install/nav2_msgs/include/nav2_msgs/nav2_msgs/msg/detail/costmap_filter_info__builder.hpp
[1.139s] -- Up-to-date symlink: /home/user/ros2_ws/install/nav2_msgs/include/nav2_msgs/nav2_msgs/msg/detail/costmap_filter_info__struct.hpp
[1.139s] -- Up-to-date symlink: /home/user/ros2_ws/install/nav2_msgs/include/nav2_msgs/nav2_msgs/msg/detail/costmap_filter_info__traits.hpp
[1.139s] -- Up-to-date symlink: /home/user/ros2_ws/install/nav2_msgs/include/nav2_msgs/nav2_msgs/msg/detail/costmap_meta_data__builder.hpp
[1.139s] -- Up-to-date symlink: /home/user/ros2_ws/install/nav2_msgs/include/nav2_msgs/nav2_msgs/msg/detail/costmap_meta_data__struct.hpp
[1.139s] -- Up-to-date symlink: /home/user/ros2_ws/install/nav2_msgs/include/nav2_msgs/nav2_msgs/msg/detail/costmap_meta_data__traits.hpp
[1.139s] -- Up-to-date symlink: /home/user/ros2_ws/install/nav2_msgs/include/nav2_msgs/nav2_msgs/msg/detail/particle__builder.hpp
[1.139s] -- Up-to-date symlink: /home/user/ros2_ws/install/nav2_msgs/include/nav2_msgs/nav2_msgs/msg/detail/particle__struct.hpp
[1.140s] -- Up-to-date symlink: /home/user/ros2_ws/install/nav2_msgs/include/nav2_msgs/nav2_msgs/msg/detail/particle__traits.hpp
[1.140s] -- Up-to-date symlink: /home/user/ros2_ws/install/nav2_msgs/include/nav2_msgs/nav2_msgs/msg/detail/particle_cloud__builder.hpp
[1.140s] -- Up-to-date symlink: /home/user/ros2_ws/install/nav2_msgs/include/nav2_msgs/nav2_msgs/msg/detail/particle_cloud__struct.hpp
[1.140s] -- Up-to-date symlink: /home/user/ros2_ws/install/nav2_msgs/include/nav2_msgs/nav2_msgs/msg/detail/particle_cloud__traits.hpp
[1.140s] -- Up-to-date symlink: /home/user/ros2_ws/install/nav2_msgs/include/nav2_msgs/nav2_msgs/msg/detail/speed_limit__builder.hpp
[1.140s] -- Up-to-date symlink: /home/user/ros2_ws/install/nav2_msgs/include/nav2_msgs/nav2_msgs/msg/detail/speed_limit__struct.hpp
[1.140s] -- Up-to-date symlink: /home/user/ros2_ws/install/nav2_msgs/include/nav2_msgs/nav2_msgs/msg/detail/speed_limit__traits.hpp
[1.140s] -- Up-to-date symlink: /home/user/ros2_ws/install/nav2_msgs/include/nav2_msgs/nav2_msgs/msg/detail/voxel_grid__builder.hpp
[1.140s] -- Up-to-date symlink: /home/user/ros2_ws/install/nav2_msgs/include/nav2_msgs/nav2_msgs/msg/detail/voxel_grid__struct.hpp
[1.140s] -- Up-to-date symlink: /home/user/ros2_ws/install/nav2_msgs/include/nav2_msgs/nav2_msgs/msg/detail/voxel_grid__traits.hpp
[1.140s] -- Up-to-date symlink: /home/user/ros2_ws/install/nav2_msgs/include/nav2_msgs/nav2_msgs/msg/particle.hpp
[1.140s] -- Up-to-date symlink: /home/user/ros2_ws/install/nav2_msgs/include/nav2_msgs/nav2_msgs/msg/particle_cloud.hpp
[1.140s] -- Up-to-date symlink: /home/user/ros2_ws/install/nav2_msgs/include/nav2_msgs/nav2_msgs/msg/speed_limit.hpp
[1.140s] -- Up-to-date symlink: /home/user/ros2_ws/install/nav2_msgs/include/nav2_msgs/nav2_msgs/msg/voxel_grid.hpp
[1.140s] -- Up-to-date symlink: /home/user/ros2_ws/install/nav2_msgs/include/nav2_msgs/nav2_msgs/srv/clear_costmap_around_robot.hpp
[1.140s] -- Up-to-date symlink: /home/user/ros2_ws/install/nav2_msgs/include/nav2_msgs/nav2_msgs/srv/clear_costmap_except_region.hpp
[1.140s] -- Up-to-date symlink: /home/user/ros2_ws/install/nav2_msgs/include/nav2_msgs/nav2_msgs/srv/clear_entire_costmap.hpp
[1.140s] -- Up-to-date symlink: /home/user/ros2_ws/install/nav2_msgs/include/nav2_msgs/nav2_msgs/srv/detail/clear_costmap_around_robot__builder.hpp
[1.140s] -- Up-to-date symlink: /home/user/ros2_ws/install/nav2_msgs/include/nav2_msgs/nav2_msgs/srv/detail/clear_costmap_around_robot__struct.hpp
[1.140s] -- Up-to-date symlink: /home/user/ros2_ws/install/nav2_msgs/include/nav2_msgs/nav2_msgs/srv/detail/clear_costmap_around_robot__traits.hpp
[1.140s] -- Up-to-date symlink: /home/user/ros2_ws/install/nav2_msgs/include/nav2_msgs/nav2_msgs/srv/detail/clear_costmap_except_region__builder.hpp
[1.140s] -- Up-to-date symlink: /home/user/ros2_ws/install/nav2_msgs/include/nav2_msgs/nav2_msgs/srv/detail/clear_costmap_except_region__struct.hpp
[1.140s] -- Up-to-date symlink: /home/user/ros2_ws/install/nav2_msgs/include/nav2_msgs/nav2_msgs/srv/detail/clear_costmap_except_region__traits.hpp
[1.140s] -- Up-to-date symlink: /home/user/ros2_ws/install/nav2_msgs/include/nav2_msgs/nav2_msgs/srv/detail/clear_entire_costmap__builder.hpp
[1.140s] -- Up-to-date symlink: /home/user/ros2_ws/install/nav2_msgs/include/nav2_msgs/nav2_msgs/srv/detail/clear_entire_costmap__struct.hpp
[1.140s] -- Up-to-date symlink: /home/user/ros2_ws/install/nav2_msgs/include/nav2_msgs/nav2_msgs/srv/detail/clear_entire_costmap__traits.hpp
[1.140s] -- Up-to-date symlink: /home/user/ros2_ws/install/nav2_msgs/include/nav2_msgs/nav2_msgs/srv/detail/get_costmap__builder.hpp
[1.140s] -- Up-to-date symlink: /home/user/ros2_ws/install/nav2_msgs/include/nav2_msgs/nav2_msgs/srv/detail/get_costmap__struct.hpp
[1.140s] -- Up-to-date symlink: /home/user/ros2_ws/install/nav2_msgs/include/nav2_msgs/nav2_msgs/srv/detail/get_costmap__traits.hpp
[1.140s] -- Up-to-date symlink: /home/user/ros2_ws/install/nav2_msgs/include/nav2_msgs/nav2_msgs/srv/detail/is_path_valid__builder.hpp
[1.140s] -- Up-to-date symlink: /home/user/ros2_ws/install/nav2_msgs/include/nav2_msgs/nav2_msgs/srv/detail/is_path_valid__struct.hpp
[1.140s] -- Up-to-date symlink: /home/user/ros2_ws/install/nav2_msgs/include/nav2_msgs/nav2_msgs/srv/detail/is_path_valid__traits.hpp
[1.140s] -- Up-to-date symlink: /home/user/ros2_ws/install/nav2_msgs/include/nav2_msgs/nav2_msgs/srv/detail/load_map__builder.hpp
[1.141s] -- Up-to-date symlink: /home/user/ros2_ws/install/nav2_msgs/include/nav2_msgs/nav2_msgs/srv/detail/load_map__struct.hpp
[1.141s] -- Up-to-date symlink: /home/user/ros2_ws/install/nav2_msgs/include/nav2_msgs/nav2_msgs/srv/detail/load_map__traits.hpp
[1.141s] -- Up-to-date symlink: /home/user/ros2_ws/install/nav2_msgs/include/nav2_msgs/nav2_msgs/srv/detail/manage_lifecycle_nodes__builder.hpp
[1.141s] -- Up-to-date symlink: /home/user/ros2_ws/install/nav2_msgs/include/nav2_msgs/nav2_msgs/srv/detail/manage_lifecycle_nodes__struct.hpp
[1.141s] -- Up-to-date symlink: /home/user/ros2_ws/install/nav2_msgs/include/nav2_msgs/nav2_msgs/srv/detail/manage_lifecycle_nodes__traits.hpp
[1.141s] -- Up-to-date symlink: /home/user/ros2_ws/install/nav2_msgs/include/nav2_msgs/nav2_msgs/srv/detail/save_map__builder.hpp
[1.141s] -- Up-to-date symlink: /home/user/ros2_ws/install/nav2_msgs/include/nav2_msgs/nav2_msgs/srv/detail/save_map__struct.hpp
[1.141s] -- Up-to-date symlink: /home/user/ros2_ws/install/nav2_msgs/include/nav2_msgs/nav2_msgs/srv/detail/save_map__traits.hpp
[1.141s] -- Up-to-date symlink: /home/user/ros2_ws/install/nav2_msgs/include/nav2_msgs/nav2_msgs/srv/get_costmap.hpp
[1.141s] -- Up-to-date symlink: /home/user/ros2_ws/install/nav2_msgs/include/nav2_msgs/nav2_msgs/srv/is_path_valid.hpp
[1.141s] -- Up-to-date symlink: /home/user/ros2_ws/install/nav2_msgs/include/nav2_msgs/nav2_msgs/srv/load_map.hpp
[1.141s] -- Up-to-date symlink: /home/user/ros2_ws/install/nav2_msgs/include/nav2_msgs/nav2_msgs/srv/manage_lifecycle_nodes.hpp
[1.141s] -- Up-to-date symlink: /home/user/ros2_ws/install/nav2_msgs/include/nav2_msgs/nav2_msgs/srv/save_map.hpp
[1.141s] -- Up-to-date symlink: /home/user/ros2_ws/install/nav2_msgs/include/nav2_msgs/nav2_msgs/action/detail/assisted_teleop__rosidl_typesupport_fastrtps_cpp.hpp
[1.141s] -- Up-to-date symlink: /home/user/ros2_ws/install/nav2_msgs/include/nav2_msgs/nav2_msgs/action/detail/back_up__rosidl_typesupport_fastrtps_cpp.hpp
[1.141s] -- Up-to-date symlink: /home/user/ros2_ws/install/nav2_msgs/include/nav2_msgs/nav2_msgs/action/detail/compute_path_through_poses__rosidl_typesupport_fastrtps_cpp.hpp
[1.142s] -- Up-to-date symlink: /home/user/ros2_ws/install/nav2_msgs/include/nav2_msgs/nav2_msgs/action/detail/compute_path_to_pose__rosidl_typesupport_fastrtps_cpp.hpp
[1.142s] -- Up-to-date symlink: /home/user/ros2_ws/install/nav2_msgs/include/nav2_msgs/nav2_msgs/action/detail/drive_on_heading__rosidl_typesupport_fastrtps_cpp.hpp
[1.142s] -- Up-to-date symlink: /home/user/ros2_ws/install/nav2_msgs/include/nav2_msgs/nav2_msgs/action/detail/dummy_behavior__rosidl_typesupport_fastrtps_cpp.hpp
[1.142s] -- Up-to-date symlink: /home/user/ros2_ws/install/nav2_msgs/include/nav2_msgs/nav2_msgs/action/detail/follow_path__rosidl_typesupport_fastrtps_cpp.hpp
[1.142s] -- Up-to-date symlink: /home/user/ros2_ws/install/nav2_msgs/include/nav2_msgs/nav2_msgs/action/detail/follow_waypoints__rosidl_typesupport_fastrtps_cpp.hpp
[1.142s] -- Up-to-date symlink: /home/user/ros2_ws/install/nav2_msgs/include/nav2_msgs/nav2_msgs/action/detail/navigate_through_poses__rosidl_typesupport_fastrtps_cpp.hpp
[1.142s] -- Up-to-date symlink: /home/user/ros2_ws/install/nav2_msgs/include/nav2_msgs/nav2_msgs/action/detail/navigate_to_pose__rosidl_typesupport_fastrtps_cpp.hpp
[1.142s] -- Up-to-date symlink: /home/user/ros2_ws/install/nav2_msgs/include/nav2_msgs/nav2_msgs/action/detail/smooth_path__rosidl_typesupport_fastrtps_cpp.hpp
[1.142s] -- Up-to-date symlink: /home/user/ros2_ws/install/nav2_msgs/include/nav2_msgs/nav2_msgs/action/detail/spin__rosidl_typesupport_fastrtps_cpp.hpp
[1.142s] -- Up-to-date symlink: /home/user/ros2_ws/install/nav2_msgs/include/nav2_msgs/nav2_msgs/action/detail/wait__rosidl_typesupport_fastrtps_cpp.hpp
[1.143s] -- Up-to-date symlink: /home/user/ros2_ws/install/nav2_msgs/include/nav2_msgs/nav2_msgs/msg/detail/behavior_tree_log__rosidl_typesupport_fastrtps_cpp.hpp
[1.143s] -- Up-to-date symlink: /home/user/ros2_ws/install/nav2_msgs/include/nav2_msgs/nav2_msgs/msg/detail/behavior_tree_status_change__rosidl_typesupport_fastrtps_cpp.hpp
[1.143s] -- Up-to-date symlink: /home/user/ros2_ws/install/nav2_msgs/include/nav2_msgs/nav2_msgs/msg/detail/costmap__rosidl_typesupport_fastrtps_cpp.hpp
[1.143s] -- Up-to-date symlink: /home/user/ros2_ws/install/nav2_msgs/include/nav2_msgs/nav2_msgs/msg/detail/costmap_filter_info__rosidl_typesupport_fastrtps_cpp.hpp
[1.143s] -- Up-to-date symlink: /home/user/ros2_ws/install/nav2_msgs/include/nav2_msgs/nav2_msgs/msg/detail/costmap_meta_data__rosidl_typesupport_fastrtps_cpp.hpp
[1.143s] -- Up-to-date symlink: /home/user/ros2_ws/install/nav2_msgs/include/nav2_msgs/nav2_msgs/msg/detail/particle__rosidl_typesupport_fastrtps_cpp.hpp
[1.143s] -- Up-to-date symlink: /home/user/ros2_ws/install/nav2_msgs/include/nav2_msgs/nav2_msgs/msg/detail/particle_cloud__rosidl_typesupport_fastrtps_cpp.hpp
[1.143s] -- Up-to-date symlink: /home/user/ros2_ws/install/nav2_msgs/include/nav2_msgs/nav2_msgs/msg/detail/speed_limit__rosidl_typesupport_fastrtps_cpp.hpp
[1.144s] -- Up-to-date symlink: /home/user/ros2_ws/install/nav2_msgs/include/nav2_msgs/nav2_msgs/msg/detail/voxel_grid__rosidl_typesupport_fastrtps_cpp.hpp
[1.144s] -- Up-to-date symlink: /home/user/ros2_ws/install/nav2_msgs/include/nav2_msgs/nav2_msgs/msg/rosidl_typesupport_fastrtps_cpp__visibility_control.h
[1.144s] -- Up-to-date symlink: /home/user/ros2_ws/install/nav2_msgs/include/nav2_msgs/nav2_msgs/srv/detail/clear_costmap_around_robot__rosidl_typesupport_fastrtps_cpp.hpp
[1.144s] -- Up-to-date symlink: /home/user/ros2_ws/install/nav2_msgs/include/nav2_msgs/nav2_msgs/srv/detail/clear_costmap_except_region__rosidl_typesupport_fastrtps_cpp.hpp
[1.144s] -- Up-to-date symlink: /home/user/ros2_ws/install/nav2_msgs/include/nav2_msgs/nav2_msgs/srv/detail/clear_entire_costmap__rosidl_typesupport_fastrtps_cpp.hpp
[1.144s] -- Up-to-date symlink: /home/user/ros2_ws/install/nav2_msgs/include/nav2_msgs/nav2_msgs/srv/detail/get_costmap__rosidl_typesupport_fastrtps_cpp.hpp
[1.144s] -- Up-to-date symlink: /home/user/ros2_ws/install/nav2_msgs/include/nav2_msgs/nav2_msgs/srv/detail/is_path_valid__rosidl_typesupport_fastrtps_cpp.hpp
[1.144s] -- Up-to-date symlink: /home/user/ros2_ws/install/nav2_msgs/include/nav2_msgs/nav2_msgs/srv/detail/load_map__rosidl_typesupport_fastrtps_cpp.hpp
[1.144s] -- Up-to-date symlink: /home/user/ros2_ws/install/nav2_msgs/include/nav2_msgs/nav2_msgs/srv/detail/manage_lifecycle_nodes__rosidl_typesupport_fastrtps_cpp.hpp
[1.144s] -- Up-to-date symlink: /home/user/ros2_ws/install/nav2_msgs/include/nav2_msgs/nav2_msgs/srv/detail/save_map__rosidl_typesupport_fastrtps_cpp.hpp
[1.145s] -- Up-to-date symlink: /home/user/ros2_ws/install/nav2_msgs/include/nav2_msgs/nav2_msgs/action/detail/assisted_teleop__rosidl_typesupport_introspection_c.h
[1.145s] -- Up-to-date symlink: /home/user/ros2_ws/install/nav2_msgs/include/nav2_msgs/nav2_msgs/action/detail/back_up__rosidl_typesupport_introspection_c.h
[1.145s] -- Up-to-date symlink: /home/user/ros2_ws/install/nav2_msgs/include/nav2_msgs/nav2_msgs/action/detail/compute_path_through_poses__rosidl_typesupport_introspection_c.h
[1.145s] -- Up-to-date symlink: /home/user/ros2_ws/install/nav2_msgs/include/nav2_msgs/nav2_msgs/action/detail/compute_path_to_pose__rosidl_typesupport_introspection_c.h
[1.145s] -- Up-to-date symlink: /home/user/ros2_ws/install/nav2_msgs/include/nav2_msgs/nav2_msgs/action/detail/drive_on_heading__rosidl_typesupport_introspection_c.h
[1.145s] -- Up-to-date symlink: /home/user/ros2_ws/install/nav2_msgs/include/nav2_msgs/nav2_msgs/action/detail/dummy_behavior__rosidl_typesupport_introspection_c.h
[1.145s] -- Up-to-date symlink: /home/user/ros2_ws/install/nav2_msgs/include/nav2_msgs/nav2_msgs/action/detail/follow_path__rosidl_typesupport_introspection_c.h
[1.145s] -- Up-to-date symlink: /home/user/ros2_ws/install/nav2_msgs/include/nav2_msgs/nav2_msgs/action/detail/follow_waypoints__rosidl_typesupport_introspection_c.h
[1.145s] -- Up-to-date symlink: /home/user/ros2_ws/install/nav2_msgs/include/nav2_msgs/nav2_msgs/action/detail/navigate_through_poses__rosidl_typesupport_introspection_c.h
[1.145s] -- Up-to-date symlink: /home/user/ros2_ws/install/nav2_msgs/include/nav2_msgs/nav2_msgs/action/detail/navigate_to_pose__rosidl_typesupport_introspection_c.h
[1.145s] -- Up-to-date symlink: /home/user/ros2_ws/install/nav2_msgs/include/nav2_msgs/nav2_msgs/action/detail/smooth_path__rosidl_typesupport_introspection_c.h
[1.146s] -- Up-to-date symlink: /home/user/ros2_ws/install/nav2_msgs/include/nav2_msgs/nav2_msgs/action/detail/spin__rosidl_typesupport_introspection_c.h
[1.146s] -- Up-to-date symlink: /home/user/ros2_ws/install/nav2_msgs/include/nav2_msgs/nav2_msgs/action/detail/wait__rosidl_typesupport_introspection_c.h
[1.146s] -- Up-to-date symlink: /home/user/ros2_ws/install/nav2_msgs/include/nav2_msgs/nav2_msgs/msg/detail/behavior_tree_log__rosidl_typesupport_introspection_c.h
[1.146s] -- Up-to-date symlink: /home/user/ros2_ws/install/nav2_msgs/include/nav2_msgs/nav2_msgs/msg/detail/behavior_tree_status_change__rosidl_typesupport_introspection_c.h
[1.146s] -- Up-to-date symlink: /home/user/ros2_ws/install/nav2_msgs/include/nav2_msgs/nav2_msgs/msg/detail/costmap__rosidl_typesupport_introspection_c.h
[1.146s] -- Up-to-date symlink: /home/user/ros2_ws/install/nav2_msgs/include/nav2_msgs/nav2_msgs/msg/detail/costmap_filter_info__rosidl_typesupport_introspection_c.h
[1.146s] -- Up-to-date symlink: /home/user/ros2_ws/install/nav2_msgs/include/nav2_msgs/nav2_msgs/msg/detail/costmap_meta_data__rosidl_typesupport_introspection_c.h
[1.146s] -- Up-to-date symlink: /home/user/ros2_ws/install/nav2_msgs/include/nav2_msgs/nav2_msgs/msg/detail/particle__rosidl_typesupport_introspection_c.h
[1.146s] -- Up-to-date symlink: /home/user/ros2_ws/install/nav2_msgs/include/nav2_msgs/nav2_msgs/msg/detail/particle_cloud__rosidl_typesupport_introspection_c.h
[1.146s] -- Up-to-date symlink: /home/user/ros2_ws/install/nav2_msgs/include/nav2_msgs/nav2_msgs/msg/detail/speed_limit__rosidl_typesupport_introspection_c.h
[1.147s] -- Up-to-date symlink: /home/user/ros2_ws/install/nav2_msgs/include/nav2_msgs/nav2_msgs/msg/detail/voxel_grid__rosidl_typesupport_introspection_c.h
[1.147s] -- Up-to-date symlink: /home/user/ros2_ws/install/nav2_msgs/include/nav2_msgs/nav2_msgs/msg/rosidl_typesupport_introspection_c__visibility_control.h
[1.147s] -- Up-to-date symlink: /home/user/ros2_ws/install/nav2_msgs/include/nav2_msgs/nav2_msgs/srv/detail/clear_costmap_around_robot__rosidl_typesupport_introspection_c.h
[1.147s] -- Up-to-date symlink: /home/user/ros2_ws/install/nav2_msgs/include/nav2_msgs/nav2_msgs/srv/detail/clear_costmap_except_region__rosidl_typesupport_introspection_c.h
[1.147s] -- Up-to-date symlink: /home/user/ros2_ws/install/nav2_msgs/include/nav2_msgs/nav2_msgs/srv/detail/clear_entire_costmap__rosidl_typesupport_introspection_c.h
[1.147s] -- Up-to-date symlink: /home/user/ros2_ws/install/nav2_msgs/include/nav2_msgs/nav2_msgs/srv/detail/get_costmap__rosidl_typesupport_introspection_c.h
[1.147s] -- Up-to-date symlink: /home/user/ros2_ws/install/nav2_msgs/include/nav2_msgs/nav2_msgs/srv/detail/is_path_valid__rosidl_typesupport_introspection_c.h
[1.147s] -- Up-to-date symlink: /home/user/ros2_ws/install/nav2_msgs/include/nav2_msgs/nav2_msgs/srv/detail/load_map__rosidl_typesupport_introspection_c.h
[1.147s] -- Up-to-date symlink: /home/user/ros2_ws/install/nav2_msgs/include/nav2_msgs/nav2_msgs/srv/detail/manage_lifecycle_nodes__rosidl_typesupport_introspection_c.h
[1.147s] -- Up-to-date symlink: /home/user/ros2_ws/install/nav2_msgs/include/nav2_msgs/nav2_msgs/srv/detail/save_map__rosidl_typesupport_introspection_c.h
[1.147s] -- Up-to-date symlink: /home/user/ros2_ws/install/nav2_msgs/include/nav2_msgs/nav2_msgs/action/detail/assisted_teleop__rosidl_typesupport_introspection_cpp.hpp
[1.147s] -- Up-to-date symlink: /home/user/ros2_ws/install/nav2_msgs/include/nav2_msgs/nav2_msgs/action/detail/back_up__rosidl_typesupport_introspection_cpp.hpp
[1.148s] -- Up-to-date symlink: /home/user/ros2_ws/install/nav2_msgs/include/nav2_msgs/nav2_msgs/action/detail/compute_path_through_poses__rosidl_typesupport_introspection_cpp.hpp
[1.148s] -- Up-to-date symlink: /home/user/ros2_ws/install/nav2_msgs/include/nav2_msgs/nav2_msgs/action/detail/compute_path_to_pose__rosidl_typesupport_introspection_cpp.hpp
[1.148s] -- Up-to-date symlink: /home/user/ros2_ws/install/nav2_msgs/include/nav2_msgs/nav2_msgs/action/detail/drive_on_heading__rosidl_typesupport_introspection_cpp.hpp
[1.148s] -- Up-to-date symlink: /home/user/ros2_ws/install/nav2_msgs/include/nav2_msgs/nav2_msgs/action/detail/dummy_behavior__rosidl_typesupport_introspection_cpp.hpp
[1.148s] -- Up-to-date symlink: /home/user/ros2_ws/install/nav2_msgs/include/nav2_msgs/nav2_msgs/action/detail/follow_path__rosidl_typesupport_introspection_cpp.hpp
[1.148s] -- Up-to-date symlink: /home/user/ros2_ws/install/nav2_msgs/include/nav2_msgs/nav2_msgs/action/detail/follow_waypoints__rosidl_typesupport_introspection_cpp.hpp
[1.148s] -- Up-to-date symlink: /home/user/ros2_ws/install/nav2_msgs/include/nav2_msgs/nav2_msgs/action/detail/navigate_through_poses__rosidl_typesupport_introspection_cpp.hpp
[1.148s] -- Up-to-date symlink: /home/user/ros2_ws/install/nav2_msgs/include/nav2_msgs/nav2_msgs/action/detail/navigate_to_pose__rosidl_typesupport_introspection_cpp.hpp
[1.148s] -- Up-to-date symlink: /home/user/ros2_ws/install/nav2_msgs/include/nav2_msgs/nav2_msgs/action/detail/smooth_path__rosidl_typesupport_introspection_cpp.hpp
[1.148s] -- Up-to-date symlink: /home/user/ros2_ws/install/nav2_msgs/include/nav2_msgs/nav2_msgs/action/detail/spin__rosidl_typesupport_introspection_cpp.hpp
[1.148s] -- Up-to-date symlink: /home/user/ros2_ws/install/nav2_msgs/include/nav2_msgs/nav2_msgs/action/detail/wait__rosidl_typesupport_introspection_cpp.hpp
[1.149s] -- Up-to-date symlink: /home/user/ros2_ws/install/nav2_msgs/include/nav2_msgs/nav2_msgs/msg/detail/behavior_tree_log__rosidl_typesupport_introspection_cpp.hpp
[1.149s] -- Up-to-date symlink: /home/user/ros2_ws/install/nav2_msgs/include/nav2_msgs/nav2_msgs/msg/detail/behavior_tree_status_change__rosidl_typesupport_introspection_cpp.hpp
[1.149s] -- Up-to-date symlink: /home/user/ros2_ws/install/nav2_msgs/include/nav2_msgs/nav2_msgs/msg/detail/costmap__rosidl_typesupport_introspection_cpp.hpp
[1.149s] -- Up-to-date symlink: /home/user/ros2_ws/install/nav2_msgs/include/nav2_msgs/nav2_msgs/msg/detail/costmap_filter_info__rosidl_typesupport_introspection_cpp.hpp
[1.149s] -- Up-to-date symlink: /home/user/ros2_ws/install/nav2_msgs/include/nav2_msgs/nav2_msgs/msg/detail/costmap_meta_data__rosidl_typesupport_introspection_cpp.hpp
[1.149s] -- Up-to-date symlink: /home/user/ros2_ws/install/nav2_msgs/include/nav2_msgs/nav2_msgs/msg/detail/particle__rosidl_typesupport_introspection_cpp.hpp
[1.149s] -- Up-to-date symlink: /home/user/ros2_ws/install/nav2_msgs/include/nav2_msgs/nav2_msgs/msg/detail/particle_cloud__rosidl_typesupport_introspection_cpp.hpp
[1.149s] -- Up-to-date symlink: /home/user/ros2_ws/install/nav2_msgs/include/nav2_msgs/nav2_msgs/msg/detail/speed_limit__rosidl_typesupport_introspection_cpp.hpp
[1.149s] -- Up-to-date symlink: /home/user/ros2_ws/install/nav2_msgs/include/nav2_msgs/nav2_msgs/msg/detail/voxel_grid__rosidl_typesupport_introspection_cpp.hpp
[1.149s] -- Up-to-date symlink: /home/user/ros2_ws/install/nav2_msgs/include/nav2_msgs/nav2_msgs/srv/detail/clear_costmap_around_robot__rosidl_typesupport_introspection_cpp.hpp
[1.149s] -- Up-to-date symlink: /home/user/ros2_ws/install/nav2_msgs/include/nav2_msgs/nav2_msgs/srv/detail/clear_costmap_except_region__rosidl_typesupport_introspection_cpp.hpp
[1.150s] -- Up-to-date symlink: /home/user/ros2_ws/install/nav2_msgs/include/nav2_msgs/nav2_msgs/srv/detail/clear_entire_costmap__rosidl_typesupport_introspection_cpp.hpp
[1.150s] -- Up-to-date symlink: /home/user/ros2_ws/install/nav2_msgs/include/nav2_msgs/nav2_msgs/srv/detail/get_costmap__rosidl_typesupport_introspection_cpp.hpp
[1.150s] -- Up-to-date symlink: /home/user/ros2_ws/install/nav2_msgs/include/nav2_msgs/nav2_msgs/srv/detail/is_path_valid__rosidl_typesupport_introspection_cpp.hpp
[1.150s] -- Up-to-date symlink: /home/user/ros2_ws/install/nav2_msgs/include/nav2_msgs/nav2_msgs/srv/detail/load_map__rosidl_typesupport_introspection_cpp.hpp
[1.150s] -- Up-to-date symlink: /home/user/ros2_ws/install/nav2_msgs/include/nav2_msgs/nav2_msgs/srv/detail/manage_lifecycle_nodes__rosidl_typesupport_introspection_cpp.hpp
[1.150s] -- Up-to-date symlink: /home/user/ros2_ws/install/nav2_msgs/include/nav2_msgs/nav2_msgs/srv/detail/save_map__rosidl_typesupport_introspection_cpp.hpp
[1.150s] -- Up-to-date symlink: /home/user/ros2_ws/install/nav2_msgs/share/nav2_msgs/environment/pythonpath.sh
[1.150s] -- Up-to-date symlink: /home/user/ros2_ws/install/nav2_msgs/share/nav2_msgs/environment/pythonpath.dsv
[1.150s] -- Up-to-date symlink: /home/user/ros2_ws/install/nav2_msgs/local/lib/python3.10/dist-packages/nav2_msgs-1.1.13-py3.10.egg-info/PKG-INFO
[1.150s] -- Up-to-date symlink: /home/user/ros2_ws/install/nav2_msgs/local/lib/python3.10/dist-packages/nav2_msgs-1.1.13-py3.10.egg-info/SOURCES.txt
[1.151s] -- Up-to-date symlink: /home/user/ros2_ws/install/nav2_msgs/local/lib/python3.10/dist-packages/nav2_msgs-1.1.13-py3.10.egg-info/dependency_links.txt
[1.151s] -- Up-to-date symlink: /home/user/ros2_ws/install/nav2_msgs/local/lib/python3.10/dist-packages/nav2_msgs-1.1.13-py3.10.egg-info/top_level.txt
[1.151s] -- Up-to-date symlink: /home/user/ros2_ws/install/nav2_msgs/local/lib/python3.10/dist-packages/nav2_msgs/__init__.py
[1.151s] -- Up-to-date symlink: /home/user/ros2_ws/install/nav2_msgs/local/lib/python3.10/dist-packages/nav2_msgs/_nav2_msgs_s.ep.rosidl_typesupport_c.c
[1.151s] -- Up-to-date symlink: /home/user/ros2_ws/install/nav2_msgs/local/lib/python3.10/dist-packages/nav2_msgs/_nav2_msgs_s.ep.rosidl_typesupport_fastrtps_c.c
[1.151s] -- Up-to-date symlink: /home/user/ros2_ws/install/nav2_msgs/local/lib/python3.10/dist-packages/nav2_msgs/_nav2_msgs_s.ep.rosidl_typesupport_introspection_c.c
[1.151s] -- Up-to-date symlink: /home/user/ros2_ws/install/nav2_msgs/local/lib/python3.10/dist-packages/nav2_msgs/action/__init__.py
[1.151s] -- Up-to-date symlink: /home/user/ros2_ws/install/nav2_msgs/local/lib/python3.10/dist-packages/nav2_msgs/action/_assisted_teleop.py
[1.151s] -- Up-to-date symlink: /home/user/ros2_ws/install/nav2_msgs/local/lib/python3.10/dist-packages/nav2_msgs/action/_assisted_teleop_s.c
[1.151s] -- Up-to-date symlink: /home/user/ros2_ws/install/nav2_msgs/local/lib/python3.10/dist-packages/nav2_msgs/action/_back_up.py
[1.151s] -- Up-to-date symlink: /home/user/ros2_ws/install/nav2_msgs/local/lib/python3.10/dist-packages/nav2_msgs/action/_back_up_s.c
[1.152s] -- Up-to-date symlink: /home/user/ros2_ws/install/nav2_msgs/local/lib/python3.10/dist-packages/nav2_msgs/action/_compute_path_through_poses.py
[1.152s] -- Up-to-date symlink: /home/user/ros2_ws/install/nav2_msgs/local/lib/python3.10/dist-packages/nav2_msgs/action/_compute_path_through_poses_s.c
[1.152s] -- Up-to-date symlink: /home/user/ros2_ws/install/nav2_msgs/local/lib/python3.10/dist-packages/nav2_msgs/action/_compute_path_to_pose.py
[1.152s] -- Up-to-date symlink: /home/user/ros2_ws/install/nav2_msgs/local/lib/python3.10/dist-packages/nav2_msgs/action/_compute_path_to_pose_s.c
[1.152s] -- Up-to-date symlink: /home/user/ros2_ws/install/nav2_msgs/local/lib/python3.10/dist-packages/nav2_msgs/action/_drive_on_heading.py
[1.152s] -- Up-to-date symlink: /home/user/ros2_ws/install/nav2_msgs/local/lib/python3.10/dist-packages/nav2_msgs/action/_drive_on_heading_s.c
[1.152s] -- Up-to-date symlink: /home/user/ros2_ws/install/nav2_msgs/local/lib/python3.10/dist-packages/nav2_msgs/action/_dummy_behavior.py
[1.152s] -- Up-to-date symlink: /home/user/ros2_ws/install/nav2_msgs/local/lib/python3.10/dist-packages/nav2_msgs/action/_dummy_behavior_s.c
[1.152s] -- Up-to-date symlink: /home/user/ros2_ws/install/nav2_msgs/local/lib/python3.10/dist-packages/nav2_msgs/action/_follow_path.py
[1.152s] -- Up-to-date symlink: /home/user/ros2_ws/install/nav2_msgs/local/lib/python3.10/dist-packages/nav2_msgs/action/_follow_path_s.c
[1.152s] -- Up-to-date symlink: /home/user/ros2_ws/install/nav2_msgs/local/lib/python3.10/dist-packages/nav2_msgs/action/_follow_waypoints.py
[1.153s] -- Up-to-date symlink: /home/user/ros2_ws/install/nav2_msgs/local/lib/python3.10/dist-packages/nav2_msgs/action/_follow_waypoints_s.c
[1.153s] -- Up-to-date symlink: /home/user/ros2_ws/install/nav2_msgs/local/lib/python3.10/dist-packages/nav2_msgs/action/_navigate_through_poses.py
[1.153s] -- Up-to-date symlink: /home/user/ros2_ws/install/nav2_msgs/local/lib/python3.10/dist-packages/nav2_msgs/action/_navigate_through_poses_s.c
[1.153s] -- Up-to-date symlink: /home/user/ros2_ws/install/nav2_msgs/local/lib/python3.10/dist-packages/nav2_msgs/action/_navigate_to_pose.py
[1.153s] -- Up-to-date symlink: /home/user/ros2_ws/install/nav2_msgs/local/lib/python3.10/dist-packages/nav2_msgs/action/_navigate_to_pose_s.c
[1.153s] -- Up-to-date symlink: /home/user/ros2_ws/install/nav2_msgs/local/lib/python3.10/dist-packages/nav2_msgs/action/_smooth_path.py
[1.153s] -- Up-to-date symlink: /home/user/ros2_ws/install/nav2_msgs/local/lib/python3.10/dist-packages/nav2_msgs/action/_smooth_path_s.c
[1.153s] -- Up-to-date symlink: /home/user/ros2_ws/install/nav2_msgs/local/lib/python3.10/dist-packages/nav2_msgs/action/_spin.py
[1.153s] -- Up-to-date symlink: /home/user/ros2_ws/install/nav2_msgs/local/lib/python3.10/dist-packages/nav2_msgs/action/_spin_s.c
[1.153s] -- Up-to-date symlink: /home/user/ros2_ws/install/nav2_msgs/local/lib/python3.10/dist-packages/nav2_msgs/action/_wait.py
[1.153s] -- Up-to-date symlink: /home/user/ros2_ws/install/nav2_msgs/local/lib/python3.10/dist-packages/nav2_msgs/action/_wait_s.c
[1.154s] -- Up-to-date symlink: /home/user/ros2_ws/install/nav2_msgs/local/lib/python3.10/dist-packages/nav2_msgs/libnav2_msgs__rosidl_generator_py.so
[1.154s] -- Up-to-date symlink: /home/user/ros2_ws/install/nav2_msgs/local/lib/python3.10/dist-packages/nav2_msgs/msg/__init__.py
[1.154s] -- Up-to-date symlink: /home/user/ros2_ws/install/nav2_msgs/local/lib/python3.10/dist-packages/nav2_msgs/msg/_behavior_tree_log.py
[1.154s] -- Up-to-date symlink: /home/user/ros2_ws/install/nav2_msgs/local/lib/python3.10/dist-packages/nav2_msgs/msg/_behavior_tree_log_s.c
[1.154s] -- Up-to-date symlink: /home/user/ros2_ws/install/nav2_msgs/local/lib/python3.10/dist-packages/nav2_msgs/msg/_behavior_tree_status_change.py
[1.154s] -- Up-to-date symlink: /home/user/ros2_ws/install/nav2_msgs/local/lib/python3.10/dist-packages/nav2_msgs/msg/_behavior_tree_status_change_s.c
[1.154s] -- Up-to-date symlink: /home/user/ros2_ws/install/nav2_msgs/local/lib/python3.10/dist-packages/nav2_msgs/msg/_costmap.py
[1.154s] -- Up-to-date symlink: /home/user/ros2_ws/install/nav2_msgs/local/lib/python3.10/dist-packages/nav2_msgs/msg/_costmap_filter_info.py
[1.154s] -- Up-to-date symlink: /home/user/ros2_ws/install/nav2_msgs/local/lib/python3.10/dist-packages/nav2_msgs/msg/_costmap_filter_info_s.c
[1.154s] -- Up-to-date symlink: /home/user/ros2_ws/install/nav2_msgs/local/lib/python3.10/dist-packages/nav2_msgs/msg/_costmap_meta_data.py
[1.154s] -- Up-to-date symlink: /home/user/ros2_ws/install/nav2_msgs/local/lib/python3.10/dist-packages/nav2_msgs/msg/_costmap_meta_data_s.c
[1.155s] -- Up-to-date symlink: /home/user/ros2_ws/install/nav2_msgs/local/lib/python3.10/dist-packages/nav2_msgs/msg/_costmap_s.c
[1.155s] -- Up-to-date symlink: /home/user/ros2_ws/install/nav2_msgs/local/lib/python3.10/dist-packages/nav2_msgs/msg/_particle.py
[1.155s] -- Up-to-date symlink: /home/user/ros2_ws/install/nav2_msgs/local/lib/python3.10/dist-packages/nav2_msgs/msg/_particle_cloud.py
[1.155s] -- Up-to-date symlink: /home/user/ros2_ws/install/nav2_msgs/local/lib/python3.10/dist-packages/nav2_msgs/msg/_particle_cloud_s.c
[1.155s] -- Up-to-date symlink: /home/user/ros2_ws/install/nav2_msgs/local/lib/python3.10/dist-packages/nav2_msgs/msg/_particle_s.c
[1.155s] -- Up-to-date symlink: /home/user/ros2_ws/install/nav2_msgs/local/lib/python3.10/dist-packages/nav2_msgs/msg/_speed_limit.py
[1.155s] -- Up-to-date symlink: /home/user/ros2_ws/install/nav2_msgs/local/lib/python3.10/dist-packages/nav2_msgs/msg/_speed_limit_s.c
[1.155s] -- Up-to-date symlink: /home/user/ros2_ws/install/nav2_msgs/local/lib/python3.10/dist-packages/nav2_msgs/msg/_voxel_grid.py
[1.155s] -- Up-to-date symlink: /home/user/ros2_ws/install/nav2_msgs/local/lib/python3.10/dist-packages/nav2_msgs/msg/_voxel_grid_s.c
[1.155s] -- Up-to-date symlink: /home/user/ros2_ws/install/nav2_msgs/local/lib/python3.10/dist-packages/nav2_msgs/nav2_msgs_s__rosidl_typesupport_c.cpython-310-x86_64-linux-gnu.so
[1.156s] -- Up-to-date symlink: /home/user/ros2_ws/install/nav2_msgs/local/lib/python3.10/dist-packages/nav2_msgs/nav2_msgs_s__rosidl_typesupport_fastrtps_c.cpython-310-x86_64-linux-gnu.so
[1.156s] -- Up-to-date symlink: /home/user/ros2_ws/install/nav2_msgs/local/lib/python3.10/dist-packages/nav2_msgs/nav2_msgs_s__rosidl_typesupport_introspection_c.cpython-310-x86_64-linux-gnu.so
[1.156s] -- Up-to-date symlink: /home/user/ros2_ws/install/nav2_msgs/local/lib/python3.10/dist-packages/nav2_msgs/srv/__init__.py
[1.156s] -- Up-to-date symlink: /home/user/ros2_ws/install/nav2_msgs/local/lib/python3.10/dist-packages/nav2_msgs/srv/_clear_costmap_around_robot.py
[1.156s] -- Up-to-date symlink: /home/user/ros2_ws/install/nav2_msgs/local/lib/python3.10/dist-packages/nav2_msgs/srv/_clear_costmap_around_robot_s.c
[1.156s] -- Up-to-date symlink: /home/user/ros2_ws/install/nav2_msgs/local/lib/python3.10/dist-packages/nav2_msgs/srv/_clear_costmap_except_region.py
[1.156s] -- Up-to-date symlink: /home/user/ros2_ws/install/nav2_msgs/local/lib/python3.10/dist-packages/nav2_msgs/srv/_clear_costmap_except_region_s.c
[1.156s] -- Up-to-date symlink: /home/user/ros2_ws/install/nav2_msgs/local/lib/python3.10/dist-packages/nav2_msgs/srv/_clear_entire_costmap.py
[1.156s] -- Up-to-date symlink: /home/user/ros2_ws/install/nav2_msgs/local/lib/python3.10/dist-packages/nav2_msgs/srv/_clear_entire_costmap_s.c
[1.156s] -- Up-to-date symlink: /home/user/ros2_ws/install/nav2_msgs/local/lib/python3.10/dist-packages/nav2_msgs/srv/_get_costmap.py
[1.156s] -- Up-to-date symlink: /home/user/ros2_ws/install/nav2_msgs/local/lib/python3.10/dist-packages/nav2_msgs/srv/_get_costmap_s.c
[1.156s] -- Up-to-date symlink: /home/user/ros2_ws/install/nav2_msgs/local/lib/python3.10/dist-packages/nav2_msgs/srv/_is_path_valid.py
[1.157s] -- Up-to-date symlink: /home/user/ros2_ws/install/nav2_msgs/local/lib/python3.10/dist-packages/nav2_msgs/srv/_is_path_valid_s.c
[1.157s] -- Up-to-date symlink: /home/user/ros2_ws/install/nav2_msgs/local/lib/python3.10/dist-packages/nav2_msgs/srv/_load_map.py
[1.157s] -- Up-to-date symlink: /home/user/ros2_ws/install/nav2_msgs/local/lib/python3.10/dist-packages/nav2_msgs/srv/_load_map_s.c
[1.157s] -- Up-to-date symlink: /home/user/ros2_ws/install/nav2_msgs/local/lib/python3.10/dist-packages/nav2_msgs/srv/_manage_lifecycle_nodes.py
[1.157s] -- Up-to-date symlink: /home/user/ros2_ws/install/nav2_msgs/local/lib/python3.10/dist-packages/nav2_msgs/srv/_manage_lifecycle_nodes_s.c
[1.157s] -- Up-to-date symlink: /home/user/ros2_ws/install/nav2_msgs/local/lib/python3.10/dist-packages/nav2_msgs/srv/_save_map.py
[1.157s] -- Up-to-date symlink: /home/user/ros2_ws/install/nav2_msgs/local/lib/python3.10/dist-packages/nav2_msgs/srv/_save_map_s.c
[1.157s] -- Up-to-date symlink: /home/user/ros2_ws/install/nav2_msgs/local/lib/python3.10/dist-packages/nav2_msgs/nav2_msgs_s__rosidl_typesupport_fastrtps_c.cpython-310-x86_64-linux-gnu.so
[1.157s] -- Up-to-date symlink: /home/user/ros2_ws/install/nav2_msgs/local/lib/python3.10/dist-packages/nav2_msgs/nav2_msgs_s__rosidl_typesupport_introspection_c.cpython-310-x86_64-linux-gnu.so
[1.157s] -- Up-to-date symlink: /home/user/ros2_ws/install/nav2_msgs/local/lib/python3.10/dist-packages/nav2_msgs/nav2_msgs_s__rosidl_typesupport_c.cpython-310-x86_64-linux-gnu.so
[1.157s] -- Up-to-date symlink: /home/user/ros2_ws/install/nav2_msgs/share/nav2_msgs/msg/Costmap.idl
[1.157s] -- Up-to-date symlink: /home/user/ros2_ws/install/nav2_msgs/share/nav2_msgs/msg/CostmapMetaData.idl
[1.157s] -- Up-to-date symlink: /home/user/ros2_ws/install/nav2_msgs/share/nav2_msgs/msg/CostmapFilterInfo.idl
[1.157s] -- Up-to-date symlink: /home/user/ros2_ws/install/nav2_msgs/share/nav2_msgs/msg/SpeedLimit.idl
[1.157s] -- Up-to-date symlink: /home/user/ros2_ws/install/nav2_msgs/share/nav2_msgs/msg/VoxelGrid.idl
[1.158s] -- Up-to-date symlink: /home/user/ros2_ws/install/nav2_msgs/share/nav2_msgs/msg/BehaviorTreeStatusChange.idl
[1.158s] -- Up-to-date symlink: /home/user/ros2_ws/install/nav2_msgs/share/nav2_msgs/msg/BehaviorTreeLog.idl
[1.158s] -- Up-to-date symlink: /home/user/ros2_ws/install/nav2_msgs/share/nav2_msgs/msg/Particle.idl
[1.158s] -- Up-to-date symlink: /home/user/ros2_ws/install/nav2_msgs/share/nav2_msgs/msg/ParticleCloud.idl
[1.158s] -- Up-to-date symlink: /home/user/ros2_ws/install/nav2_msgs/share/nav2_msgs/srv/GetCostmap.idl
[1.158s] -- Up-to-date symlink: /home/user/ros2_ws/install/nav2_msgs/share/nav2_msgs/srv/IsPathValid.idl
[1.158s] -- Up-to-date symlink: /home/user/ros2_ws/install/nav2_msgs/share/nav2_msgs/srv/ClearCostmapExceptRegion.idl
[1.158s] -- Up-to-date symlink: /home/user/ros2_ws/install/nav2_msgs/share/nav2_msgs/srv/ClearCostmapAroundRobot.idl
[1.158s] -- Up-to-date symlink: /home/user/ros2_ws/install/nav2_msgs/share/nav2_msgs/srv/ClearEntireCostmap.idl
[1.158s] -- Up-to-date symlink: /home/user/ros2_ws/install/nav2_msgs/share/nav2_msgs/srv/ManageLifecycleNodes.idl
[1.158s] -- Up-to-date symlink: /home/user/ros2_ws/install/nav2_msgs/share/nav2_msgs/srv/LoadMap.idl
[1.158s] -- Up-to-date symlink: /home/user/ros2_ws/install/nav2_msgs/share/nav2_msgs/srv/SaveMap.idl
[1.159s] -- Up-to-date symlink: /home/user/ros2_ws/install/nav2_msgs/share/nav2_msgs/action/AssistedTeleop.idl
[1.159s] -- Up-to-date symlink: /home/user/ros2_ws/install/nav2_msgs/share/nav2_msgs/action/BackUp.idl
[1.159s] -- Up-to-date symlink: /home/user/ros2_ws/install/nav2_msgs/share/nav2_msgs/action/ComputePathToPose.idl
[1.159s] -- Up-to-date symlink: /home/user/ros2_ws/install/nav2_msgs/share/nav2_msgs/action/ComputePathThroughPoses.idl
[1.159s] -- Up-to-date symlink: /home/user/ros2_ws/install/nav2_msgs/share/nav2_msgs/action/DriveOnHeading.idl
[1.159s] -- Up-to-date symlink: /home/user/ros2_ws/install/nav2_msgs/share/nav2_msgs/action/SmoothPath.idl
[1.159s] -- Up-to-date symlink: /home/user/ros2_ws/install/nav2_msgs/share/nav2_msgs/action/FollowPath.idl
[1.159s] -- Up-to-date symlink: /home/user/ros2_ws/install/nav2_msgs/share/nav2_msgs/action/NavigateToPose.idl
[1.159s] -- Up-to-date symlink: /home/user/ros2_ws/install/nav2_msgs/share/nav2_msgs/action/NavigateThroughPoses.idl
[1.159s] -- Up-to-date symlink: /home/user/ros2_ws/install/nav2_msgs/share/nav2_msgs/action/Wait.idl
[1.159s] -- Up-to-date symlink: /home/user/ros2_ws/install/nav2_msgs/share/nav2_msgs/action/Spin.idl
[1.159s] -- Up-to-date symlink: /home/user/ros2_ws/install/nav2_msgs/share/nav2_msgs/action/DummyBehavior.idl
[1.159s] -- Up-to-date symlink: /home/user/ros2_ws/install/nav2_msgs/share/nav2_msgs/action/FollowWaypoints.idl
[1.159s] -- Up-to-date symlink: /home/user/ros2_ws/install/nav2_msgs/share/nav2_msgs/msg/Costmap.msg
[1.159s] -- Up-to-date symlink: /home/user/ros2_ws/install/nav2_msgs/share/nav2_msgs/msg/CostmapMetaData.msg
[1.159s] -- Up-to-date symlink: /home/user/ros2_ws/install/nav2_msgs/share/nav2_msgs/msg/CostmapFilterInfo.msg
[1.159s] -- Up-to-date symlink: /home/user/ros2_ws/install/nav2_msgs/share/nav2_msgs/msg/SpeedLimit.msg
[1.159s] -- Up-to-date symlink: /home/user/ros2_ws/install/nav2_msgs/share/nav2_msgs/msg/VoxelGrid.msg
[1.159s] -- Up-to-date symlink: /home/user/ros2_ws/install/nav2_msgs/share/nav2_msgs/msg/BehaviorTreeStatusChange.msg
[1.159s] -- Up-to-date symlink: /home/user/ros2_ws/install/nav2_msgs/share/nav2_msgs/msg/BehaviorTreeLog.msg
[1.159s] -- Up-to-date symlink: /home/user/ros2_ws/install/nav2_msgs/share/nav2_msgs/msg/Particle.msg
[1.159s] -- Up-to-date symlink: /home/user/ros2_ws/install/nav2_msgs/share/nav2_msgs/msg/ParticleCloud.msg
[1.159s] -- Up-to-date symlink: /home/user/ros2_ws/install/nav2_msgs/share/nav2_msgs/srv/GetCostmap.srv
[1.159s] -- Up-to-date symlink: /home/user/ros2_ws/install/nav2_msgs/share/nav2_msgs/srv/GetCostmap_Request.msg
[1.159s] -- Up-to-date symlink: /home/user/ros2_ws/install/nav2_msgs/share/nav2_msgs/srv/GetCostmap_Response.msg
[1.159s] -- Up-to-date symlink: /home/user/ros2_ws/install/nav2_msgs/share/nav2_msgs/srv/IsPathValid.srv
[1.159s] -- Up-to-date symlink: /home/user/ros2_ws/install/nav2_msgs/share/nav2_msgs/srv/IsPathValid_Request.msg
[1.159s] -- Up-to-date symlink: /home/user/ros2_ws/install/nav2_msgs/share/nav2_msgs/srv/IsPathValid_Response.msg
[1.159s] -- Up-to-date symlink: /home/user/ros2_ws/install/nav2_msgs/share/nav2_msgs/srv/ClearCostmapExceptRegion.srv
[1.159s] -- Up-to-date symlink: /home/user/ros2_ws/install/nav2_msgs/share/nav2_msgs/srv/ClearCostmapExceptRegion_Request.msg
[1.159s] -- Up-to-date symlink: /home/user/ros2_ws/install/nav2_msgs/share/nav2_msgs/srv/ClearCostmapExceptRegion_Response.msg
[1.159s] -- Up-to-date symlink: /home/user/ros2_ws/install/nav2_msgs/share/nav2_msgs/srv/ClearCostmapAroundRobot.srv
[1.159s] -- Up-to-date symlink: /home/user/ros2_ws/install/nav2_msgs/share/nav2_msgs/srv/ClearCostmapAroundRobot_Request.msg
[1.160s] -- Up-to-date symlink: /home/user/ros2_ws/install/nav2_msgs/share/nav2_msgs/srv/ClearCostmapAroundRobot_Response.msg
[1.160s] -- Up-to-date symlink: /home/user/ros2_ws/install/nav2_msgs/share/nav2_msgs/srv/ClearEntireCostmap.srv
[1.160s] -- Up-to-date symlink: /home/user/ros2_ws/install/nav2_msgs/share/nav2_msgs/srv/ClearEntireCostmap_Request.msg
[1.160s] -- Up-to-date symlink: /home/user/ros2_ws/install/nav2_msgs/share/nav2_msgs/srv/ClearEntireCostmap_Response.msg
[1.160s] -- Up-to-date symlink: /home/user/ros2_ws/install/nav2_msgs/share/nav2_msgs/srv/ManageLifecycleNodes.srv
[1.160s] -- Up-to-date symlink: /home/user/ros2_ws/install/nav2_msgs/share/nav2_msgs/srv/ManageLifecycleNodes_Request.msg
[1.160s] -- Up-to-date symlink: /home/user/ros2_ws/install/nav2_msgs/share/nav2_msgs/srv/ManageLifecycleNodes_Response.msg
[1.160s] -- Up-to-date symlink: /home/user/ros2_ws/install/nav2_msgs/share/nav2_msgs/srv/LoadMap.srv
[1.160s] -- Up-to-date symlink: /home/user/ros2_ws/install/nav2_msgs/share/nav2_msgs/srv/LoadMap_Request.msg
[1.160s] -- Up-to-date symlink: /home/user/ros2_ws/install/nav2_msgs/share/nav2_msgs/srv/LoadMap_Response.msg
[1.160s] -- Up-to-date symlink: /home/user/ros2_ws/install/nav2_msgs/share/nav2_msgs/srv/SaveMap.srv
[1.160s] -- Up-to-date symlink: /home/user/ros2_ws/install/nav2_msgs/share/nav2_msgs/srv/SaveMap_Request.msg
[1.160s] -- Up-to-date symlink: /home/user/ros2_ws/install/nav2_msgs/share/nav2_msgs/srv/SaveMap_Response.msg
[1.160s] -- Up-to-date symlink: /home/user/ros2_ws/install/nav2_msgs/share/nav2_msgs/action/AssistedTeleop.action
[1.160s] -- Up-to-date symlink: /home/user/ros2_ws/install/nav2_msgs/share/nav2_msgs/action/BackUp.action
[1.160s] -- Up-to-date symlink: /home/user/ros2_ws/install/nav2_msgs/share/nav2_msgs/action/ComputePathToPose.action
[1.160s] -- Up-to-date symlink: /home/user/ros2_ws/install/nav2_msgs/share/nav2_msgs/action/ComputePathThroughPoses.action
[1.160s] -- Up-to-date symlink: /home/user/ros2_ws/install/nav2_msgs/share/nav2_msgs/action/DriveOnHeading.action
[1.160s] -- Up-to-date symlink: /home/user/ros2_ws/install/nav2_msgs/share/nav2_msgs/action/SmoothPath.action
[1.160s] -- Up-to-date symlink: /home/user/ros2_ws/install/nav2_msgs/share/nav2_msgs/action/FollowPath.action
[1.160s] -- Up-to-date symlink: /home/user/ros2_ws/install/nav2_msgs/share/nav2_msgs/action/NavigateToPose.action
[1.160s] -- Up-to-date symlink: /home/user/ros2_ws/install/nav2_msgs/share/nav2_msgs/action/NavigateThroughPoses.action
[1.160s] -- Up-to-date symlink: /home/user/ros2_ws/install/nav2_msgs/share/nav2_msgs/action/Wait.action
[1.160s] -- Up-to-date symlink: /home/user/ros2_ws/install/nav2_msgs/share/nav2_msgs/action/Spin.action
[1.160s] -- Up-to-date symlink: /home/user/ros2_ws/install/nav2_msgs/share/nav2_msgs/action/DummyBehavior.action
[1.160s] -- Up-to-date symlink: /home/user/ros2_ws/install/nav2_msgs/share/nav2_msgs/action/FollowWaypoints.action
[1.160s] -- Up-to-date symlink: /home/user/ros2_ws/install/nav2_msgs/share/ament_index/resource_index/package_run_dependencies/nav2_msgs
[1.160s] -- Up-to-date symlink: /home/user/ros2_ws/install/nav2_msgs/share/ament_index/resource_index/parent_prefix_path/nav2_msgs
[1.160s] -- Up-to-date symlink: /home/user/ros2_ws/install/nav2_msgs/share/nav2_msgs/environment/ament_prefix_path.sh
[1.160s] -- Up-to-date symlink: /home/user/ros2_ws/install/nav2_msgs/share/nav2_msgs/environment/ament_prefix_path.dsv
[1.161s] -- Up-to-date symlink: /home/user/ros2_ws/install/nav2_msgs/share/nav2_msgs/environment/path.sh
[1.161s] -- Up-to-date symlink: /home/user/ros2_ws/install/nav2_msgs/share/nav2_msgs/environment/path.dsv
[1.161s] -- Up-to-date symlink: /home/user/ros2_ws/install/nav2_msgs/share/nav2_msgs/local_setup.bash
[1.161s] -- Up-to-date symlink: /home/user/ros2_ws/install/nav2_msgs/share/nav2_msgs/local_setup.sh
[1.161s] -- Up-to-date symlink: /home/user/ros2_ws/install/nav2_msgs/share/nav2_msgs/local_setup.zsh
[1.161s] -- Up-to-date symlink: /home/user/ros2_ws/install/nav2_msgs/share/nav2_msgs/local_setup.dsv
[1.161s] -- Symlinking: /home/user/ros2_ws/install/nav2_msgs/share/nav2_msgs/package.dsv
[1.164s] -- Up-to-date symlink: /home/user/ros2_ws/install/nav2_msgs/share/ament_index/resource_index/packages/nav2_msgs
[1.164s] -- Up-to-date symlink: /home/user/ros2_ws/install/nav2_msgs/share/nav2_msgs/cmake/rosidl_cmake-extras.cmake
[1.164s] -- Up-to-date symlink: /home/user/ros2_ws/install/nav2_msgs/share/nav2_msgs/cmake/ament_cmake_export_dependencies-extras.cmake
[1.164s] -- Up-to-date symlink: /home/user/ros2_ws/install/nav2_msgs/share/nav2_msgs/cmake/ament_cmake_export_include_directories-extras.cmake
[1.164s] -- Up-to-date symlink: /home/user/ros2_ws/install/nav2_msgs/share/nav2_msgs/cmake/ament_cmake_export_libraries-extras.cmake
[1.164s] -- Up-to-date symlink: /home/user/ros2_ws/install/nav2_msgs/share/nav2_msgs/cmake/ament_cmake_export_targets-extras.cmake
[1.164s] -- Up-to-date symlink: /home/user/ros2_ws/install/nav2_msgs/share/nav2_msgs/cmake/rosidl_cmake_export_typesupport_targets-extras.cmake
[1.165s] -- Up-to-date symlink: /home/user/ros2_ws/install/nav2_msgs/share/nav2_msgs/cmake/rosidl_cmake_export_typesupport_libraries-extras.cmake
[1.165s] -- Up-to-date symlink: /home/user/ros2_ws/install/nav2_msgs/share/nav2_msgs/cmake/nav2_msgsConfig.cmake
[1.165s] -- Up-to-date symlink: /home/user/ros2_ws/install/nav2_msgs/share/nav2_msgs/cmake/nav2_msgsConfig-version.cmake
[1.165s] -- Up-to-date symlink: /home/user/ros2_ws/install/nav2_msgs/share/nav2_msgs/package.xml
[1.165s] -- Up-to-date: /home/user/ros2_ws/install/nav2_msgs/lib/libnav2_msgs__rosidl_generator_c.so
[1.165s] -- Up-to-date: /home/user/ros2_ws/install/nav2_msgs/lib/libnav2_msgs__rosidl_typesupport_fastrtps_c.so
[1.165s] -- Up-to-date: /home/user/ros2_ws/install/nav2_msgs/lib/libnav2_msgs__rosidl_typesupport_fastrtps_cpp.so
[1.165s] -- Up-to-date: /home/user/ros2_ws/install/nav2_msgs/lib/libnav2_msgs__rosidl_typesupport_introspection_c.so
[1.165s] -- Up-to-date: /home/user/ros2_ws/install/nav2_msgs/lib/libnav2_msgs__rosidl_typesupport_c.so
[1.166s] -- Up-to-date: /home/user/ros2_ws/install/nav2_msgs/lib/libnav2_msgs__rosidl_typesupport_introspection_cpp.so
[1.166s] -- Up-to-date: /home/user/ros2_ws/install/nav2_msgs/lib/libnav2_msgs__rosidl_typesupport_cpp.so
[1.188s] Listing '/home/user/ros2_ws/install/nav2_msgs/local/lib/python3.10/dist-packages/nav2_msgs'...
[1.188s] Listing '/home/user/ros2_ws/install/nav2_msgs/local/lib/python3.10/dist-packages/nav2_msgs/action'...
[1.188s] Listing '/home/user/ros2_ws/install/nav2_msgs/local/lib/python3.10/dist-packages/nav2_msgs/msg'...
[1.188s] Listing '/home/user/ros2_ws/install/nav2_msgs/local/lib/python3.10/dist-packages/nav2_msgs/srv'...
[1.191s] -- Up-to-date: /home/user/ros2_ws/install/nav2_msgs/lib/libnav2_msgs__rosidl_generator_py.so
[1.191s] -- Up-to-date: /home/user/ros2_ws/install/nav2_msgs/share/nav2_msgs/cmake/export_nav2_msgs__rosidl_generator_cExport.cmake
[1.191s] -- Up-to-date: /home/user/ros2_ws/install/nav2_msgs/share/nav2_msgs/cmake/export_nav2_msgs__rosidl_generator_cExport-release.cmake
[1.191s] -- Up-to-date: /home/user/ros2_ws/install/nav2_msgs/share/nav2_msgs/cmake/export_nav2_msgs__rosidl_typesupport_fastrtps_cExport.cmake
[1.191s] -- Up-to-date: /home/user/ros2_ws/install/nav2_msgs/share/nav2_msgs/cmake/export_nav2_msgs__rosidl_typesupport_fastrtps_cExport-release.cmake
[1.191s] -- Up-to-date: /home/user/ros2_ws/install/nav2_msgs/share/nav2_msgs/cmake/export_nav2_msgs__rosidl_generator_cppExport.cmake
[1.191s] -- Up-to-date: /home/user/ros2_ws/install/nav2_msgs/share/nav2_msgs/cmake/export_nav2_msgs__rosidl_typesupport_fastrtps_cppExport.cmake
[1.191s] -- Up-to-date: /home/user/ros2_ws/install/nav2_msgs/share/nav2_msgs/cmake/export_nav2_msgs__rosidl_typesupport_fastrtps_cppExport-release.cmake
[1.191s] -- Up-to-date: /home/user/ros2_ws/install/nav2_msgs/share/nav2_msgs/cmake/nav2_msgs__rosidl_typesupport_introspection_cExport.cmake
[1.191s] -- Up-to-date: /home/user/ros2_ws/install/nav2_msgs/share/nav2_msgs/cmake/nav2_msgs__rosidl_typesupport_introspection_cExport-release.cmake
[1.191s] -- Up-to-date: /home/user/ros2_ws/install/nav2_msgs/share/nav2_msgs/cmake/nav2_msgs__rosidl_typesupport_cExport.cmake
[1.191s] -- Up-to-date: /home/user/ros2_ws/install/nav2_msgs/share/nav2_msgs/cmake/nav2_msgs__rosidl_typesupport_cExport-release.cmake
[1.191s] -- Up-to-date: /home/user/ros2_ws/install/nav2_msgs/share/nav2_msgs/cmake/nav2_msgs__rosidl_typesupport_introspection_cppExport.cmake
[1.191s] -- Up-to-date: /home/user/ros2_ws/install/nav2_msgs/share/nav2_msgs/cmake/nav2_msgs__rosidl_typesupport_introspection_cppExport-release.cmake
[1.191s] -- Up-to-date: /home/user/ros2_ws/install/nav2_msgs/share/nav2_msgs/cmake/nav2_msgs__rosidl_typesupport_cppExport.cmake
[1.191s] -- Up-to-date: /home/user/ros2_ws/install/nav2_msgs/share/nav2_msgs/cmake/nav2_msgs__rosidl_typesupport_cppExport-release.cmake
[1.192s] -- Up-to-date: /home/user/ros2_ws/install/nav2_msgs/share/nav2_msgs/cmake/export_nav2_msgs__rosidl_generator_pyExport.cmake
[1.192s] -- Up-to-date: /home/user/ros2_ws/install/nav2_msgs/share/nav2_msgs/cmake/export_nav2_msgs__rosidl_generator_pyExport-release.cmake
[1.193s] Invoked command in '/home/user/ros2_ws/build/nav2_msgs' returned '0': AMENT_PREFIX_PATH=/home/user/ros2_ws/install/nav2_common:${AMENT_PREFIX_PATH} CMAKE_PREFIX_PATH=/home/user/ros2_ws/install/nav2_common:/home/user/ros2_ws/install/slam_toolbox:/home/user/ros2_ws/install/slam_gmapping:/home/user/ros2_ws/install/serial:/home/user/ros2_ws/install/imu_tools:/home/user/ros2_ws/install/rviz_imu_plugin:/home/user/ros2_ws/install/rtabmap_ros:/home/user/ros2_ws/install/rtabmap_launch:/home/user/ros2_ws/install/rtabmap_examples:/home/user/ros2_ws/install/rtabmap_demos:/home/user/ros2_ws/install/rtabmap_viz:/home/user/ros2_ws/install/rtabmap_slam:/home/user/ros2_ws/install/rtabmap_odom:/home/user/ros2_ws/install/rtabmap_util:/home/user/ros2_ws/install/rtabmap_sync:/home/user/ros2_ws/install/rtabmap_rviz_plugins:/home/user/ros2_ws/install/rtabmap_conversions:/home/user/ros2_ws/install/rtabmap_python:/opt/ros/humble:/home/user/ros2_ws/install/rtabmap_msgs:/home/user/ros2_ws/install/rtabmap:/home/user/ros2_ws/install/roboteq_ros2_driver:/home/user/ros2_ws/install/realsense2_description:/home/user/ros2_ws/install/realsense2_camera:/home/user/ros2_ws/install/realsense2_camera_msgs:/home/user/ros2_ws/install/openslam_gmapping:/home/user/ros2_ws/install/lslidar_driver:/home/user/ros2_ws/install/lslidar_msgs:/home/user/ros2_ws/install/imu_filter_madgwick:/home/user/ros2_ws/install/imu_complementary_filter:/home/user/ros2_ws/install/amr_bot PYTHONPATH=/home/user/ros2_ws/install/nav2_common/local/lib/python3.10/dist-packages:${PYTHONPATH} /usr/bin/cmake --install /home/user/ros2_ws/build/nav2_msgs
