[0.031s] Invoking command in '/home/user/ros2_ws/build/openslam_gmapping': CMAKE_PREFIX_PATH=${CMAKE_PREFIX_PATH}:/home/user/ros2_ws/install/rtabmap_python:/opt/ros/humble /usr/bin/cmake /home/user/ros2_ws/src/slam_gmapping/openslam_gmapping -DCMAKE_BUILD_TYPE=Release -DAMENT_CMAKE_SYMLINK_INSTALL=1 -DCMAKE_INSTALL_PREFIX=/home/user/ros2_ws/install/openslam_gmapping
[0.064s] -- The C compiler identification is GNU 11.4.0
[0.096s] -- The CXX compiler identification is GNU 11.4.0
[0.100s] -- Detecting C compiler ABI info
[0.139s] -- Detecting C compiler ABI info - done
[0.143s] -- Check for working C compiler: /usr/bin/cc - skipped
[0.143s] -- Detecting C compile features
[0.144s] -- Detecting C compile features - done
[0.145s] -- Detecting CXX compiler ABI info
[0.193s] -- Detecting CXX compiler ABI info - done
[0.199s] -- Check for working CXX compiler: /usr/bin/c++ - skipped
[0.199s] -- Detecting CXX compile features
[0.200s] -- Detecting CXX compile features - done
[0.202s] -- Found ament_cmake: 1.3.7 (/opt/ros/humble/share/ament_cmake/cmake)
[0.306s] -- Found Python3: /usr/bin/python3.10 (found version "3.10.12") found components: Interpreter 
[0.341s] -- Override CMake install command with custom implementation using symlinks instead of copying resources
[0.399s] -- Configuring done
[0.406s] -- Generating done
[0.407s] -- Build files have been written to: /home/user/ros2_ws/build/openslam_gmapping
[0.410s] Invoked command in '/home/user/ros2_ws/build/openslam_gmapping' returned '0': CMAKE_PREFIX_PATH=${CMAKE_PREFIX_PATH}:/home/user/ros2_ws/install/rtabmap_python:/opt/ros/humble /usr/bin/cmake /home/user/ros2_ws/src/slam_gmapping/openslam_gmapping -DCMAKE_BUILD_TYPE=Release -DAMENT_CMAKE_SYMLINK_INSTALL=1 -DCMAKE_INSTALL_PREFIX=/home/user/ros2_ws/install/openslam_gmapping
[0.411s] Invoking command in '/home/user/ros2_ws/build/openslam_gmapping': CMAKE_PREFIX_PATH=${CMAKE_PREFIX_PATH}:/home/user/ros2_ws/install/rtabmap_python:/opt/ros/humble /usr/bin/cmake --build /home/user/ros2_ws/build/openslam_gmapping
[0.437s] [  4%] [32mBuilding CXX object utils/CMakeFiles/utils.dir/movement.cpp.o[0m
[0.587s] [  9%] [32mBuilding CXX object utils/CMakeFiles/utils.dir/stat.cpp.o[0m
[0.743s] [ 13%] [32m[1mLinking CXX static library libutils.a[0m
[0.761s] [ 13%] Built target utils
[0.774s] [ 18%] [32mBuilding CXX object sensor/sensor_base/CMakeFiles/sensor_base.dir/sensor.cpp.o[0m
[0.893s] [ 22%] [32mBuilding CXX object sensor/sensor_base/CMakeFiles/sensor_base.dir/sensorreading.cpp.o[0m
[0.991s] [ 27%] [32m[1mLinking CXX static library libsensor_base.a[0m
[1.008s] [ 27%] Built target sensor_base
[1.020s] [ 31%] [32mBuilding CXX object sensor/sensor_range/CMakeFiles/sensor_range.dir/rangereading.cpp.o[0m
[1.236s] [ 36%] [32mBuilding CXX object sensor/sensor_range/CMakeFiles/sensor_range.dir/rangesensor.cpp.o[0m
[1.427s] [ 40%] [32m[1mLinking CXX static library libsensor_range.a[0m
[1.446s] [ 40%] Built target sensor_range
[1.458s] [ 45%] [32mBuilding CXX object scanmatcher/CMakeFiles/scanmatcher.dir/eig3.cpp.o[0m
[1.560s] [ 50%] [32mBuilding CXX object scanmatcher/CMakeFiles/scanmatcher.dir/scanmatcher.cpp.o[0m
[2.234s] [ 54%] [32mBuilding CXX object scanmatcher/CMakeFiles/scanmatcher.dir/scanmatcherprocessor.cpp.o[0m
[2.580s] [ 59%] [32mBuilding CXX object scanmatcher/CMakeFiles/scanmatcher.dir/smmap.cpp.o[0m
[2.726s] [ 63%] [32m[1mLinking CXX static library libscanmatcher.a[0m
[2.745s] [ 63%] Built target scanmatcher
[2.757s] [ 68%] [32mBuilding CXX object gridfastslam/CMakeFiles/gridfastslam.dir/gfsreader.cpp.o[0m
[3.234s] [ 72%] [32mBuilding CXX object gridfastslam/CMakeFiles/gridfastslam.dir/gridslamprocessor.cpp.o[0m
[3.992s] [ 77%] [32mBuilding CXX object gridfastslam/CMakeFiles/gridfastslam.dir/gridslamprocessor_tree.cpp.o[0m
[4.377s] [ 81%] [32mBuilding CXX object gridfastslam/CMakeFiles/gridfastslam.dir/motionmodel.cpp.o[0m
[4.538s] [ 86%] [32m[1mLinking CXX static library libgridfastslam.a[0m
[4.558s] [ 86%] Built target gridfastslam
[4.570s] [ 90%] [32mBuilding CXX object sensor/sensor_odometry/CMakeFiles/sensor_odometry.dir/odometryreading.cpp.o[0m
[4.721s] [ 95%] [32mBuilding CXX object sensor/sensor_odometry/CMakeFiles/sensor_odometry.dir/odometrysensor.cpp.o[0m
[4.820s] [100%] [32m[1mLinking CXX static library libsensor_odometry.a[0m
[4.838s] [100%] Built target sensor_odometry
[4.844s] Invoked command in '/home/user/ros2_ws/build/openslam_gmapping' returned '0': CMAKE_PREFIX_PATH=${CMAKE_PREFIX_PATH}:/home/user/ros2_ws/install/rtabmap_python:/opt/ros/humble /usr/bin/cmake --build /home/user/ros2_ws/build/openslam_gmapping
[4.863s] Invoking command in '/home/user/ros2_ws/build/openslam_gmapping': CMAKE_PREFIX_PATH=${CMAKE_PREFIX_PATH}:/home/user/ros2_ws/install/rtabmap_python:/opt/ros/humble /usr/bin/cmake --install /home/user/ros2_ws/build/openslam_gmapping
[4.867s] -- Install configuration: "Release"
[4.867s] -- Execute custom install script
[4.867s] -- Symlinking: /home/user/ros2_ws/install/openslam_gmapping/lib/libgridfastslam.a
[4.873s] -- Symlinking: /home/user/ros2_ws/install/openslam_gmapping/lib/libscanmatcher.a
[4.878s] -- Symlinking: /home/user/ros2_ws/install/openslam_gmapping/lib/libsensor_base.a
[4.884s] -- Symlinking: /home/user/ros2_ws/install/openslam_gmapping/share/openslam_gmapping/environment/library_path.sh
[4.889s] -- Symlinking: /home/user/ros2_ws/install/openslam_gmapping/share/openslam_gmapping/environment/library_path.dsv
[4.894s] -- Up-to-date symlink: /home/user/ros2_ws/install/openslam_gmapping/share/openslam_gmapping/environment/library_path.sh
[4.894s] -- Up-to-date symlink: /home/user/ros2_ws/install/openslam_gmapping/share/openslam_gmapping/environment/library_path.dsv
[4.894s] -- Symlinking: /home/user/ros2_ws/install/openslam_gmapping/lib/libsensor_odometry.a
[4.899s] -- Symlinking: /home/user/ros2_ws/install/openslam_gmapping/lib/libsensor_range.a
[4.904s] -- Symlinking: /home/user/ros2_ws/install/openslam_gmapping/lib/libutils.a
[4.909s] -- Up-to-date symlink: /home/user/ros2_ws/install/openslam_gmapping/share/openslam_gmapping/environment/library_path.sh
[4.909s] -- Up-to-date symlink: /home/user/ros2_ws/install/openslam_gmapping/share/openslam_gmapping/environment/library_path.dsv
[4.909s] -- Up-to-date symlink: /home/user/ros2_ws/install/openslam_gmapping/share/openslam_gmapping/environment/library_path.sh
[4.909s] -- Up-to-date symlink: /home/user/ros2_ws/install/openslam_gmapping/share/openslam_gmapping/environment/library_path.dsv
[4.910s] -- Symlinking: /home/user/ros2_ws/install/openslam_gmapping/include//gmapping/grid/accessstate.h
[4.914s] -- Symlinking: /home/user/ros2_ws/install/openslam_gmapping/include//gmapping/grid/array2d.h
[4.920s] -- Symlinking: /home/user/ros2_ws/install/openslam_gmapping/include//gmapping/grid/harray2d.h
[4.924s] -- Symlinking: /home/user/ros2_ws/install/openslam_gmapping/include//gmapping/grid/map.h
[4.929s] -- Symlinking: /home/user/ros2_ws/install/openslam_gmapping/include//gmapping/gridfastslam/gridslamprocessor.h
[4.934s] -- Symlinking: /home/user/ros2_ws/install/openslam_gmapping/include//gmapping/gridfastslam/gridslamprocessor.hxx
[4.938s] -- Symlinking: /home/user/ros2_ws/install/openslam_gmapping/include//gmapping/gridfastslam/motionmodel.h
[4.943s] -- Symlinking: /home/user/ros2_ws/install/openslam_gmapping/include//gmapping/log/configuration.h
[4.947s] -- Symlinking: /home/user/ros2_ws/install/openslam_gmapping/include//gmapping/log/sensorlog.h
[4.952s] -- Symlinking: /home/user/ros2_ws/install/openslam_gmapping/include//gmapping/particlefilter/particlefilter.h
[4.957s] -- Symlinking: /home/user/ros2_ws/install/openslam_gmapping/include//gmapping/scanmatcher/icp.h
[4.962s] -- Symlinking: /home/user/ros2_ws/install/openslam_gmapping/include//gmapping/scanmatcher/scanmatcher.h
[4.966s] -- Symlinking: /home/user/ros2_ws/install/openslam_gmapping/include//gmapping/scanmatcher/smmap.h
[4.971s] -- Symlinking: /home/user/ros2_ws/install/openslam_gmapping/include//gmapping/sensor/sensor_base/sensor.h
[4.976s] -- Symlinking: /home/user/ros2_ws/install/openslam_gmapping/include//gmapping/sensor/sensor_base/sensorreading.h
[4.982s] -- Symlinking: /home/user/ros2_ws/install/openslam_gmapping/include//gmapping/sensor/sensor_odometry/odometryreading.h
[4.987s] -- Symlinking: /home/user/ros2_ws/install/openslam_gmapping/include//gmapping/sensor/sensor_odometry/odometrysensor.h
[4.992s] -- Symlinking: /home/user/ros2_ws/install/openslam_gmapping/include//gmapping/sensor/sensor_range/rangereading.h
[4.996s] -- Symlinking: /home/user/ros2_ws/install/openslam_gmapping/include//gmapping/sensor/sensor_range/rangesensor.h
[5.001s] -- Symlinking: /home/user/ros2_ws/install/openslam_gmapping/include//gmapping/utils/autoptr.h
[5.005s] -- Symlinking: /home/user/ros2_ws/install/openslam_gmapping/include//gmapping/utils/commandline.h
[5.009s] -- Symlinking: /home/user/ros2_ws/install/openslam_gmapping/include//gmapping/utils/gvalues.h
[5.014s] -- Symlinking: /home/user/ros2_ws/install/openslam_gmapping/include//gmapping/utils/macro_params.h
[5.019s] -- Symlinking: /home/user/ros2_ws/install/openslam_gmapping/include//gmapping/utils/point.h
[5.023s] -- Symlinking: /home/user/ros2_ws/install/openslam_gmapping/include//gmapping/utils/stat.h
[5.027s] -- Symlinking: /home/user/ros2_ws/install/openslam_gmapping/share/ament_index/resource_index/package_run_dependencies/openslam_gmapping
[5.032s] -- Symlinking: /home/user/ros2_ws/install/openslam_gmapping/share/ament_index/resource_index/parent_prefix_path/openslam_gmapping
[5.037s] -- Symlinking: /home/user/ros2_ws/install/openslam_gmapping/share/openslam_gmapping/environment/ament_prefix_path.sh
[5.042s] -- Symlinking: /home/user/ros2_ws/install/openslam_gmapping/share/openslam_gmapping/environment/ament_prefix_path.dsv
[5.046s] -- Symlinking: /home/user/ros2_ws/install/openslam_gmapping/share/openslam_gmapping/environment/path.sh
[5.051s] -- Symlinking: /home/user/ros2_ws/install/openslam_gmapping/share/openslam_gmapping/environment/path.dsv
[5.056s] -- Symlinking: /home/user/ros2_ws/install/openslam_gmapping/share/openslam_gmapping/local_setup.bash
[5.060s] -- Symlinking: /home/user/ros2_ws/install/openslam_gmapping/share/openslam_gmapping/local_setup.sh
[5.065s] -- Symlinking: /home/user/ros2_ws/install/openslam_gmapping/share/openslam_gmapping/local_setup.zsh
[5.070s] -- Symlinking: /home/user/ros2_ws/install/openslam_gmapping/share/openslam_gmapping/local_setup.dsv
[5.075s] -- Symlinking: /home/user/ros2_ws/install/openslam_gmapping/share/openslam_gmapping/package.dsv
[5.079s] -- Symlinking: /home/user/ros2_ws/install/openslam_gmapping/share/ament_index/resource_index/packages/openslam_gmapping
[5.084s] -- Symlinking: /home/user/ros2_ws/install/openslam_gmapping/share/openslam_gmapping/cmake/ament_cmake_export_libraries-extras.cmake
[5.089s] -- Symlinking: /home/user/ros2_ws/install/openslam_gmapping/share/openslam_gmapping/cmake/ament_cmake_export_include_directories-extras.cmake
[5.095s] -- Symlinking: /home/user/ros2_ws/install/openslam_gmapping/share/openslam_gmapping/cmake/openslam_gmappingConfig.cmake
[5.100s] -- Symlinking: /home/user/ros2_ws/install/openslam_gmapping/share/openslam_gmapping/cmake/openslam_gmappingConfig-version.cmake
[5.105s] -- Symlinking: /home/user/ros2_ws/install/openslam_gmapping/share/openslam_gmapping/package.xml
[5.112s] Invoked command in '/home/user/ros2_ws/build/openslam_gmapping' returned '0': CMAKE_PREFIX_PATH=${CMAKE_PREFIX_PATH}:/home/user/ros2_ws/install/rtabmap_python:/opt/ros/humble /usr/bin/cmake --install /home/user/ros2_ws/build/openslam_gmapping
