[0.043s] Invoking command in '/home/user/ros2_ws/build/nav2_smoother': AMENT_PREFIX_PATH=/home/user/ros2_ws/install/nav2_core:/home/user/ros2_ws/install/nav2_costmap_2d:/home/user/ros2_ws/install/nav_2d_utils:/home/user/ros2_ws/install/nav2_util:/home/user/ros2_ws/install/nav2_voxel_grid:/home/user/ros2_ws/install/nav2_msgs:/home/user/ros2_ws/install/nav_2d_msgs:/home/user/ros2_ws/install/nav2_common:${AMENT_PREFIX_PATH} CMAKE_PREFIX_PATH=/home/user/ros2_ws/install/nav2_core:/home/user/ros2_ws/install/nav2_costmap_2d:/home/user/ros2_ws/install/nav_2d_utils:/home/user/ros2_ws/install/nav2_util:/home/user/ros2_ws/install/nav2_voxel_grid:/home/user/ros2_ws/install/nav2_msgs:/home/user/ros2_ws/install/nav_2d_msgs:/home/user/ros2_ws/install/nav2_common:/home/user/ros2_ws/install/slam_toolbox:/home/user/ros2_ws/install/slam_gmapping:/home/user/ros2_ws/install/serial:/home/user/ros2_ws/install/imu_tools:/home/user/ros2_ws/install/rviz_imu_plugin:/home/user/ros2_ws/install/rtabmap_ros:/home/user/ros2_ws/install/rtabmap_launch:/home/user/ros2_ws/install/rtabmap_examples:/home/user/ros2_ws/install/rtabmap_demos:/home/user/ros2_ws/install/rtabmap_viz:/home/user/ros2_ws/install/rtabmap_slam:/home/user/ros2_ws/install/rtabmap_odom:/home/user/ros2_ws/install/rtabmap_util:/home/user/ros2_ws/install/rtabmap_sync:/home/user/ros2_ws/install/rtabmap_rviz_plugins:/home/user/ros2_ws/install/rtabmap_conversions:/home/user/ros2_ws/install/rtabmap_python:/opt/ros/humble:/home/user/ros2_ws/install/rtabmap_msgs:/home/user/ros2_ws/install/rtabmap:/home/user/ros2_ws/install/roboteq_ros2_driver:/home/user/ros2_ws/install/realsense2_description:/home/user/ros2_ws/install/realsense2_camera:/home/user/ros2_ws/install/realsense2_camera_msgs:/home/user/ros2_ws/install/openslam_gmapping:/home/user/ros2_ws/install/lslidar_driver:/home/user/ros2_ws/install/lslidar_msgs:/home/user/ros2_ws/install/imu_filter_madgwick:/home/user/ros2_ws/install/imu_complementary_filter:/home/user/ros2_ws/install/amr_bot LD_LIBRARY_PATH=/home/user/ros2_ws/install/nav2_costmap_2d/lib:/home/user/ros2_ws/install/nav_2d_utils/lib:/home/user/ros2_ws/install/nav2_util/lib:/home/user/ros2_ws/install/nav2_voxel_grid/lib:/home/user/ros2_ws/install/nav2_msgs/lib:/home/user/ros2_ws/install/nav_2d_msgs/lib:${LD_LIBRARY_PATH} PYTHONPATH=/home/user/ros2_ws/install/nav2_msgs/local/lib/python3.10/dist-packages:/home/user/ros2_ws/install/nav_2d_msgs/local/lib/python3.10/dist-packages:/home/user/ros2_ws/install/nav2_common/local/lib/python3.10/dist-packages:${PYTHONPATH} /usr/bin/cmake /home/user/ros2_ws/src/navigation2/nav2_smoother -DAMENT_CMAKE_SYMLINK_INSTALL=1 -DCMAKE_INSTALL_PREFIX=/home/user/ros2_ws/install/nav2_smoother
[0.080s] -- The C compiler identification is GNU 11.4.0
[0.116s] -- The CXX compiler identification is GNU 11.4.0
[0.121s] -- Detecting C compiler ABI info
[0.170s] -- Detecting C compiler ABI info - done
[0.174s] -- Check for working C compiler: /usr/bin/cc - skipped
[0.175s] -- Detecting C compile features
[0.175s] -- Detecting C compile features - done
[0.177s] -- Detecting CXX compiler ABI info
[0.233s] -- Detecting CXX compiler ABI info - done
[0.237s] -- Check for working CXX compiler: /usr/bin/c++ - skipped
[0.237s] -- Detecting CXX compile features
[0.237s] -- Detecting CXX compile features - done
[0.240s] -- Found ament_cmake: 1.3.7 (/opt/ros/humble/share/ament_cmake/cmake)
[0.352s] -- Found Python3: /usr/bin/python3.10 (found version "3.10.12") found components: Interpreter 
[0.389s] -- Override CMake install command with custom implementation using symlinks instead of copying resources
[0.415s] -- Found nav2_core: 1.1.13 (/home/user/ros2_ws/install/nav2_core/share/nav2_core/cmake)
[0.451s] -- Found rosidl_generator_c: 3.1.5 (/opt/ros/humble/share/rosidl_generator_c/cmake)
[0.455s] -- Found rosidl_adapter: 3.1.5 (/opt/ros/humble/share/rosidl_adapter/cmake)
[0.461s] -- Found rosidl_generator_cpp: 3.1.5 (/opt/ros/humble/share/rosidl_generator_cpp/cmake)
[0.471s] -- Using all available rosidl_typesupport_c: rosidl_typesupport_fastrtps_c;rosidl_typesupport_introspection_c
[0.485s] -- Using all available rosidl_typesupport_cpp: rosidl_typesupport_fastrtps_cpp;rosidl_typesupport_introspection_cpp
[0.532s] -- Found rmw_implementation_cmake: 6.1.1 (/opt/ros/humble/share/rmw_implementation_cmake/cmake)
[0.535s] -- Found rmw_fastrtps_cpp: 6.2.6 (/opt/ros/humble/share/rmw_fastrtps_cpp/cmake)
[0.605s] -- Found OpenSSL: /usr/lib/x86_64-linux-gnu/libcrypto.so (found version "3.0.2")  
[0.627s] -- Found FastRTPS: /opt/ros/humble/include  
[0.665s] -- Using RMW implementation 'rmw_fastrtps_cpp' as default
[0.674s] -- Looking for pthread.h
[0.733s] -- Looking for pthread.h - found
[0.733s] -- Performing Test CMAKE_HAVE_LIBC_PTHREAD
[0.786s] -- Performing Test CMAKE_HAVE_LIBC_PTHREAD - Success
[0.787s] -- Found Threads: TRUE  
[1.463s] -- Found Eigen3: TRUE (found version "3.4.0") 
[1.463s] -- Ensuring Eigen3 include directory is part of orocos-kdl CMake target
[2.396s] -- Found nav2_common: 1.1.13 (/home/user/ros2_ws/install/nav2_common/share/nav2_common/cmake)
[2.397s] -- Found nav_2d_utils: 1.1.13 (/home/user/ros2_ws/install/nav_2d_utils/share/nav_2d_utils/cmake)
[2.782s] -- Setting build type to Release as none was specified.
[11.297s] -- Found ament_lint_auto: 0.12.10 (/opt/ros/humble/share/ament_lint_auto/cmake)
[11.360s] -- Found gtest sources under '/opt/ros/humble/src/gtest_vendor': C++ tests using 'Google Test' will be built
[17.629s] -- Added test 'cppcheck' to perform static code analysis on C / C++ code
[17.629s] -- Configured cppcheck include dirs: /home/user/ros2_ws/src/navigation2/nav2_smoother/include
[17.629s] -- Configured cppcheck exclude dirs and/or files: 
[17.630s] -- Added test 'cpplint' to check C / C++ code against the Google style
[17.630s] -- Configured cpplint exclude dirs and/or files: 
[17.631s] -- Added test 'lint_cmake' to check CMake code style
[17.632s] -- Added test 'uncrustify' to check C / C++ code style
[17.632s] -- Configured uncrustify additional arguments: 
[17.632s] -- Added test 'xmllint' to check XML markup files
[17.634s] -- Configuring done
[17.775s] -- Generating done
[17.777s] -- Build files have been written to: /home/user/ros2_ws/build/nav2_smoother
[17.789s] Invoked command in '/home/user/ros2_ws/build/nav2_smoother' returned '0': AMENT_PREFIX_PATH=/home/user/ros2_ws/install/nav2_core:/home/user/ros2_ws/install/nav2_costmap_2d:/home/user/ros2_ws/install/nav_2d_utils:/home/user/ros2_ws/install/nav2_util:/home/user/ros2_ws/install/nav2_voxel_grid:/home/user/ros2_ws/install/nav2_msgs:/home/user/ros2_ws/install/nav_2d_msgs:/home/user/ros2_ws/install/nav2_common:${AMENT_PREFIX_PATH} CMAKE_PREFIX_PATH=/home/user/ros2_ws/install/nav2_core:/home/user/ros2_ws/install/nav2_costmap_2d:/home/user/ros2_ws/install/nav_2d_utils:/home/user/ros2_ws/install/nav2_util:/home/user/ros2_ws/install/nav2_voxel_grid:/home/user/ros2_ws/install/nav2_msgs:/home/user/ros2_ws/install/nav_2d_msgs:/home/user/ros2_ws/install/nav2_common:/home/user/ros2_ws/install/slam_toolbox:/home/user/ros2_ws/install/slam_gmapping:/home/user/ros2_ws/install/serial:/home/user/ros2_ws/install/imu_tools:/home/user/ros2_ws/install/rviz_imu_plugin:/home/user/ros2_ws/install/rtabmap_ros:/home/user/ros2_ws/install/rtabmap_launch:/home/user/ros2_ws/install/rtabmap_examples:/home/user/ros2_ws/install/rtabmap_demos:/home/user/ros2_ws/install/rtabmap_viz:/home/user/ros2_ws/install/rtabmap_slam:/home/user/ros2_ws/install/rtabmap_odom:/home/user/ros2_ws/install/rtabmap_util:/home/user/ros2_ws/install/rtabmap_sync:/home/user/ros2_ws/install/rtabmap_rviz_plugins:/home/user/ros2_ws/install/rtabmap_conversions:/home/user/ros2_ws/install/rtabmap_python:/opt/ros/humble:/home/user/ros2_ws/install/rtabmap_msgs:/home/user/ros2_ws/install/rtabmap:/home/user/ros2_ws/install/roboteq_ros2_driver:/home/user/ros2_ws/install/realsense2_description:/home/user/ros2_ws/install/realsense2_camera:/home/user/ros2_ws/install/realsense2_camera_msgs:/home/user/ros2_ws/install/openslam_gmapping:/home/user/ros2_ws/install/lslidar_driver:/home/user/ros2_ws/install/lslidar_msgs:/home/user/ros2_ws/install/imu_filter_madgwick:/home/user/ros2_ws/install/imu_complementary_filter:/home/user/ros2_ws/install/amr_bot LD_LIBRARY_PATH=/home/user/ros2_ws/install/nav2_costmap_2d/lib:/home/user/ros2_ws/install/nav_2d_utils/lib:/home/user/ros2_ws/install/nav2_util/lib:/home/user/ros2_ws/install/nav2_voxel_grid/lib:/home/user/ros2_ws/install/nav2_msgs/lib:/home/user/ros2_ws/install/nav_2d_msgs/lib:${LD_LIBRARY_PATH} PYTHONPATH=/home/user/ros2_ws/install/nav2_msgs/local/lib/python3.10/dist-packages:/home/user/ros2_ws/install/nav_2d_msgs/local/lib/python3.10/dist-packages:/home/user/ros2_ws/install/nav2_common/local/lib/python3.10/dist-packages:${PYTHONPATH} /usr/bin/cmake /home/user/ros2_ws/src/navigation2/nav2_smoother -DAMENT_CMAKE_SYMLINK_INSTALL=1 -DCMAKE_INSTALL_PREFIX=/home/user/ros2_ws/install/nav2_smoother
[17.790s] Invoking command in '/home/user/ros2_ws/build/nav2_smoother': AMENT_PREFIX_PATH=/home/user/ros2_ws/install/nav2_core:/home/user/ros2_ws/install/nav2_costmap_2d:/home/user/ros2_ws/install/nav_2d_utils:/home/user/ros2_ws/install/nav2_util:/home/user/ros2_ws/install/nav2_voxel_grid:/home/user/ros2_ws/install/nav2_msgs:/home/user/ros2_ws/install/nav_2d_msgs:/home/user/ros2_ws/install/nav2_common:${AMENT_PREFIX_PATH} CMAKE_PREFIX_PATH=/home/user/ros2_ws/install/nav2_core:/home/user/ros2_ws/install/nav2_costmap_2d:/home/user/ros2_ws/install/nav_2d_utils:/home/user/ros2_ws/install/nav2_util:/home/user/ros2_ws/install/nav2_voxel_grid:/home/user/ros2_ws/install/nav2_msgs:/home/user/ros2_ws/install/nav_2d_msgs:/home/user/ros2_ws/install/nav2_common:/home/user/ros2_ws/install/slam_toolbox:/home/user/ros2_ws/install/slam_gmapping:/home/user/ros2_ws/install/serial:/home/user/ros2_ws/install/imu_tools:/home/user/ros2_ws/install/rviz_imu_plugin:/home/user/ros2_ws/install/rtabmap_ros:/home/user/ros2_ws/install/rtabmap_launch:/home/user/ros2_ws/install/rtabmap_examples:/home/user/ros2_ws/install/rtabmap_demos:/home/user/ros2_ws/install/rtabmap_viz:/home/user/ros2_ws/install/rtabmap_slam:/home/user/ros2_ws/install/rtabmap_odom:/home/user/ros2_ws/install/rtabmap_util:/home/user/ros2_ws/install/rtabmap_sync:/home/user/ros2_ws/install/rtabmap_rviz_plugins:/home/user/ros2_ws/install/rtabmap_conversions:/home/user/ros2_ws/install/rtabmap_python:/opt/ros/humble:/home/user/ros2_ws/install/rtabmap_msgs:/home/user/ros2_ws/install/rtabmap:/home/user/ros2_ws/install/roboteq_ros2_driver:/home/user/ros2_ws/install/realsense2_description:/home/user/ros2_ws/install/realsense2_camera:/home/user/ros2_ws/install/realsense2_camera_msgs:/home/user/ros2_ws/install/openslam_gmapping:/home/user/ros2_ws/install/lslidar_driver:/home/user/ros2_ws/install/lslidar_msgs:/home/user/ros2_ws/install/imu_filter_madgwick:/home/user/ros2_ws/install/imu_complementary_filter:/home/user/ros2_ws/install/amr_bot LD_LIBRARY_PATH=/home/user/ros2_ws/install/nav2_costmap_2d/lib:/home/user/ros2_ws/install/nav_2d_utils/lib:/home/user/ros2_ws/install/nav2_util/lib:/home/user/ros2_ws/install/nav2_voxel_grid/lib:/home/user/ros2_ws/install/nav2_msgs/lib:/home/user/ros2_ws/install/nav_2d_msgs/lib:${LD_LIBRARY_PATH} PYTHONPATH=/home/user/ros2_ws/install/nav2_msgs/local/lib/python3.10/dist-packages:/home/user/ros2_ws/install/nav_2d_msgs/local/lib/python3.10/dist-packages:/home/user/ros2_ws/install/nav2_common/local/lib/python3.10/dist-packages:${PYTHONPATH} /usr/bin/cmake --build /home/user/ros2_ws/build/nav2_smoother
[17.828s] [  5%] [32mBuilding CXX object CMakeFiles/smoother_server_core.dir/src/nav2_smoother.cpp.o[0m
[26.447s] [ 11%] [32m[1mLinking CXX shared library libsmoother_server_core.so[0m
[26.638s] [ 11%] Built target smoother_server_core
[26.654s] [ 16%] [32mBuilding CXX object CMakeFiles/smoother_server.dir/src/main.cpp.o[0m
[29.536s] [ 22%] [32m[1mLinking CXX executable smoother_server[0m
[29.751s] [ 22%] Built target smoother_server
[29.767s] [ 27%] [32mBuilding CXX object CMakeFiles/simple_smoother.dir/src/simple_smoother.cpp.o[0m
[32.858s] [ 33%] [32m[1mLinking CXX shared library libsimple_smoother.so[0m
[33.028s] [ 33%] Built target simple_smoother
[33.044s] [ 38%] [32mBuilding CXX object CMakeFiles/savitzky_golay_smoother.dir/src/savitzky_golay_smoother.cpp.o[0m
[35.967s] [ 44%] [32m[1mLinking CXX shared library libsavitzky_golay_smoother.so[0m
[36.098s] [ 44%] Built target savitzky_golay_smoother
[36.113s] [ 50%] [32mBuilding CXX object gtest/CMakeFiles/gtest.dir/src/gtest-all.cc.o[0m
[40.268s] [ 55%] [32m[1mLinking CXX static library libgtest.a[0m
[40.296s] [ 55%] Built target gtest
[40.310s] [ 61%] [32mBuilding CXX object gtest/CMakeFiles/gtest_main.dir/src/gtest_main.cc.o[0m
[40.779s] [ 66%] [32m[1mLinking CXX static library libgtest_main.a[0m
[40.802s] [ 66%] Built target gtest_main
[40.818s] [ 72%] [32mBuilding CXX object test/CMakeFiles/test_smoother_server.dir/test_smoother_server.cpp.o[0m
[46.142s] [ 77%] [32m[1mLinking CXX executable test_smoother_server[0m
[46.348s] [ 77%] Built target test_smoother_server
[46.364s] [ 83%] [32mBuilding CXX object test/CMakeFiles/test_simple_smoother.dir/test_simple_smoother.cpp.o[0m
[49.626s] [ 88%] [32m[1mLinking CXX executable test_simple_smoother[0m
[49.804s] [ 88%] Built target test_simple_smoother
[49.820s] [ 94%] [32mBuilding CXX object test/CMakeFiles/test_savitzky_golay_smoother.dir/test_savitzky_golay_smoother.cpp.o[0m
[53.434s] [100%] [32m[1mLinking CXX executable test_savitzky_golay_smoother[0m
[53.613s] [100%] Built target test_savitzky_golay_smoother
[53.622s] Invoked command in '/home/user/ros2_ws/build/nav2_smoother' returned '0': AMENT_PREFIX_PATH=/home/user/ros2_ws/install/nav2_core:/home/user/ros2_ws/install/nav2_costmap_2d:/home/user/ros2_ws/install/nav_2d_utils:/home/user/ros2_ws/install/nav2_util:/home/user/ros2_ws/install/nav2_voxel_grid:/home/user/ros2_ws/install/nav2_msgs:/home/user/ros2_ws/install/nav_2d_msgs:/home/user/ros2_ws/install/nav2_common:${AMENT_PREFIX_PATH} CMAKE_PREFIX_PATH=/home/user/ros2_ws/install/nav2_core:/home/user/ros2_ws/install/nav2_costmap_2d:/home/user/ros2_ws/install/nav_2d_utils:/home/user/ros2_ws/install/nav2_util:/home/user/ros2_ws/install/nav2_voxel_grid:/home/user/ros2_ws/install/nav2_msgs:/home/user/ros2_ws/install/nav_2d_msgs:/home/user/ros2_ws/install/nav2_common:/home/user/ros2_ws/install/slam_toolbox:/home/user/ros2_ws/install/slam_gmapping:/home/user/ros2_ws/install/serial:/home/user/ros2_ws/install/imu_tools:/home/user/ros2_ws/install/rviz_imu_plugin:/home/user/ros2_ws/install/rtabmap_ros:/home/user/ros2_ws/install/rtabmap_launch:/home/user/ros2_ws/install/rtabmap_examples:/home/user/ros2_ws/install/rtabmap_demos:/home/user/ros2_ws/install/rtabmap_viz:/home/user/ros2_ws/install/rtabmap_slam:/home/user/ros2_ws/install/rtabmap_odom:/home/user/ros2_ws/install/rtabmap_util:/home/user/ros2_ws/install/rtabmap_sync:/home/user/ros2_ws/install/rtabmap_rviz_plugins:/home/user/ros2_ws/install/rtabmap_conversions:/home/user/ros2_ws/install/rtabmap_python:/opt/ros/humble:/home/user/ros2_ws/install/rtabmap_msgs:/home/user/ros2_ws/install/rtabmap:/home/user/ros2_ws/install/roboteq_ros2_driver:/home/user/ros2_ws/install/realsense2_description:/home/user/ros2_ws/install/realsense2_camera:/home/user/ros2_ws/install/realsense2_camera_msgs:/home/user/ros2_ws/install/openslam_gmapping:/home/user/ros2_ws/install/lslidar_driver:/home/user/ros2_ws/install/lslidar_msgs:/home/user/ros2_ws/install/imu_filter_madgwick:/home/user/ros2_ws/install/imu_complementary_filter:/home/user/ros2_ws/install/amr_bot LD_LIBRARY_PATH=/home/user/ros2_ws/install/nav2_costmap_2d/lib:/home/user/ros2_ws/install/nav_2d_utils/lib:/home/user/ros2_ws/install/nav2_util/lib:/home/user/ros2_ws/install/nav2_voxel_grid/lib:/home/user/ros2_ws/install/nav2_msgs/lib:/home/user/ros2_ws/install/nav_2d_msgs/lib:${LD_LIBRARY_PATH} PYTHONPATH=/home/user/ros2_ws/install/nav2_msgs/local/lib/python3.10/dist-packages:/home/user/ros2_ws/install/nav_2d_msgs/local/lib/python3.10/dist-packages:/home/user/ros2_ws/install/nav2_common/local/lib/python3.10/dist-packages:${PYTHONPATH} /usr/bin/cmake --build /home/user/ros2_ws/build/nav2_smoother
[53.653s] Invoking command in '/home/user/ros2_ws/build/nav2_smoother': AMENT_PREFIX_PATH=/home/user/ros2_ws/install/nav2_core:/home/user/ros2_ws/install/nav2_costmap_2d:/home/user/ros2_ws/install/nav_2d_utils:/home/user/ros2_ws/install/nav2_util:/home/user/ros2_ws/install/nav2_voxel_grid:/home/user/ros2_ws/install/nav2_msgs:/home/user/ros2_ws/install/nav_2d_msgs:/home/user/ros2_ws/install/nav2_common:${AMENT_PREFIX_PATH} CMAKE_PREFIX_PATH=/home/user/ros2_ws/install/nav2_core:/home/user/ros2_ws/install/nav2_costmap_2d:/home/user/ros2_ws/install/nav_2d_utils:/home/user/ros2_ws/install/nav2_util:/home/user/ros2_ws/install/nav2_voxel_grid:/home/user/ros2_ws/install/nav2_msgs:/home/user/ros2_ws/install/nav_2d_msgs:/home/user/ros2_ws/install/nav2_common:/home/user/ros2_ws/install/slam_toolbox:/home/user/ros2_ws/install/slam_gmapping:/home/user/ros2_ws/install/serial:/home/user/ros2_ws/install/imu_tools:/home/user/ros2_ws/install/rviz_imu_plugin:/home/user/ros2_ws/install/rtabmap_ros:/home/user/ros2_ws/install/rtabmap_launch:/home/user/ros2_ws/install/rtabmap_examples:/home/user/ros2_ws/install/rtabmap_demos:/home/user/ros2_ws/install/rtabmap_viz:/home/user/ros2_ws/install/rtabmap_slam:/home/user/ros2_ws/install/rtabmap_odom:/home/user/ros2_ws/install/rtabmap_util:/home/user/ros2_ws/install/rtabmap_sync:/home/user/ros2_ws/install/rtabmap_rviz_plugins:/home/user/ros2_ws/install/rtabmap_conversions:/home/user/ros2_ws/install/rtabmap_python:/opt/ros/humble:/home/user/ros2_ws/install/rtabmap_msgs:/home/user/ros2_ws/install/rtabmap:/home/user/ros2_ws/install/roboteq_ros2_driver:/home/user/ros2_ws/install/realsense2_description:/home/user/ros2_ws/install/realsense2_camera:/home/user/ros2_ws/install/realsense2_camera_msgs:/home/user/ros2_ws/install/openslam_gmapping:/home/user/ros2_ws/install/lslidar_driver:/home/user/ros2_ws/install/lslidar_msgs:/home/user/ros2_ws/install/imu_filter_madgwick:/home/user/ros2_ws/install/imu_complementary_filter:/home/user/ros2_ws/install/amr_bot LD_LIBRARY_PATH=/home/user/ros2_ws/install/nav2_costmap_2d/lib:/home/user/ros2_ws/install/nav_2d_utils/lib:/home/user/ros2_ws/install/nav2_util/lib:/home/user/ros2_ws/install/nav2_voxel_grid/lib:/home/user/ros2_ws/install/nav2_msgs/lib:/home/user/ros2_ws/install/nav_2d_msgs/lib:${LD_LIBRARY_PATH} PYTHONPATH=/home/user/ros2_ws/install/nav2_msgs/local/lib/python3.10/dist-packages:/home/user/ros2_ws/install/nav_2d_msgs/local/lib/python3.10/dist-packages:/home/user/ros2_ws/install/nav2_common/local/lib/python3.10/dist-packages:${PYTHONPATH} /usr/bin/cmake --install /home/user/ros2_ws/build/nav2_smoother
[53.658s] -- Install configuration: "Release"
[53.659s] -- Execute custom install script
[53.659s] -- Symlinking: /home/user/ros2_ws/install/nav2_smoother/share/nav2_smoother//plugins.xml
[53.666s] -- Symlinking: /home/user/ros2_ws/install/nav2_smoother/lib/libsmoother_server_core.so
[53.671s] -- Symlinking: /home/user/ros2_ws/install/nav2_smoother/lib/libsimple_smoother.so
[53.677s] -- Symlinking: /home/user/ros2_ws/install/nav2_smoother/lib/libsavitzky_golay_smoother.so
[53.683s] -- Symlinking: /home/user/ros2_ws/install/nav2_smoother/lib/nav2_smoother/smoother_server
[53.688s] -- Symlinking: /home/user/ros2_ws/install/nav2_smoother/include//nav2_smoother/nav2_smoother.hpp
[53.694s] -- Symlinking: /home/user/ros2_ws/install/nav2_smoother/include//nav2_smoother/savitzky_golay_smoother.hpp
[53.700s] -- Symlinking: /home/user/ros2_ws/install/nav2_smoother/include//nav2_smoother/simple_smoother.hpp
[53.705s] -- Symlinking: /home/user/ros2_ws/install/nav2_smoother/include//nav2_smoother/smoother_utils.hpp
[53.711s] -- Symlinking: /home/user/ros2_ws/install/nav2_smoother/share/nav2_smoother/environment/library_path.sh
[53.716s] -- Symlinking: /home/user/ros2_ws/install/nav2_smoother/share/nav2_smoother/environment/library_path.dsv
[53.722s] -- Symlinking: /home/user/ros2_ws/install/nav2_smoother/share/ament_index/resource_index/package_run_dependencies/nav2_smoother
[53.727s] -- Symlinking: /home/user/ros2_ws/install/nav2_smoother/share/ament_index/resource_index/parent_prefix_path/nav2_smoother
[53.733s] -- Symlinking: /home/user/ros2_ws/install/nav2_smoother/share/nav2_smoother/environment/ament_prefix_path.sh
[53.738s] -- Symlinking: /home/user/ros2_ws/install/nav2_smoother/share/nav2_smoother/environment/ament_prefix_path.dsv
[53.743s] -- Symlinking: /home/user/ros2_ws/install/nav2_smoother/share/nav2_smoother/environment/path.sh
[53.749s] -- Symlinking: /home/user/ros2_ws/install/nav2_smoother/share/nav2_smoother/environment/path.dsv
[53.755s] -- Symlinking: /home/user/ros2_ws/install/nav2_smoother/share/nav2_smoother/local_setup.bash
[53.760s] -- Symlinking: /home/user/ros2_ws/install/nav2_smoother/share/nav2_smoother/local_setup.sh
[53.766s] -- Symlinking: /home/user/ros2_ws/install/nav2_smoother/share/nav2_smoother/local_setup.zsh
[53.771s] -- Symlinking: /home/user/ros2_ws/install/nav2_smoother/share/nav2_smoother/local_setup.dsv
[53.777s] -- Symlinking: /home/user/ros2_ws/install/nav2_smoother/share/nav2_smoother/package.dsv
[53.782s] -- Symlinking: /home/user/ros2_ws/install/nav2_smoother/share/ament_index/resource_index/packages/nav2_smoother
[53.788s] -- Symlinking: /home/user/ros2_ws/install/nav2_smoother/share/ament_index/resource_index/nav2_core__pluginlib__plugin/nav2_smoother
[53.794s] -- Symlinking: /home/user/ros2_ws/install/nav2_smoother/share/ament_index/resource_index/rclcpp_components/nav2_smoother
[53.799s] -- Symlinking: /home/user/ros2_ws/install/nav2_smoother/share/nav2_smoother/cmake/ament_cmake_export_include_directories-extras.cmake
[53.805s] -- Symlinking: /home/user/ros2_ws/install/nav2_smoother/share/nav2_smoother/cmake/ament_cmake_export_libraries-extras.cmake
[53.810s] -- Symlinking: /home/user/ros2_ws/install/nav2_smoother/share/nav2_smoother/cmake/ament_cmake_export_dependencies-extras.cmake
[53.816s] -- Symlinking: /home/user/ros2_ws/install/nav2_smoother/share/nav2_smoother/cmake/nav2_smootherConfig.cmake
[53.822s] -- Symlinking: /home/user/ros2_ws/install/nav2_smoother/share/nav2_smoother/cmake/nav2_smootherConfig-version.cmake
[53.827s] -- Symlinking: /home/user/ros2_ws/install/nav2_smoother/share/nav2_smoother/package.xml
[53.835s] Invoked command in '/home/user/ros2_ws/build/nav2_smoother' returned '0': AMENT_PREFIX_PATH=/home/user/ros2_ws/install/nav2_core:/home/user/ros2_ws/install/nav2_costmap_2d:/home/user/ros2_ws/install/nav_2d_utils:/home/user/ros2_ws/install/nav2_util:/home/user/ros2_ws/install/nav2_voxel_grid:/home/user/ros2_ws/install/nav2_msgs:/home/user/ros2_ws/install/nav_2d_msgs:/home/user/ros2_ws/install/nav2_common:${AMENT_PREFIX_PATH} CMAKE_PREFIX_PATH=/home/user/ros2_ws/install/nav2_core:/home/user/ros2_ws/install/nav2_costmap_2d:/home/user/ros2_ws/install/nav_2d_utils:/home/user/ros2_ws/install/nav2_util:/home/user/ros2_ws/install/nav2_voxel_grid:/home/user/ros2_ws/install/nav2_msgs:/home/user/ros2_ws/install/nav_2d_msgs:/home/user/ros2_ws/install/nav2_common:/home/user/ros2_ws/install/slam_toolbox:/home/user/ros2_ws/install/slam_gmapping:/home/user/ros2_ws/install/serial:/home/user/ros2_ws/install/imu_tools:/home/user/ros2_ws/install/rviz_imu_plugin:/home/user/ros2_ws/install/rtabmap_ros:/home/user/ros2_ws/install/rtabmap_launch:/home/user/ros2_ws/install/rtabmap_examples:/home/user/ros2_ws/install/rtabmap_demos:/home/user/ros2_ws/install/rtabmap_viz:/home/user/ros2_ws/install/rtabmap_slam:/home/user/ros2_ws/install/rtabmap_odom:/home/user/ros2_ws/install/rtabmap_util:/home/user/ros2_ws/install/rtabmap_sync:/home/user/ros2_ws/install/rtabmap_rviz_plugins:/home/user/ros2_ws/install/rtabmap_conversions:/home/user/ros2_ws/install/rtabmap_python:/opt/ros/humble:/home/user/ros2_ws/install/rtabmap_msgs:/home/user/ros2_ws/install/rtabmap:/home/user/ros2_ws/install/roboteq_ros2_driver:/home/user/ros2_ws/install/realsense2_description:/home/user/ros2_ws/install/realsense2_camera:/home/user/ros2_ws/install/realsense2_camera_msgs:/home/user/ros2_ws/install/openslam_gmapping:/home/user/ros2_ws/install/lslidar_driver:/home/user/ros2_ws/install/lslidar_msgs:/home/user/ros2_ws/install/imu_filter_madgwick:/home/user/ros2_ws/install/imu_complementary_filter:/home/user/ros2_ws/install/amr_bot LD_LIBRARY_PATH=/home/user/ros2_ws/install/nav2_costmap_2d/lib:/home/user/ros2_ws/install/nav_2d_utils/lib:/home/user/ros2_ws/install/nav2_util/lib:/home/user/ros2_ws/install/nav2_voxel_grid/lib:/home/user/ros2_ws/install/nav2_msgs/lib:/home/user/ros2_ws/install/nav_2d_msgs/lib:${LD_LIBRARY_PATH} PYTHONPATH=/home/user/ros2_ws/install/nav2_msgs/local/lib/python3.10/dist-packages:/home/user/ros2_ws/install/nav_2d_msgs/local/lib/python3.10/dist-packages:/home/user/ros2_ws/install/nav2_common/local/lib/python3.10/dist-packages:${PYTHONPATH} /usr/bin/cmake --install /home/user/ros2_ws/build/nav2_smoother
