[0.098s] Invoking command in '/home/user/ros2_ws/build/rtabmap_slam': CMAKE_PREFIX_PATH=/home/user/ros2_ws/install/rtabmap_util:/home/user/ros2_ws/install/rtabmap_sync:/home/user/ros2_ws/install/rtabmap_conversions:/home/user/ros2_ws/install/rtabmap_python:/opt/ros/humble:/home/user/ros2_ws/install/rtabmap_msgs:/home/user/ros2_ws/install/rtabmap:/home/user/dev_ws/src/install/ros2_laser_scan_matcher:/home/user/dev_ws/src/install/roboteq_ros2_driver:/home/user/dev_ws/src/install/realsense2_description:/home/user/dev_ws/src/install/realsense2_camera:/home/user/dev_ws/src/install/realsense2_camera_msgs:/home/user/dev_ws/src/install/lslidar_driver:/home/user/dev_ws/src/install/lslidar_msgs:/home/user/dev_ws/src/install/lidar_odometry:/home/user/dev_ws/src/install/csm:/home/user/dev_ws/src/install/amr_bot:/home/user/ros2_ws/install/slam_gmapping:/home/user/ros2_ws/install/serial:/home/user/ros2_ws/install/rtabmap_ros:/home/user/ros2_ws/install/rtabmap_launch:/home/user/ros2_ws/install/rtabmap_examples:/home/user/ros2_ws/install/rtabmap_demos:/home/user/ros2_ws/install/rtabmap_viz:/home/user/ros2_ws/install/rtabmap_slam:/home/user/ros2_ws/install/rtabmap_odom:/home/user/ros2_ws/install/rtabmap_rviz_plugins:/home/user/ros2_ws/install/roboteq_ros2_driver:/home/user/ros2_ws/install/realsense2_description:/home/user/ros2_ws/install/realsense2_camera:/home/user/ros2_ws/install/realsense2_camera_msgs:/home/user/ros2_ws/install/openslam_gmapping:/home/user/ros2_ws/install/lslidar_driver:/home/user/ros2_ws/install/lslidar_msgs:/home/user/ros2_ws/install/amr_bot LD_LIBRARY_PATH=/home/user/ros2_ws/install/rtabmap_util/lib:/home/user/ros2_ws/install/rtabmap_sync/lib:/home/user/ros2_ws/install/rtabmap_conversions/lib:/home/user/ros2_ws/install/rtabmap_msgs/lib:/home/user/ros2_ws/install/rtabmap/lib:/home/user/dev_ws/src/install/realsense2_camera/lib:/home/user/dev_ws/src/install/realsense2_camera_msgs/lib:/home/user/dev_ws/src/install/lslidar_msgs/lib:/home/user/dev_ws/src/install/csm/lib:/home/user/ros2_ws/install/serial/lib:/home/user/ros2_ws/install/rtabmap_slam/lib:/home/user/ros2_ws/install/rtabmap_odom/lib:/home/user/ros2_ws/install/rtabmap_rviz_plugins/lib:/home/user/ros2_ws/install/realsense2_camera/lib:/home/user/ros2_ws/install/realsense2_camera_msgs/lib:/home/user/ros2_ws/install/openslam_gmapping/lib:/home/user/ros2_ws/install/lslidar_msgs/lib:/usr/lib/x86_64-linux-gnu/gazebo-11/plugins:/opt/ros/humble/opt/rviz_ogre_vendor/lib:/opt/ros/humble/lib/x86_64-linux-gnu:/opt/ros/humble/lib PYTHONPATH=/home/user/ros2_ws/install/rtabmap_msgs/local/lib/python3.10/dist-packages:/home/user/dev_ws/src/install/realsense2_camera_msgs/local/lib/python3.10/dist-packages:/home/user/dev_ws/src/install/lslidar_msgs/local/lib/python3.10/dist-packages:/home/user/ros2_ws/build/rtabmap_python:/home/user/ros2_ws/install/rtabmap_python/lib/python3.10/site-packages:/home/user/ros2_ws/install/realsense2_camera_msgs/local/lib/python3.10/dist-packages:/home/user/ros2_ws/install/lslidar_msgs/local/lib/python3.10/dist-packages:/opt/ros/humble/lib/python3.10/site-packages:/opt/ros/humble/local/lib/python3.10/dist-packages /usr/bin/cmake /home/user/ros2_ws/src/rtabmap_ros/rtabmap_slam -DAMENT_CMAKE_SYMLINK_INSTALL=1 -DCMAKE_INSTALL_PREFIX=/home/user/ros2_ws/install/rtabmap_slam
[0.118s] -- Found ament_cmake: 1.3.7 (/opt/ros/humble/share/ament_cmake/cmake)
[0.231s] -- Override CMake install command with custom implementation using symlinks instead of copying resources
[0.236s] -- Found cv_bridge: 3.2.1 (/opt/ros/humble/share/cv_bridge/cmake)
[0.262s] -- Found rosidl_generator_c: 3.1.5 (/opt/ros/humble/share/rosidl_generator_c/cmake)
[0.264s] -- Found rosidl_adapter: 3.1.5 (/opt/ros/humble/share/rosidl_adapter/cmake)
[0.269s] -- Found rosidl_generator_cpp: 3.1.5 (/opt/ros/humble/share/rosidl_generator_cpp/cmake)
[0.279s] -- Using all available rosidl_typesupport_c: rosidl_typesupport_fastrtps_c;rosidl_typesupport_introspection_c
[0.291s] -- Using all available rosidl_typesupport_cpp: rosidl_typesupport_fastrtps_cpp;rosidl_typesupport_introspection_cpp
[0.463s] -- Found nav_msgs: 4.2.3 (/opt/ros/humble/share/nav_msgs/cmake)
[0.526s] -- Found nav2_msgs: 1.1.12 (/opt/ros/humble/share/nav2_msgs/cmake)
[0.682s] -- Found pluginlib: 5.1.0 (/opt/ros/humble/share/pluginlib/cmake)
[0.695s] -- Found rclcpp: 16.0.8 (/opt/ros/humble/share/rclcpp/cmake)
[0.728s] -- Found rmw_implementation_cmake: 6.1.1 (/opt/ros/humble/share/rmw_implementation_cmake/cmake)
[0.729s] -- Found rmw_fastrtps_cpp: 6.2.6 (/opt/ros/humble/share/rmw_fastrtps_cpp/cmake)
[0.750s] -- Found TinyXML2 via Config file: TinyXML2_DIR-NOTFOUND
[0.757s] -- Found TinyXML2 via Config file: TinyXML2_DIR-NOTFOUND
[0.775s] -- Found TinyXML2 via Config file: TinyXML2_DIR-NOTFOUND
[0.781s] -- Found TinyXML2 via Config file: TinyXML2_DIR-NOTFOUND
[0.789s] -- Using RMW implementation 'rmw_fastrtps_cpp' as default
[0.891s] -- Found rclcpp_components: 16.0.8 (/opt/ros/humble/share/rclcpp_components/cmake)
[0.939s] -- Found std_srvs: 4.2.3 (/opt/ros/humble/share/std_srvs/cmake)
[0.950s] -- Found tf2: 0.25.5 (/opt/ros/humble/share/tf2/cmake)
[0.956s] -- Found tf2_ros: 0.25.5 (/opt/ros/humble/share/tf2_ros/cmake)
[1.120s] -- Found visualization_msgs: 4.2.3 (/opt/ros/humble/share/visualization_msgs/cmake)
[1.235s] -- Found rtabmap_msgs: 0.21.3 (/home/user/ros2_ws/install/rtabmap_msgs/share/rtabmap_msgs/cmake)
[1.360s] -- Found rtabmap_util: 0.21.3 (/home/user/ros2_ws/install/rtabmap_util/share/rtabmap_util/cmake)
[2.234s] -- Found eigen3_cmake_module: 0.1.1 (/opt/ros/humble/share/eigen3_cmake_module/cmake)
[2.236s] -- Ensuring Eigen3 include directory is part of orocos-kdl CMake target
[2.639s] -- Eigen found (include: /usr/include/eigen3, version: 3.4.0)
[2.672s] -- FLANN found (include: /usr/include, lib: /usr/lib/x86_64-linux-gnu/libflann_cpp.so)
[2.938s] -- OpenNI found (version: 1.5.4.0, include: /usr/include/ni, lib: /usr/lib/libOpenNI.so;libusb::libusb)
[2.943s] -- OpenNI2 found (version: 2.2.0.33, include: /usr/include/openni2, lib: /usr/lib/x86_64-linux-gnu/libOpenNI2.so;libusb::libusb)
[3.079s] -- Eigen found (include: /usr/include/eigen3, version: 3.4.0)
[3.088s] -- OpenNI found (version: 1.5.4.0, include: /usr/include/ni, lib: /usr/lib/libOpenNI.so;libusb::libusb)
[3.090s] -- OpenNI2 found (version: 2.2.0.33, include: /usr/include/openni2, lib: /usr/lib/x86_64-linux-gnu/libOpenNI2.so;libusb::libusb)
[3.233s] -- Found Qhull version 8.0.2
[3.343s] -- OpenNI found (version: 1.5.4.0, include: /usr/include/ni, lib: /usr/lib/libOpenNI.so;libusb::libusb)
[3.733s] -- Found rtabmap_sync: 0.21.3 (/home/user/ros2_ws/install/rtabmap_sync/share/rtabmap_sync/cmake)
[3.857s] [33mCMake Warning at CMakeLists.txt:36 (find_package):
[3.857s]   By not providing "Findapriltag_msgs.cmake" in CMAKE_MODULE_PATH this
[3.857s]   project has asked CMake to find a package configuration file provided by
[3.857s]   "apriltag_msgs", but CMake did not find one.
[3.857s] 
[3.857s]   Could not find a package configuration file provided by "apriltag_msgs"
[3.857s]   with any of the following names:
[3.857s] 
[3.857s]     apriltag_msgsConfig.cmake
[3.857s]     apriltag_msgs-config.cmake
[3.857s] 
[3.857s]   Add the installation prefix of "apriltag_msgs" to CMAKE_PREFIX_PATH or set
[3.857s]   "apriltag_msgs_DIR" to a directory containing one of the above files.  If
[3.857s]   "apriltag_msgs" provides a separate development package or SDK, be sure it
[3.858s]   has been installed.
[3.858s] 
[3.858s] [0m
[3.938s] -- Configuring done
[4.004s] -- Generating done
[4.006s] -- Build files have been written to: /home/user/ros2_ws/build/rtabmap_slam
[4.023s] Invoked command in '/home/user/ros2_ws/build/rtabmap_slam' returned '0': CMAKE_PREFIX_PATH=/home/user/ros2_ws/install/rtabmap_util:/home/user/ros2_ws/install/rtabmap_sync:/home/user/ros2_ws/install/rtabmap_conversions:/home/user/ros2_ws/install/rtabmap_python:/opt/ros/humble:/home/user/ros2_ws/install/rtabmap_msgs:/home/user/ros2_ws/install/rtabmap:/home/user/dev_ws/src/install/ros2_laser_scan_matcher:/home/user/dev_ws/src/install/roboteq_ros2_driver:/home/user/dev_ws/src/install/realsense2_description:/home/user/dev_ws/src/install/realsense2_camera:/home/user/dev_ws/src/install/realsense2_camera_msgs:/home/user/dev_ws/src/install/lslidar_driver:/home/user/dev_ws/src/install/lslidar_msgs:/home/user/dev_ws/src/install/lidar_odometry:/home/user/dev_ws/src/install/csm:/home/user/dev_ws/src/install/amr_bot:/home/user/ros2_ws/install/slam_gmapping:/home/user/ros2_ws/install/serial:/home/user/ros2_ws/install/rtabmap_ros:/home/user/ros2_ws/install/rtabmap_launch:/home/user/ros2_ws/install/rtabmap_examples:/home/user/ros2_ws/install/rtabmap_demos:/home/user/ros2_ws/install/rtabmap_viz:/home/user/ros2_ws/install/rtabmap_slam:/home/user/ros2_ws/install/rtabmap_odom:/home/user/ros2_ws/install/rtabmap_rviz_plugins:/home/user/ros2_ws/install/roboteq_ros2_driver:/home/user/ros2_ws/install/realsense2_description:/home/user/ros2_ws/install/realsense2_camera:/home/user/ros2_ws/install/realsense2_camera_msgs:/home/user/ros2_ws/install/openslam_gmapping:/home/user/ros2_ws/install/lslidar_driver:/home/user/ros2_ws/install/lslidar_msgs:/home/user/ros2_ws/install/amr_bot LD_LIBRARY_PATH=/home/user/ros2_ws/install/rtabmap_util/lib:/home/user/ros2_ws/install/rtabmap_sync/lib:/home/user/ros2_ws/install/rtabmap_conversions/lib:/home/user/ros2_ws/install/rtabmap_msgs/lib:/home/user/ros2_ws/install/rtabmap/lib:/home/user/dev_ws/src/install/realsense2_camera/lib:/home/user/dev_ws/src/install/realsense2_camera_msgs/lib:/home/user/dev_ws/src/install/lslidar_msgs/lib:/home/user/dev_ws/src/install/csm/lib:/home/user/ros2_ws/install/serial/lib:/home/user/ros2_ws/install/rtabmap_slam/lib:/home/user/ros2_ws/install/rtabmap_odom/lib:/home/user/ros2_ws/install/rtabmap_rviz_plugins/lib:/home/user/ros2_ws/install/realsense2_camera/lib:/home/user/ros2_ws/install/realsense2_camera_msgs/lib:/home/user/ros2_ws/install/openslam_gmapping/lib:/home/user/ros2_ws/install/lslidar_msgs/lib:/usr/lib/x86_64-linux-gnu/gazebo-11/plugins:/opt/ros/humble/opt/rviz_ogre_vendor/lib:/opt/ros/humble/lib/x86_64-linux-gnu:/opt/ros/humble/lib PYTHONPATH=/home/user/ros2_ws/install/rtabmap_msgs/local/lib/python3.10/dist-packages:/home/user/dev_ws/src/install/realsense2_camera_msgs/local/lib/python3.10/dist-packages:/home/user/dev_ws/src/install/lslidar_msgs/local/lib/python3.10/dist-packages:/home/user/ros2_ws/build/rtabmap_python:/home/user/ros2_ws/install/rtabmap_python/lib/python3.10/site-packages:/home/user/ros2_ws/install/realsense2_camera_msgs/local/lib/python3.10/dist-packages:/home/user/ros2_ws/install/lslidar_msgs/local/lib/python3.10/dist-packages:/opt/ros/humble/lib/python3.10/site-packages:/opt/ros/humble/local/lib/python3.10/dist-packages /usr/bin/cmake /home/user/ros2_ws/src/rtabmap_ros/rtabmap_slam -DAMENT_CMAKE_SYMLINK_INSTALL=1 -DCMAKE_INSTALL_PREFIX=/home/user/ros2_ws/install/rtabmap_slam
[4.023s] Invoking command in '/home/user/ros2_ws/build/rtabmap_slam': CMAKE_PREFIX_PATH=/home/user/ros2_ws/install/rtabmap_util:/home/user/ros2_ws/install/rtabmap_sync:/home/user/ros2_ws/install/rtabmap_conversions:/home/user/ros2_ws/install/rtabmap_python:/opt/ros/humble:/home/user/ros2_ws/install/rtabmap_msgs:/home/user/ros2_ws/install/rtabmap:/home/user/dev_ws/src/install/ros2_laser_scan_matcher:/home/user/dev_ws/src/install/roboteq_ros2_driver:/home/user/dev_ws/src/install/realsense2_description:/home/user/dev_ws/src/install/realsense2_camera:/home/user/dev_ws/src/install/realsense2_camera_msgs:/home/user/dev_ws/src/install/lslidar_driver:/home/user/dev_ws/src/install/lslidar_msgs:/home/user/dev_ws/src/install/lidar_odometry:/home/user/dev_ws/src/install/csm:/home/user/dev_ws/src/install/amr_bot:/home/user/ros2_ws/install/slam_gmapping:/home/user/ros2_ws/install/serial:/home/user/ros2_ws/install/rtabmap_ros:/home/user/ros2_ws/install/rtabmap_launch:/home/user/ros2_ws/install/rtabmap_examples:/home/user/ros2_ws/install/rtabmap_demos:/home/user/ros2_ws/install/rtabmap_viz:/home/user/ros2_ws/install/rtabmap_slam:/home/user/ros2_ws/install/rtabmap_odom:/home/user/ros2_ws/install/rtabmap_rviz_plugins:/home/user/ros2_ws/install/roboteq_ros2_driver:/home/user/ros2_ws/install/realsense2_description:/home/user/ros2_ws/install/realsense2_camera:/home/user/ros2_ws/install/realsense2_camera_msgs:/home/user/ros2_ws/install/openslam_gmapping:/home/user/ros2_ws/install/lslidar_driver:/home/user/ros2_ws/install/lslidar_msgs:/home/user/ros2_ws/install/amr_bot LD_LIBRARY_PATH=/home/user/ros2_ws/install/rtabmap_util/lib:/home/user/ros2_ws/install/rtabmap_sync/lib:/home/user/ros2_ws/install/rtabmap_conversions/lib:/home/user/ros2_ws/install/rtabmap_msgs/lib:/home/user/ros2_ws/install/rtabmap/lib:/home/user/dev_ws/src/install/realsense2_camera/lib:/home/user/dev_ws/src/install/realsense2_camera_msgs/lib:/home/user/dev_ws/src/install/lslidar_msgs/lib:/home/user/dev_ws/src/install/csm/lib:/home/user/ros2_ws/install/serial/lib:/home/user/ros2_ws/install/rtabmap_slam/lib:/home/user/ros2_ws/install/rtabmap_odom/lib:/home/user/ros2_ws/install/rtabmap_rviz_plugins/lib:/home/user/ros2_ws/install/realsense2_camera/lib:/home/user/ros2_ws/install/realsense2_camera_msgs/lib:/home/user/ros2_ws/install/openslam_gmapping/lib:/home/user/ros2_ws/install/lslidar_msgs/lib:/usr/lib/x86_64-linux-gnu/gazebo-11/plugins:/opt/ros/humble/opt/rviz_ogre_vendor/lib:/opt/ros/humble/lib/x86_64-linux-gnu:/opt/ros/humble/lib PYTHONPATH=/home/user/ros2_ws/install/rtabmap_msgs/local/lib/python3.10/dist-packages:/home/user/dev_ws/src/install/realsense2_camera_msgs/local/lib/python3.10/dist-packages:/home/user/dev_ws/src/install/lslidar_msgs/local/lib/python3.10/dist-packages:/home/user/ros2_ws/build/rtabmap_python:/home/user/ros2_ws/install/rtabmap_python/lib/python3.10/site-packages:/home/user/ros2_ws/install/realsense2_camera_msgs/local/lib/python3.10/dist-packages:/home/user/ros2_ws/install/lslidar_msgs/local/lib/python3.10/dist-packages:/opt/ros/humble/lib/python3.10/site-packages:/opt/ros/humble/local/lib/python3.10/dist-packages /usr/bin/cmake --build /home/user/ros2_ws/build/rtabmap_slam
[4.066s] [35m[1mConsolidate compiler generated dependencies of target rtabmap_slam_plugins[0m
[4.106s] [ 50%] Built target rtabmap_slam_plugins
[4.124s] [35m[1mConsolidate compiler generated dependencies of target rtabmap_node[0m
[4.140s] [100%] Built target rtabmap_node
[4.153s] Invoked command in '/home/user/ros2_ws/build/rtabmap_slam' returned '0': CMAKE_PREFIX_PATH=/home/user/ros2_ws/install/rtabmap_util:/home/user/ros2_ws/install/rtabmap_sync:/home/user/ros2_ws/install/rtabmap_conversions:/home/user/ros2_ws/install/rtabmap_python:/opt/ros/humble:/home/user/ros2_ws/install/rtabmap_msgs:/home/user/ros2_ws/install/rtabmap:/home/user/dev_ws/src/install/ros2_laser_scan_matcher:/home/user/dev_ws/src/install/roboteq_ros2_driver:/home/user/dev_ws/src/install/realsense2_description:/home/user/dev_ws/src/install/realsense2_camera:/home/user/dev_ws/src/install/realsense2_camera_msgs:/home/user/dev_ws/src/install/lslidar_driver:/home/user/dev_ws/src/install/lslidar_msgs:/home/user/dev_ws/src/install/lidar_odometry:/home/user/dev_ws/src/install/csm:/home/user/dev_ws/src/install/amr_bot:/home/user/ros2_ws/install/slam_gmapping:/home/user/ros2_ws/install/serial:/home/user/ros2_ws/install/rtabmap_ros:/home/user/ros2_ws/install/rtabmap_launch:/home/user/ros2_ws/install/rtabmap_examples:/home/user/ros2_ws/install/rtabmap_demos:/home/user/ros2_ws/install/rtabmap_viz:/home/user/ros2_ws/install/rtabmap_slam:/home/user/ros2_ws/install/rtabmap_odom:/home/user/ros2_ws/install/rtabmap_rviz_plugins:/home/user/ros2_ws/install/roboteq_ros2_driver:/home/user/ros2_ws/install/realsense2_description:/home/user/ros2_ws/install/realsense2_camera:/home/user/ros2_ws/install/realsense2_camera_msgs:/home/user/ros2_ws/install/openslam_gmapping:/home/user/ros2_ws/install/lslidar_driver:/home/user/ros2_ws/install/lslidar_msgs:/home/user/ros2_ws/install/amr_bot LD_LIBRARY_PATH=/home/user/ros2_ws/install/rtabmap_util/lib:/home/user/ros2_ws/install/rtabmap_sync/lib:/home/user/ros2_ws/install/rtabmap_conversions/lib:/home/user/ros2_ws/install/rtabmap_msgs/lib:/home/user/ros2_ws/install/rtabmap/lib:/home/user/dev_ws/src/install/realsense2_camera/lib:/home/user/dev_ws/src/install/realsense2_camera_msgs/lib:/home/user/dev_ws/src/install/lslidar_msgs/lib:/home/user/dev_ws/src/install/csm/lib:/home/user/ros2_ws/install/serial/lib:/home/user/ros2_ws/install/rtabmap_slam/lib:/home/user/ros2_ws/install/rtabmap_odom/lib:/home/user/ros2_ws/install/rtabmap_rviz_plugins/lib:/home/user/ros2_ws/install/realsense2_camera/lib:/home/user/ros2_ws/install/realsense2_camera_msgs/lib:/home/user/ros2_ws/install/openslam_gmapping/lib:/home/user/ros2_ws/install/lslidar_msgs/lib:/usr/lib/x86_64-linux-gnu/gazebo-11/plugins:/opt/ros/humble/opt/rviz_ogre_vendor/lib:/opt/ros/humble/lib/x86_64-linux-gnu:/opt/ros/humble/lib PYTHONPATH=/home/user/ros2_ws/install/rtabmap_msgs/local/lib/python3.10/dist-packages:/home/user/dev_ws/src/install/realsense2_camera_msgs/local/lib/python3.10/dist-packages:/home/user/dev_ws/src/install/lslidar_msgs/local/lib/python3.10/dist-packages:/home/user/ros2_ws/build/rtabmap_python:/home/user/ros2_ws/install/rtabmap_python/lib/python3.10/site-packages:/home/user/ros2_ws/install/realsense2_camera_msgs/local/lib/python3.10/dist-packages:/home/user/ros2_ws/install/lslidar_msgs/local/lib/python3.10/dist-packages:/opt/ros/humble/lib/python3.10/site-packages:/opt/ros/humble/local/lib/python3.10/dist-packages /usr/bin/cmake --build /home/user/ros2_ws/build/rtabmap_slam
[4.232s] Invoking command in '/home/user/ros2_ws/build/rtabmap_slam': CMAKE_PREFIX_PATH=/home/user/ros2_ws/install/rtabmap_util:/home/user/ros2_ws/install/rtabmap_sync:/home/user/ros2_ws/install/rtabmap_conversions:/home/user/ros2_ws/install/rtabmap_python:/opt/ros/humble:/home/user/ros2_ws/install/rtabmap_msgs:/home/user/ros2_ws/install/rtabmap:/home/user/dev_ws/src/install/ros2_laser_scan_matcher:/home/user/dev_ws/src/install/roboteq_ros2_driver:/home/user/dev_ws/src/install/realsense2_description:/home/user/dev_ws/src/install/realsense2_camera:/home/user/dev_ws/src/install/realsense2_camera_msgs:/home/user/dev_ws/src/install/lslidar_driver:/home/user/dev_ws/src/install/lslidar_msgs:/home/user/dev_ws/src/install/lidar_odometry:/home/user/dev_ws/src/install/csm:/home/user/dev_ws/src/install/amr_bot:/home/user/ros2_ws/install/slam_gmapping:/home/user/ros2_ws/install/serial:/home/user/ros2_ws/install/rtabmap_ros:/home/user/ros2_ws/install/rtabmap_launch:/home/user/ros2_ws/install/rtabmap_examples:/home/user/ros2_ws/install/rtabmap_demos:/home/user/ros2_ws/install/rtabmap_viz:/home/user/ros2_ws/install/rtabmap_slam:/home/user/ros2_ws/install/rtabmap_odom:/home/user/ros2_ws/install/rtabmap_rviz_plugins:/home/user/ros2_ws/install/roboteq_ros2_driver:/home/user/ros2_ws/install/realsense2_description:/home/user/ros2_ws/install/realsense2_camera:/home/user/ros2_ws/install/realsense2_camera_msgs:/home/user/ros2_ws/install/openslam_gmapping:/home/user/ros2_ws/install/lslidar_driver:/home/user/ros2_ws/install/lslidar_msgs:/home/user/ros2_ws/install/amr_bot LD_LIBRARY_PATH=/home/user/ros2_ws/install/rtabmap_util/lib:/home/user/ros2_ws/install/rtabmap_sync/lib:/home/user/ros2_ws/install/rtabmap_conversions/lib:/home/user/ros2_ws/install/rtabmap_msgs/lib:/home/user/ros2_ws/install/rtabmap/lib:/home/user/dev_ws/src/install/realsense2_camera/lib:/home/user/dev_ws/src/install/realsense2_camera_msgs/lib:/home/user/dev_ws/src/install/lslidar_msgs/lib:/home/user/dev_ws/src/install/csm/lib:/home/user/ros2_ws/install/serial/lib:/home/user/ros2_ws/install/rtabmap_slam/lib:/home/user/ros2_ws/install/rtabmap_odom/lib:/home/user/ros2_ws/install/rtabmap_rviz_plugins/lib:/home/user/ros2_ws/install/realsense2_camera/lib:/home/user/ros2_ws/install/realsense2_camera_msgs/lib:/home/user/ros2_ws/install/openslam_gmapping/lib:/home/user/ros2_ws/install/lslidar_msgs/lib:/usr/lib/x86_64-linux-gnu/gazebo-11/plugins:/opt/ros/humble/opt/rviz_ogre_vendor/lib:/opt/ros/humble/lib/x86_64-linux-gnu:/opt/ros/humble/lib PYTHONPATH=/home/user/ros2_ws/install/rtabmap_msgs/local/lib/python3.10/dist-packages:/home/user/dev_ws/src/install/realsense2_camera_msgs/local/lib/python3.10/dist-packages:/home/user/dev_ws/src/install/lslidar_msgs/local/lib/python3.10/dist-packages:/home/user/ros2_ws/build/rtabmap_python:/home/user/ros2_ws/install/rtabmap_python/lib/python3.10/site-packages:/home/user/ros2_ws/install/realsense2_camera_msgs/local/lib/python3.10/dist-packages:/home/user/ros2_ws/install/lslidar_msgs/local/lib/python3.10/dist-packages:/opt/ros/humble/lib/python3.10/site-packages:/opt/ros/humble/local/lib/python3.10/dist-packages /usr/bin/cmake --install /home/user/ros2_ws/build/rtabmap_slam
[4.240s] -- Install configuration: "Release"
[4.240s] -- Execute custom install script
[4.240s] -- Up-to-date symlink: /home/user/ros2_ws/install/rtabmap_slam/share/rtabmap_slam/environment/library_path.sh
[4.240s] -- Up-to-date symlink: /home/user/ros2_ws/install/rtabmap_slam/share/rtabmap_slam/environment/library_path.dsv
[4.240s] -- Up-to-date symlink: /home/user/ros2_ws/install/rtabmap_slam/lib/rtabmap_slam/rtabmap
[4.240s] -- Up-to-date symlink: /home/user/ros2_ws/install/rtabmap_slam/share/ament_index/resource_index/package_run_dependencies/rtabmap_slam
[4.240s] -- Up-to-date symlink: /home/user/ros2_ws/install/rtabmap_slam/share/ament_index/resource_index/parent_prefix_path/rtabmap_slam
[4.240s] -- Up-to-date symlink: /home/user/ros2_ws/install/rtabmap_slam/share/rtabmap_slam/environment/ament_prefix_path.sh
[4.241s] -- Up-to-date symlink: /home/user/ros2_ws/install/rtabmap_slam/share/rtabmap_slam/environment/ament_prefix_path.dsv
[4.244s] -- Up-to-date symlink: /home/user/ros2_ws/install/rtabmap_slam/share/rtabmap_slam/environment/path.sh
[4.244s] -- Up-to-date symlink: /home/user/ros2_ws/install/rtabmap_slam/share/rtabmap_slam/environment/path.dsv
[4.244s] -- Up-to-date symlink: /home/user/ros2_ws/install/rtabmap_slam/share/rtabmap_slam/local_setup.bash
[4.244s] -- Up-to-date symlink: /home/user/ros2_ws/install/rtabmap_slam/share/rtabmap_slam/local_setup.sh
[4.244s] -- Up-to-date symlink: /home/user/ros2_ws/install/rtabmap_slam/share/rtabmap_slam/local_setup.zsh
[4.244s] -- Up-to-date symlink: /home/user/ros2_ws/install/rtabmap_slam/share/rtabmap_slam/local_setup.dsv
[4.244s] -- Symlinking: /home/user/ros2_ws/install/rtabmap_slam/share/rtabmap_slam/package.dsv
[4.251s] -- Up-to-date symlink: /home/user/ros2_ws/install/rtabmap_slam/share/ament_index/resource_index/packages/rtabmap_slam
[4.251s] -- Up-to-date symlink: /home/user/ros2_ws/install/rtabmap_slam/share/ament_index/resource_index/rclcpp_components/rtabmap_slam
[4.251s] -- Up-to-date symlink: /home/user/ros2_ws/install/rtabmap_slam/share/rtabmap_slam/cmake/ament_cmake_export_dependencies-extras.cmake
[4.251s] -- Up-to-date symlink: /home/user/ros2_ws/install/rtabmap_slam/share/rtabmap_slam/cmake/ament_cmake_export_include_directories-extras.cmake
[4.251s] -- Up-to-date symlink: /home/user/ros2_ws/install/rtabmap_slam/share/rtabmap_slam/cmake/ament_cmake_export_targets-extras.cmake
[4.251s] -- Up-to-date symlink: /home/user/ros2_ws/install/rtabmap_slam/share/rtabmap_slam/cmake/ament_cmake_export_libraries-extras.cmake
[4.251s] -- Up-to-date symlink: /home/user/ros2_ws/install/rtabmap_slam/share/rtabmap_slam/cmake/rtabmap_slamConfig.cmake
[4.252s] -- Up-to-date symlink: /home/user/ros2_ws/install/rtabmap_slam/share/rtabmap_slam/cmake/rtabmap_slamConfig-version.cmake
[4.252s] -- Up-to-date symlink: /home/user/ros2_ws/install/rtabmap_slam/share/rtabmap_slam/package.xml
[4.272s] -- Up-to-date: /home/user/ros2_ws/install/rtabmap_slam/lib/librtabmap_slam_plugins.so
[4.273s] -- Up-to-date: /home/user/ros2_ws/install/rtabmap_slam/include
[4.273s] -- Up-to-date: /home/user/ros2_ws/install/rtabmap_slam/include/rtabmap_slam
[4.274s] -- Up-to-date: /home/user/ros2_ws/install/rtabmap_slam/include/rtabmap_slam/CoreWrapper.h
[4.274s] -- Up-to-date: /home/user/ros2_ws/install/rtabmap_slam/include/rtabmap_slam/visibility.h
[4.274s] -- Up-to-date: /home/user/ros2_ws/install/rtabmap_slam/share/rtabmap_slam/cmake/rtabmap_slamExport.cmake
[4.275s] -- Up-to-date: /home/user/ros2_ws/install/rtabmap_slam/share/rtabmap_slam/cmake/rtabmap_slamExport-release.cmake
[4.275s] Invoked command in '/home/user/ros2_ws/build/rtabmap_slam' returned '0': CMAKE_PREFIX_PATH=/home/user/ros2_ws/install/rtabmap_util:/home/user/ros2_ws/install/rtabmap_sync:/home/user/ros2_ws/install/rtabmap_conversions:/home/user/ros2_ws/install/rtabmap_python:/opt/ros/humble:/home/user/ros2_ws/install/rtabmap_msgs:/home/user/ros2_ws/install/rtabmap:/home/user/dev_ws/src/install/ros2_laser_scan_matcher:/home/user/dev_ws/src/install/roboteq_ros2_driver:/home/user/dev_ws/src/install/realsense2_description:/home/user/dev_ws/src/install/realsense2_camera:/home/user/dev_ws/src/install/realsense2_camera_msgs:/home/user/dev_ws/src/install/lslidar_driver:/home/user/dev_ws/src/install/lslidar_msgs:/home/user/dev_ws/src/install/lidar_odometry:/home/user/dev_ws/src/install/csm:/home/user/dev_ws/src/install/amr_bot:/home/user/ros2_ws/install/slam_gmapping:/home/user/ros2_ws/install/serial:/home/user/ros2_ws/install/rtabmap_ros:/home/user/ros2_ws/install/rtabmap_launch:/home/user/ros2_ws/install/rtabmap_examples:/home/user/ros2_ws/install/rtabmap_demos:/home/user/ros2_ws/install/rtabmap_viz:/home/user/ros2_ws/install/rtabmap_slam:/home/user/ros2_ws/install/rtabmap_odom:/home/user/ros2_ws/install/rtabmap_rviz_plugins:/home/user/ros2_ws/install/roboteq_ros2_driver:/home/user/ros2_ws/install/realsense2_description:/home/user/ros2_ws/install/realsense2_camera:/home/user/ros2_ws/install/realsense2_camera_msgs:/home/user/ros2_ws/install/openslam_gmapping:/home/user/ros2_ws/install/lslidar_driver:/home/user/ros2_ws/install/lslidar_msgs:/home/user/ros2_ws/install/amr_bot LD_LIBRARY_PATH=/home/user/ros2_ws/install/rtabmap_util/lib:/home/user/ros2_ws/install/rtabmap_sync/lib:/home/user/ros2_ws/install/rtabmap_conversions/lib:/home/user/ros2_ws/install/rtabmap_msgs/lib:/home/user/ros2_ws/install/rtabmap/lib:/home/user/dev_ws/src/install/realsense2_camera/lib:/home/user/dev_ws/src/install/realsense2_camera_msgs/lib:/home/user/dev_ws/src/install/lslidar_msgs/lib:/home/user/dev_ws/src/install/csm/lib:/home/user/ros2_ws/install/serial/lib:/home/user/ros2_ws/install/rtabmap_slam/lib:/home/user/ros2_ws/install/rtabmap_odom/lib:/home/user/ros2_ws/install/rtabmap_rviz_plugins/lib:/home/user/ros2_ws/install/realsense2_camera/lib:/home/user/ros2_ws/install/realsense2_camera_msgs/lib:/home/user/ros2_ws/install/openslam_gmapping/lib:/home/user/ros2_ws/install/lslidar_msgs/lib:/usr/lib/x86_64-linux-gnu/gazebo-11/plugins:/opt/ros/humble/opt/rviz_ogre_vendor/lib:/opt/ros/humble/lib/x86_64-linux-gnu:/opt/ros/humble/lib PYTHONPATH=/home/user/ros2_ws/install/rtabmap_msgs/local/lib/python3.10/dist-packages:/home/user/dev_ws/src/install/realsense2_camera_msgs/local/lib/python3.10/dist-packages:/home/user/dev_ws/src/install/lslidar_msgs/local/lib/python3.10/dist-packages:/home/user/ros2_ws/build/rtabmap_python:/home/user/ros2_ws/install/rtabmap_python/lib/python3.10/site-packages:/home/user/ros2_ws/install/realsense2_camera_msgs/local/lib/python3.10/dist-packages:/home/user/ros2_ws/install/lslidar_msgs/local/lib/python3.10/dist-packages:/opt/ros/humble/lib/python3.10/site-packages:/opt/ros/humble/local/lib/python3.10/dist-packages /usr/bin/cmake --install /home/user/ros2_ws/build/rtabmap_slam
