[0.000000] (-) TimerEvent: {}
[0.000191] (-) JobUnselected: {'identifier': 'amr_bot'}
[0.000206] (-) JobUnselected: {'identifier': 'lslidar_driver'}
[0.000214] (-) JobUnselected: {'identifier': 'lslidar_msgs'}
[0.000221] (-) JobUnselected: {'identifier': 'openslam_gmapping'}
[0.000229] (-) JobUnselected: {'identifier': 'realsense2_camera'}
[0.000237] (-) JobUnselected: {'identifier': 'realsense2_camera_msgs'}
[0.000245] (-) JobUnselected: {'identifier': 'realsense2_description'}
[0.000253] (-) JobUnselected: {'identifier': 'roboteq_ros2_driver'}
[0.000260] (-) JobUnselected: {'identifier': 'rtabmap'}
[0.000268] (-) JobUnselected: {'identifier': 'rtabmap_conversions'}
[0.000281] (-) JobUnselected: {'identifier': 'rtabmap_demos'}
[0.000289] (-) JobUnselected: {'identifier': 'rtabmap_examples'}
[0.000298] (-) JobUnselected: {'identifier': 'rtabmap_launch'}
[0.000308] (-) JobUnselected: {'identifier': 'rtabmap_msgs'}
[0.000316] (-) JobUnselected: {'identifier': 'rtabmap_odom'}
[0.000336] (-) JobUnselected: {'identifier': 'rtabmap_python'}
[0.000343] (-) JobUnselected: {'identifier': 'rtabmap_ros'}
[0.000351] (-) JobUnselected: {'identifier': 'rtabmap_rviz_plugins'}
[0.000360] (-) JobUnselected: {'identifier': 'rtabmap_slam'}
[0.000370] (-) JobUnselected: {'identifier': 'rtabmap_sync'}
[0.000378] (-) JobUnselected: {'identifier': 'rtabmap_util'}
[0.000388] (-) JobUnselected: {'identifier': 'rtabmap_viz'}
[0.000397] (-) JobUnselected: {'identifier': 'serial'}
[0.000405] (-) JobUnselected: {'identifier': 'slam_gmapping'}
[0.000592] (-) EventReactorShutdown: {}
