[0.037s] Invoking command in '/home/user/ros2_ws/build/rtabmap_util': CMAKE_PREFIX_PATH=/home/user/ros2_ws/install/rtabmap_conversions:/home/user/ros2_ws/install/rtabmap_python:/opt/ros/humble:/home/user/ros2_ws/install/rtabmap_msgs:/home/user/ros2_ws/install/rtabmap:/home/user/ros2_ws/install/rtabmap_ros:/home/user/ros2_ws/install/rtabmap_launch:/home/user/ros2_ws/install/rtabmap_examples:/home/user/ros2_ws/install/rtabmap_demos:/home/user/ros2_ws/install/rtabmap_viz:/home/user/ros2_ws/install/rtabmap_slam:/home/user/ros2_ws/install/rtabmap_odom:/home/user/ros2_ws/install/rtabmap_util:/home/user/ros2_ws/install/rtabmap_sync:/home/user/ros2_ws/install/rtabmap_rviz_plugins:/home/user/ros2_ws/install/slam_gmapping:/home/user/ros2_ws/install/serial:/home/user/ros2_ws/install/roboteq_ros2_driver:/home/user/ros2_ws/install/realsense2_description:/home/user/ros2_ws/install/realsense2_camera:/home/user/ros2_ws/install/realsense2_camera_msgs:/home/user/ros2_ws/install/openslam_gmapping:/home/user/ros2_ws/install/lslidar_driver:/home/user/ros2_ws/install/lslidar_msgs:/home/user/ros2_ws/install/lidar_odometry:/home/user/ros2_ws/install/amr_bot LD_LIBRARY_PATH=/home/user/ros2_ws/install/rtabmap_conversions/lib:/home/user/ros2_ws/install/rtabmap_msgs/lib:/home/user/ros2_ws/install/rtabmap/lib:/home/user/ros2_ws/install/rtabmap_slam/lib:/home/user/ros2_ws/install/rtabmap_odom/lib:/home/user/ros2_ws/install/rtabmap_util/lib:/home/user/ros2_ws/install/rtabmap_sync/lib:/home/user/ros2_ws/install/rtabmap_rviz_plugins/lib:/home/user/ros2_ws/install/serial/lib:/home/user/ros2_ws/install/realsense2_camera/lib:/home/user/ros2_ws/install/realsense2_camera_msgs/lib:/home/user/ros2_ws/install/openslam_gmapping/lib:/home/user/ros2_ws/install/lslidar_msgs/lib:/usr/lib/x86_64-linux-gnu/gazebo-11/plugins:/opt/ros/humble/opt/rviz_ogre_vendor/lib:/opt/ros/humble/lib/x86_64-linux-gnu:/opt/ros/humble/lib PYTHONPATH=/home/user/ros2_ws/install/rtabmap_msgs/local/lib/python3.10/dist-packages:/home/user/ros2_ws/build/rtabmap_python:/home/user/ros2_ws/install/rtabmap_python/lib/python3.10/site-packages:/home/user/ros2_ws/install/realsense2_camera_msgs/local/lib/python3.10/dist-packages:/home/user/ros2_ws/install/lslidar_msgs/local/lib/python3.10/dist-packages:/opt/ros/humble/lib/python3.10/site-packages:/opt/ros/humble/local/lib/python3.10/dist-packages /usr/bin/cmake /home/user/ros2_ws/src/rtabmap_ros/rtabmap_util -DCMAKE_BUILD_TYPE=Release -DAMENT_CMAKE_SYMLINK_INSTALL=1 -DCMAKE_INSTALL_PREFIX=/home/user/ros2_ws/install/rtabmap_util
[0.073s] -- The C compiler identification is GNU 11.4.0
[0.106s] -- The CXX compiler identification is GNU 11.4.0
[0.111s] -- Detecting C compiler ABI info
[0.157s] -- Detecting C compiler ABI info - done
[0.161s] -- Check for working C compiler: /usr/bin/cc - skipped
[0.161s] -- Detecting C compile features
[0.162s] -- Detecting C compile features - done
[0.164s] -- Detecting CXX compiler ABI info
[0.224s] -- Detecting CXX compiler ABI info - done
[0.228s] -- Check for working CXX compiler: /usr/bin/c++ - skipped
[0.228s] -- Detecting CXX compile features
[0.228s] -- Detecting CXX compile features - done
[0.234s] -- Found OpenCV: /usr (found version "4.5.4") found components: core calib3d imgproc highgui stitching photo video aruco missing components: xfeatures2d nonfree gpu cudafeatures2d
[0.244s] -- Checking for module 'eigen3'
[0.251s] --   Found eigen3, version 3.4.0
[0.271s] -- Found Eigen: /usr/include/eigen3 (Required is at least version "3.1") 
[0.271s] -- Eigen found (include: /usr/include/eigen3, version: 3.4.0)
[0.286s] -- Found Boost: /usr/lib/x86_64-linux-gnu/cmake/Boost-1.74.0/BoostConfig.cmake (found suitable version "1.74.0", minimum required is "1.65.0") found components: system filesystem date_time iostreams serialization 
[0.319s] -- Checking for module 'libusb-1.0'
[0.327s] --   Found libusb-1.0, version 1.0.25
[0.349s] -- Found libusb: /usr/lib/x86_64-linux-gnu/libusb-1.0.so  
[0.350s] -- Found OpenNI: /usr/lib/libOpenNI.so;libusb::libusb (found version "1.5.4.0") 
[0.350s] -- OpenNI found (version: 1.5.4.0, include: /usr/include/ni, lib: /usr/lib/libOpenNI.so;libusb::libusb)
[0.384s] -- Found OpenNI2: /usr/lib/x86_64-linux-gnu/libOpenNI2.so;libusb::libusb (found version "2.2.0.33") 
[0.384s] -- OpenNI2 found (version: 2.2.0.33, include: /usr/include/openni2, lib: /usr/lib/x86_64-linux-gnu/libOpenNI2.so;libusb::libusb)
[0.384s] [0m** WARNING ** io features related to pcap will be disabled[0m
[0.384s] [0m** WARNING ** io features related to png will be disabled[0m
[0.404s] -- Looking for pthread.h
[0.450s] -- Looking for pthread.h - found
[0.451s] -- Performing Test CMAKE_HAVE_LIBC_PTHREAD
[0.501s] -- Performing Test CMAKE_HAVE_LIBC_PTHREAD - Success
[0.501s] -- Found Threads: TRUE  
[0.503s] -- Found GLEW: /usr/lib/x86_64-linux-gnu/libGLEW.so  
[0.510s] -- Found OpenGL: /usr/lib/x86_64-linux-gnu/libOpenGL.so  found components: OpenGL GLX 
[0.602s] -- Found MPI_C: /usr/lib/x86_64-linux-gnu/libmpi.so (found version "3.1") 
[0.602s] -- Found MPI: TRUE (found version "3.1") found components: C 
[0.604s] -- Found JsonCpp: /usr/lib/x86_64-linux-gnu/libjsoncpp.so (found suitable version "1.9.5", minimum required is "0.7.0") 
[0.609s] -- Found ZLIB: /usr/lib/x86_64-linux-gnu/libz.so (found version "1.2.11") 
[0.620s] -- Found PNG: /usr/lib/x86_64-linux-gnu/libpng.so (found version "1.6.37") 
[0.626s] -- Found Eigen3: /usr/include/eigen3 (found version "3.4.0") 
[0.683s] -- Found X11: /usr/include   
[0.683s] -- Looking for XOpenDisplay in /usr/lib/x86_64-linux-gnu/libX11.so;/usr/lib/x86_64-linux-gnu/libXext.so
[0.731s] -- Looking for XOpenDisplay in /usr/lib/x86_64-linux-gnu/libX11.so;/usr/lib/x86_64-linux-gnu/libXext.so - found
[0.731s] -- Looking for gethostbyname
[0.777s] -- Looking for gethostbyname - found
[0.778s] -- Looking for connect
[0.823s] -- Looking for connect - found
[0.823s] -- Looking for remove
[0.870s] -- Looking for remove - found
[0.870s] -- Looking for shmat
[0.921s] -- Looking for shmat - found
[0.921s] -- Looking for IceConnectionNumber in ICE
[0.968s] -- Looking for IceConnectionNumber in ICE - found
[1.017s] -- Found EXPAT: /usr/lib/x86_64-linux-gnu/libexpat.so (found version "2.4.7") 
[1.019s] -- Found double-conversion: /usr/lib/x86_64-linux-gnu/libdouble-conversion.so  
[1.020s] -- Found LZ4: /usr/lib/x86_64-linux-gnu/liblz4.so (found version "1.9.3") 
[1.021s] -- Found LZMA: /usr/lib/x86_64-linux-gnu/liblzma.so (found version "5.2.5") 
[1.029s] -- Found JPEG: /usr/lib/x86_64-linux-gnu/libjpeg.so (found version "80") 
[1.032s] -- Found TIFF: /usr/lib/x86_64-linux-gnu/libtiff.so (found version "4.3.0")  
[1.034s] -- Found Freetype: /usr/lib/x86_64-linux-gnu/libfreetype.so (found version "2.11.1") 
[1.037s] -- Found utf8cpp: /usr/include/utf8cpp  
[1.059s] -- Eigen found (include: /usr/include/eigen3, version: 3.4.0)
[1.069s] -- Checking for module 'flann'
[1.078s] --   Found flann, version 1.9.1
[1.103s] -- Found FLANN: /usr/lib/x86_64-linux-gnu/libflann_cpp.so  
[1.104s] -- FLANN found (include: /usr/include, lib: /usr/lib/x86_64-linux-gnu/libflann_cpp.so)
[1.106s] -- Found Qhull version 8.0.2
[1.363s] -- OpenNI found (version: 1.5.4.0, include: /usr/include/ni, lib: /usr/lib/libOpenNI.so;libusb::libusb)
[1.368s] -- OpenNI2 found (version: 2.2.0.33, include: /usr/include/openni2, lib: /usr/lib/x86_64-linux-gnu/libOpenNI2.so;libusb::libusb)
[1.453s] -- looking for PCL_COMMON
[1.453s] -- Found PCL_COMMON: /usr/lib/x86_64-linux-gnu/libpcl_common.so  
[1.453s] -- looking for PCL_OCTREE
[1.454s] -- Found PCL_OCTREE: /usr/lib/x86_64-linux-gnu/libpcl_octree.so  
[1.454s] -- looking for PCL_IO
[1.454s] -- Found PCL_IO: /usr/lib/x86_64-linux-gnu/libpcl_io.so  
[1.454s] -- looking for PCL_KDTREE
[1.455s] -- Found PCL_KDTREE: /usr/lib/x86_64-linux-gnu/libpcl_kdtree.so  
[1.455s] -- looking for PCL_SEARCH
[1.455s] -- Found PCL_SEARCH: /usr/lib/x86_64-linux-gnu/libpcl_search.so  
[1.455s] -- looking for PCL_SURFACE
[1.456s] -- Found PCL_SURFACE: /usr/lib/x86_64-linux-gnu/libpcl_surface.so  
[1.456s] -- looking for PCL_FILTERS
[1.456s] -- Found PCL_FILTERS: /usr/lib/x86_64-linux-gnu/libpcl_filters.so  
[1.456s] -- looking for PCL_2D
[1.456s] -- Found PCL_2D: /usr/include/pcl-1.12  
[1.457s] -- looking for PCL_FEATURES
[1.457s] -- Found PCL_FEATURES: /usr/lib/x86_64-linux-gnu/libpcl_features.so  
[1.457s] -- looking for PCL_REGISTRATION
[1.457s] -- Found PCL_REGISTRATION: /usr/lib/x86_64-linux-gnu/libpcl_registration.so  
[1.457s] -- looking for PCL_SAMPLE_CONSENSUS
[1.458s] -- Found PCL_SAMPLE_CONSENSUS: /usr/lib/x86_64-linux-gnu/libpcl_sample_consensus.so  
[1.458s] -- looking for PCL_GEOMETRY
[1.458s] -- Found PCL_GEOMETRY: /usr/include/pcl-1.12  
[1.458s] -- looking for PCL_ML
[1.459s] -- Found PCL_ML: /usr/lib/x86_64-linux-gnu/libpcl_ml.so  
[1.459s] -- looking for PCL_SEGMENTATION
[1.459s] -- Found PCL_SEGMENTATION: /usr/lib/x86_64-linux-gnu/libpcl_segmentation.so  
[1.459s] -- looking for PCL_VISUALIZATION
[1.460s] -- Found PCL_VISUALIZATION: /usr/lib/x86_64-linux-gnu/libpcl_visualization.so  
[1.460s] -- Found PCL: pcl_common;pcl_octree;pcl_io;pcl_kdtree;pcl_search;pcl_surface;pcl_filters;pcl_features;pcl_registration;pcl_sample_consensus;pcl_ml;pcl_segmentation;pcl_visualization;Boost::system;Boost::filesystem;Boost::date_time;Boost::iostreams;Boost::serialization;/usr/lib/libOpenNI.so;libusb::libusb;/usr/lib/x86_64-linux-gnu/libOpenNI2.so;libusb::libusb;VTK::ChartsCore;VTK::CommonColor;VTK::CommonComputationalGeometry;VTK::CommonCore;VTK::CommonDataModel;VTK::CommonExecutionModel;VTK::CommonMath;VTK::CommonMisc;VTK::CommonTransforms;VTK::FiltersCore;VTK::FiltersExtraction;VTK::FiltersGeneral;VTK::FiltersGeometry;VTK::FiltersModeling;VTK::FiltersSources;VTK::ImagingCore;VTK::ImagingSources;VTK::InteractionImage;VTK::InteractionStyle;VTK::InteractionWidgets;VTK::IOCore;VTK::IOGeometry;VTK::IOImage;VTK::IOLegacy;VTK::IOPLY;VTK::RenderingAnnotation;VTK::RenderingCore;VTK::RenderingContext2D;VTK::RenderingLOD;VTK::RenderingFreeType;VTK::ViewsCore;VTK::ViewsContext2D;VTK::RenderingOpenGL2;VTK::GUISupportQt;FLANN::FLANN;QHULL::QHULL (Required is at least version "1.7") 
[1.465s] -- Found grid_map_core: 2.0.0 (/opt/ros/humble/share/grid_map_core/cmake)
[1.572s] -- Found Python3: /usr/bin/python3.10 (found version "3.10.12") found components: Interpreter 
[1.614s] -- Override CMake install command with custom implementation using symlinks instead of copying resources
[1.616s] -- RTABMap=rtabmap::utilite;rtabmap::core;rtabmap::gui
[1.617s] -- Found ament_cmake: 1.3.7 (/opt/ros/humble/share/ament_cmake/cmake)
[1.634s] -- Found cv_bridge: 3.2.1 (/opt/ros/humble/share/cv_bridge/cmake)
[1.652s] -- Found rosidl_generator_c: 3.1.5 (/opt/ros/humble/share/rosidl_generator_c/cmake)
[1.655s] -- Found rosidl_adapter: 3.1.5 (/opt/ros/humble/share/rosidl_adapter/cmake)
[1.660s] -- Found rosidl_generator_cpp: 3.1.5 (/opt/ros/humble/share/rosidl_generator_cpp/cmake)
[1.669s] -- Using all available rosidl_typesupport_c: rosidl_typesupport_fastrtps_c;rosidl_typesupport_introspection_c
[1.680s] -- Using all available rosidl_typesupport_cpp: rosidl_typesupport_fastrtps_cpp;rosidl_typesupport_introspection_cpp
[1.804s] -- Found image_transport: 3.1.8 (/opt/ros/humble/share/image_transport/cmake)
[1.842s] -- Found rmw_implementation_cmake: 6.1.1 (/opt/ros/humble/share/rmw_implementation_cmake/cmake)
[1.844s] -- Found rmw_fastrtps_cpp: 6.2.6 (/opt/ros/humble/share/rmw_fastrtps_cpp/cmake)
[1.909s] -- Found OpenSSL: /usr/lib/x86_64-linux-gnu/libcrypto.so (found version "3.0.2")  
[1.926s] -- Found FastRTPS: /opt/ros/humble/include  
[1.957s] -- Using RMW implementation 'rmw_fastrtps_cpp' as default
[2.071s] -- Found rclcpp_components: 16.0.8 (/opt/ros/humble/share/rclcpp_components/cmake)
[2.104s] -- Found stereo_msgs: 4.2.3 (/opt/ros/humble/share/stereo_msgs/cmake)
[2.151s] -- Found nav_msgs: 4.2.3 (/opt/ros/humble/share/nav_msgs/cmake)
[2.200s] -- Found tf2: 0.25.5 (/opt/ros/humble/share/tf2/cmake)
[2.204s] -- Found tf2_geometry_msgs: 0.25.5 (/opt/ros/humble/share/tf2_geometry_msgs/cmake)
[2.214s] -- Found eigen3_cmake_module: 0.1.1 (/opt/ros/humble/share/eigen3_cmake_module/cmake)
[2.215s] -- Found Eigen3: TRUE (found version "3.4.0") 
[2.215s] -- Ensuring Eigen3 include directory is part of orocos-kdl CMake target
[2.370s] -- Found laser_geometry: 2.4.0 (/opt/ros/humble/share/laser_geometry/cmake)
[2.378s] -- Found pcl_conversions: 2.4.0 (/opt/ros/humble/share/pcl_conversions/cmake)
[2.449s] -- Found pcl_ros: 2.4.0 (/opt/ros/humble/share/pcl_ros/cmake)
[2.528s] -- Found rtabmap_msgs: 0.21.3 (/home/user/ros2_ws/install/rtabmap_msgs/share/rtabmap_msgs/cmake)
[2.564s] -- Found rtabmap_conversions: 0.21.3 (/home/user/ros2_ws/install/rtabmap_conversions/share/rtabmap_conversions/cmake)
[2.660s] -- Found octomap_msgs: 2.0.0 (/opt/ros/humble/share/octomap_msgs/cmake)
[2.698s] -- Found grid_map_ros: 2.0.0 (/opt/ros/humble/share/grid_map_ros/cmake)
[2.986s] -- WITH octomap_msgs
[2.986s] -- WITH grid_map_ros
[6.509s] -- Configuring done
[6.782s] -- Generating done
[6.784s] -- Build files have been written to: /home/user/ros2_ws/build/rtabmap_util
[6.804s] Invoked command in '/home/user/ros2_ws/build/rtabmap_util' returned '0': CMAKE_PREFIX_PATH=/home/user/ros2_ws/install/rtabmap_conversions:/home/user/ros2_ws/install/rtabmap_python:/opt/ros/humble:/home/user/ros2_ws/install/rtabmap_msgs:/home/user/ros2_ws/install/rtabmap:/home/user/ros2_ws/install/rtabmap_ros:/home/user/ros2_ws/install/rtabmap_launch:/home/user/ros2_ws/install/rtabmap_examples:/home/user/ros2_ws/install/rtabmap_demos:/home/user/ros2_ws/install/rtabmap_viz:/home/user/ros2_ws/install/rtabmap_slam:/home/user/ros2_ws/install/rtabmap_odom:/home/user/ros2_ws/install/rtabmap_util:/home/user/ros2_ws/install/rtabmap_sync:/home/user/ros2_ws/install/rtabmap_rviz_plugins:/home/user/ros2_ws/install/slam_gmapping:/home/user/ros2_ws/install/serial:/home/user/ros2_ws/install/roboteq_ros2_driver:/home/user/ros2_ws/install/realsense2_description:/home/user/ros2_ws/install/realsense2_camera:/home/user/ros2_ws/install/realsense2_camera_msgs:/home/user/ros2_ws/install/openslam_gmapping:/home/user/ros2_ws/install/lslidar_driver:/home/user/ros2_ws/install/lslidar_msgs:/home/user/ros2_ws/install/lidar_odometry:/home/user/ros2_ws/install/amr_bot LD_LIBRARY_PATH=/home/user/ros2_ws/install/rtabmap_conversions/lib:/home/user/ros2_ws/install/rtabmap_msgs/lib:/home/user/ros2_ws/install/rtabmap/lib:/home/user/ros2_ws/install/rtabmap_slam/lib:/home/user/ros2_ws/install/rtabmap_odom/lib:/home/user/ros2_ws/install/rtabmap_util/lib:/home/user/ros2_ws/install/rtabmap_sync/lib:/home/user/ros2_ws/install/rtabmap_rviz_plugins/lib:/home/user/ros2_ws/install/serial/lib:/home/user/ros2_ws/install/realsense2_camera/lib:/home/user/ros2_ws/install/realsense2_camera_msgs/lib:/home/user/ros2_ws/install/openslam_gmapping/lib:/home/user/ros2_ws/install/lslidar_msgs/lib:/usr/lib/x86_64-linux-gnu/gazebo-11/plugins:/opt/ros/humble/opt/rviz_ogre_vendor/lib:/opt/ros/humble/lib/x86_64-linux-gnu:/opt/ros/humble/lib PYTHONPATH=/home/user/ros2_ws/install/rtabmap_msgs/local/lib/python3.10/dist-packages:/home/user/ros2_ws/build/rtabmap_python:/home/user/ros2_ws/install/rtabmap_python/lib/python3.10/site-packages:/home/user/ros2_ws/install/realsense2_camera_msgs/local/lib/python3.10/dist-packages:/home/user/ros2_ws/install/lslidar_msgs/local/lib/python3.10/dist-packages:/opt/ros/humble/lib/python3.10/site-packages:/opt/ros/humble/local/lib/python3.10/dist-packages /usr/bin/cmake /home/user/ros2_ws/src/rtabmap_ros/rtabmap_util -DCMAKE_BUILD_TYPE=Release -DAMENT_CMAKE_SYMLINK_INSTALL=1 -DCMAKE_INSTALL_PREFIX=/home/user/ros2_ws/install/rtabmap_util
[6.805s] Invoking command in '/home/user/ros2_ws/build/rtabmap_util': CMAKE_PREFIX_PATH=/home/user/ros2_ws/install/rtabmap_conversions:/home/user/ros2_ws/install/rtabmap_python:/opt/ros/humble:/home/user/ros2_ws/install/rtabmap_msgs:/home/user/ros2_ws/install/rtabmap:/home/user/ros2_ws/install/rtabmap_ros:/home/user/ros2_ws/install/rtabmap_launch:/home/user/ros2_ws/install/rtabmap_examples:/home/user/ros2_ws/install/rtabmap_demos:/home/user/ros2_ws/install/rtabmap_viz:/home/user/ros2_ws/install/rtabmap_slam:/home/user/ros2_ws/install/rtabmap_odom:/home/user/ros2_ws/install/rtabmap_util:/home/user/ros2_ws/install/rtabmap_sync:/home/user/ros2_ws/install/rtabmap_rviz_plugins:/home/user/ros2_ws/install/slam_gmapping:/home/user/ros2_ws/install/serial:/home/user/ros2_ws/install/roboteq_ros2_driver:/home/user/ros2_ws/install/realsense2_description:/home/user/ros2_ws/install/realsense2_camera:/home/user/ros2_ws/install/realsense2_camera_msgs:/home/user/ros2_ws/install/openslam_gmapping:/home/user/ros2_ws/install/lslidar_driver:/home/user/ros2_ws/install/lslidar_msgs:/home/user/ros2_ws/install/lidar_odometry:/home/user/ros2_ws/install/amr_bot LD_LIBRARY_PATH=/home/user/ros2_ws/install/rtabmap_conversions/lib:/home/user/ros2_ws/install/rtabmap_msgs/lib:/home/user/ros2_ws/install/rtabmap/lib:/home/user/ros2_ws/install/rtabmap_slam/lib:/home/user/ros2_ws/install/rtabmap_odom/lib:/home/user/ros2_ws/install/rtabmap_util/lib:/home/user/ros2_ws/install/rtabmap_sync/lib:/home/user/ros2_ws/install/rtabmap_rviz_plugins/lib:/home/user/ros2_ws/install/serial/lib:/home/user/ros2_ws/install/realsense2_camera/lib:/home/user/ros2_ws/install/realsense2_camera_msgs/lib:/home/user/ros2_ws/install/openslam_gmapping/lib:/home/user/ros2_ws/install/lslidar_msgs/lib:/usr/lib/x86_64-linux-gnu/gazebo-11/plugins:/opt/ros/humble/opt/rviz_ogre_vendor/lib:/opt/ros/humble/lib/x86_64-linux-gnu:/opt/ros/humble/lib PYTHONPATH=/home/user/ros2_ws/install/rtabmap_msgs/local/lib/python3.10/dist-packages:/home/user/ros2_ws/build/rtabmap_python:/home/user/ros2_ws/install/rtabmap_python/lib/python3.10/site-packages:/home/user/ros2_ws/install/realsense2_camera_msgs/local/lib/python3.10/dist-packages:/home/user/ros2_ws/install/lslidar_msgs/local/lib/python3.10/dist-packages:/opt/ros/humble/lib/python3.10/site-packages:/opt/ros/humble/local/lib/python3.10/dist-packages /usr/bin/cmake --build /home/user/ros2_ws/build/rtabmap_util
[6.842s] [  2%] [32mBuilding CXX object CMakeFiles/rtabmap_util_plugins.dir/src/MapsManager.cpp.o[0m
[17.590s] [  5%] [32mBuilding CXX object CMakeFiles/rtabmap_util_plugins.dir/src/nodelets/point_cloud_xyzrgb.cpp.o[0m
[39.705s] [  8%] [32mBuilding CXX object CMakeFiles/rtabmap_util_plugins.dir/src/nodelets/point_cloud_xyz.cpp.o[0m
[56.938s] [ 11%] [32mBuilding CXX object CMakeFiles/rtabmap_util_plugins.dir/src/nodelets/disparity_to_depth.cpp.o[0m
[62.882s] [ 14%] [32mBuilding CXX object CMakeFiles/rtabmap_util_plugins.dir/src/nodelets/pointcloud_to_depthimage.cpp.o[0m
[79.881s] [ 17%] [32mBuilding CXX object CMakeFiles/rtabmap_util_plugins.dir/src/nodelets/obstacles_detection.cpp.o[0m
[90.678s] [ 20%] [32mBuilding CXX object CMakeFiles/rtabmap_util_plugins.dir/src/nodelets/point_cloud_aggregator.cpp.o[0m
[104.824s] [ 22%] [32mBuilding CXX object CMakeFiles/rtabmap_util_plugins.dir/src/nodelets/point_cloud_assembler.cpp.o[0m
[121.624s] [ 25%] [32mBuilding CXX object CMakeFiles/rtabmap_util_plugins.dir/src/nodelets/imu_to_tf.cpp.o[0m
[122.348s] In file included from [01m[K/home/user/ros2_ws/src/rtabmap_ros/rtabmap_util/src/nodelets/imu_to_tf.cpp:30[m[K:
[122.348s] [01m[K/opt/ros/humble/include/tf2_geometry_msgs/tf2_geometry_msgs/tf2_geometry_msgs.h:35:2:[m[K [01;35m[Kwarning: [m[K#warning This header is obsolete, please include tf2_geometry_msgs/tf2_geometry_msgs.hpp instead [[01;35m[K]8;;https://gcc.gnu.org/onlinedocs/gcc/Warning-Options.html#index-Wcpp-Wcpp]8;;[m[K]
[122.348s]    35 | #[01;35m[Kwarning[m[K This header is obsolete, please include tf2_geometry_msgs/tf2_geometry_msgs.hpp instead
[122.348s]       |  [01;35m[K^~~~~~~[m[K
[130.017s] [ 28%] [32mBuilding CXX object CMakeFiles/rtabmap_util_plugins.dir/src/nodelets/lidar_deskewing.cpp.o[0m
[140.286s] [ 31%] [32mBuilding CXX object CMakeFiles/rtabmap_util_plugins.dir/src/nodelets/rgbd_relay.cpp.o[0m
[148.694s] [ 34%] [32mBuilding CXX object CMakeFiles/rtabmap_util_plugins.dir/src/nodelets/rgbd_split.cpp.o[0m
[154.527s] [ 37%] [32m[1mLinking CXX shared library librtabmap_util_plugins.so[0m
[155.661s] [ 37%] Built target rtabmap_util_plugins
[155.675s] [ 40%] [32mBuilding CXX object CMakeFiles/rtabmap_rgbd_relay.dir/src/RGBDRelayNode.cpp.o[0m
[157.322s] [ 42%] [32m[1mLinking CXX executable rgbd_relay[0m
[158.231s] [ 42%] Built target rtabmap_rgbd_relay
[158.244s] [ 45%] [32mBuilding CXX object CMakeFiles/rtabmap_rgbd_split.dir/src/RGBDSplitNode.cpp.o[0m
[159.909s] [ 48%] [32m[1mLinking CXX executable rgbd_split[0m
[160.806s] [ 48%] Built target rtabmap_rgbd_split
[160.820s] [ 51%] [32mBuilding CXX object CMakeFiles/rtabmap_imu_to_tf.dir/src/ImuToTFNode.cpp.o[0m
[162.522s] [ 54%] [32m[1mLinking CXX executable imu_to_tf[0m
[163.424s] [ 54%] Built target rtabmap_imu_to_tf
[163.438s] [ 57%] [32mBuilding CXX object CMakeFiles/rtabmap_disparity_to_depth.dir/src/DisparityToDepthNode.cpp.o[0m
[165.073s] [ 60%] [32m[1mLinking CXX executable disparity_to_depth[0m
[165.984s] [ 60%] Built target rtabmap_disparity_to_depth
[165.997s] [ 62%] [32mBuilding CXX object CMakeFiles/rtabmap_lidar_deskewing.dir/src/LidarDeskewingNode.cpp.o[0m
[167.733s] [ 65%] [32m[1mLinking CXX executable lidar_deskewing[0m
[168.642s] [ 65%] Built target rtabmap_lidar_deskewing
[168.656s] [ 68%] [32mBuilding CXX object CMakeFiles/rtabmap_point_cloud_xyz.dir/src/PointCloudXYZNode.cpp.o[0m
[171.527s] [ 71%] [32m[1mLinking CXX executable point_cloud_xyz[0m
[172.428s] [ 71%] Built target rtabmap_point_cloud_xyz
[172.441s] [ 74%] [32mBuilding CXX object CMakeFiles/rtabmap_point_cloud_xyzrgb.dir/src/PointCloudXYZRGBNode.cpp.o[0m
[176.245s] [ 77%] [32m[1mLinking CXX executable point_cloud_xyzrgb[0m
[177.134s] [ 77%] Built target rtabmap_point_cloud_xyzrgb
[177.148s] [ 80%] [32mBuilding CXX object CMakeFiles/rtabmap_pointcloud_to_depthimage.dir/src/PointCloudToDepthImageNode.cpp.o[0m
[178.930s] [ 82%] [32m[1mLinking CXX executable pointcloud_to_depthimage[0m
[179.809s] [ 82%] Built target rtabmap_pointcloud_to_depthimage
[179.823s] [ 85%] [32mBuilding CXX object CMakeFiles/rtabmap_obstacles_detection.dir/src/ObstaclesDetectionNode.cpp.o[0m
[184.999s] [ 88%] [32m[1mLinking CXX executable obstacles_detection[0m
[186.151s] [ 88%] Built target rtabmap_obstacles_detection
[186.165s] [ 91%] [32mBuilding CXX object CMakeFiles/rtabmap_point_cloud_aggregator.dir/src/PointCloudAggregatorNode.cpp.o[0m
[187.862s] [ 94%] [32m[1mLinking CXX executable point_cloud_aggregator[0m
[188.740s] [ 94%] Built target rtabmap_point_cloud_aggregator
[188.753s] [ 97%] [32mBuilding CXX object CMakeFiles/rtabmap_point_cloud_assembler.dir/src/PointCloudAssemblerNode.cpp.o[0m
[193.993s] [100%] [32m[1mLinking CXX executable point_cloud_assembler[0m
[194.873s] [100%] Built target rtabmap_point_cloud_assembler
[194.880s] Invoked command in '/home/user/ros2_ws/build/rtabmap_util' returned '0': CMAKE_PREFIX_PATH=/home/user/ros2_ws/install/rtabmap_conversions:/home/user/ros2_ws/install/rtabmap_python:/opt/ros/humble:/home/user/ros2_ws/install/rtabmap_msgs:/home/user/ros2_ws/install/rtabmap:/home/user/ros2_ws/install/rtabmap_ros:/home/user/ros2_ws/install/rtabmap_launch:/home/user/ros2_ws/install/rtabmap_examples:/home/user/ros2_ws/install/rtabmap_demos:/home/user/ros2_ws/install/rtabmap_viz:/home/user/ros2_ws/install/rtabmap_slam:/home/user/ros2_ws/install/rtabmap_odom:/home/user/ros2_ws/install/rtabmap_util:/home/user/ros2_ws/install/rtabmap_sync:/home/user/ros2_ws/install/rtabmap_rviz_plugins:/home/user/ros2_ws/install/slam_gmapping:/home/user/ros2_ws/install/serial:/home/user/ros2_ws/install/roboteq_ros2_driver:/home/user/ros2_ws/install/realsense2_description:/home/user/ros2_ws/install/realsense2_camera:/home/user/ros2_ws/install/realsense2_camera_msgs:/home/user/ros2_ws/install/openslam_gmapping:/home/user/ros2_ws/install/lslidar_driver:/home/user/ros2_ws/install/lslidar_msgs:/home/user/ros2_ws/install/lidar_odometry:/home/user/ros2_ws/install/amr_bot LD_LIBRARY_PATH=/home/user/ros2_ws/install/rtabmap_conversions/lib:/home/user/ros2_ws/install/rtabmap_msgs/lib:/home/user/ros2_ws/install/rtabmap/lib:/home/user/ros2_ws/install/rtabmap_slam/lib:/home/user/ros2_ws/install/rtabmap_odom/lib:/home/user/ros2_ws/install/rtabmap_util/lib:/home/user/ros2_ws/install/rtabmap_sync/lib:/home/user/ros2_ws/install/rtabmap_rviz_plugins/lib:/home/user/ros2_ws/install/serial/lib:/home/user/ros2_ws/install/realsense2_camera/lib:/home/user/ros2_ws/install/realsense2_camera_msgs/lib:/home/user/ros2_ws/install/openslam_gmapping/lib:/home/user/ros2_ws/install/lslidar_msgs/lib:/usr/lib/x86_64-linux-gnu/gazebo-11/plugins:/opt/ros/humble/opt/rviz_ogre_vendor/lib:/opt/ros/humble/lib/x86_64-linux-gnu:/opt/ros/humble/lib PYTHONPATH=/home/user/ros2_ws/install/rtabmap_msgs/local/lib/python3.10/dist-packages:/home/user/ros2_ws/build/rtabmap_python:/home/user/ros2_ws/install/rtabmap_python/lib/python3.10/site-packages:/home/user/ros2_ws/install/realsense2_camera_msgs/local/lib/python3.10/dist-packages:/home/user/ros2_ws/install/lslidar_msgs/local/lib/python3.10/dist-packages:/opt/ros/humble/lib/python3.10/site-packages:/opt/ros/humble/local/lib/python3.10/dist-packages /usr/bin/cmake --build /home/user/ros2_ws/build/rtabmap_util
[194.942s] Invoking command in '/home/user/ros2_ws/build/rtabmap_util': CMAKE_PREFIX_PATH=/home/user/ros2_ws/install/rtabmap_conversions:/home/user/ros2_ws/install/rtabmap_python:/opt/ros/humble:/home/user/ros2_ws/install/rtabmap_msgs:/home/user/ros2_ws/install/rtabmap:/home/user/ros2_ws/install/rtabmap_ros:/home/user/ros2_ws/install/rtabmap_launch:/home/user/ros2_ws/install/rtabmap_examples:/home/user/ros2_ws/install/rtabmap_demos:/home/user/ros2_ws/install/rtabmap_viz:/home/user/ros2_ws/install/rtabmap_slam:/home/user/ros2_ws/install/rtabmap_odom:/home/user/ros2_ws/install/rtabmap_util:/home/user/ros2_ws/install/rtabmap_sync:/home/user/ros2_ws/install/rtabmap_rviz_plugins:/home/user/ros2_ws/install/slam_gmapping:/home/user/ros2_ws/install/serial:/home/user/ros2_ws/install/roboteq_ros2_driver:/home/user/ros2_ws/install/realsense2_description:/home/user/ros2_ws/install/realsense2_camera:/home/user/ros2_ws/install/realsense2_camera_msgs:/home/user/ros2_ws/install/openslam_gmapping:/home/user/ros2_ws/install/lslidar_driver:/home/user/ros2_ws/install/lslidar_msgs:/home/user/ros2_ws/install/lidar_odometry:/home/user/ros2_ws/install/amr_bot LD_LIBRARY_PATH=/home/user/ros2_ws/install/rtabmap_conversions/lib:/home/user/ros2_ws/install/rtabmap_msgs/lib:/home/user/ros2_ws/install/rtabmap/lib:/home/user/ros2_ws/install/rtabmap_slam/lib:/home/user/ros2_ws/install/rtabmap_odom/lib:/home/user/ros2_ws/install/rtabmap_util/lib:/home/user/ros2_ws/install/rtabmap_sync/lib:/home/user/ros2_ws/install/rtabmap_rviz_plugins/lib:/home/user/ros2_ws/install/serial/lib:/home/user/ros2_ws/install/realsense2_camera/lib:/home/user/ros2_ws/install/realsense2_camera_msgs/lib:/home/user/ros2_ws/install/openslam_gmapping/lib:/home/user/ros2_ws/install/lslidar_msgs/lib:/usr/lib/x86_64-linux-gnu/gazebo-11/plugins:/opt/ros/humble/opt/rviz_ogre_vendor/lib:/opt/ros/humble/lib/x86_64-linux-gnu:/opt/ros/humble/lib PYTHONPATH=/home/user/ros2_ws/install/rtabmap_msgs/local/lib/python3.10/dist-packages:/home/user/ros2_ws/build/rtabmap_python:/home/user/ros2_ws/install/rtabmap_python/lib/python3.10/site-packages:/home/user/ros2_ws/install/realsense2_camera_msgs/local/lib/python3.10/dist-packages:/home/user/ros2_ws/install/lslidar_msgs/local/lib/python3.10/dist-packages:/opt/ros/humble/lib/python3.10/site-packages:/opt/ros/humble/local/lib/python3.10/dist-packages /usr/bin/cmake --install /home/user/ros2_ws/build/rtabmap_util
[194.948s] -- Install configuration: "Release"
[194.948s] -- Execute custom install script
[194.948s] -- Symlinking: /home/user/ros2_ws/install/rtabmap_util/share/rtabmap_util/environment/library_path.sh
[194.954s] -- Symlinking: /home/user/ros2_ws/install/rtabmap_util/share/rtabmap_util/environment/library_path.dsv
[194.958s] -- Symlinking: /home/user/ros2_ws/install/rtabmap_util/lib/rtabmap_util/transform_to_tf.py
[194.963s] -- Symlinking: /home/user/ros2_ws/install/rtabmap_util/lib/rtabmap_util/yaml_to_camera_info.py
[194.968s] -- Symlinking: /home/user/ros2_ws/install/rtabmap_util/lib/rtabmap_util/republish_tf_static.py
[194.973s] -- Symlinking: /home/user/ros2_ws/install/rtabmap_util/lib/rtabmap_util/imu_to_tf
[194.978s] -- Symlinking: /home/user/ros2_ws/install/rtabmap_util/lib/rtabmap_util/disparity_to_depth
[194.982s] -- Symlinking: /home/user/ros2_ws/install/rtabmap_util/lib/rtabmap_util/rgbd_relay
[194.987s] -- Symlinking: /home/user/ros2_ws/install/rtabmap_util/lib/rtabmap_util/rgbd_split
[194.991s] -- Symlinking: /home/user/ros2_ws/install/rtabmap_util/lib/rtabmap_util/lidar_deskewing
[194.996s] -- Symlinking: /home/user/ros2_ws/install/rtabmap_util/lib/rtabmap_util/point_cloud_xyz
[195.001s] -- Symlinking: /home/user/ros2_ws/install/rtabmap_util/lib/rtabmap_util/point_cloud_xyzrgb
[195.006s] -- Symlinking: /home/user/ros2_ws/install/rtabmap_util/lib/rtabmap_util/pointcloud_to_depthimage
[195.010s] -- Symlinking: /home/user/ros2_ws/install/rtabmap_util/lib/rtabmap_util/obstacles_detection
[195.015s] -- Symlinking: /home/user/ros2_ws/install/rtabmap_util/lib/rtabmap_util/point_cloud_aggregator
[195.020s] -- Symlinking: /home/user/ros2_ws/install/rtabmap_util/lib/rtabmap_util/point_cloud_assembler
[195.026s] -- Symlinking: /home/user/ros2_ws/install/rtabmap_util/share/ament_index/resource_index/package_run_dependencies/rtabmap_util
[195.031s] -- Symlinking: /home/user/ros2_ws/install/rtabmap_util/share/ament_index/resource_index/parent_prefix_path/rtabmap_util
[195.037s] -- Symlinking: /home/user/ros2_ws/install/rtabmap_util/share/rtabmap_util/environment/ament_prefix_path.sh
[195.042s] -- Symlinking: /home/user/ros2_ws/install/rtabmap_util/share/rtabmap_util/environment/ament_prefix_path.dsv
[195.047s] -- Symlinking: /home/user/ros2_ws/install/rtabmap_util/share/rtabmap_util/environment/path.sh
[195.051s] -- Symlinking: /home/user/ros2_ws/install/rtabmap_util/share/rtabmap_util/environment/path.dsv
[195.056s] -- Symlinking: /home/user/ros2_ws/install/rtabmap_util/share/rtabmap_util/local_setup.bash
[195.061s] -- Symlinking: /home/user/ros2_ws/install/rtabmap_util/share/rtabmap_util/local_setup.sh
[195.065s] -- Symlinking: /home/user/ros2_ws/install/rtabmap_util/share/rtabmap_util/local_setup.zsh
[195.070s] -- Symlinking: /home/user/ros2_ws/install/rtabmap_util/share/rtabmap_util/local_setup.dsv
[195.075s] -- Symlinking: /home/user/ros2_ws/install/rtabmap_util/share/rtabmap_util/package.dsv
[195.079s] -- Symlinking: /home/user/ros2_ws/install/rtabmap_util/share/ament_index/resource_index/packages/rtabmap_util
[195.084s] -- Symlinking: /home/user/ros2_ws/install/rtabmap_util/share/ament_index/resource_index/rclcpp_components/rtabmap_util
[195.089s] -- Symlinking: /home/user/ros2_ws/install/rtabmap_util/share/rtabmap_util/cmake/ament_cmake_export_dependencies-extras.cmake
[195.093s] -- Symlinking: /home/user/ros2_ws/install/rtabmap_util/share/rtabmap_util/cmake/ament_cmake_export_include_directories-extras.cmake
[195.098s] -- Symlinking: /home/user/ros2_ws/install/rtabmap_util/share/rtabmap_util/cmake/ament_cmake_export_targets-extras.cmake
[195.103s] -- Symlinking: /home/user/ros2_ws/install/rtabmap_util/share/rtabmap_util/cmake/ament_cmake_export_libraries-extras.cmake
[195.107s] -- Symlinking: /home/user/ros2_ws/install/rtabmap_util/share/rtabmap_util/cmake/rtabmap_utilConfig.cmake
[195.112s] -- Symlinking: /home/user/ros2_ws/install/rtabmap_util/share/rtabmap_util/cmake/rtabmap_utilConfig-version.cmake
[195.117s] -- Symlinking: /home/user/ros2_ws/install/rtabmap_util/share/rtabmap_util/package.xml
[195.121s] -- Installing: /home/user/ros2_ws/install/rtabmap_util/lib/librtabmap_util_plugins.so
[195.128s] -- Set runtime path of "/home/user/ros2_ws/install/rtabmap_util/lib/librtabmap_util_plugins.so" to ""
[195.128s] -- Installing: /home/user/ros2_ws/install/rtabmap_util/include
[195.129s] -- Installing: /home/user/ros2_ws/install/rtabmap_util/include/rtabmap_util
[195.129s] -- Installing: /home/user/ros2_ws/install/rtabmap_util/include/rtabmap_util/ULogToRosout.h
[195.129s] -- Installing: /home/user/ros2_ws/install/rtabmap_util/include/rtabmap_util/MapsManager.h
[195.129s] -- Installing: /home/user/ros2_ws/install/rtabmap_util/include/rtabmap_util/visibility.h
[195.129s] -- Installing: /home/user/ros2_ws/install/rtabmap_util/share/rtabmap_util/cmake/rtabmap_utilExport.cmake
[195.129s] -- Installing: /home/user/ros2_ws/install/rtabmap_util/share/rtabmap_util/cmake/rtabmap_utilExport-release.cmake
[195.130s] Invoked command in '/home/user/ros2_ws/build/rtabmap_util' returned '0': CMAKE_PREFIX_PATH=/home/user/ros2_ws/install/rtabmap_conversions:/home/user/ros2_ws/install/rtabmap_python:/opt/ros/humble:/home/user/ros2_ws/install/rtabmap_msgs:/home/user/ros2_ws/install/rtabmap:/home/user/ros2_ws/install/rtabmap_ros:/home/user/ros2_ws/install/rtabmap_launch:/home/user/ros2_ws/install/rtabmap_examples:/home/user/ros2_ws/install/rtabmap_demos:/home/user/ros2_ws/install/rtabmap_viz:/home/user/ros2_ws/install/rtabmap_slam:/home/user/ros2_ws/install/rtabmap_odom:/home/user/ros2_ws/install/rtabmap_util:/home/user/ros2_ws/install/rtabmap_sync:/home/user/ros2_ws/install/rtabmap_rviz_plugins:/home/user/ros2_ws/install/slam_gmapping:/home/user/ros2_ws/install/serial:/home/user/ros2_ws/install/roboteq_ros2_driver:/home/user/ros2_ws/install/realsense2_description:/home/user/ros2_ws/install/realsense2_camera:/home/user/ros2_ws/install/realsense2_camera_msgs:/home/user/ros2_ws/install/openslam_gmapping:/home/user/ros2_ws/install/lslidar_driver:/home/user/ros2_ws/install/lslidar_msgs:/home/user/ros2_ws/install/lidar_odometry:/home/user/ros2_ws/install/amr_bot LD_LIBRARY_PATH=/home/user/ros2_ws/install/rtabmap_conversions/lib:/home/user/ros2_ws/install/rtabmap_msgs/lib:/home/user/ros2_ws/install/rtabmap/lib:/home/user/ros2_ws/install/rtabmap_slam/lib:/home/user/ros2_ws/install/rtabmap_odom/lib:/home/user/ros2_ws/install/rtabmap_util/lib:/home/user/ros2_ws/install/rtabmap_sync/lib:/home/user/ros2_ws/install/rtabmap_rviz_plugins/lib:/home/user/ros2_ws/install/serial/lib:/home/user/ros2_ws/install/realsense2_camera/lib:/home/user/ros2_ws/install/realsense2_camera_msgs/lib:/home/user/ros2_ws/install/openslam_gmapping/lib:/home/user/ros2_ws/install/lslidar_msgs/lib:/usr/lib/x86_64-linux-gnu/gazebo-11/plugins:/opt/ros/humble/opt/rviz_ogre_vendor/lib:/opt/ros/humble/lib/x86_64-linux-gnu:/opt/ros/humble/lib PYTHONPATH=/home/user/ros2_ws/install/rtabmap_msgs/local/lib/python3.10/dist-packages:/home/user/ros2_ws/build/rtabmap_python:/home/user/ros2_ws/install/rtabmap_python/lib/python3.10/site-packages:/home/user/ros2_ws/install/realsense2_camera_msgs/local/lib/python3.10/dist-packages:/home/user/ros2_ws/install/lslidar_msgs/local/lib/python3.10/dist-packages:/opt/ros/humble/lib/python3.10/site-packages:/opt/ros/humble/local/lib/python3.10/dist-packages /usr/bin/cmake --install /home/user/ros2_ws/build/rtabmap_util
