[0.046s] Invoking command in '/home/user/ros2_ws/build/nav2_behaviors': AMENT_PREFIX_PATH=/home/user/ros2_ws/install/nav2_core:/home/user/ros2_ws/install/nav2_costmap_2d:/home/user/ros2_ws/install/nav2_behavior_tree:/home/user/ros2_ws/install/nav2_util:/home/user/ros2_ws/install/nav2_voxel_grid:/home/user/ros2_ws/install/nav2_msgs:/home/user/ros2_ws/install/nav2_common:${AMENT_PREFIX_PATH} CMAKE_PREFIX_PATH=/home/user/ros2_ws/install/nav2_core:/home/user/ros2_ws/install/nav2_costmap_2d:/home/user/ros2_ws/install/nav2_behavior_tree:/home/user/ros2_ws/install/nav2_util:/home/user/ros2_ws/install/nav2_voxel_grid:/home/user/ros2_ws/install/nav2_msgs:/home/user/ros2_ws/install/nav2_common:/home/user/ros2_ws/install/slam_toolbox:/home/user/ros2_ws/install/slam_gmapping:/home/user/ros2_ws/install/serial:/home/user/ros2_ws/install/imu_tools:/home/user/ros2_ws/install/rviz_imu_plugin:/home/user/ros2_ws/install/rtabmap_ros:/home/user/ros2_ws/install/rtabmap_launch:/home/user/ros2_ws/install/rtabmap_examples:/home/user/ros2_ws/install/rtabmap_demos:/home/user/ros2_ws/install/rtabmap_viz:/home/user/ros2_ws/install/rtabmap_slam:/home/user/ros2_ws/install/rtabmap_odom:/home/user/ros2_ws/install/rtabmap_util:/home/user/ros2_ws/install/rtabmap_sync:/home/user/ros2_ws/install/rtabmap_rviz_plugins:/home/user/ros2_ws/install/rtabmap_conversions:/home/user/ros2_ws/install/rtabmap_python:/opt/ros/humble:/home/user/ros2_ws/install/rtabmap_msgs:/home/user/ros2_ws/install/rtabmap:/home/user/ros2_ws/install/roboteq_ros2_driver:/home/user/ros2_ws/install/realsense2_description:/home/user/ros2_ws/install/realsense2_camera:/home/user/ros2_ws/install/realsense2_camera_msgs:/home/user/ros2_ws/install/openslam_gmapping:/home/user/ros2_ws/install/lslidar_driver:/home/user/ros2_ws/install/lslidar_msgs:/home/user/ros2_ws/install/imu_filter_madgwick:/home/user/ros2_ws/install/imu_complementary_filter:/home/user/ros2_ws/install/amr_bot LD_LIBRARY_PATH=/home/user/ros2_ws/install/nav2_costmap_2d/lib:/home/user/ros2_ws/install/nav2_behavior_tree/lib:/home/user/ros2_ws/install/nav2_util/lib:/home/user/ros2_ws/install/nav2_voxel_grid/lib:/home/user/ros2_ws/install/nav2_msgs/lib:${LD_LIBRARY_PATH} PYTHONPATH=/home/user/ros2_ws/install/nav2_msgs/local/lib/python3.10/dist-packages:/home/user/ros2_ws/install/nav2_common/local/lib/python3.10/dist-packages:${PYTHONPATH} /usr/bin/cmake --build /home/user/ros2_ws/build/nav2_behaviors
[0.080s] [35m[1mConsolidate compiler generated dependencies of target nav2_spin_behavior[0m
[0.096s] [ 10%] Built target nav2_spin_behavior
[0.105s] [35m[1mConsolidate compiler generated dependencies of target nav2_wait_behavior[0m
[0.121s] [ 20%] Built target nav2_wait_behavior
[0.130s] [35m[1mConsolidate compiler generated dependencies of target nav2_drive_on_heading_behavior[0m
[0.145s] [ 30%] Built target nav2_drive_on_heading_behavior
[0.155s] [35m[1mConsolidate compiler generated dependencies of target nav2_back_up_behavior[0m
[0.170s] [ 40%] Built target nav2_back_up_behavior
[0.178s] [35m[1mConsolidate compiler generated dependencies of target nav2_assisted_teleop_behavior[0m
[0.193s] [ 50%] Built target nav2_assisted_teleop_behavior
[0.203s] [35m[1mConsolidate compiler generated dependencies of target behavior_server_core[0m
[0.217s] [ 60%] Built target behavior_server_core
[0.225s] [35m[1mConsolidate compiler generated dependencies of target behavior_server[0m
[0.240s] [ 70%] Built target behavior_server
[0.248s] [35m[1mConsolidate compiler generated dependencies of target gtest_main[0m
[0.258s] [ 80%] Built target gtest_main
[0.266s] [35m[1mConsolidate compiler generated dependencies of target gtest[0m
[0.278s] [ 90%] Built target gtest
[0.288s] [35m[1mConsolidate compiler generated dependencies of target test_behaviors[0m
[0.304s] [100%] Built target test_behaviors
[0.313s] Invoked command in '/home/user/ros2_ws/build/nav2_behaviors' returned '0': AMENT_PREFIX_PATH=/home/user/ros2_ws/install/nav2_core:/home/user/ros2_ws/install/nav2_costmap_2d:/home/user/ros2_ws/install/nav2_behavior_tree:/home/user/ros2_ws/install/nav2_util:/home/user/ros2_ws/install/nav2_voxel_grid:/home/user/ros2_ws/install/nav2_msgs:/home/user/ros2_ws/install/nav2_common:${AMENT_PREFIX_PATH} CMAKE_PREFIX_PATH=/home/user/ros2_ws/install/nav2_core:/home/user/ros2_ws/install/nav2_costmap_2d:/home/user/ros2_ws/install/nav2_behavior_tree:/home/user/ros2_ws/install/nav2_util:/home/user/ros2_ws/install/nav2_voxel_grid:/home/user/ros2_ws/install/nav2_msgs:/home/user/ros2_ws/install/nav2_common:/home/user/ros2_ws/install/slam_toolbox:/home/user/ros2_ws/install/slam_gmapping:/home/user/ros2_ws/install/serial:/home/user/ros2_ws/install/imu_tools:/home/user/ros2_ws/install/rviz_imu_plugin:/home/user/ros2_ws/install/rtabmap_ros:/home/user/ros2_ws/install/rtabmap_launch:/home/user/ros2_ws/install/rtabmap_examples:/home/user/ros2_ws/install/rtabmap_demos:/home/user/ros2_ws/install/rtabmap_viz:/home/user/ros2_ws/install/rtabmap_slam:/home/user/ros2_ws/install/rtabmap_odom:/home/user/ros2_ws/install/rtabmap_util:/home/user/ros2_ws/install/rtabmap_sync:/home/user/ros2_ws/install/rtabmap_rviz_plugins:/home/user/ros2_ws/install/rtabmap_conversions:/home/user/ros2_ws/install/rtabmap_python:/opt/ros/humble:/home/user/ros2_ws/install/rtabmap_msgs:/home/user/ros2_ws/install/rtabmap:/home/user/ros2_ws/install/roboteq_ros2_driver:/home/user/ros2_ws/install/realsense2_description:/home/user/ros2_ws/install/realsense2_camera:/home/user/ros2_ws/install/realsense2_camera_msgs:/home/user/ros2_ws/install/openslam_gmapping:/home/user/ros2_ws/install/lslidar_driver:/home/user/ros2_ws/install/lslidar_msgs:/home/user/ros2_ws/install/imu_filter_madgwick:/home/user/ros2_ws/install/imu_complementary_filter:/home/user/ros2_ws/install/amr_bot LD_LIBRARY_PATH=/home/user/ros2_ws/install/nav2_costmap_2d/lib:/home/user/ros2_ws/install/nav2_behavior_tree/lib:/home/user/ros2_ws/install/nav2_util/lib:/home/user/ros2_ws/install/nav2_voxel_grid/lib:/home/user/ros2_ws/install/nav2_msgs/lib:${LD_LIBRARY_PATH} PYTHONPATH=/home/user/ros2_ws/install/nav2_msgs/local/lib/python3.10/dist-packages:/home/user/ros2_ws/install/nav2_common/local/lib/python3.10/dist-packages:${PYTHONPATH} /usr/bin/cmake --build /home/user/ros2_ws/build/nav2_behaviors
[0.349s] Invoking command in '/home/user/ros2_ws/build/nav2_behaviors': AMENT_PREFIX_PATH=/home/user/ros2_ws/install/nav2_core:/home/user/ros2_ws/install/nav2_costmap_2d:/home/user/ros2_ws/install/nav2_behavior_tree:/home/user/ros2_ws/install/nav2_util:/home/user/ros2_ws/install/nav2_voxel_grid:/home/user/ros2_ws/install/nav2_msgs:/home/user/ros2_ws/install/nav2_common:${AMENT_PREFIX_PATH} CMAKE_PREFIX_PATH=/home/user/ros2_ws/install/nav2_core:/home/user/ros2_ws/install/nav2_costmap_2d:/home/user/ros2_ws/install/nav2_behavior_tree:/home/user/ros2_ws/install/nav2_util:/home/user/ros2_ws/install/nav2_voxel_grid:/home/user/ros2_ws/install/nav2_msgs:/home/user/ros2_ws/install/nav2_common:/home/user/ros2_ws/install/slam_toolbox:/home/user/ros2_ws/install/slam_gmapping:/home/user/ros2_ws/install/serial:/home/user/ros2_ws/install/imu_tools:/home/user/ros2_ws/install/rviz_imu_plugin:/home/user/ros2_ws/install/rtabmap_ros:/home/user/ros2_ws/install/rtabmap_launch:/home/user/ros2_ws/install/rtabmap_examples:/home/user/ros2_ws/install/rtabmap_demos:/home/user/ros2_ws/install/rtabmap_viz:/home/user/ros2_ws/install/rtabmap_slam:/home/user/ros2_ws/install/rtabmap_odom:/home/user/ros2_ws/install/rtabmap_util:/home/user/ros2_ws/install/rtabmap_sync:/home/user/ros2_ws/install/rtabmap_rviz_plugins:/home/user/ros2_ws/install/rtabmap_conversions:/home/user/ros2_ws/install/rtabmap_python:/opt/ros/humble:/home/user/ros2_ws/install/rtabmap_msgs:/home/user/ros2_ws/install/rtabmap:/home/user/ros2_ws/install/roboteq_ros2_driver:/home/user/ros2_ws/install/realsense2_description:/home/user/ros2_ws/install/realsense2_camera:/home/user/ros2_ws/install/realsense2_camera_msgs:/home/user/ros2_ws/install/openslam_gmapping:/home/user/ros2_ws/install/lslidar_driver:/home/user/ros2_ws/install/lslidar_msgs:/home/user/ros2_ws/install/imu_filter_madgwick:/home/user/ros2_ws/install/imu_complementary_filter:/home/user/ros2_ws/install/amr_bot LD_LIBRARY_PATH=/home/user/ros2_ws/install/nav2_costmap_2d/lib:/home/user/ros2_ws/install/nav2_behavior_tree/lib:/home/user/ros2_ws/install/nav2_util/lib:/home/user/ros2_ws/install/nav2_voxel_grid/lib:/home/user/ros2_ws/install/nav2_msgs/lib:${LD_LIBRARY_PATH} PYTHONPATH=/home/user/ros2_ws/install/nav2_msgs/local/lib/python3.10/dist-packages:/home/user/ros2_ws/install/nav2_common/local/lib/python3.10/dist-packages:${PYTHONPATH} /usr/bin/cmake --install /home/user/ros2_ws/build/nav2_behaviors
[0.357s] -- Install configuration: "Release"
[0.357s] -- Execute custom install script
[0.357s] -- Up-to-date symlink: /home/user/ros2_ws/install/nav2_behaviors/share/nav2_behaviors//behavior_plugin.xml
[0.357s] -- Up-to-date symlink: /home/user/ros2_ws/install/nav2_behaviors/lib/libbehavior_server_core.so
[0.358s] -- Up-to-date symlink: /home/user/ros2_ws/install/nav2_behaviors/lib/libnav2_spin_behavior.so
[0.358s] -- Up-to-date symlink: /home/user/ros2_ws/install/nav2_behaviors/lib/libnav2_wait_behavior.so
[0.358s] -- Up-to-date symlink: /home/user/ros2_ws/install/nav2_behaviors/lib/libnav2_assisted_teleop_behavior.so
[0.358s] -- Up-to-date symlink: /home/user/ros2_ws/install/nav2_behaviors/lib/libnav2_drive_on_heading_behavior.so
[0.358s] -- Up-to-date symlink: /home/user/ros2_ws/install/nav2_behaviors/lib/libnav2_back_up_behavior.so
[0.358s] -- Up-to-date symlink: /home/user/ros2_ws/install/nav2_behaviors/lib/nav2_behaviors/behavior_server
[0.358s] -- Up-to-date symlink: /home/user/ros2_ws/install/nav2_behaviors/include//nav2_behaviors/behavior_server.hpp
[0.358s] -- Up-to-date symlink: /home/user/ros2_ws/install/nav2_behaviors/include//nav2_behaviors/plugins/assisted_teleop.hpp
[0.358s] -- Up-to-date symlink: /home/user/ros2_ws/install/nav2_behaviors/include//nav2_behaviors/plugins/back_up.hpp
[0.358s] -- Up-to-date symlink: /home/user/ros2_ws/install/nav2_behaviors/include//nav2_behaviors/plugins/drive_on_heading.hpp
[0.358s] -- Up-to-date symlink: /home/user/ros2_ws/install/nav2_behaviors/include//nav2_behaviors/plugins/spin.hpp
[0.358s] -- Up-to-date symlink: /home/user/ros2_ws/install/nav2_behaviors/include//nav2_behaviors/plugins/wait.hpp
[0.358s] -- Up-to-date symlink: /home/user/ros2_ws/install/nav2_behaviors/include//nav2_behaviors/timed_behavior.hpp
[0.359s] -- Up-to-date symlink: /home/user/ros2_ws/install/nav2_behaviors/share/nav2_behaviors/behavior_plugin.xml
[0.359s] -- Up-to-date symlink: /home/user/ros2_ws/install/nav2_behaviors/share/nav2_behaviors/plugins//assisted_teleop.cpp
[0.359s] -- Up-to-date symlink: /home/user/ros2_ws/install/nav2_behaviors/share/nav2_behaviors/plugins//back_up.cpp
[0.359s] -- Up-to-date symlink: /home/user/ros2_ws/install/nav2_behaviors/share/nav2_behaviors/plugins//drive_on_heading.cpp
[0.359s] -- Up-to-date symlink: /home/user/ros2_ws/install/nav2_behaviors/share/nav2_behaviors/plugins//spin.cpp
[0.359s] -- Up-to-date symlink: /home/user/ros2_ws/install/nav2_behaviors/share/nav2_behaviors/plugins//wait.cpp
[0.359s] -- Up-to-date symlink: /home/user/ros2_ws/install/nav2_behaviors/share/nav2_behaviors/environment/library_path.sh
[0.359s] -- Up-to-date symlink: /home/user/ros2_ws/install/nav2_behaviors/share/nav2_behaviors/environment/library_path.dsv
[0.359s] -- Up-to-date symlink: /home/user/ros2_ws/install/nav2_behaviors/share/ament_index/resource_index/package_run_dependencies/nav2_behaviors
[0.359s] -- Up-to-date symlink: /home/user/ros2_ws/install/nav2_behaviors/share/ament_index/resource_index/parent_prefix_path/nav2_behaviors
[0.359s] -- Up-to-date symlink: /home/user/ros2_ws/install/nav2_behaviors/share/nav2_behaviors/environment/ament_prefix_path.sh
[0.359s] -- Up-to-date symlink: /home/user/ros2_ws/install/nav2_behaviors/share/nav2_behaviors/environment/ament_prefix_path.dsv
[0.359s] -- Up-to-date symlink: /home/user/ros2_ws/install/nav2_behaviors/share/nav2_behaviors/environment/path.sh
[0.360s] -- Up-to-date symlink: /home/user/ros2_ws/install/nav2_behaviors/share/nav2_behaviors/environment/path.dsv
[0.360s] -- Up-to-date symlink: /home/user/ros2_ws/install/nav2_behaviors/share/nav2_behaviors/local_setup.bash
[0.360s] -- Up-to-date symlink: /home/user/ros2_ws/install/nav2_behaviors/share/nav2_behaviors/local_setup.sh
[0.360s] -- Up-to-date symlink: /home/user/ros2_ws/install/nav2_behaviors/share/nav2_behaviors/local_setup.zsh
[0.360s] -- Up-to-date symlink: /home/user/ros2_ws/install/nav2_behaviors/share/nav2_behaviors/local_setup.dsv
[0.360s] -- Symlinking: /home/user/ros2_ws/install/nav2_behaviors/share/nav2_behaviors/package.dsv
[0.367s] -- Up-to-date symlink: /home/user/ros2_ws/install/nav2_behaviors/share/ament_index/resource_index/packages/nav2_behaviors
[0.367s] -- Up-to-date symlink: /home/user/ros2_ws/install/nav2_behaviors/share/ament_index/resource_index/nav2_core__pluginlib__plugin/nav2_behaviors
[0.367s] -- Up-to-date symlink: /home/user/ros2_ws/install/nav2_behaviors/share/ament_index/resource_index/rclcpp_components/nav2_behaviors
[0.367s] -- Up-to-date symlink: /home/user/ros2_ws/install/nav2_behaviors/share/nav2_behaviors/cmake/ament_cmake_export_include_directories-extras.cmake
[0.367s] -- Up-to-date symlink: /home/user/ros2_ws/install/nav2_behaviors/share/nav2_behaviors/cmake/ament_cmake_export_libraries-extras.cmake
[0.367s] -- Up-to-date symlink: /home/user/ros2_ws/install/nav2_behaviors/share/nav2_behaviors/cmake/ament_cmake_export_dependencies-extras.cmake
[0.367s] -- Up-to-date symlink: /home/user/ros2_ws/install/nav2_behaviors/share/nav2_behaviors/cmake/nav2_behaviorsConfig.cmake
[0.367s] -- Up-to-date symlink: /home/user/ros2_ws/install/nav2_behaviors/share/nav2_behaviors/cmake/nav2_behaviorsConfig-version.cmake
[0.367s] -- Up-to-date symlink: /home/user/ros2_ws/install/nav2_behaviors/share/nav2_behaviors/package.xml
[0.369s] Invoked command in '/home/user/ros2_ws/build/nav2_behaviors' returned '0': AMENT_PREFIX_PATH=/home/user/ros2_ws/install/nav2_core:/home/user/ros2_ws/install/nav2_costmap_2d:/home/user/ros2_ws/install/nav2_behavior_tree:/home/user/ros2_ws/install/nav2_util:/home/user/ros2_ws/install/nav2_voxel_grid:/home/user/ros2_ws/install/nav2_msgs:/home/user/ros2_ws/install/nav2_common:${AMENT_PREFIX_PATH} CMAKE_PREFIX_PATH=/home/user/ros2_ws/install/nav2_core:/home/user/ros2_ws/install/nav2_costmap_2d:/home/user/ros2_ws/install/nav2_behavior_tree:/home/user/ros2_ws/install/nav2_util:/home/user/ros2_ws/install/nav2_voxel_grid:/home/user/ros2_ws/install/nav2_msgs:/home/user/ros2_ws/install/nav2_common:/home/user/ros2_ws/install/slam_toolbox:/home/user/ros2_ws/install/slam_gmapping:/home/user/ros2_ws/install/serial:/home/user/ros2_ws/install/imu_tools:/home/user/ros2_ws/install/rviz_imu_plugin:/home/user/ros2_ws/install/rtabmap_ros:/home/user/ros2_ws/install/rtabmap_launch:/home/user/ros2_ws/install/rtabmap_examples:/home/user/ros2_ws/install/rtabmap_demos:/home/user/ros2_ws/install/rtabmap_viz:/home/user/ros2_ws/install/rtabmap_slam:/home/user/ros2_ws/install/rtabmap_odom:/home/user/ros2_ws/install/rtabmap_util:/home/user/ros2_ws/install/rtabmap_sync:/home/user/ros2_ws/install/rtabmap_rviz_plugins:/home/user/ros2_ws/install/rtabmap_conversions:/home/user/ros2_ws/install/rtabmap_python:/opt/ros/humble:/home/user/ros2_ws/install/rtabmap_msgs:/home/user/ros2_ws/install/rtabmap:/home/user/ros2_ws/install/roboteq_ros2_driver:/home/user/ros2_ws/install/realsense2_description:/home/user/ros2_ws/install/realsense2_camera:/home/user/ros2_ws/install/realsense2_camera_msgs:/home/user/ros2_ws/install/openslam_gmapping:/home/user/ros2_ws/install/lslidar_driver:/home/user/ros2_ws/install/lslidar_msgs:/home/user/ros2_ws/install/imu_filter_madgwick:/home/user/ros2_ws/install/imu_complementary_filter:/home/user/ros2_ws/install/amr_bot LD_LIBRARY_PATH=/home/user/ros2_ws/install/nav2_costmap_2d/lib:/home/user/ros2_ws/install/nav2_behavior_tree/lib:/home/user/ros2_ws/install/nav2_util/lib:/home/user/ros2_ws/install/nav2_voxel_grid/lib:/home/user/ros2_ws/install/nav2_msgs/lib:${LD_LIBRARY_PATH} PYTHONPATH=/home/user/ros2_ws/install/nav2_msgs/local/lib/python3.10/dist-packages:/home/user/ros2_ws/install/nav2_common/local/lib/python3.10/dist-packages:${PYTHONPATH} /usr/bin/cmake --install /home/user/ros2_ws/build/nav2_behaviors
