[0.046s] Invoking command in '/home/user/ros2_ws/build/dwb_critics': AMENT_PREFIX_PATH=/home/user/ros2_ws/install/dwb_core:/home/user/ros2_ws/install/nav2_core:/home/user/ros2_ws/install/costmap_queue:/home/user/ros2_ws/install/nav2_costmap_2d:/home/user/ros2_ws/install/nav_2d_utils:/home/user/ros2_ws/install/nav2_util:/home/user/ros2_ws/install/nav2_voxel_grid:/home/user/ros2_ws/install/nav2_msgs:/home/user/ros2_ws/install/dwb_msgs:/home/user/ros2_ws/install/nav_2d_msgs:/home/user/ros2_ws/install/nav2_common:${AMENT_PREFIX_PATH} CMAKE_PREFIX_PATH=/home/user/ros2_ws/install/dwb_core:/home/user/ros2_ws/install/nav2_core:/home/user/ros2_ws/install/costmap_queue:/home/user/ros2_ws/install/nav2_costmap_2d:/home/user/ros2_ws/install/nav_2d_utils:/home/user/ros2_ws/install/nav2_util:/home/user/ros2_ws/install/nav2_voxel_grid:/home/user/ros2_ws/install/nav2_msgs:/home/user/ros2_ws/install/dwb_msgs:/home/user/ros2_ws/install/nav_2d_msgs:/home/user/ros2_ws/install/nav2_common:/home/user/ros2_ws/install/slam_toolbox:/home/user/ros2_ws/install/slam_gmapping:/home/user/ros2_ws/install/serial:/home/user/ros2_ws/install/imu_tools:/home/user/ros2_ws/install/rviz_imu_plugin:/home/user/ros2_ws/install/rtabmap_ros:/home/user/ros2_ws/install/rtabmap_launch:/home/user/ros2_ws/install/rtabmap_examples:/home/user/ros2_ws/install/rtabmap_demos:/home/user/ros2_ws/install/rtabmap_viz:/home/user/ros2_ws/install/rtabmap_slam:/home/user/ros2_ws/install/rtabmap_odom:/home/user/ros2_ws/install/rtabmap_util:/home/user/ros2_ws/install/rtabmap_sync:/home/user/ros2_ws/install/rtabmap_rviz_plugins:/home/user/ros2_ws/install/rtabmap_conversions:/home/user/ros2_ws/install/rtabmap_python:/opt/ros/humble:/home/user/ros2_ws/install/rtabmap_msgs:/home/user/ros2_ws/install/rtabmap:/home/user/ros2_ws/install/roboteq_ros2_driver:/home/user/ros2_ws/install/realsense2_description:/home/user/ros2_ws/install/realsense2_camera:/home/user/ros2_ws/install/realsense2_camera_msgs:/home/user/ros2_ws/install/openslam_gmapping:/home/user/ros2_ws/install/lslidar_driver:/home/user/ros2_ws/install/lslidar_msgs:/home/user/ros2_ws/install/imu_filter_madgwick:/home/user/ros2_ws/install/imu_complementary_filter:/home/user/ros2_ws/install/amr_bot LD_LIBRARY_PATH=/home/user/ros2_ws/install/dwb_core/lib:/home/user/ros2_ws/install/costmap_queue/lib:/home/user/ros2_ws/install/nav2_costmap_2d/lib:/home/user/ros2_ws/install/nav_2d_utils/lib:/home/user/ros2_ws/install/nav2_util/lib:/home/user/ros2_ws/install/nav2_voxel_grid/lib:/home/user/ros2_ws/install/nav2_msgs/lib:/home/user/ros2_ws/install/dwb_msgs/lib:/home/user/ros2_ws/install/nav_2d_msgs/lib:${LD_LIBRARY_PATH} PYTHONPATH=/home/user/ros2_ws/install/nav2_msgs/local/lib/python3.10/dist-packages:/home/user/ros2_ws/install/dwb_msgs/local/lib/python3.10/dist-packages:/home/user/ros2_ws/install/nav_2d_msgs/local/lib/python3.10/dist-packages:/home/user/ros2_ws/install/nav2_common/local/lib/python3.10/dist-packages:${PYTHONPATH} /usr/bin/cmake --build /home/user/ros2_ws/build/dwb_critics
[0.086s] [35m[1mConsolidate compiler generated dependencies of target dwb_critics[0m
[0.117s] [ 48%] Built target dwb_critics
[0.124s] [35m[1mConsolidate compiler generated dependencies of target gtest_main[0m
[0.133s] [ 55%] Built target gtest_main
[0.140s] [35m[1mConsolidate compiler generated dependencies of target gtest[0m
[0.149s] [ 62%] Built target gtest
[0.157s] [35m[1mConsolidate compiler generated dependencies of target prefer_forward_tests[0m
[0.169s] [ 70%] Built target prefer_forward_tests
[0.177s] [35m[1mConsolidate compiler generated dependencies of target base_obstacle_tests[0m
[0.191s] [ 77%] Built target base_obstacle_tests
[0.200s] [35m[1mConsolidate compiler generated dependencies of target obstacle_footprint_tests[0m
[0.213s] [ 85%] Built target obstacle_footprint_tests
[0.220s] [35m[1mConsolidate compiler generated dependencies of target alignment_util_tests[0m
[0.231s] [ 92%] Built target alignment_util_tests
[0.239s] [35m[1mConsolidate compiler generated dependencies of target twirling_tests[0m
[0.251s] [100%] Built target twirling_tests
[0.259s] Invoked command in '/home/user/ros2_ws/build/dwb_critics' returned '0': AMENT_PREFIX_PATH=/home/user/ros2_ws/install/dwb_core:/home/user/ros2_ws/install/nav2_core:/home/user/ros2_ws/install/costmap_queue:/home/user/ros2_ws/install/nav2_costmap_2d:/home/user/ros2_ws/install/nav_2d_utils:/home/user/ros2_ws/install/nav2_util:/home/user/ros2_ws/install/nav2_voxel_grid:/home/user/ros2_ws/install/nav2_msgs:/home/user/ros2_ws/install/dwb_msgs:/home/user/ros2_ws/install/nav_2d_msgs:/home/user/ros2_ws/install/nav2_common:${AMENT_PREFIX_PATH} CMAKE_PREFIX_PATH=/home/user/ros2_ws/install/dwb_core:/home/user/ros2_ws/install/nav2_core:/home/user/ros2_ws/install/costmap_queue:/home/user/ros2_ws/install/nav2_costmap_2d:/home/user/ros2_ws/install/nav_2d_utils:/home/user/ros2_ws/install/nav2_util:/home/user/ros2_ws/install/nav2_voxel_grid:/home/user/ros2_ws/install/nav2_msgs:/home/user/ros2_ws/install/dwb_msgs:/home/user/ros2_ws/install/nav_2d_msgs:/home/user/ros2_ws/install/nav2_common:/home/user/ros2_ws/install/slam_toolbox:/home/user/ros2_ws/install/slam_gmapping:/home/user/ros2_ws/install/serial:/home/user/ros2_ws/install/imu_tools:/home/user/ros2_ws/install/rviz_imu_plugin:/home/user/ros2_ws/install/rtabmap_ros:/home/user/ros2_ws/install/rtabmap_launch:/home/user/ros2_ws/install/rtabmap_examples:/home/user/ros2_ws/install/rtabmap_demos:/home/user/ros2_ws/install/rtabmap_viz:/home/user/ros2_ws/install/rtabmap_slam:/home/user/ros2_ws/install/rtabmap_odom:/home/user/ros2_ws/install/rtabmap_util:/home/user/ros2_ws/install/rtabmap_sync:/home/user/ros2_ws/install/rtabmap_rviz_plugins:/home/user/ros2_ws/install/rtabmap_conversions:/home/user/ros2_ws/install/rtabmap_python:/opt/ros/humble:/home/user/ros2_ws/install/rtabmap_msgs:/home/user/ros2_ws/install/rtabmap:/home/user/ros2_ws/install/roboteq_ros2_driver:/home/user/ros2_ws/install/realsense2_description:/home/user/ros2_ws/install/realsense2_camera:/home/user/ros2_ws/install/realsense2_camera_msgs:/home/user/ros2_ws/install/openslam_gmapping:/home/user/ros2_ws/install/lslidar_driver:/home/user/ros2_ws/install/lslidar_msgs:/home/user/ros2_ws/install/imu_filter_madgwick:/home/user/ros2_ws/install/imu_complementary_filter:/home/user/ros2_ws/install/amr_bot LD_LIBRARY_PATH=/home/user/ros2_ws/install/dwb_core/lib:/home/user/ros2_ws/install/costmap_queue/lib:/home/user/ros2_ws/install/nav2_costmap_2d/lib:/home/user/ros2_ws/install/nav_2d_utils/lib:/home/user/ros2_ws/install/nav2_util/lib:/home/user/ros2_ws/install/nav2_voxel_grid/lib:/home/user/ros2_ws/install/nav2_msgs/lib:/home/user/ros2_ws/install/dwb_msgs/lib:/home/user/ros2_ws/install/nav_2d_msgs/lib:${LD_LIBRARY_PATH} PYTHONPATH=/home/user/ros2_ws/install/nav2_msgs/local/lib/python3.10/dist-packages:/home/user/ros2_ws/install/dwb_msgs/local/lib/python3.10/dist-packages:/home/user/ros2_ws/install/nav_2d_msgs/local/lib/python3.10/dist-packages:/home/user/ros2_ws/install/nav2_common/local/lib/python3.10/dist-packages:${PYTHONPATH} /usr/bin/cmake --build /home/user/ros2_ws/build/dwb_critics
[0.303s] Invoking command in '/home/user/ros2_ws/build/dwb_critics': AMENT_PREFIX_PATH=/home/user/ros2_ws/install/dwb_core:/home/user/ros2_ws/install/nav2_core:/home/user/ros2_ws/install/costmap_queue:/home/user/ros2_ws/install/nav2_costmap_2d:/home/user/ros2_ws/install/nav_2d_utils:/home/user/ros2_ws/install/nav2_util:/home/user/ros2_ws/install/nav2_voxel_grid:/home/user/ros2_ws/install/nav2_msgs:/home/user/ros2_ws/install/dwb_msgs:/home/user/ros2_ws/install/nav_2d_msgs:/home/user/ros2_ws/install/nav2_common:${AMENT_PREFIX_PATH} CMAKE_PREFIX_PATH=/home/user/ros2_ws/install/dwb_core:/home/user/ros2_ws/install/nav2_core:/home/user/ros2_ws/install/costmap_queue:/home/user/ros2_ws/install/nav2_costmap_2d:/home/user/ros2_ws/install/nav_2d_utils:/home/user/ros2_ws/install/nav2_util:/home/user/ros2_ws/install/nav2_voxel_grid:/home/user/ros2_ws/install/nav2_msgs:/home/user/ros2_ws/install/dwb_msgs:/home/user/ros2_ws/install/nav_2d_msgs:/home/user/ros2_ws/install/nav2_common:/home/user/ros2_ws/install/slam_toolbox:/home/user/ros2_ws/install/slam_gmapping:/home/user/ros2_ws/install/serial:/home/user/ros2_ws/install/imu_tools:/home/user/ros2_ws/install/rviz_imu_plugin:/home/user/ros2_ws/install/rtabmap_ros:/home/user/ros2_ws/install/rtabmap_launch:/home/user/ros2_ws/install/rtabmap_examples:/home/user/ros2_ws/install/rtabmap_demos:/home/user/ros2_ws/install/rtabmap_viz:/home/user/ros2_ws/install/rtabmap_slam:/home/user/ros2_ws/install/rtabmap_odom:/home/user/ros2_ws/install/rtabmap_util:/home/user/ros2_ws/install/rtabmap_sync:/home/user/ros2_ws/install/rtabmap_rviz_plugins:/home/user/ros2_ws/install/rtabmap_conversions:/home/user/ros2_ws/install/rtabmap_python:/opt/ros/humble:/home/user/ros2_ws/install/rtabmap_msgs:/home/user/ros2_ws/install/rtabmap:/home/user/ros2_ws/install/roboteq_ros2_driver:/home/user/ros2_ws/install/realsense2_description:/home/user/ros2_ws/install/realsense2_camera:/home/user/ros2_ws/install/realsense2_camera_msgs:/home/user/ros2_ws/install/openslam_gmapping:/home/user/ros2_ws/install/lslidar_driver:/home/user/ros2_ws/install/lslidar_msgs:/home/user/ros2_ws/install/imu_filter_madgwick:/home/user/ros2_ws/install/imu_complementary_filter:/home/user/ros2_ws/install/amr_bot LD_LIBRARY_PATH=/home/user/ros2_ws/install/dwb_core/lib:/home/user/ros2_ws/install/costmap_queue/lib:/home/user/ros2_ws/install/nav2_costmap_2d/lib:/home/user/ros2_ws/install/nav_2d_utils/lib:/home/user/ros2_ws/install/nav2_util/lib:/home/user/ros2_ws/install/nav2_voxel_grid/lib:/home/user/ros2_ws/install/nav2_msgs/lib:/home/user/ros2_ws/install/dwb_msgs/lib:/home/user/ros2_ws/install/nav_2d_msgs/lib:${LD_LIBRARY_PATH} PYTHONPATH=/home/user/ros2_ws/install/nav2_msgs/local/lib/python3.10/dist-packages:/home/user/ros2_ws/install/dwb_msgs/local/lib/python3.10/dist-packages:/home/user/ros2_ws/install/nav_2d_msgs/local/lib/python3.10/dist-packages:/home/user/ros2_ws/install/nav2_common/local/lib/python3.10/dist-packages:${PYTHONPATH} /usr/bin/cmake --install /home/user/ros2_ws/build/dwb_critics
[0.309s] -- Install configuration: "Release"
[0.309s] -- Execute custom install script
[0.309s] -- Up-to-date symlink: /home/user/ros2_ws/install/dwb_critics/lib/libdwb_critics.so
[0.309s] -- Up-to-date symlink: /home/user/ros2_ws/install/dwb_critics/include//dwb_critics/alignment_util.hpp
[0.309s] -- Up-to-date symlink: /home/user/ros2_ws/install/dwb_critics/include//dwb_critics/base_obstacle.hpp
[0.309s] -- Up-to-date symlink: /home/user/ros2_ws/install/dwb_critics/include//dwb_critics/goal_align.hpp
[0.309s] -- Up-to-date symlink: /home/user/ros2_ws/install/dwb_critics/include//dwb_critics/goal_dist.hpp
[0.309s] -- Up-to-date symlink: /home/user/ros2_ws/install/dwb_critics/include//dwb_critics/line_iterator.hpp
[0.309s] -- Up-to-date symlink: /home/user/ros2_ws/install/dwb_critics/include//dwb_critics/map_grid.hpp
[0.309s] -- Up-to-date symlink: /home/user/ros2_ws/install/dwb_critics/include//dwb_critics/obstacle_footprint.hpp
[0.309s] -- Up-to-date symlink: /home/user/ros2_ws/install/dwb_critics/include//dwb_critics/oscillation.hpp
[0.309s] -- Up-to-date symlink: /home/user/ros2_ws/install/dwb_critics/include//dwb_critics/path_align.hpp
[0.309s] -- Up-to-date symlink: /home/user/ros2_ws/install/dwb_critics/include//dwb_critics/path_dist.hpp
[0.310s] -- Up-to-date symlink: /home/user/ros2_ws/install/dwb_critics/include//dwb_critics/prefer_forward.hpp
[0.310s] -- Up-to-date symlink: /home/user/ros2_ws/install/dwb_critics/include//dwb_critics/rotate_to_goal.hpp
[0.310s] -- Up-to-date symlink: /home/user/ros2_ws/install/dwb_critics/include//dwb_critics/twirling.hpp
[0.310s] -- Up-to-date symlink: /home/user/ros2_ws/install/dwb_critics/share/dwb_critics/default_critics.xml
[0.310s] -- Up-to-date symlink: /home/user/ros2_ws/install/dwb_critics/share/dwb_critics/environment/library_path.sh
[0.310s] -- Up-to-date symlink: /home/user/ros2_ws/install/dwb_critics/share/dwb_critics/environment/library_path.dsv
[0.310s] -- Up-to-date symlink: /home/user/ros2_ws/install/dwb_critics/share/dwb_critics//default_critics.xml
[0.310s] -- Up-to-date symlink: /home/user/ros2_ws/install/dwb_critics/share/ament_index/resource_index/package_run_dependencies/dwb_critics
[0.310s] -- Up-to-date symlink: /home/user/ros2_ws/install/dwb_critics/share/ament_index/resource_index/parent_prefix_path/dwb_critics
[0.310s] -- Up-to-date symlink: /home/user/ros2_ws/install/dwb_critics/share/dwb_critics/environment/ament_prefix_path.sh
[0.311s] -- Up-to-date symlink: /home/user/ros2_ws/install/dwb_critics/share/dwb_critics/environment/ament_prefix_path.dsv
[0.311s] -- Up-to-date symlink: /home/user/ros2_ws/install/dwb_critics/share/dwb_critics/environment/path.sh
[0.311s] -- Up-to-date symlink: /home/user/ros2_ws/install/dwb_critics/share/dwb_critics/environment/path.dsv
[0.311s] -- Up-to-date symlink: /home/user/ros2_ws/install/dwb_critics/share/dwb_critics/local_setup.bash
[0.311s] -- Up-to-date symlink: /home/user/ros2_ws/install/dwb_critics/share/dwb_critics/local_setup.sh
[0.311s] -- Up-to-date symlink: /home/user/ros2_ws/install/dwb_critics/share/dwb_critics/local_setup.zsh
[0.311s] -- Up-to-date symlink: /home/user/ros2_ws/install/dwb_critics/share/dwb_critics/local_setup.dsv
[0.311s] -- Symlinking: /home/user/ros2_ws/install/dwb_critics/share/dwb_critics/package.dsv
[0.317s] -- Up-to-date symlink: /home/user/ros2_ws/install/dwb_critics/share/ament_index/resource_index/packages/dwb_critics
[0.317s] -- Up-to-date symlink: /home/user/ros2_ws/install/dwb_critics/share/ament_index/resource_index/dwb_core__pluginlib__plugin/dwb_critics
[0.317s] -- Up-to-date symlink: /home/user/ros2_ws/install/dwb_critics/share/dwb_critics/cmake/ament_cmake_export_include_directories-extras.cmake
[0.317s] -- Up-to-date symlink: /home/user/ros2_ws/install/dwb_critics/share/dwb_critics/cmake/ament_cmake_export_libraries-extras.cmake
[0.317s] -- Up-to-date symlink: /home/user/ros2_ws/install/dwb_critics/share/dwb_critics/cmake/ament_cmake_export_dependencies-extras.cmake
[0.317s] -- Up-to-date symlink: /home/user/ros2_ws/install/dwb_critics/share/dwb_critics/cmake/dwb_criticsConfig.cmake
[0.317s] -- Up-to-date symlink: /home/user/ros2_ws/install/dwb_critics/share/dwb_critics/cmake/dwb_criticsConfig-version.cmake
[0.317s] -- Up-to-date symlink: /home/user/ros2_ws/install/dwb_critics/share/dwb_critics/package.xml
[0.319s] Invoked command in '/home/user/ros2_ws/build/dwb_critics' returned '0': AMENT_PREFIX_PATH=/home/user/ros2_ws/install/dwb_core:/home/user/ros2_ws/install/nav2_core:/home/user/ros2_ws/install/costmap_queue:/home/user/ros2_ws/install/nav2_costmap_2d:/home/user/ros2_ws/install/nav_2d_utils:/home/user/ros2_ws/install/nav2_util:/home/user/ros2_ws/install/nav2_voxel_grid:/home/user/ros2_ws/install/nav2_msgs:/home/user/ros2_ws/install/dwb_msgs:/home/user/ros2_ws/install/nav_2d_msgs:/home/user/ros2_ws/install/nav2_common:${AMENT_PREFIX_PATH} CMAKE_PREFIX_PATH=/home/user/ros2_ws/install/dwb_core:/home/user/ros2_ws/install/nav2_core:/home/user/ros2_ws/install/costmap_queue:/home/user/ros2_ws/install/nav2_costmap_2d:/home/user/ros2_ws/install/nav_2d_utils:/home/user/ros2_ws/install/nav2_util:/home/user/ros2_ws/install/nav2_voxel_grid:/home/user/ros2_ws/install/nav2_msgs:/home/user/ros2_ws/install/dwb_msgs:/home/user/ros2_ws/install/nav_2d_msgs:/home/user/ros2_ws/install/nav2_common:/home/user/ros2_ws/install/slam_toolbox:/home/user/ros2_ws/install/slam_gmapping:/home/user/ros2_ws/install/serial:/home/user/ros2_ws/install/imu_tools:/home/user/ros2_ws/install/rviz_imu_plugin:/home/user/ros2_ws/install/rtabmap_ros:/home/user/ros2_ws/install/rtabmap_launch:/home/user/ros2_ws/install/rtabmap_examples:/home/user/ros2_ws/install/rtabmap_demos:/home/user/ros2_ws/install/rtabmap_viz:/home/user/ros2_ws/install/rtabmap_slam:/home/user/ros2_ws/install/rtabmap_odom:/home/user/ros2_ws/install/rtabmap_util:/home/user/ros2_ws/install/rtabmap_sync:/home/user/ros2_ws/install/rtabmap_rviz_plugins:/home/user/ros2_ws/install/rtabmap_conversions:/home/user/ros2_ws/install/rtabmap_python:/opt/ros/humble:/home/user/ros2_ws/install/rtabmap_msgs:/home/user/ros2_ws/install/rtabmap:/home/user/ros2_ws/install/roboteq_ros2_driver:/home/user/ros2_ws/install/realsense2_description:/home/user/ros2_ws/install/realsense2_camera:/home/user/ros2_ws/install/realsense2_camera_msgs:/home/user/ros2_ws/install/openslam_gmapping:/home/user/ros2_ws/install/lslidar_driver:/home/user/ros2_ws/install/lslidar_msgs:/home/user/ros2_ws/install/imu_filter_madgwick:/home/user/ros2_ws/install/imu_complementary_filter:/home/user/ros2_ws/install/amr_bot LD_LIBRARY_PATH=/home/user/ros2_ws/install/dwb_core/lib:/home/user/ros2_ws/install/costmap_queue/lib:/home/user/ros2_ws/install/nav2_costmap_2d/lib:/home/user/ros2_ws/install/nav_2d_utils/lib:/home/user/ros2_ws/install/nav2_util/lib:/home/user/ros2_ws/install/nav2_voxel_grid/lib:/home/user/ros2_ws/install/nav2_msgs/lib:/home/user/ros2_ws/install/dwb_msgs/lib:/home/user/ros2_ws/install/nav_2d_msgs/lib:${LD_LIBRARY_PATH} PYTHONPATH=/home/user/ros2_ws/install/nav2_msgs/local/lib/python3.10/dist-packages:/home/user/ros2_ws/install/dwb_msgs/local/lib/python3.10/dist-packages:/home/user/ros2_ws/install/nav_2d_msgs/local/lib/python3.10/dist-packages:/home/user/ros2_ws/install/nav2_common/local/lib/python3.10/dist-packages:${PYTHONPATH} /usr/bin/cmake --install /home/user/ros2_ws/build/dwb_critics
