[0.036s] Invoking command in '/home/user/ros2_ws/build/openslam_gmapping': CMAKE_PREFIX_PATH=/home/user/dev_ws/src/install/ros2_laser_scan_matcher:/home/user/dev_ws/src/install/roboteq_ros2_driver:/home/user/dev_ws/src/install/realsense2_description:/home/user/dev_ws/src/install/realsense2_camera:/home/user/dev_ws/src/install/realsense2_camera_msgs:/home/user/dev_ws/src/install/lslidar_driver:/home/user/dev_ws/src/install/lslidar_msgs:/home/user/dev_ws/src/install/lidar_odometry:/home/user/dev_ws/src/install/csm:/home/user/dev_ws/src/install/amr_bot:/home/user/ros2_ws/install/slam_gmapping:/home/user/ros2_ws/install/serial:/home/user/ros2_ws/install/rtabmap_ros:/home/user/ros2_ws/install/rtabmap_launch:/home/user/ros2_ws/install/rtabmap_examples:/home/user/ros2_ws/install/rtabmap_demos:/home/user/ros2_ws/install/rtabmap_viz:/home/user/ros2_ws/install/rtabmap_slam:/home/user/ros2_ws/install/rtabmap_odom:/home/user/ros2_ws/install/rtabmap_util:/home/user/ros2_ws/install/rtabmap_sync:/home/user/ros2_ws/install/rtabmap_rviz_plugins:/home/user/ros2_ws/install/rtabmap_conversions:/home/user/ros2_ws/install/rtabmap_python:/opt/ros/humble:/home/user/ros2_ws/install/rtabmap_msgs:/home/user/ros2_ws/install/rtabmap:/home/user/ros2_ws/install/roboteq_ros2_driver:/home/user/ros2_ws/install/realsense2_description:/home/user/ros2_ws/install/realsense2_camera:/home/user/ros2_ws/install/realsense2_camera_msgs:/home/user/ros2_ws/install/openslam_gmapping:/home/user/ros2_ws/install/lslidar_driver:/home/user/ros2_ws/install/lslidar_msgs:/home/user/ros2_ws/install/amr_bot /usr/bin/cmake /home/user/ros2_ws/src/slam_gmapping/openslam_gmapping -DCMAKE_BUILD_TYPE=Release -DAMENT_CMAKE_SYMLINK_INSTALL=1 -DCMAKE_INSTALL_PREFIX=/home/user/ros2_ws/install/openslam_gmapping
[0.044s] -- Found ament_cmake: 1.3.7 (/opt/ros/humble/share/ament_cmake/cmake)
[0.128s] -- Override CMake install command with custom implementation using symlinks instead of copying resources
[0.175s] -- Configuring done
[0.188s] -- Generating done
[0.189s] -- Build files have been written to: /home/user/ros2_ws/build/openslam_gmapping
[0.192s] Invoked command in '/home/user/ros2_ws/build/openslam_gmapping' returned '0': CMAKE_PREFIX_PATH=/home/user/dev_ws/src/install/ros2_laser_scan_matcher:/home/user/dev_ws/src/install/roboteq_ros2_driver:/home/user/dev_ws/src/install/realsense2_description:/home/user/dev_ws/src/install/realsense2_camera:/home/user/dev_ws/src/install/realsense2_camera_msgs:/home/user/dev_ws/src/install/lslidar_driver:/home/user/dev_ws/src/install/lslidar_msgs:/home/user/dev_ws/src/install/lidar_odometry:/home/user/dev_ws/src/install/csm:/home/user/dev_ws/src/install/amr_bot:/home/user/ros2_ws/install/slam_gmapping:/home/user/ros2_ws/install/serial:/home/user/ros2_ws/install/rtabmap_ros:/home/user/ros2_ws/install/rtabmap_launch:/home/user/ros2_ws/install/rtabmap_examples:/home/user/ros2_ws/install/rtabmap_demos:/home/user/ros2_ws/install/rtabmap_viz:/home/user/ros2_ws/install/rtabmap_slam:/home/user/ros2_ws/install/rtabmap_odom:/home/user/ros2_ws/install/rtabmap_util:/home/user/ros2_ws/install/rtabmap_sync:/home/user/ros2_ws/install/rtabmap_rviz_plugins:/home/user/ros2_ws/install/rtabmap_conversions:/home/user/ros2_ws/install/rtabmap_python:/opt/ros/humble:/home/user/ros2_ws/install/rtabmap_msgs:/home/user/ros2_ws/install/rtabmap:/home/user/ros2_ws/install/roboteq_ros2_driver:/home/user/ros2_ws/install/realsense2_description:/home/user/ros2_ws/install/realsense2_camera:/home/user/ros2_ws/install/realsense2_camera_msgs:/home/user/ros2_ws/install/openslam_gmapping:/home/user/ros2_ws/install/lslidar_driver:/home/user/ros2_ws/install/lslidar_msgs:/home/user/ros2_ws/install/amr_bot /usr/bin/cmake /home/user/ros2_ws/src/slam_gmapping/openslam_gmapping -DCMAKE_BUILD_TYPE=Release -DAMENT_CMAKE_SYMLINK_INSTALL=1 -DCMAKE_INSTALL_PREFIX=/home/user/ros2_ws/install/openslam_gmapping
[0.192s] Invoking command in '/home/user/ros2_ws/build/openslam_gmapping': CMAKE_PREFIX_PATH=/home/user/dev_ws/src/install/ros2_laser_scan_matcher:/home/user/dev_ws/src/install/roboteq_ros2_driver:/home/user/dev_ws/src/install/realsense2_description:/home/user/dev_ws/src/install/realsense2_camera:/home/user/dev_ws/src/install/realsense2_camera_msgs:/home/user/dev_ws/src/install/lslidar_driver:/home/user/dev_ws/src/install/lslidar_msgs:/home/user/dev_ws/src/install/lidar_odometry:/home/user/dev_ws/src/install/csm:/home/user/dev_ws/src/install/amr_bot:/home/user/ros2_ws/install/slam_gmapping:/home/user/ros2_ws/install/serial:/home/user/ros2_ws/install/rtabmap_ros:/home/user/ros2_ws/install/rtabmap_launch:/home/user/ros2_ws/install/rtabmap_examples:/home/user/ros2_ws/install/rtabmap_demos:/home/user/ros2_ws/install/rtabmap_viz:/home/user/ros2_ws/install/rtabmap_slam:/home/user/ros2_ws/install/rtabmap_odom:/home/user/ros2_ws/install/rtabmap_util:/home/user/ros2_ws/install/rtabmap_sync:/home/user/ros2_ws/install/rtabmap_rviz_plugins:/home/user/ros2_ws/install/rtabmap_conversions:/home/user/ros2_ws/install/rtabmap_python:/opt/ros/humble:/home/user/ros2_ws/install/rtabmap_msgs:/home/user/ros2_ws/install/rtabmap:/home/user/ros2_ws/install/roboteq_ros2_driver:/home/user/ros2_ws/install/realsense2_description:/home/user/ros2_ws/install/realsense2_camera:/home/user/ros2_ws/install/realsense2_camera_msgs:/home/user/ros2_ws/install/openslam_gmapping:/home/user/ros2_ws/install/lslidar_driver:/home/user/ros2_ws/install/lslidar_msgs:/home/user/ros2_ws/install/amr_bot /usr/bin/cmake --build /home/user/ros2_ws/build/openslam_gmapping
[0.217s] [35m[1mConsolidate compiler generated dependencies of target utils[0m
[0.225s] [ 13%] Built target utils
[0.232s] [35m[1mConsolidate compiler generated dependencies of target sensor_base[0m
[0.241s] [ 27%] Built target sensor_base
[0.248s] [35m[1mConsolidate compiler generated dependencies of target sensor_range[0m
[0.258s] [ 40%] Built target sensor_range
[0.267s] [35m[1mConsolidate compiler generated dependencies of target scanmatcher[0m
[0.276s] [ 63%] Built target scanmatcher
[0.286s] [35m[1mConsolidate compiler generated dependencies of target gridfastslam[0m
[0.297s] [ 86%] Built target gridfastslam
[0.305s] [35m[1mConsolidate compiler generated dependencies of target sensor_odometry[0m
[0.314s] [100%] Built target sensor_odometry
[0.322s] Invoked command in '/home/user/ros2_ws/build/openslam_gmapping' returned '0': CMAKE_PREFIX_PATH=/home/user/dev_ws/src/install/ros2_laser_scan_matcher:/home/user/dev_ws/src/install/roboteq_ros2_driver:/home/user/dev_ws/src/install/realsense2_description:/home/user/dev_ws/src/install/realsense2_camera:/home/user/dev_ws/src/install/realsense2_camera_msgs:/home/user/dev_ws/src/install/lslidar_driver:/home/user/dev_ws/src/install/lslidar_msgs:/home/user/dev_ws/src/install/lidar_odometry:/home/user/dev_ws/src/install/csm:/home/user/dev_ws/src/install/amr_bot:/home/user/ros2_ws/install/slam_gmapping:/home/user/ros2_ws/install/serial:/home/user/ros2_ws/install/rtabmap_ros:/home/user/ros2_ws/install/rtabmap_launch:/home/user/ros2_ws/install/rtabmap_examples:/home/user/ros2_ws/install/rtabmap_demos:/home/user/ros2_ws/install/rtabmap_viz:/home/user/ros2_ws/install/rtabmap_slam:/home/user/ros2_ws/install/rtabmap_odom:/home/user/ros2_ws/install/rtabmap_util:/home/user/ros2_ws/install/rtabmap_sync:/home/user/ros2_ws/install/rtabmap_rviz_plugins:/home/user/ros2_ws/install/rtabmap_conversions:/home/user/ros2_ws/install/rtabmap_python:/opt/ros/humble:/home/user/ros2_ws/install/rtabmap_msgs:/home/user/ros2_ws/install/rtabmap:/home/user/ros2_ws/install/roboteq_ros2_driver:/home/user/ros2_ws/install/realsense2_description:/home/user/ros2_ws/install/realsense2_camera:/home/user/ros2_ws/install/realsense2_camera_msgs:/home/user/ros2_ws/install/openslam_gmapping:/home/user/ros2_ws/install/lslidar_driver:/home/user/ros2_ws/install/lslidar_msgs:/home/user/ros2_ws/install/amr_bot /usr/bin/cmake --build /home/user/ros2_ws/build/openslam_gmapping
[0.342s] Invoking command in '/home/user/ros2_ws/build/openslam_gmapping': CMAKE_PREFIX_PATH=/home/user/dev_ws/src/install/ros2_laser_scan_matcher:/home/user/dev_ws/src/install/roboteq_ros2_driver:/home/user/dev_ws/src/install/realsense2_description:/home/user/dev_ws/src/install/realsense2_camera:/home/user/dev_ws/src/install/realsense2_camera_msgs:/home/user/dev_ws/src/install/lslidar_driver:/home/user/dev_ws/src/install/lslidar_msgs:/home/user/dev_ws/src/install/lidar_odometry:/home/user/dev_ws/src/install/csm:/home/user/dev_ws/src/install/amr_bot:/home/user/ros2_ws/install/slam_gmapping:/home/user/ros2_ws/install/serial:/home/user/ros2_ws/install/rtabmap_ros:/home/user/ros2_ws/install/rtabmap_launch:/home/user/ros2_ws/install/rtabmap_examples:/home/user/ros2_ws/install/rtabmap_demos:/home/user/ros2_ws/install/rtabmap_viz:/home/user/ros2_ws/install/rtabmap_slam:/home/user/ros2_ws/install/rtabmap_odom:/home/user/ros2_ws/install/rtabmap_util:/home/user/ros2_ws/install/rtabmap_sync:/home/user/ros2_ws/install/rtabmap_rviz_plugins:/home/user/ros2_ws/install/rtabmap_conversions:/home/user/ros2_ws/install/rtabmap_python:/opt/ros/humble:/home/user/ros2_ws/install/rtabmap_msgs:/home/user/ros2_ws/install/rtabmap:/home/user/ros2_ws/install/roboteq_ros2_driver:/home/user/ros2_ws/install/realsense2_description:/home/user/ros2_ws/install/realsense2_camera:/home/user/ros2_ws/install/realsense2_camera_msgs:/home/user/ros2_ws/install/openslam_gmapping:/home/user/ros2_ws/install/lslidar_driver:/home/user/ros2_ws/install/lslidar_msgs:/home/user/ros2_ws/install/amr_bot /usr/bin/cmake --install /home/user/ros2_ws/build/openslam_gmapping
[0.347s] -- Install configuration: "Release"
[0.348s] -- Execute custom install script
[0.348s] -- Up-to-date symlink: /home/user/ros2_ws/install/openslam_gmapping/lib/libgridfastslam.a
[0.348s] -- Up-to-date symlink: /home/user/ros2_ws/install/openslam_gmapping/lib/libscanmatcher.a
[0.348s] -- Up-to-date symlink: /home/user/ros2_ws/install/openslam_gmapping/lib/libsensor_base.a
[0.348s] -- Up-to-date symlink: /home/user/ros2_ws/install/openslam_gmapping/share/openslam_gmapping/environment/library_path.sh
[0.348s] -- Up-to-date symlink: /home/user/ros2_ws/install/openslam_gmapping/share/openslam_gmapping/environment/library_path.dsv
[0.348s] -- Up-to-date symlink: /home/user/ros2_ws/install/openslam_gmapping/share/openslam_gmapping/environment/library_path.sh
[0.348s] -- Up-to-date symlink: /home/user/ros2_ws/install/openslam_gmapping/share/openslam_gmapping/environment/library_path.dsv
[0.348s] -- Up-to-date symlink: /home/user/ros2_ws/install/openslam_gmapping/lib/libsensor_odometry.a
[0.348s] -- Up-to-date symlink: /home/user/ros2_ws/install/openslam_gmapping/lib/libsensor_range.a
[0.349s] -- Up-to-date symlink: /home/user/ros2_ws/install/openslam_gmapping/lib/libutils.a
[0.349s] -- Up-to-date symlink: /home/user/ros2_ws/install/openslam_gmapping/share/openslam_gmapping/environment/library_path.sh
[0.349s] -- Up-to-date symlink: /home/user/ros2_ws/install/openslam_gmapping/share/openslam_gmapping/environment/library_path.dsv
[0.349s] -- Up-to-date symlink: /home/user/ros2_ws/install/openslam_gmapping/share/openslam_gmapping/environment/library_path.sh
[0.349s] -- Up-to-date symlink: /home/user/ros2_ws/install/openslam_gmapping/share/openslam_gmapping/environment/library_path.dsv
[0.349s] -- Up-to-date symlink: /home/user/ros2_ws/install/openslam_gmapping/include//gmapping/grid/accessstate.h
[0.349s] -- Up-to-date symlink: /home/user/ros2_ws/install/openslam_gmapping/include//gmapping/grid/array2d.h
[0.349s] -- Up-to-date symlink: /home/user/ros2_ws/install/openslam_gmapping/include//gmapping/grid/harray2d.h
[0.349s] -- Up-to-date symlink: /home/user/ros2_ws/install/openslam_gmapping/include//gmapping/grid/map.h
[0.349s] -- Up-to-date symlink: /home/user/ros2_ws/install/openslam_gmapping/include//gmapping/gridfastslam/gridslamprocessor.h
[0.349s] -- Up-to-date symlink: /home/user/ros2_ws/install/openslam_gmapping/include//gmapping/gridfastslam/gridslamprocessor.hxx
[0.349s] -- Up-to-date symlink: /home/user/ros2_ws/install/openslam_gmapping/include//gmapping/gridfastslam/motionmodel.h
[0.349s] -- Up-to-date symlink: /home/user/ros2_ws/install/openslam_gmapping/include//gmapping/log/configuration.h
[0.349s] -- Up-to-date symlink: /home/user/ros2_ws/install/openslam_gmapping/include//gmapping/log/sensorlog.h
[0.350s] -- Up-to-date symlink: /home/user/ros2_ws/install/openslam_gmapping/include//gmapping/particlefilter/particlefilter.h
[0.350s] -- Up-to-date symlink: /home/user/ros2_ws/install/openslam_gmapping/include//gmapping/scanmatcher/icp.h
[0.350s] -- Up-to-date symlink: /home/user/ros2_ws/install/openslam_gmapping/include//gmapping/scanmatcher/scanmatcher.h
[0.350s] -- Up-to-date symlink: /home/user/ros2_ws/install/openslam_gmapping/include//gmapping/scanmatcher/smmap.h
[0.350s] -- Up-to-date symlink: /home/user/ros2_ws/install/openslam_gmapping/include//gmapping/sensor/sensor_base/sensor.h
[0.350s] -- Up-to-date symlink: /home/user/ros2_ws/install/openslam_gmapping/include//gmapping/sensor/sensor_base/sensorreading.h
[0.350s] -- Up-to-date symlink: /home/user/ros2_ws/install/openslam_gmapping/include//gmapping/sensor/sensor_odometry/odometryreading.h
[0.350s] -- Up-to-date symlink: /home/user/ros2_ws/install/openslam_gmapping/include//gmapping/sensor/sensor_odometry/odometrysensor.h
[0.350s] -- Up-to-date symlink: /home/user/ros2_ws/install/openslam_gmapping/include//gmapping/sensor/sensor_range/rangereading.h
[0.350s] -- Up-to-date symlink: /home/user/ros2_ws/install/openslam_gmapping/include//gmapping/sensor/sensor_range/rangesensor.h
[0.350s] -- Up-to-date symlink: /home/user/ros2_ws/install/openslam_gmapping/include//gmapping/utils/autoptr.h
[0.350s] -- Up-to-date symlink: /home/user/ros2_ws/install/openslam_gmapping/include//gmapping/utils/commandline.h
[0.350s] -- Up-to-date symlink: /home/user/ros2_ws/install/openslam_gmapping/include//gmapping/utils/gvalues.h
[0.350s] -- Up-to-date symlink: /home/user/ros2_ws/install/openslam_gmapping/include//gmapping/utils/macro_params.h
[0.350s] -- Up-to-date symlink: /home/user/ros2_ws/install/openslam_gmapping/include//gmapping/utils/point.h
[0.350s] -- Up-to-date symlink: /home/user/ros2_ws/install/openslam_gmapping/include//gmapping/utils/stat.h
[0.350s] -- Up-to-date symlink: /home/user/ros2_ws/install/openslam_gmapping/share/ament_index/resource_index/package_run_dependencies/openslam_gmapping
[0.350s] -- Up-to-date symlink: /home/user/ros2_ws/install/openslam_gmapping/share/ament_index/resource_index/parent_prefix_path/openslam_gmapping
[0.350s] -- Up-to-date symlink: /home/user/ros2_ws/install/openslam_gmapping/share/openslam_gmapping/environment/ament_prefix_path.sh
[0.350s] -- Up-to-date symlink: /home/user/ros2_ws/install/openslam_gmapping/share/openslam_gmapping/environment/ament_prefix_path.dsv
[0.351s] -- Up-to-date symlink: /home/user/ros2_ws/install/openslam_gmapping/share/openslam_gmapping/environment/path.sh
[0.351s] -- Up-to-date symlink: /home/user/ros2_ws/install/openslam_gmapping/share/openslam_gmapping/environment/path.dsv
[0.351s] -- Up-to-date symlink: /home/user/ros2_ws/install/openslam_gmapping/share/openslam_gmapping/local_setup.bash
[0.351s] -- Up-to-date symlink: /home/user/ros2_ws/install/openslam_gmapping/share/openslam_gmapping/local_setup.sh
[0.351s] -- Up-to-date symlink: /home/user/ros2_ws/install/openslam_gmapping/share/openslam_gmapping/local_setup.zsh
[0.351s] -- Up-to-date symlink: /home/user/ros2_ws/install/openslam_gmapping/share/openslam_gmapping/local_setup.dsv
[0.351s] -- Symlinking: /home/user/ros2_ws/install/openslam_gmapping/share/openslam_gmapping/package.dsv
[0.357s] -- Up-to-date symlink: /home/user/ros2_ws/install/openslam_gmapping/share/ament_index/resource_index/packages/openslam_gmapping
[0.358s] -- Up-to-date symlink: /home/user/ros2_ws/install/openslam_gmapping/share/openslam_gmapping/cmake/ament_cmake_export_libraries-extras.cmake
[0.358s] -- Up-to-date symlink: /home/user/ros2_ws/install/openslam_gmapping/share/openslam_gmapping/cmake/ament_cmake_export_include_directories-extras.cmake
[0.358s] -- Up-to-date symlink: /home/user/ros2_ws/install/openslam_gmapping/share/openslam_gmapping/cmake/openslam_gmappingConfig.cmake
[0.358s] -- Up-to-date symlink: /home/user/ros2_ws/install/openslam_gmapping/share/openslam_gmapping/cmake/openslam_gmappingConfig-version.cmake
[0.358s] -- Up-to-date symlink: /home/user/ros2_ws/install/openslam_gmapping/share/openslam_gmapping/package.xml
[0.359s] Invoked command in '/home/user/ros2_ws/build/openslam_gmapping' returned '0': CMAKE_PREFIX_PATH=/home/user/dev_ws/src/install/ros2_laser_scan_matcher:/home/user/dev_ws/src/install/roboteq_ros2_driver:/home/user/dev_ws/src/install/realsense2_description:/home/user/dev_ws/src/install/realsense2_camera:/home/user/dev_ws/src/install/realsense2_camera_msgs:/home/user/dev_ws/src/install/lslidar_driver:/home/user/dev_ws/src/install/lslidar_msgs:/home/user/dev_ws/src/install/lidar_odometry:/home/user/dev_ws/src/install/csm:/home/user/dev_ws/src/install/amr_bot:/home/user/ros2_ws/install/slam_gmapping:/home/user/ros2_ws/install/serial:/home/user/ros2_ws/install/rtabmap_ros:/home/user/ros2_ws/install/rtabmap_launch:/home/user/ros2_ws/install/rtabmap_examples:/home/user/ros2_ws/install/rtabmap_demos:/home/user/ros2_ws/install/rtabmap_viz:/home/user/ros2_ws/install/rtabmap_slam:/home/user/ros2_ws/install/rtabmap_odom:/home/user/ros2_ws/install/rtabmap_util:/home/user/ros2_ws/install/rtabmap_sync:/home/user/ros2_ws/install/rtabmap_rviz_plugins:/home/user/ros2_ws/install/rtabmap_conversions:/home/user/ros2_ws/install/rtabmap_python:/opt/ros/humble:/home/user/ros2_ws/install/rtabmap_msgs:/home/user/ros2_ws/install/rtabmap:/home/user/ros2_ws/install/roboteq_ros2_driver:/home/user/ros2_ws/install/realsense2_description:/home/user/ros2_ws/install/realsense2_camera:/home/user/ros2_ws/install/realsense2_camera_msgs:/home/user/ros2_ws/install/openslam_gmapping:/home/user/ros2_ws/install/lslidar_driver:/home/user/ros2_ws/install/lslidar_msgs:/home/user/ros2_ws/install/amr_bot /usr/bin/cmake --install /home/user/ros2_ws/build/openslam_gmapping
