[0.038s] Invoking command in '/home/user/ros2_ws/build/nav2_waypoint_follower': AMENT_PREFIX_PATH=/home/user/ros2_ws/install/nav2_core:/home/user/ros2_ws/install/nav2_costmap_2d:/home/user/ros2_ws/install/nav2_util:/home/user/ros2_ws/install/nav2_voxel_grid:/home/user/ros2_ws/install/nav2_msgs:/home/user/ros2_ws/install/nav2_common:${AMENT_PREFIX_PATH} CMAKE_PREFIX_PATH=/home/user/ros2_ws/install/nav2_core:/home/user/ros2_ws/install/nav2_costmap_2d:/home/user/ros2_ws/install/nav2_util:/home/user/ros2_ws/install/nav2_voxel_grid:/home/user/ros2_ws/install/nav2_msgs:/home/user/ros2_ws/install/nav2_common:/home/user/ros2_ws/install/slam_toolbox:/home/user/ros2_ws/install/slam_gmapping:/home/user/ros2_ws/install/serial:/home/user/ros2_ws/install/imu_tools:/home/user/ros2_ws/install/rviz_imu_plugin:/home/user/ros2_ws/install/rtabmap_ros:/home/user/ros2_ws/install/rtabmap_launch:/home/user/ros2_ws/install/rtabmap_examples:/home/user/ros2_ws/install/rtabmap_demos:/home/user/ros2_ws/install/rtabmap_viz:/home/user/ros2_ws/install/rtabmap_slam:/home/user/ros2_ws/install/rtabmap_odom:/home/user/ros2_ws/install/rtabmap_util:/home/user/ros2_ws/install/rtabmap_sync:/home/user/ros2_ws/install/rtabmap_rviz_plugins:/home/user/ros2_ws/install/rtabmap_conversions:/home/user/ros2_ws/install/rtabmap_python:/opt/ros/humble:/home/user/ros2_ws/install/rtabmap_msgs:/home/user/ros2_ws/install/rtabmap:/home/user/ros2_ws/install/roboteq_ros2_driver:/home/user/ros2_ws/install/realsense2_description:/home/user/ros2_ws/install/realsense2_camera:/home/user/ros2_ws/install/realsense2_camera_msgs:/home/user/ros2_ws/install/openslam_gmapping:/home/user/ros2_ws/install/lslidar_driver:/home/user/ros2_ws/install/lslidar_msgs:/home/user/ros2_ws/install/imu_filter_madgwick:/home/user/ros2_ws/install/imu_complementary_filter:/home/user/ros2_ws/install/amr_bot LD_LIBRARY_PATH=/home/user/ros2_ws/install/nav2_costmap_2d/lib:/home/user/ros2_ws/install/nav2_util/lib:/home/user/ros2_ws/install/nav2_voxel_grid/lib:/home/user/ros2_ws/install/nav2_msgs/lib:${LD_LIBRARY_PATH} PYTHONPATH=/home/user/ros2_ws/install/nav2_msgs/local/lib/python3.10/dist-packages:/home/user/ros2_ws/install/nav2_common/local/lib/python3.10/dist-packages:${PYTHONPATH} /usr/bin/cmake --build /home/user/ros2_ws/build/nav2_waypoint_follower
[0.068s] [35m[1mConsolidate compiler generated dependencies of target waypoint_follower_core[0m
[0.081s] [ 11%] Built target waypoint_follower_core
[0.089s] [35m[1mConsolidate compiler generated dependencies of target waypoint_follower[0m
[0.103s] [ 22%] Built target waypoint_follower
[0.112s] [35m[1mConsolidate compiler generated dependencies of target wait_at_waypoint[0m
[0.125s] [ 33%] Built target wait_at_waypoint
[0.132s] [35m[1mConsolidate compiler generated dependencies of target photo_at_waypoint[0m
[0.144s] [ 44%] Built target photo_at_waypoint
[0.152s] [35m[1mConsolidate compiler generated dependencies of target input_at_waypoint[0m
[0.164s] [ 55%] Built target input_at_waypoint
[0.172s] [35m[1mConsolidate compiler generated dependencies of target gtest[0m
[0.182s] [ 66%] Built target gtest
[0.189s] [35m[1mConsolidate compiler generated dependencies of target gtest_main[0m
[0.197s] [ 77%] Built target gtest_main
[0.205s] [35m[1mConsolidate compiler generated dependencies of target test_task_executors[0m
[0.217s] [ 88%] Built target test_task_executors
[0.225s] [35m[1mConsolidate compiler generated dependencies of target test_dynamic_parameters[0m
[0.237s] [100%] Built target test_dynamic_parameters
[0.245s] Invoked command in '/home/user/ros2_ws/build/nav2_waypoint_follower' returned '0': AMENT_PREFIX_PATH=/home/user/ros2_ws/install/nav2_core:/home/user/ros2_ws/install/nav2_costmap_2d:/home/user/ros2_ws/install/nav2_util:/home/user/ros2_ws/install/nav2_voxel_grid:/home/user/ros2_ws/install/nav2_msgs:/home/user/ros2_ws/install/nav2_common:${AMENT_PREFIX_PATH} CMAKE_PREFIX_PATH=/home/user/ros2_ws/install/nav2_core:/home/user/ros2_ws/install/nav2_costmap_2d:/home/user/ros2_ws/install/nav2_util:/home/user/ros2_ws/install/nav2_voxel_grid:/home/user/ros2_ws/install/nav2_msgs:/home/user/ros2_ws/install/nav2_common:/home/user/ros2_ws/install/slam_toolbox:/home/user/ros2_ws/install/slam_gmapping:/home/user/ros2_ws/install/serial:/home/user/ros2_ws/install/imu_tools:/home/user/ros2_ws/install/rviz_imu_plugin:/home/user/ros2_ws/install/rtabmap_ros:/home/user/ros2_ws/install/rtabmap_launch:/home/user/ros2_ws/install/rtabmap_examples:/home/user/ros2_ws/install/rtabmap_demos:/home/user/ros2_ws/install/rtabmap_viz:/home/user/ros2_ws/install/rtabmap_slam:/home/user/ros2_ws/install/rtabmap_odom:/home/user/ros2_ws/install/rtabmap_util:/home/user/ros2_ws/install/rtabmap_sync:/home/user/ros2_ws/install/rtabmap_rviz_plugins:/home/user/ros2_ws/install/rtabmap_conversions:/home/user/ros2_ws/install/rtabmap_python:/opt/ros/humble:/home/user/ros2_ws/install/rtabmap_msgs:/home/user/ros2_ws/install/rtabmap:/home/user/ros2_ws/install/roboteq_ros2_driver:/home/user/ros2_ws/install/realsense2_description:/home/user/ros2_ws/install/realsense2_camera:/home/user/ros2_ws/install/realsense2_camera_msgs:/home/user/ros2_ws/install/openslam_gmapping:/home/user/ros2_ws/install/lslidar_driver:/home/user/ros2_ws/install/lslidar_msgs:/home/user/ros2_ws/install/imu_filter_madgwick:/home/user/ros2_ws/install/imu_complementary_filter:/home/user/ros2_ws/install/amr_bot LD_LIBRARY_PATH=/home/user/ros2_ws/install/nav2_costmap_2d/lib:/home/user/ros2_ws/install/nav2_util/lib:/home/user/ros2_ws/install/nav2_voxel_grid/lib:/home/user/ros2_ws/install/nav2_msgs/lib:${LD_LIBRARY_PATH} PYTHONPATH=/home/user/ros2_ws/install/nav2_msgs/local/lib/python3.10/dist-packages:/home/user/ros2_ws/install/nav2_common/local/lib/python3.10/dist-packages:${PYTHONPATH} /usr/bin/cmake --build /home/user/ros2_ws/build/nav2_waypoint_follower
[0.278s] Invoking command in '/home/user/ros2_ws/build/nav2_waypoint_follower': AMENT_PREFIX_PATH=/home/user/ros2_ws/install/nav2_core:/home/user/ros2_ws/install/nav2_costmap_2d:/home/user/ros2_ws/install/nav2_util:/home/user/ros2_ws/install/nav2_voxel_grid:/home/user/ros2_ws/install/nav2_msgs:/home/user/ros2_ws/install/nav2_common:${AMENT_PREFIX_PATH} CMAKE_PREFIX_PATH=/home/user/ros2_ws/install/nav2_core:/home/user/ros2_ws/install/nav2_costmap_2d:/home/user/ros2_ws/install/nav2_util:/home/user/ros2_ws/install/nav2_voxel_grid:/home/user/ros2_ws/install/nav2_msgs:/home/user/ros2_ws/install/nav2_common:/home/user/ros2_ws/install/slam_toolbox:/home/user/ros2_ws/install/slam_gmapping:/home/user/ros2_ws/install/serial:/home/user/ros2_ws/install/imu_tools:/home/user/ros2_ws/install/rviz_imu_plugin:/home/user/ros2_ws/install/rtabmap_ros:/home/user/ros2_ws/install/rtabmap_launch:/home/user/ros2_ws/install/rtabmap_examples:/home/user/ros2_ws/install/rtabmap_demos:/home/user/ros2_ws/install/rtabmap_viz:/home/user/ros2_ws/install/rtabmap_slam:/home/user/ros2_ws/install/rtabmap_odom:/home/user/ros2_ws/install/rtabmap_util:/home/user/ros2_ws/install/rtabmap_sync:/home/user/ros2_ws/install/rtabmap_rviz_plugins:/home/user/ros2_ws/install/rtabmap_conversions:/home/user/ros2_ws/install/rtabmap_python:/opt/ros/humble:/home/user/ros2_ws/install/rtabmap_msgs:/home/user/ros2_ws/install/rtabmap:/home/user/ros2_ws/install/roboteq_ros2_driver:/home/user/ros2_ws/install/realsense2_description:/home/user/ros2_ws/install/realsense2_camera:/home/user/ros2_ws/install/realsense2_camera_msgs:/home/user/ros2_ws/install/openslam_gmapping:/home/user/ros2_ws/install/lslidar_driver:/home/user/ros2_ws/install/lslidar_msgs:/home/user/ros2_ws/install/imu_filter_madgwick:/home/user/ros2_ws/install/imu_complementary_filter:/home/user/ros2_ws/install/amr_bot LD_LIBRARY_PATH=/home/user/ros2_ws/install/nav2_costmap_2d/lib:/home/user/ros2_ws/install/nav2_util/lib:/home/user/ros2_ws/install/nav2_voxel_grid/lib:/home/user/ros2_ws/install/nav2_msgs/lib:${LD_LIBRARY_PATH} PYTHONPATH=/home/user/ros2_ws/install/nav2_msgs/local/lib/python3.10/dist-packages:/home/user/ros2_ws/install/nav2_common/local/lib/python3.10/dist-packages:${PYTHONPATH} /usr/bin/cmake --install /home/user/ros2_ws/build/nav2_waypoint_follower
[0.283s] -- Install configuration: "Release"
[0.283s] -- Execute custom install script
[0.284s] -- Up-to-date symlink: /home/user/ros2_ws/install/nav2_waypoint_follower/lib/libwaypoint_follower_core.so
[0.284s] -- Up-to-date symlink: /home/user/ros2_ws/install/nav2_waypoint_follower/lib/libwait_at_waypoint.so
[0.284s] -- Up-to-date symlink: /home/user/ros2_ws/install/nav2_waypoint_follower/lib/libphoto_at_waypoint.so
[0.284s] -- Up-to-date symlink: /home/user/ros2_ws/install/nav2_waypoint_follower/lib/libinput_at_waypoint.so
[0.284s] -- Up-to-date symlink: /home/user/ros2_ws/install/nav2_waypoint_follower/lib/nav2_waypoint_follower/waypoint_follower
[0.284s] -- Up-to-date symlink: /home/user/ros2_ws/install/nav2_waypoint_follower/include//nav2_waypoint_follower/plugins/input_at_waypoint.hpp
[0.284s] -- Up-to-date symlink: /home/user/ros2_ws/install/nav2_waypoint_follower/include//nav2_waypoint_follower/plugins/photo_at_waypoint.hpp
[0.284s] -- Up-to-date symlink: /home/user/ros2_ws/install/nav2_waypoint_follower/include//nav2_waypoint_follower/plugins/wait_at_waypoint.hpp
[0.284s] -- Up-to-date symlink: /home/user/ros2_ws/install/nav2_waypoint_follower/include//nav2_waypoint_follower/waypoint_follower.hpp
[0.284s] -- Up-to-date symlink: /home/user/ros2_ws/install/nav2_waypoint_follower/share/nav2_waypoint_follower/environment/library_path.sh
[0.284s] -- Up-to-date symlink: /home/user/ros2_ws/install/nav2_waypoint_follower/share/nav2_waypoint_follower/environment/library_path.dsv
[0.284s] -- Up-to-date symlink: /home/user/ros2_ws/install/nav2_waypoint_follower/share/nav2_waypoint_follower//plugins.xml
[0.284s] -- Up-to-date symlink: /home/user/ros2_ws/install/nav2_waypoint_follower/share/ament_index/resource_index/package_run_dependencies/nav2_waypoint_follower
[0.285s] -- Up-to-date symlink: /home/user/ros2_ws/install/nav2_waypoint_follower/share/ament_index/resource_index/parent_prefix_path/nav2_waypoint_follower
[0.285s] -- Up-to-date symlink: /home/user/ros2_ws/install/nav2_waypoint_follower/share/nav2_waypoint_follower/environment/ament_prefix_path.sh
[0.285s] -- Up-to-date symlink: /home/user/ros2_ws/install/nav2_waypoint_follower/share/nav2_waypoint_follower/environment/ament_prefix_path.dsv
[0.285s] -- Up-to-date symlink: /home/user/ros2_ws/install/nav2_waypoint_follower/share/nav2_waypoint_follower/environment/path.sh
[0.285s] -- Up-to-date symlink: /home/user/ros2_ws/install/nav2_waypoint_follower/share/nav2_waypoint_follower/environment/path.dsv
[0.285s] -- Up-to-date symlink: /home/user/ros2_ws/install/nav2_waypoint_follower/share/nav2_waypoint_follower/local_setup.bash
[0.285s] -- Up-to-date symlink: /home/user/ros2_ws/install/nav2_waypoint_follower/share/nav2_waypoint_follower/local_setup.sh
[0.285s] -- Up-to-date symlink: /home/user/ros2_ws/install/nav2_waypoint_follower/share/nav2_waypoint_follower/local_setup.zsh
[0.285s] -- Up-to-date symlink: /home/user/ros2_ws/install/nav2_waypoint_follower/share/nav2_waypoint_follower/local_setup.dsv
[0.285s] -- Symlinking: /home/user/ros2_ws/install/nav2_waypoint_follower/share/nav2_waypoint_follower/package.dsv
[0.291s] -- Up-to-date symlink: /home/user/ros2_ws/install/nav2_waypoint_follower/share/ament_index/resource_index/packages/nav2_waypoint_follower
[0.291s] -- Up-to-date symlink: /home/user/ros2_ws/install/nav2_waypoint_follower/share/ament_index/resource_index/nav2_waypoint_follower__pluginlib__plugin/nav2_waypoint_follower
[0.291s] -- Up-to-date symlink: /home/user/ros2_ws/install/nav2_waypoint_follower/share/ament_index/resource_index/rclcpp_components/nav2_waypoint_follower
[0.291s] -- Up-to-date symlink: /home/user/ros2_ws/install/nav2_waypoint_follower/share/nav2_waypoint_follower/cmake/ament_cmake_export_include_directories-extras.cmake
[0.292s] -- Up-to-date symlink: /home/user/ros2_ws/install/nav2_waypoint_follower/share/nav2_waypoint_follower/cmake/ament_cmake_export_libraries-extras.cmake
[0.292s] -- Up-to-date symlink: /home/user/ros2_ws/install/nav2_waypoint_follower/share/nav2_waypoint_follower/cmake/ament_cmake_export_dependencies-extras.cmake
[0.292s] -- Up-to-date symlink: /home/user/ros2_ws/install/nav2_waypoint_follower/share/nav2_waypoint_follower/cmake/nav2_waypoint_followerConfig.cmake
[0.292s] -- Up-to-date symlink: /home/user/ros2_ws/install/nav2_waypoint_follower/share/nav2_waypoint_follower/cmake/nav2_waypoint_followerConfig-version.cmake
[0.292s] -- Up-to-date symlink: /home/user/ros2_ws/install/nav2_waypoint_follower/share/nav2_waypoint_follower/package.xml
[0.293s] Invoked command in '/home/user/ros2_ws/build/nav2_waypoint_follower' returned '0': AMENT_PREFIX_PATH=/home/user/ros2_ws/install/nav2_core:/home/user/ros2_ws/install/nav2_costmap_2d:/home/user/ros2_ws/install/nav2_util:/home/user/ros2_ws/install/nav2_voxel_grid:/home/user/ros2_ws/install/nav2_msgs:/home/user/ros2_ws/install/nav2_common:${AMENT_PREFIX_PATH} CMAKE_PREFIX_PATH=/home/user/ros2_ws/install/nav2_core:/home/user/ros2_ws/install/nav2_costmap_2d:/home/user/ros2_ws/install/nav2_util:/home/user/ros2_ws/install/nav2_voxel_grid:/home/user/ros2_ws/install/nav2_msgs:/home/user/ros2_ws/install/nav2_common:/home/user/ros2_ws/install/slam_toolbox:/home/user/ros2_ws/install/slam_gmapping:/home/user/ros2_ws/install/serial:/home/user/ros2_ws/install/imu_tools:/home/user/ros2_ws/install/rviz_imu_plugin:/home/user/ros2_ws/install/rtabmap_ros:/home/user/ros2_ws/install/rtabmap_launch:/home/user/ros2_ws/install/rtabmap_examples:/home/user/ros2_ws/install/rtabmap_demos:/home/user/ros2_ws/install/rtabmap_viz:/home/user/ros2_ws/install/rtabmap_slam:/home/user/ros2_ws/install/rtabmap_odom:/home/user/ros2_ws/install/rtabmap_util:/home/user/ros2_ws/install/rtabmap_sync:/home/user/ros2_ws/install/rtabmap_rviz_plugins:/home/user/ros2_ws/install/rtabmap_conversions:/home/user/ros2_ws/install/rtabmap_python:/opt/ros/humble:/home/user/ros2_ws/install/rtabmap_msgs:/home/user/ros2_ws/install/rtabmap:/home/user/ros2_ws/install/roboteq_ros2_driver:/home/user/ros2_ws/install/realsense2_description:/home/user/ros2_ws/install/realsense2_camera:/home/user/ros2_ws/install/realsense2_camera_msgs:/home/user/ros2_ws/install/openslam_gmapping:/home/user/ros2_ws/install/lslidar_driver:/home/user/ros2_ws/install/lslidar_msgs:/home/user/ros2_ws/install/imu_filter_madgwick:/home/user/ros2_ws/install/imu_complementary_filter:/home/user/ros2_ws/install/amr_bot LD_LIBRARY_PATH=/home/user/ros2_ws/install/nav2_costmap_2d/lib:/home/user/ros2_ws/install/nav2_util/lib:/home/user/ros2_ws/install/nav2_voxel_grid/lib:/home/user/ros2_ws/install/nav2_msgs/lib:${LD_LIBRARY_PATH} PYTHONPATH=/home/user/ros2_ws/install/nav2_msgs/local/lib/python3.10/dist-packages:/home/user/ros2_ws/install/nav2_common/local/lib/python3.10/dist-packages:${PYTHONPATH} /usr/bin/cmake --install /home/user/ros2_ws/build/nav2_waypoint_follower
