[0.048s] Invoking command in '/home/user/ros2_ws/build/slam_gmapping': CMAKE_PREFIX_PATH=/home/user/ros2_ws/install/openslam_gmapping:/home/user/dev_ws/src/install/ros2_laser_scan_matcher:/home/user/dev_ws/src/install/roboteq_ros2_driver:/home/user/dev_ws/src/install/realsense2_description:/home/user/dev_ws/src/install/realsense2_camera:/home/user/dev_ws/src/install/realsense2_camera_msgs:/home/user/dev_ws/src/install/lslidar_driver:/home/user/dev_ws/src/install/lslidar_msgs:/home/user/dev_ws/src/install/lidar_odometry:/home/user/dev_ws/src/install/csm:/home/user/dev_ws/src/install/amr_bot:/home/user/ros2_ws/install/slam_gmapping:/home/user/ros2_ws/install/serial:/home/user/ros2_ws/install/rtabmap_ros:/home/user/ros2_ws/install/rtabmap_launch:/home/user/ros2_ws/install/rtabmap_examples:/home/user/ros2_ws/install/rtabmap_demos:/home/user/ros2_ws/install/rtabmap_viz:/home/user/ros2_ws/install/rtabmap_slam:/home/user/ros2_ws/install/rtabmap_odom:/home/user/ros2_ws/install/rtabmap_util:/home/user/ros2_ws/install/rtabmap_sync:/home/user/ros2_ws/install/rtabmap_rviz_plugins:/home/user/ros2_ws/install/rtabmap_conversions:/home/user/ros2_ws/install/rtabmap_python:/opt/ros/humble:/home/user/ros2_ws/install/rtabmap_msgs:/home/user/ros2_ws/install/rtabmap:/home/user/ros2_ws/install/roboteq_ros2_driver:/home/user/ros2_ws/install/realsense2_description:/home/user/ros2_ws/install/realsense2_camera:/home/user/ros2_ws/install/realsense2_camera_msgs:/home/user/ros2_ws/install/lslidar_driver:/home/user/ros2_ws/install/lslidar_msgs:/home/user/ros2_ws/install/amr_bot /usr/bin/cmake /home/user/ros2_ws/src/slam_gmapping/slam_gmapping -DAMENT_CMAKE_SYMLINK_INSTALL=1 -DCMAKE_INSTALL_PREFIX=/home/user/ros2_ws/install/slam_gmapping
[0.057s] [0m -fuse-ld=lld -Wl,--disable-new-dtags[0m
[0.057s] -- Found ament_cmake: 1.3.7 (/opt/ros/humble/share/ament_cmake/cmake)
[0.157s] -- Override CMake install command with custom implementation using symlinks instead of copying resources
[0.160s] -- Found std_msgs: 4.2.3 (/opt/ros/humble/share/std_msgs/cmake)
[0.177s] -- Found rosidl_generator_c: 3.1.5 (/opt/ros/humble/share/rosidl_generator_c/cmake)
[0.179s] -- Found rosidl_adapter: 3.1.5 (/opt/ros/humble/share/rosidl_adapter/cmake)
[0.183s] -- Found rosidl_generator_cpp: 3.1.5 (/opt/ros/humble/share/rosidl_generator_cpp/cmake)
[0.191s] -- Using all available rosidl_typesupport_c: rosidl_typesupport_fastrtps_c;rosidl_typesupport_introspection_c
[0.203s] -- Using all available rosidl_typesupport_cpp: rosidl_typesupport_fastrtps_cpp;rosidl_typesupport_introspection_cpp
[0.239s] -- Found nav_msgs: 4.2.3 (/opt/ros/humble/share/nav_msgs/cmake)
[0.316s] -- Found tf2: 0.25.5 (/opt/ros/humble/share/tf2/cmake)
[0.321s] -- Found tf2_ros: 0.25.5 (/opt/ros/humble/share/tf2_ros/cmake)
[0.384s] -- Found rmw_implementation_cmake: 6.1.1 (/opt/ros/humble/share/rmw_implementation_cmake/cmake)
[0.385s] -- Found rmw_fastrtps_cpp: 6.2.6 (/opt/ros/humble/share/rmw_fastrtps_cpp/cmake)
[0.473s] -- Using RMW implementation 'rmw_fastrtps_cpp' as default
[0.715s] -- Found tf2_geometry_msgs: 0.25.5 (/opt/ros/humble/share/tf2_geometry_msgs/cmake)
[0.717s] -- Found eigen3_cmake_module: 0.1.1 (/opt/ros/humble/share/eigen3_cmake_module/cmake)
[0.718s] -- Ensuring Eigen3 include directory is part of orocos-kdl CMake target
[0.723s] -- Found sensor_msgs: 4.2.3 (/opt/ros/humble/share/sensor_msgs/cmake)
[0.773s] -- Found visualization_msgs: 4.2.3 (/opt/ros/humble/share/visualization_msgs/cmake)
[0.860s] -- Found openslam_gmapping: 0.1.2 (/home/user/ros2_ws/install/openslam_gmapping/share/openslam_gmapping/cmake)
[0.861s] -- Found ament_lint_auto: 0.12.10 (/opt/ros/humble/share/ament_lint_auto/cmake)
[0.917s] -- Added test 'cppcheck' to perform static code analysis on C / C++ code
[0.917s] -- Configured cppcheck include dirs: /home/user/ros2_ws/src/slam_gmapping/slam_gmapping/include
[0.917s] -- Configured cppcheck exclude dirs and/or files: 
[0.917s] -- Added test 'flake8' to check Python code syntax and style conventions
[0.917s] -- Added test 'lint_cmake' to check CMake code style
[0.917s] -- Added test 'pep257' to check Python code against some of the docstring style conventions in PEP 257
[0.917s] -- Added test 'uncrustify' to check C / C++ code style
[0.917s] -- Configured uncrustify additional arguments: 
[0.918s] -- Added test 'xmllint' to check XML markup files
[0.918s] -- Configuring done
[0.925s] -- Generating done
[0.926s] -- Build files have been written to: /home/user/ros2_ws/build/slam_gmapping
[0.933s] Invoked command in '/home/user/ros2_ws/build/slam_gmapping' returned '0': CMAKE_PREFIX_PATH=/home/user/ros2_ws/install/openslam_gmapping:/home/user/dev_ws/src/install/ros2_laser_scan_matcher:/home/user/dev_ws/src/install/roboteq_ros2_driver:/home/user/dev_ws/src/install/realsense2_description:/home/user/dev_ws/src/install/realsense2_camera:/home/user/dev_ws/src/install/realsense2_camera_msgs:/home/user/dev_ws/src/install/lslidar_driver:/home/user/dev_ws/src/install/lslidar_msgs:/home/user/dev_ws/src/install/lidar_odometry:/home/user/dev_ws/src/install/csm:/home/user/dev_ws/src/install/amr_bot:/home/user/ros2_ws/install/slam_gmapping:/home/user/ros2_ws/install/serial:/home/user/ros2_ws/install/rtabmap_ros:/home/user/ros2_ws/install/rtabmap_launch:/home/user/ros2_ws/install/rtabmap_examples:/home/user/ros2_ws/install/rtabmap_demos:/home/user/ros2_ws/install/rtabmap_viz:/home/user/ros2_ws/install/rtabmap_slam:/home/user/ros2_ws/install/rtabmap_odom:/home/user/ros2_ws/install/rtabmap_util:/home/user/ros2_ws/install/rtabmap_sync:/home/user/ros2_ws/install/rtabmap_rviz_plugins:/home/user/ros2_ws/install/rtabmap_conversions:/home/user/ros2_ws/install/rtabmap_python:/opt/ros/humble:/home/user/ros2_ws/install/rtabmap_msgs:/home/user/ros2_ws/install/rtabmap:/home/user/ros2_ws/install/roboteq_ros2_driver:/home/user/ros2_ws/install/realsense2_description:/home/user/ros2_ws/install/realsense2_camera:/home/user/ros2_ws/install/realsense2_camera_msgs:/home/user/ros2_ws/install/lslidar_driver:/home/user/ros2_ws/install/lslidar_msgs:/home/user/ros2_ws/install/amr_bot /usr/bin/cmake /home/user/ros2_ws/src/slam_gmapping/slam_gmapping -DAMENT_CMAKE_SYMLINK_INSTALL=1 -DCMAKE_INSTALL_PREFIX=/home/user/ros2_ws/install/slam_gmapping
[0.934s] Invoking command in '/home/user/ros2_ws/build/slam_gmapping': CMAKE_PREFIX_PATH=/home/user/ros2_ws/install/openslam_gmapping:/home/user/dev_ws/src/install/ros2_laser_scan_matcher:/home/user/dev_ws/src/install/roboteq_ros2_driver:/home/user/dev_ws/src/install/realsense2_description:/home/user/dev_ws/src/install/realsense2_camera:/home/user/dev_ws/src/install/realsense2_camera_msgs:/home/user/dev_ws/src/install/lslidar_driver:/home/user/dev_ws/src/install/lslidar_msgs:/home/user/dev_ws/src/install/lidar_odometry:/home/user/dev_ws/src/install/csm:/home/user/dev_ws/src/install/amr_bot:/home/user/ros2_ws/install/slam_gmapping:/home/user/ros2_ws/install/serial:/home/user/ros2_ws/install/rtabmap_ros:/home/user/ros2_ws/install/rtabmap_launch:/home/user/ros2_ws/install/rtabmap_examples:/home/user/ros2_ws/install/rtabmap_demos:/home/user/ros2_ws/install/rtabmap_viz:/home/user/ros2_ws/install/rtabmap_slam:/home/user/ros2_ws/install/rtabmap_odom:/home/user/ros2_ws/install/rtabmap_util:/home/user/ros2_ws/install/rtabmap_sync:/home/user/ros2_ws/install/rtabmap_rviz_plugins:/home/user/ros2_ws/install/rtabmap_conversions:/home/user/ros2_ws/install/rtabmap_python:/opt/ros/humble:/home/user/ros2_ws/install/rtabmap_msgs:/home/user/ros2_ws/install/rtabmap:/home/user/ros2_ws/install/roboteq_ros2_driver:/home/user/ros2_ws/install/realsense2_description:/home/user/ros2_ws/install/realsense2_camera:/home/user/ros2_ws/install/realsense2_camera_msgs:/home/user/ros2_ws/install/lslidar_driver:/home/user/ros2_ws/install/lslidar_msgs:/home/user/ros2_ws/install/amr_bot /usr/bin/cmake --build /home/user/ros2_ws/build/slam_gmapping
[0.965s] [35m[1mConsolidate compiler generated dependencies of target slam_gmapping[0m
[0.978s] [100%] Built target slam_gmapping
[0.988s] Invoked command in '/home/user/ros2_ws/build/slam_gmapping' returned '0': CMAKE_PREFIX_PATH=/home/user/ros2_ws/install/openslam_gmapping:/home/user/dev_ws/src/install/ros2_laser_scan_matcher:/home/user/dev_ws/src/install/roboteq_ros2_driver:/home/user/dev_ws/src/install/realsense2_description:/home/user/dev_ws/src/install/realsense2_camera:/home/user/dev_ws/src/install/realsense2_camera_msgs:/home/user/dev_ws/src/install/lslidar_driver:/home/user/dev_ws/src/install/lslidar_msgs:/home/user/dev_ws/src/install/lidar_odometry:/home/user/dev_ws/src/install/csm:/home/user/dev_ws/src/install/amr_bot:/home/user/ros2_ws/install/slam_gmapping:/home/user/ros2_ws/install/serial:/home/user/ros2_ws/install/rtabmap_ros:/home/user/ros2_ws/install/rtabmap_launch:/home/user/ros2_ws/install/rtabmap_examples:/home/user/ros2_ws/install/rtabmap_demos:/home/user/ros2_ws/install/rtabmap_viz:/home/user/ros2_ws/install/rtabmap_slam:/home/user/ros2_ws/install/rtabmap_odom:/home/user/ros2_ws/install/rtabmap_util:/home/user/ros2_ws/install/rtabmap_sync:/home/user/ros2_ws/install/rtabmap_rviz_plugins:/home/user/ros2_ws/install/rtabmap_conversions:/home/user/ros2_ws/install/rtabmap_python:/opt/ros/humble:/home/user/ros2_ws/install/rtabmap_msgs:/home/user/ros2_ws/install/rtabmap:/home/user/ros2_ws/install/roboteq_ros2_driver:/home/user/ros2_ws/install/realsense2_description:/home/user/ros2_ws/install/realsense2_camera:/home/user/ros2_ws/install/realsense2_camera_msgs:/home/user/ros2_ws/install/lslidar_driver:/home/user/ros2_ws/install/lslidar_msgs:/home/user/ros2_ws/install/amr_bot /usr/bin/cmake --build /home/user/ros2_ws/build/slam_gmapping
[1.008s] Invoking command in '/home/user/ros2_ws/build/slam_gmapping': CMAKE_PREFIX_PATH=/home/user/ros2_ws/install/openslam_gmapping:/home/user/dev_ws/src/install/ros2_laser_scan_matcher:/home/user/dev_ws/src/install/roboteq_ros2_driver:/home/user/dev_ws/src/install/realsense2_description:/home/user/dev_ws/src/install/realsense2_camera:/home/user/dev_ws/src/install/realsense2_camera_msgs:/home/user/dev_ws/src/install/lslidar_driver:/home/user/dev_ws/src/install/lslidar_msgs:/home/user/dev_ws/src/install/lidar_odometry:/home/user/dev_ws/src/install/csm:/home/user/dev_ws/src/install/amr_bot:/home/user/ros2_ws/install/slam_gmapping:/home/user/ros2_ws/install/serial:/home/user/ros2_ws/install/rtabmap_ros:/home/user/ros2_ws/install/rtabmap_launch:/home/user/ros2_ws/install/rtabmap_examples:/home/user/ros2_ws/install/rtabmap_demos:/home/user/ros2_ws/install/rtabmap_viz:/home/user/ros2_ws/install/rtabmap_slam:/home/user/ros2_ws/install/rtabmap_odom:/home/user/ros2_ws/install/rtabmap_util:/home/user/ros2_ws/install/rtabmap_sync:/home/user/ros2_ws/install/rtabmap_rviz_plugins:/home/user/ros2_ws/install/rtabmap_conversions:/home/user/ros2_ws/install/rtabmap_python:/opt/ros/humble:/home/user/ros2_ws/install/rtabmap_msgs:/home/user/ros2_ws/install/rtabmap:/home/user/ros2_ws/install/roboteq_ros2_driver:/home/user/ros2_ws/install/realsense2_description:/home/user/ros2_ws/install/realsense2_camera:/home/user/ros2_ws/install/realsense2_camera_msgs:/home/user/ros2_ws/install/lslidar_driver:/home/user/ros2_ws/install/lslidar_msgs:/home/user/ros2_ws/install/amr_bot /usr/bin/cmake --install /home/user/ros2_ws/build/slam_gmapping
[1.014s] -- Install configuration: "Release"
[1.015s] -- Execute custom install script
[1.015s] -- Up-to-date symlink: /home/user/ros2_ws/install/slam_gmapping/lib/slam_gmapping/slam_gmapping
[1.015s] -- Up-to-date symlink: /home/user/ros2_ws/install/slam_gmapping/share/slam_gmapping/launch/slam_gmapping.launch.py
[1.015s] -- Up-to-date symlink: /home/user/ros2_ws/install/slam_gmapping/share/ament_index/resource_index/package_run_dependencies/slam_gmapping
[1.015s] -- Up-to-date symlink: /home/user/ros2_ws/install/slam_gmapping/share/ament_index/resource_index/parent_prefix_path/slam_gmapping
[1.015s] -- Up-to-date symlink: /home/user/ros2_ws/install/slam_gmapping/share/slam_gmapping/environment/ament_prefix_path.sh
[1.016s] -- Up-to-date symlink: /home/user/ros2_ws/install/slam_gmapping/share/slam_gmapping/environment/ament_prefix_path.dsv
[1.016s] -- Up-to-date symlink: /home/user/ros2_ws/install/slam_gmapping/share/slam_gmapping/environment/path.sh
[1.016s] -- Up-to-date symlink: /home/user/ros2_ws/install/slam_gmapping/share/slam_gmapping/environment/path.dsv
[1.016s] -- Up-to-date symlink: /home/user/ros2_ws/install/slam_gmapping/share/slam_gmapping/local_setup.bash
[1.016s] -- Up-to-date symlink: /home/user/ros2_ws/install/slam_gmapping/share/slam_gmapping/local_setup.sh
[1.016s] -- Up-to-date symlink: /home/user/ros2_ws/install/slam_gmapping/share/slam_gmapping/local_setup.zsh
[1.016s] -- Up-to-date symlink: /home/user/ros2_ws/install/slam_gmapping/share/slam_gmapping/local_setup.dsv
[1.016s] -- Symlinking: /home/user/ros2_ws/install/slam_gmapping/share/slam_gmapping/package.dsv
[1.023s] -- Up-to-date symlink: /home/user/ros2_ws/install/slam_gmapping/share/ament_index/resource_index/packages/slam_gmapping
[1.023s] -- Up-to-date symlink: /home/user/ros2_ws/install/slam_gmapping/share/slam_gmapping/cmake/slam_gmappingConfig.cmake
[1.023s] -- Up-to-date symlink: /home/user/ros2_ws/install/slam_gmapping/share/slam_gmapping/cmake/slam_gmappingConfig-version.cmake
[1.023s] -- Up-to-date symlink: /home/user/ros2_ws/install/slam_gmapping/share/slam_gmapping/package.xml
[1.024s] Invoked command in '/home/user/ros2_ws/build/slam_gmapping' returned '0': CMAKE_PREFIX_PATH=/home/user/ros2_ws/install/openslam_gmapping:/home/user/dev_ws/src/install/ros2_laser_scan_matcher:/home/user/dev_ws/src/install/roboteq_ros2_driver:/home/user/dev_ws/src/install/realsense2_description:/home/user/dev_ws/src/install/realsense2_camera:/home/user/dev_ws/src/install/realsense2_camera_msgs:/home/user/dev_ws/src/install/lslidar_driver:/home/user/dev_ws/src/install/lslidar_msgs:/home/user/dev_ws/src/install/lidar_odometry:/home/user/dev_ws/src/install/csm:/home/user/dev_ws/src/install/amr_bot:/home/user/ros2_ws/install/slam_gmapping:/home/user/ros2_ws/install/serial:/home/user/ros2_ws/install/rtabmap_ros:/home/user/ros2_ws/install/rtabmap_launch:/home/user/ros2_ws/install/rtabmap_examples:/home/user/ros2_ws/install/rtabmap_demos:/home/user/ros2_ws/install/rtabmap_viz:/home/user/ros2_ws/install/rtabmap_slam:/home/user/ros2_ws/install/rtabmap_odom:/home/user/ros2_ws/install/rtabmap_util:/home/user/ros2_ws/install/rtabmap_sync:/home/user/ros2_ws/install/rtabmap_rviz_plugins:/home/user/ros2_ws/install/rtabmap_conversions:/home/user/ros2_ws/install/rtabmap_python:/opt/ros/humble:/home/user/ros2_ws/install/rtabmap_msgs:/home/user/ros2_ws/install/rtabmap:/home/user/ros2_ws/install/roboteq_ros2_driver:/home/user/ros2_ws/install/realsense2_description:/home/user/ros2_ws/install/realsense2_camera:/home/user/ros2_ws/install/realsense2_camera_msgs:/home/user/ros2_ws/install/lslidar_driver:/home/user/ros2_ws/install/lslidar_msgs:/home/user/ros2_ws/install/amr_bot /usr/bin/cmake --install /home/user/ros2_ws/build/slam_gmapping
