[100%] Built target quatern_to_rpy
[100%] Built target cmd_vel_to_odom_node
-- Install configuration: "Release"
-- Execute custom install script
-- Up-to-date symlink: /home/user/ros2_ws/install/amr_bot/lib/amr_bot/cmd_vel_to_odom_node
-- Up-to-date symlink: /home/user/ros2_ws/install/amr_bot/lib/amr_bot/quatern_to_rpy
-- Up-to-date symlink: /home/user/ros2_ws/install/amr_bot/share/amr_bot/src/cmd_vel_to_odom_node.cpp
-- Up-to-date symlink: /home/user/ros2_ws/install/amr_bot/share/amr_bot/src/description/amr_bot_description.urdf
-- Up-to-date symlink: /home/user/ros2_ws/install/amr_bot/share/amr_bot/src/description/inertial_macros.xacro
-- Up-to-date symlink: /home/user/ros2_ws/install/amr_bot/share/amr_bot/src/description/lidar.xacro
-- Up-to-date symlink: /home/user/ros2_ws/install/amr_bot/share/amr_bot/src/quatern_to_rpy.cpp
-- Up-to-date symlink: /home/user/ros2_ws/install/amr_bot/share/amr_bot/launch/display.launch.py
-- Up-to-date symlink: /home/user/ros2_ws/install/amr_bot/share/amr_bot/rviz/urdf_config.rviz
-- Up-to-date symlink: /home/user/ros2_ws/install/amr_bot/share/amr_bot/config/ekf.yaml
-- Up-to-date symlink: /home/user/ros2_ws/install/amr_bot/share/amr_bot/config/mapper_params_online_async.yaml
-- Up-to-date symlink: /home/user/ros2_ws/install/amr_bot/share/amr_bot/config/nav2_params.yaml
-- Up-to-date symlink: /home/user/ros2_ws/install/amr_bot/share/ament_index/resource_index/package_run_dependencies/amr_bot
-- Up-to-date symlink: /home/user/ros2_ws/install/amr_bot/share/ament_index/resource_index/parent_prefix_path/amr_bot
-- Up-to-date symlink: /home/user/ros2_ws/install/amr_bot/share/amr_bot/environment/ament_prefix_path.sh
-- Up-to-date symlink: /home/user/ros2_ws/install/amr_bot/share/amr_bot/environment/ament_prefix_path.dsv
-- Up-to-date symlink: /home/user/ros2_ws/install/amr_bot/share/amr_bot/environment/path.sh
-- Up-to-date symlink: /home/user/ros2_ws/install/amr_bot/share/amr_bot/environment/path.dsv
-- Up-to-date symlink: /home/user/ros2_ws/install/amr_bot/share/amr_bot/local_setup.bash
-- Up-to-date symlink: /home/user/ros2_ws/install/amr_bot/share/amr_bot/local_setup.sh
-- Up-to-date symlink: /home/user/ros2_ws/install/amr_bot/share/amr_bot/local_setup.zsh
-- Up-to-date symlink: /home/user/ros2_ws/install/amr_bot/share/amr_bot/local_setup.dsv
-- Symlinking: /home/user/ros2_ws/install/amr_bot/share/amr_bot/package.dsv
-- Up-to-date symlink: /home/user/ros2_ws/install/amr_bot/share/ament_index/resource_index/packages/amr_bot
-- Up-to-date symlink: /home/user/ros2_ws/install/amr_bot/share/amr_bot/cmake/amr_botConfig.cmake
-- Up-to-date symlink: /home/user/ros2_ws/install/amr_bot/share/amr_bot/cmake/amr_botConfig-version.cmake
-- Up-to-date symlink: /home/user/ros2_ws/install/amr_bot/share/amr_bot/package.xml
