[0.401s] Invoking command in '/home/user/ros2_ws/build/rtabmap_python': PYTHONPATH=/home/user/ros2_ws/build/rtabmap_python/prefix_override:/home/user/ros2_ws/install/rtabmap_python/lib/python3.10/site-packages:${PYTHONPATH} /usr/bin/python3 setup.py develop --editable --build-directory /home/user/ros2_ws/build/rtabmap_python/build --no-deps install_data
[0.536s] running develop
[0.536s] /usr/lib/python3/dist-packages/setuptools/command/easy_install.py:158: EasyInstallDeprecationWarning: easy_install command is deprecated. Use build and pip and other standards-based tools.
[0.536s]   warnings.warn(
[0.536s] /usr/lib/python3/dist-packages/setuptools/command/install.py:34: SetuptoolsDeprecationWarning: setup.py install is deprecated. Use build and pip and other standards-based tools.
[0.536s]   warnings.warn(
[0.611s] running egg_info
[0.611s] writing rtabmap_python.egg-info/PKG-INFO
[0.612s] writing dependency_links to rtabmap_python.egg-info/dependency_links.txt
[0.612s] writing entry points to rtabmap_python.egg-info/entry_points.txt
[0.612s] writing requirements to rtabmap_python.egg-info/requires.txt
[0.612s] writing top-level names to rtabmap_python.egg-info/top_level.txt
[0.613s] reading manifest file 'rtabmap_python.egg-info/SOURCES.txt'
[0.613s] writing manifest file 'rtabmap_python.egg-info/SOURCES.txt'
[0.614s] running build_ext
[0.614s] Creating /home/user/ros2_ws/install/rtabmap_python/lib/python3.10/site-packages/rtabmap-python.egg-link (link to .)
[0.615s] 
[0.615s] Installed /home/user/ros2_ws/build/rtabmap_python
[0.615s] running install_data
[0.631s] Invoked command in '/home/user/ros2_ws/build/rtabmap_python' returned '0': PYTHONPATH=/home/user/ros2_ws/build/rtabmap_python/prefix_override:/home/user/ros2_ws/install/rtabmap_python/lib/python3.10/site-packages:${PYTHONPATH} /usr/bin/python3 setup.py develop --editable --build-directory /home/user/ros2_ws/build/rtabmap_python/build --no-deps install_data
