[0.045s] Invoking command in '/home/user/ros2_ws/build/nav2_collision_monitor': AMENT_PREFIX_PATH=/home/user/ros2_ws/install/nav2_costmap_2d:/home/user/ros2_ws/install/nav2_util:/home/user/ros2_ws/install/nav2_voxel_grid:/home/user/ros2_ws/install/nav2_msgs:/home/user/ros2_ws/install/nav2_common:${AMENT_PREFIX_PATH} CMAKE_PREFIX_PATH=/home/user/ros2_ws/install/nav2_costmap_2d:/home/user/ros2_ws/install/nav2_util:/home/user/ros2_ws/install/nav2_voxel_grid:/home/user/ros2_ws/install/nav2_msgs:/home/user/ros2_ws/install/nav2_common:/home/user/ros2_ws/install/slam_toolbox:/home/user/ros2_ws/install/slam_gmapping:/home/user/ros2_ws/install/serial:/home/user/ros2_ws/install/imu_tools:/home/user/ros2_ws/install/rviz_imu_plugin:/home/user/ros2_ws/install/rtabmap_ros:/home/user/ros2_ws/install/rtabmap_launch:/home/user/ros2_ws/install/rtabmap_examples:/home/user/ros2_ws/install/rtabmap_demos:/home/user/ros2_ws/install/rtabmap_viz:/home/user/ros2_ws/install/rtabmap_slam:/home/user/ros2_ws/install/rtabmap_odom:/home/user/ros2_ws/install/rtabmap_util:/home/user/ros2_ws/install/rtabmap_sync:/home/user/ros2_ws/install/rtabmap_rviz_plugins:/home/user/ros2_ws/install/rtabmap_conversions:/home/user/ros2_ws/install/rtabmap_python:/opt/ros/humble:/home/user/ros2_ws/install/rtabmap_msgs:/home/user/ros2_ws/install/rtabmap:/home/user/ros2_ws/install/roboteq_ros2_driver:/home/user/ros2_ws/install/realsense2_description:/home/user/ros2_ws/install/realsense2_camera:/home/user/ros2_ws/install/realsense2_camera_msgs:/home/user/ros2_ws/install/openslam_gmapping:/home/user/ros2_ws/install/lslidar_driver:/home/user/ros2_ws/install/lslidar_msgs:/home/user/ros2_ws/install/imu_filter_madgwick:/home/user/ros2_ws/install/imu_complementary_filter:/home/user/ros2_ws/install/amr_bot LD_LIBRARY_PATH=/home/user/ros2_ws/install/nav2_costmap_2d/lib:/home/user/ros2_ws/install/nav2_util/lib:/home/user/ros2_ws/install/nav2_voxel_grid/lib:/home/user/ros2_ws/install/nav2_msgs/lib:${LD_LIBRARY_PATH} PYTHONPATH=/home/user/ros2_ws/install/nav2_msgs/local/lib/python3.10/dist-packages:/home/user/ros2_ws/install/nav2_common/local/lib/python3.10/dist-packages:${PYTHONPATH} /usr/bin/cmake --build /home/user/ros2_ws/build/nav2_collision_monitor
[0.081s] [35m[1mConsolidate compiler generated dependencies of target collision_monitor_core[0m
[0.106s] [ 39%] Built target collision_monitor_core
[0.117s] [35m[1mConsolidate compiler generated dependencies of target collision_monitor[0m
[0.131s] [ 47%] Built target collision_monitor
[0.140s] [35m[1mConsolidate compiler generated dependencies of target gtest_main[0m
[0.151s] [ 56%] Built target gtest_main
[0.159s] [35m[1mConsolidate compiler generated dependencies of target gtest[0m
[0.170s] [ 65%] Built target gtest
[0.180s] [35m[1mConsolidate compiler generated dependencies of target kinematics_test[0m
[0.193s] [ 73%] Built target kinematics_test
[0.202s] [35m[1mConsolidate compiler generated dependencies of target sources_test[0m
[0.218s] [ 82%] Built target sources_test
[0.227s] [35m[1mConsolidate compiler generated dependencies of target polygons_test[0m
[0.241s] [ 91%] Built target polygons_test
[0.251s] [35m[1mConsolidate compiler generated dependencies of target collision_monitor_node_test[0m
[0.267s] [100%] Built target collision_monitor_node_test
[0.275s] Invoked command in '/home/user/ros2_ws/build/nav2_collision_monitor' returned '0': AMENT_PREFIX_PATH=/home/user/ros2_ws/install/nav2_costmap_2d:/home/user/ros2_ws/install/nav2_util:/home/user/ros2_ws/install/nav2_voxel_grid:/home/user/ros2_ws/install/nav2_msgs:/home/user/ros2_ws/install/nav2_common:${AMENT_PREFIX_PATH} CMAKE_PREFIX_PATH=/home/user/ros2_ws/install/nav2_costmap_2d:/home/user/ros2_ws/install/nav2_util:/home/user/ros2_ws/install/nav2_voxel_grid:/home/user/ros2_ws/install/nav2_msgs:/home/user/ros2_ws/install/nav2_common:/home/user/ros2_ws/install/slam_toolbox:/home/user/ros2_ws/install/slam_gmapping:/home/user/ros2_ws/install/serial:/home/user/ros2_ws/install/imu_tools:/home/user/ros2_ws/install/rviz_imu_plugin:/home/user/ros2_ws/install/rtabmap_ros:/home/user/ros2_ws/install/rtabmap_launch:/home/user/ros2_ws/install/rtabmap_examples:/home/user/ros2_ws/install/rtabmap_demos:/home/user/ros2_ws/install/rtabmap_viz:/home/user/ros2_ws/install/rtabmap_slam:/home/user/ros2_ws/install/rtabmap_odom:/home/user/ros2_ws/install/rtabmap_util:/home/user/ros2_ws/install/rtabmap_sync:/home/user/ros2_ws/install/rtabmap_rviz_plugins:/home/user/ros2_ws/install/rtabmap_conversions:/home/user/ros2_ws/install/rtabmap_python:/opt/ros/humble:/home/user/ros2_ws/install/rtabmap_msgs:/home/user/ros2_ws/install/rtabmap:/home/user/ros2_ws/install/roboteq_ros2_driver:/home/user/ros2_ws/install/realsense2_description:/home/user/ros2_ws/install/realsense2_camera:/home/user/ros2_ws/install/realsense2_camera_msgs:/home/user/ros2_ws/install/openslam_gmapping:/home/user/ros2_ws/install/lslidar_driver:/home/user/ros2_ws/install/lslidar_msgs:/home/user/ros2_ws/install/imu_filter_madgwick:/home/user/ros2_ws/install/imu_complementary_filter:/home/user/ros2_ws/install/amr_bot LD_LIBRARY_PATH=/home/user/ros2_ws/install/nav2_costmap_2d/lib:/home/user/ros2_ws/install/nav2_util/lib:/home/user/ros2_ws/install/nav2_voxel_grid/lib:/home/user/ros2_ws/install/nav2_msgs/lib:${LD_LIBRARY_PATH} PYTHONPATH=/home/user/ros2_ws/install/nav2_msgs/local/lib/python3.10/dist-packages:/home/user/ros2_ws/install/nav2_common/local/lib/python3.10/dist-packages:${PYTHONPATH} /usr/bin/cmake --build /home/user/ros2_ws/build/nav2_collision_monitor
[0.317s] Invoking command in '/home/user/ros2_ws/build/nav2_collision_monitor': AMENT_PREFIX_PATH=/home/user/ros2_ws/install/nav2_costmap_2d:/home/user/ros2_ws/install/nav2_util:/home/user/ros2_ws/install/nav2_voxel_grid:/home/user/ros2_ws/install/nav2_msgs:/home/user/ros2_ws/install/nav2_common:${AMENT_PREFIX_PATH} CMAKE_PREFIX_PATH=/home/user/ros2_ws/install/nav2_costmap_2d:/home/user/ros2_ws/install/nav2_util:/home/user/ros2_ws/install/nav2_voxel_grid:/home/user/ros2_ws/install/nav2_msgs:/home/user/ros2_ws/install/nav2_common:/home/user/ros2_ws/install/slam_toolbox:/home/user/ros2_ws/install/slam_gmapping:/home/user/ros2_ws/install/serial:/home/user/ros2_ws/install/imu_tools:/home/user/ros2_ws/install/rviz_imu_plugin:/home/user/ros2_ws/install/rtabmap_ros:/home/user/ros2_ws/install/rtabmap_launch:/home/user/ros2_ws/install/rtabmap_examples:/home/user/ros2_ws/install/rtabmap_demos:/home/user/ros2_ws/install/rtabmap_viz:/home/user/ros2_ws/install/rtabmap_slam:/home/user/ros2_ws/install/rtabmap_odom:/home/user/ros2_ws/install/rtabmap_util:/home/user/ros2_ws/install/rtabmap_sync:/home/user/ros2_ws/install/rtabmap_rviz_plugins:/home/user/ros2_ws/install/rtabmap_conversions:/home/user/ros2_ws/install/rtabmap_python:/opt/ros/humble:/home/user/ros2_ws/install/rtabmap_msgs:/home/user/ros2_ws/install/rtabmap:/home/user/ros2_ws/install/roboteq_ros2_driver:/home/user/ros2_ws/install/realsense2_description:/home/user/ros2_ws/install/realsense2_camera:/home/user/ros2_ws/install/realsense2_camera_msgs:/home/user/ros2_ws/install/openslam_gmapping:/home/user/ros2_ws/install/lslidar_driver:/home/user/ros2_ws/install/lslidar_msgs:/home/user/ros2_ws/install/imu_filter_madgwick:/home/user/ros2_ws/install/imu_complementary_filter:/home/user/ros2_ws/install/amr_bot LD_LIBRARY_PATH=/home/user/ros2_ws/install/nav2_costmap_2d/lib:/home/user/ros2_ws/install/nav2_util/lib:/home/user/ros2_ws/install/nav2_voxel_grid/lib:/home/user/ros2_ws/install/nav2_msgs/lib:${LD_LIBRARY_PATH} PYTHONPATH=/home/user/ros2_ws/install/nav2_msgs/local/lib/python3.10/dist-packages:/home/user/ros2_ws/install/nav2_common/local/lib/python3.10/dist-packages:${PYTHONPATH} /usr/bin/cmake --install /home/user/ros2_ws/build/nav2_collision_monitor
[0.324s] -- Install configuration: "Release"
[0.324s] -- Execute custom install script
[0.324s] -- Up-to-date symlink: /home/user/ros2_ws/install/nav2_collision_monitor/lib/libcollision_monitor_core.so
[0.325s] -- Up-to-date symlink: /home/user/ros2_ws/install/nav2_collision_monitor/lib/nav2_collision_monitor/collision_monitor
[0.325s] -- Up-to-date symlink: /home/user/ros2_ws/install/nav2_collision_monitor/include//nav2_collision_monitor/circle.hpp
[0.325s] -- Up-to-date symlink: /home/user/ros2_ws/install/nav2_collision_monitor/include//nav2_collision_monitor/collision_monitor_node.hpp
[0.325s] -- Up-to-date symlink: /home/user/ros2_ws/install/nav2_collision_monitor/include//nav2_collision_monitor/kinematics.hpp
[0.325s] -- Up-to-date symlink: /home/user/ros2_ws/install/nav2_collision_monitor/include//nav2_collision_monitor/pointcloud.hpp
[0.325s] -- Up-to-date symlink: /home/user/ros2_ws/install/nav2_collision_monitor/include//nav2_collision_monitor/polygon.hpp
[0.325s] -- Up-to-date symlink: /home/user/ros2_ws/install/nav2_collision_monitor/include//nav2_collision_monitor/range.hpp
[0.325s] -- Up-to-date symlink: /home/user/ros2_ws/install/nav2_collision_monitor/include//nav2_collision_monitor/scan.hpp
[0.325s] -- Up-to-date symlink: /home/user/ros2_ws/install/nav2_collision_monitor/include//nav2_collision_monitor/source.hpp
[0.325s] -- Up-to-date symlink: /home/user/ros2_ws/install/nav2_collision_monitor/include//nav2_collision_monitor/types.hpp
[0.325s] -- Up-to-date symlink: /home/user/ros2_ws/install/nav2_collision_monitor/share/nav2_collision_monitor/launch/collision_monitor_node.launch.py
[0.325s] -- Up-to-date symlink: /home/user/ros2_ws/install/nav2_collision_monitor/share/nav2_collision_monitor/params/collision_monitor_params.yaml
[0.325s] -- Up-to-date symlink: /home/user/ros2_ws/install/nav2_collision_monitor/share/nav2_collision_monitor/environment/library_path.sh
[0.325s] -- Up-to-date symlink: /home/user/ros2_ws/install/nav2_collision_monitor/share/nav2_collision_monitor/environment/library_path.dsv
[0.326s] -- Up-to-date symlink: /home/user/ros2_ws/install/nav2_collision_monitor/share/ament_index/resource_index/package_run_dependencies/nav2_collision_monitor
[0.326s] -- Up-to-date symlink: /home/user/ros2_ws/install/nav2_collision_monitor/share/ament_index/resource_index/parent_prefix_path/nav2_collision_monitor
[0.326s] -- Up-to-date symlink: /home/user/ros2_ws/install/nav2_collision_monitor/share/nav2_collision_monitor/environment/ament_prefix_path.sh
[0.326s] -- Up-to-date symlink: /home/user/ros2_ws/install/nav2_collision_monitor/share/nav2_collision_monitor/environment/ament_prefix_path.dsv
[0.326s] -- Up-to-date symlink: /home/user/ros2_ws/install/nav2_collision_monitor/share/nav2_collision_monitor/environment/path.sh
[0.326s] -- Up-to-date symlink: /home/user/ros2_ws/install/nav2_collision_monitor/share/nav2_collision_monitor/environment/path.dsv
[0.326s] -- Up-to-date symlink: /home/user/ros2_ws/install/nav2_collision_monitor/share/nav2_collision_monitor/local_setup.bash
[0.326s] -- Up-to-date symlink: /home/user/ros2_ws/install/nav2_collision_monitor/share/nav2_collision_monitor/local_setup.sh
[0.326s] -- Up-to-date symlink: /home/user/ros2_ws/install/nav2_collision_monitor/share/nav2_collision_monitor/local_setup.zsh
[0.326s] -- Up-to-date symlink: /home/user/ros2_ws/install/nav2_collision_monitor/share/nav2_collision_monitor/local_setup.dsv
[0.326s] -- Symlinking: /home/user/ros2_ws/install/nav2_collision_monitor/share/nav2_collision_monitor/package.dsv
[0.333s] -- Up-to-date symlink: /home/user/ros2_ws/install/nav2_collision_monitor/share/ament_index/resource_index/packages/nav2_collision_monitor
[0.333s] -- Up-to-date symlink: /home/user/ros2_ws/install/nav2_collision_monitor/share/ament_index/resource_index/rclcpp_components/nav2_collision_monitor
[0.333s] -- Up-to-date symlink: /home/user/ros2_ws/install/nav2_collision_monitor/share/nav2_collision_monitor/cmake/ament_cmake_export_include_directories-extras.cmake
[0.333s] -- Up-to-date symlink: /home/user/ros2_ws/install/nav2_collision_monitor/share/nav2_collision_monitor/cmake/ament_cmake_export_libraries-extras.cmake
[0.333s] -- Up-to-date symlink: /home/user/ros2_ws/install/nav2_collision_monitor/share/nav2_collision_monitor/cmake/ament_cmake_export_dependencies-extras.cmake
[0.333s] -- Up-to-date symlink: /home/user/ros2_ws/install/nav2_collision_monitor/share/nav2_collision_monitor/cmake/nav2_collision_monitorConfig.cmake
[0.333s] -- Up-to-date symlink: /home/user/ros2_ws/install/nav2_collision_monitor/share/nav2_collision_monitor/cmake/nav2_collision_monitorConfig-version.cmake
[0.333s] -- Up-to-date symlink: /home/user/ros2_ws/install/nav2_collision_monitor/share/nav2_collision_monitor/package.xml
[0.335s] Invoked command in '/home/user/ros2_ws/build/nav2_collision_monitor' returned '0': AMENT_PREFIX_PATH=/home/user/ros2_ws/install/nav2_costmap_2d:/home/user/ros2_ws/install/nav2_util:/home/user/ros2_ws/install/nav2_voxel_grid:/home/user/ros2_ws/install/nav2_msgs:/home/user/ros2_ws/install/nav2_common:${AMENT_PREFIX_PATH} CMAKE_PREFIX_PATH=/home/user/ros2_ws/install/nav2_costmap_2d:/home/user/ros2_ws/install/nav2_util:/home/user/ros2_ws/install/nav2_voxel_grid:/home/user/ros2_ws/install/nav2_msgs:/home/user/ros2_ws/install/nav2_common:/home/user/ros2_ws/install/slam_toolbox:/home/user/ros2_ws/install/slam_gmapping:/home/user/ros2_ws/install/serial:/home/user/ros2_ws/install/imu_tools:/home/user/ros2_ws/install/rviz_imu_plugin:/home/user/ros2_ws/install/rtabmap_ros:/home/user/ros2_ws/install/rtabmap_launch:/home/user/ros2_ws/install/rtabmap_examples:/home/user/ros2_ws/install/rtabmap_demos:/home/user/ros2_ws/install/rtabmap_viz:/home/user/ros2_ws/install/rtabmap_slam:/home/user/ros2_ws/install/rtabmap_odom:/home/user/ros2_ws/install/rtabmap_util:/home/user/ros2_ws/install/rtabmap_sync:/home/user/ros2_ws/install/rtabmap_rviz_plugins:/home/user/ros2_ws/install/rtabmap_conversions:/home/user/ros2_ws/install/rtabmap_python:/opt/ros/humble:/home/user/ros2_ws/install/rtabmap_msgs:/home/user/ros2_ws/install/rtabmap:/home/user/ros2_ws/install/roboteq_ros2_driver:/home/user/ros2_ws/install/realsense2_description:/home/user/ros2_ws/install/realsense2_camera:/home/user/ros2_ws/install/realsense2_camera_msgs:/home/user/ros2_ws/install/openslam_gmapping:/home/user/ros2_ws/install/lslidar_driver:/home/user/ros2_ws/install/lslidar_msgs:/home/user/ros2_ws/install/imu_filter_madgwick:/home/user/ros2_ws/install/imu_complementary_filter:/home/user/ros2_ws/install/amr_bot LD_LIBRARY_PATH=/home/user/ros2_ws/install/nav2_costmap_2d/lib:/home/user/ros2_ws/install/nav2_util/lib:/home/user/ros2_ws/install/nav2_voxel_grid/lib:/home/user/ros2_ws/install/nav2_msgs/lib:${LD_LIBRARY_PATH} PYTHONPATH=/home/user/ros2_ws/install/nav2_msgs/local/lib/python3.10/dist-packages:/home/user/ros2_ws/install/nav2_common/local/lib/python3.10/dist-packages:${PYTHONPATH} /usr/bin/cmake --install /home/user/ros2_ws/build/nav2_collision_monitor
