[0.035s] Invoking command in '/home/user/ros2_ws/build/amr_bot': CMAKE_PREFIX_PATH=/home/user/ros2_ws/install/slam_toolbox:/home/user/ros2_ws/install/slam_gmapping:/home/user/ros2_ws/install/serial:/home/user/ros2_ws/install/imu_tools:/home/user/ros2_ws/install/rviz_imu_plugin:/home/user/ros2_ws/install/rtabmap_ros:/home/user/ros2_ws/install/rtabmap_launch:/home/user/ros2_ws/install/rtabmap_examples:/home/user/ros2_ws/install/rtabmap_demos:/home/user/ros2_ws/install/rtabmap_viz:/home/user/ros2_ws/install/rtabmap_slam:/home/user/ros2_ws/install/rtabmap_odom:/home/user/ros2_ws/install/rtabmap_util:/home/user/ros2_ws/install/rtabmap_sync:/home/user/ros2_ws/install/rtabmap_rviz_plugins:/home/user/ros2_ws/install/rtabmap_conversions:/home/user/ros2_ws/install/rtabmap_python:/opt/ros/humble:/home/user/ros2_ws/install/rtabmap_msgs:/home/user/ros2_ws/install/rtabmap:/home/user/ros2_ws/install/roboteq_ros2_driver:/home/user/ros2_ws/install/realsense2_description:/home/user/ros2_ws/install/realsense2_camera:/home/user/ros2_ws/install/realsense2_camera_msgs:/home/user/ros2_ws/install/openslam_gmapping:/home/user/ros2_ws/install/lslidar_driver:/home/user/ros2_ws/install/lslidar_msgs:/home/user/ros2_ws/install/imu_filter_madgwick:/home/user/ros2_ws/install/imu_complementary_filter:/home/user/ros2_ws/install/amr_bot /usr/bin/cmake --build /home/user/ros2_ws/build/amr_bot
[0.167s] [ 25%] [32mBuilding CXX object CMakeFiles/cmd_vel_to_odom_node.dir/src/cmd_vel_to_odom_node.cpp.o[0m
[0.530s] In file included from [01m[K/home/user/ros2_ws/src/amr_bot/src/cmd_vel_to_odom_node.cpp:11[m[K:
[0.530s] [01m[K/opt/ros/humble/include/tf2_geometry_msgs/tf2_geometry_msgs/tf2_geometry_msgs.h:35:2:[m[K [01;35m[Kwarning: [m[K#warning This header is obsolete, please include tf2_geometry_msgs/tf2_geometry_msgs.hpp instead [[01;35m[K]8;;https://gcc.gnu.org/onlinedocs/gcc/Warning-Options.html#index-Wcpp-Wcpp]8;;[m[K]
[0.530s]    35 | #[01;35m[Kwarning[m[K This header is obsolete, please include tf2_geometry_msgs/tf2_geometry_msgs.hpp instead
[0.530s]       |  [01;35m[K^~~~~~~[m[K
[6.760s] [ 50%] [32m[1mLinking CXX executable cmd_vel_to_odom_node[0m
[6.908s] [ 50%] Built target cmd_vel_to_odom_node
[6.930s] [ 75%] [32mBuilding CXX object CMakeFiles/quatern_to_rpy.dir/src/quatern_to_rpy.cpp.o[0m
[6.965s] In file included from [01m[K/home/user/ros2_ws/src/amr_bot/src/quatern_to_rpy.cpp:3[m[K:
[6.965s] [01m[K/opt/ros/humble/include/tf2_geometry_msgs/tf2_geometry_msgs/tf2_geometry_msgs.h:35:2:[m[K [01;35m[Kwarning: [m[K#warning This header is obsolete, please include tf2_geometry_msgs/tf2_geometry_msgs.hpp instead [[01;35m[K]8;;https://gcc.gnu.org/onlinedocs/gcc/Warning-Options.html#index-Wcpp-Wcpp]8;;[m[K]
[6.965s]    35 | #[01;35m[Kwarning[m[K This header is obsolete, please include tf2_geometry_msgs/tf2_geometry_msgs.hpp instead
[6.965s]       |  [01;35m[K^~~~~~~[m[K
[13.248s] [100%] [32m[1mLinking CXX executable quatern_to_rpy[0m
[13.358s] [100%] Built target quatern_to_rpy
[13.366s] Invoked command in '/home/user/ros2_ws/build/amr_bot' returned '0': CMAKE_PREFIX_PATH=/home/user/ros2_ws/install/slam_toolbox:/home/user/ros2_ws/install/slam_gmapping:/home/user/ros2_ws/install/serial:/home/user/ros2_ws/install/imu_tools:/home/user/ros2_ws/install/rviz_imu_plugin:/home/user/ros2_ws/install/rtabmap_ros:/home/user/ros2_ws/install/rtabmap_launch:/home/user/ros2_ws/install/rtabmap_examples:/home/user/ros2_ws/install/rtabmap_demos:/home/user/ros2_ws/install/rtabmap_viz:/home/user/ros2_ws/install/rtabmap_slam:/home/user/ros2_ws/install/rtabmap_odom:/home/user/ros2_ws/install/rtabmap_util:/home/user/ros2_ws/install/rtabmap_sync:/home/user/ros2_ws/install/rtabmap_rviz_plugins:/home/user/ros2_ws/install/rtabmap_conversions:/home/user/ros2_ws/install/rtabmap_python:/opt/ros/humble:/home/user/ros2_ws/install/rtabmap_msgs:/home/user/ros2_ws/install/rtabmap:/home/user/ros2_ws/install/roboteq_ros2_driver:/home/user/ros2_ws/install/realsense2_description:/home/user/ros2_ws/install/realsense2_camera:/home/user/ros2_ws/install/realsense2_camera_msgs:/home/user/ros2_ws/install/openslam_gmapping:/home/user/ros2_ws/install/lslidar_driver:/home/user/ros2_ws/install/lslidar_msgs:/home/user/ros2_ws/install/imu_filter_madgwick:/home/user/ros2_ws/install/imu_complementary_filter:/home/user/ros2_ws/install/amr_bot /usr/bin/cmake --build /home/user/ros2_ws/build/amr_bot
[13.396s] Invoking command in '/home/user/ros2_ws/build/amr_bot': CMAKE_PREFIX_PATH=/home/user/ros2_ws/install/slam_toolbox:/home/user/ros2_ws/install/slam_gmapping:/home/user/ros2_ws/install/serial:/home/user/ros2_ws/install/imu_tools:/home/user/ros2_ws/install/rviz_imu_plugin:/home/user/ros2_ws/install/rtabmap_ros:/home/user/ros2_ws/install/rtabmap_launch:/home/user/ros2_ws/install/rtabmap_examples:/home/user/ros2_ws/install/rtabmap_demos:/home/user/ros2_ws/install/rtabmap_viz:/home/user/ros2_ws/install/rtabmap_slam:/home/user/ros2_ws/install/rtabmap_odom:/home/user/ros2_ws/install/rtabmap_util:/home/user/ros2_ws/install/rtabmap_sync:/home/user/ros2_ws/install/rtabmap_rviz_plugins:/home/user/ros2_ws/install/rtabmap_conversions:/home/user/ros2_ws/install/rtabmap_python:/opt/ros/humble:/home/user/ros2_ws/install/rtabmap_msgs:/home/user/ros2_ws/install/rtabmap:/home/user/ros2_ws/install/roboteq_ros2_driver:/home/user/ros2_ws/install/realsense2_description:/home/user/ros2_ws/install/realsense2_camera:/home/user/ros2_ws/install/realsense2_camera_msgs:/home/user/ros2_ws/install/openslam_gmapping:/home/user/ros2_ws/install/lslidar_driver:/home/user/ros2_ws/install/lslidar_msgs:/home/user/ros2_ws/install/imu_filter_madgwick:/home/user/ros2_ws/install/imu_complementary_filter:/home/user/ros2_ws/install/amr_bot /usr/bin/cmake --install /home/user/ros2_ws/build/amr_bot
[13.404s] -- Install configuration: "Release"
[13.406s] -- Execute custom install script
[13.406s] -- Up-to-date symlink: /home/user/ros2_ws/install/amr_bot/lib/amr_bot/cmd_vel_to_odom_node
[13.406s] -- Up-to-date symlink: /home/user/ros2_ws/install/amr_bot/lib/amr_bot/quatern_to_rpy
[13.407s] -- Up-to-date symlink: /home/user/ros2_ws/install/amr_bot/share/amr_bot/src/cmd_vel_to_odom_node.cpp
[13.408s] -- Up-to-date symlink: /home/user/ros2_ws/install/amr_bot/share/amr_bot/src/description/amr_bot_description.urdf
[13.408s] -- Up-to-date symlink: /home/user/ros2_ws/install/amr_bot/share/amr_bot/src/description/inertial_macros.xacro
[13.408s] -- Up-to-date symlink: /home/user/ros2_ws/install/amr_bot/share/amr_bot/src/description/lidar.xacro
[13.408s] -- Up-to-date symlink: /home/user/ros2_ws/install/amr_bot/share/amr_bot/src/quatern_to_rpy.cpp
[13.408s] -- Up-to-date symlink: /home/user/ros2_ws/install/amr_bot/share/amr_bot/launch/amr_launch.launch.py
[13.408s] -- Up-to-date symlink: /home/user/ros2_ws/install/amr_bot/share/amr_bot/launch/display.launch.py
[13.408s] -- Up-to-date symlink: /home/user/ros2_ws/install/amr_bot/share/amr_bot/rviz/urdf_config.rviz
[13.408s] -- Up-to-date symlink: /home/user/ros2_ws/install/amr_bot/share/amr_bot/config/ekf.yaml
[13.408s] -- Up-to-date symlink: /home/user/ros2_ws/install/amr_bot/share/amr_bot/config/mapper_params_online_async.yaml
[13.408s] -- Up-to-date symlink: /home/user/ros2_ws/install/amr_bot/share/amr_bot/config/nav2_params.yaml
[13.408s] -- Up-to-date symlink: /home/user/ros2_ws/install/amr_bot/share/ament_index/resource_index/package_run_dependencies/amr_bot
[13.408s] -- Up-to-date symlink: /home/user/ros2_ws/install/amr_bot/share/ament_index/resource_index/parent_prefix_path/amr_bot
[13.408s] -- Up-to-date symlink: /home/user/ros2_ws/install/amr_bot/share/amr_bot/environment/ament_prefix_path.sh
[13.408s] -- Up-to-date symlink: /home/user/ros2_ws/install/amr_bot/share/amr_bot/environment/ament_prefix_path.dsv
[13.408s] -- Up-to-date symlink: /home/user/ros2_ws/install/amr_bot/share/amr_bot/environment/path.sh
[13.408s] -- Up-to-date symlink: /home/user/ros2_ws/install/amr_bot/share/amr_bot/environment/path.dsv
[13.408s] -- Up-to-date symlink: /home/user/ros2_ws/install/amr_bot/share/amr_bot/local_setup.bash
[13.408s] -- Up-to-date symlink: /home/user/ros2_ws/install/amr_bot/share/amr_bot/local_setup.sh
[13.408s] -- Up-to-date symlink: /home/user/ros2_ws/install/amr_bot/share/amr_bot/local_setup.zsh
[13.408s] -- Up-to-date symlink: /home/user/ros2_ws/install/amr_bot/share/amr_bot/local_setup.dsv
[13.408s] -- Symlinking: /home/user/ros2_ws/install/amr_bot/share/amr_bot/package.dsv
[13.416s] -- Up-to-date symlink: /home/user/ros2_ws/install/amr_bot/share/ament_index/resource_index/packages/amr_bot
[13.416s] -- Up-to-date symlink: /home/user/ros2_ws/install/amr_bot/share/amr_bot/cmake/amr_botConfig.cmake
[13.416s] -- Up-to-date symlink: /home/user/ros2_ws/install/amr_bot/share/amr_bot/cmake/amr_botConfig-version.cmake
[13.416s] -- Up-to-date symlink: /home/user/ros2_ws/install/amr_bot/share/amr_bot/package.xml
[13.418s] Invoked command in '/home/user/ros2_ws/build/amr_bot' returned '0': CMAKE_PREFIX_PATH=/home/user/ros2_ws/install/slam_toolbox:/home/user/ros2_ws/install/slam_gmapping:/home/user/ros2_ws/install/serial:/home/user/ros2_ws/install/imu_tools:/home/user/ros2_ws/install/rviz_imu_plugin:/home/user/ros2_ws/install/rtabmap_ros:/home/user/ros2_ws/install/rtabmap_launch:/home/user/ros2_ws/install/rtabmap_examples:/home/user/ros2_ws/install/rtabmap_demos:/home/user/ros2_ws/install/rtabmap_viz:/home/user/ros2_ws/install/rtabmap_slam:/home/user/ros2_ws/install/rtabmap_odom:/home/user/ros2_ws/install/rtabmap_util:/home/user/ros2_ws/install/rtabmap_sync:/home/user/ros2_ws/install/rtabmap_rviz_plugins:/home/user/ros2_ws/install/rtabmap_conversions:/home/user/ros2_ws/install/rtabmap_python:/opt/ros/humble:/home/user/ros2_ws/install/rtabmap_msgs:/home/user/ros2_ws/install/rtabmap:/home/user/ros2_ws/install/roboteq_ros2_driver:/home/user/ros2_ws/install/realsense2_description:/home/user/ros2_ws/install/realsense2_camera:/home/user/ros2_ws/install/realsense2_camera_msgs:/home/user/ros2_ws/install/openslam_gmapping:/home/user/ros2_ws/install/lslidar_driver:/home/user/ros2_ws/install/lslidar_msgs:/home/user/ros2_ws/install/imu_filter_madgwick:/home/user/ros2_ws/install/imu_complementary_filter:/home/user/ros2_ws/install/amr_bot /usr/bin/cmake --install /home/user/ros2_ws/build/amr_bot
