[0.040s] Invoking command in '/home/user/ros2_ws/build/roboteq_ros2_driver': CMAKE_PREFIX_PATH=/home/user/ros2_ws/install/serial:/home/user/ros2_ws/install/slam_gmapping:/home/user/ros2_ws/install/rtabmap_ros:/home/user/ros2_ws/install/rtabmap_launch:/home/user/ros2_ws/install/rtabmap_examples:/home/user/ros2_ws/install/rtabmap_demos:/home/user/ros2_ws/install/rtabmap_viz:/home/user/ros2_ws/install/rtabmap_slam:/home/user/ros2_ws/install/rtabmap_odom:/home/user/ros2_ws/install/rtabmap_util:/home/user/ros2_ws/install/rtabmap_sync:/home/user/ros2_ws/install/rtabmap_rviz_plugins:/home/user/ros2_ws/install/rtabmap_conversions:/home/user/ros2_ws/install/rtabmap_python:/opt/ros/humble:/home/user/ros2_ws/install/rtabmap_msgs:/home/user/ros2_ws/install/rtabmap:/home/user/ros2_ws/install/roboteq_ros2_driver:/home/user/ros2_ws/install/realsense2_description:/home/user/ros2_ws/install/realsense2_camera:/home/user/ros2_ws/install/realsense2_camera_msgs:/home/user/ros2_ws/install/openslam_gmapping:/home/user/ros2_ws/install/lslidar_driver:/home/user/ros2_ws/install/lslidar_msgs:/home/user/ros2_ws/install/amr_bot /usr/bin/cmake --build /home/user/ros2_ws/build/roboteq_ros2_driver
[0.080s] [100%] Built target roboteq_ros2_driver
[0.088s] Invoked command in '/home/user/ros2_ws/build/roboteq_ros2_driver' returned '0': CMAKE_PREFIX_PATH=/home/user/ros2_ws/install/serial:/home/user/ros2_ws/install/slam_gmapping:/home/user/ros2_ws/install/rtabmap_ros:/home/user/ros2_ws/install/rtabmap_launch:/home/user/ros2_ws/install/rtabmap_examples:/home/user/ros2_ws/install/rtabmap_demos:/home/user/ros2_ws/install/rtabmap_viz:/home/user/ros2_ws/install/rtabmap_slam:/home/user/ros2_ws/install/rtabmap_odom:/home/user/ros2_ws/install/rtabmap_util:/home/user/ros2_ws/install/rtabmap_sync:/home/user/ros2_ws/install/rtabmap_rviz_plugins:/home/user/ros2_ws/install/rtabmap_conversions:/home/user/ros2_ws/install/rtabmap_python:/opt/ros/humble:/home/user/ros2_ws/install/rtabmap_msgs:/home/user/ros2_ws/install/rtabmap:/home/user/ros2_ws/install/roboteq_ros2_driver:/home/user/ros2_ws/install/realsense2_description:/home/user/ros2_ws/install/realsense2_camera:/home/user/ros2_ws/install/realsense2_camera_msgs:/home/user/ros2_ws/install/openslam_gmapping:/home/user/ros2_ws/install/lslidar_driver:/home/user/ros2_ws/install/lslidar_msgs:/home/user/ros2_ws/install/amr_bot /usr/bin/cmake --build /home/user/ros2_ws/build/roboteq_ros2_driver
[0.109s] Invoking command in '/home/user/ros2_ws/build/roboteq_ros2_driver': CMAKE_PREFIX_PATH=/home/user/ros2_ws/install/serial:/home/user/ros2_ws/install/slam_gmapping:/home/user/ros2_ws/install/rtabmap_ros:/home/user/ros2_ws/install/rtabmap_launch:/home/user/ros2_ws/install/rtabmap_examples:/home/user/ros2_ws/install/rtabmap_demos:/home/user/ros2_ws/install/rtabmap_viz:/home/user/ros2_ws/install/rtabmap_slam:/home/user/ros2_ws/install/rtabmap_odom:/home/user/ros2_ws/install/rtabmap_util:/home/user/ros2_ws/install/rtabmap_sync:/home/user/ros2_ws/install/rtabmap_rviz_plugins:/home/user/ros2_ws/install/rtabmap_conversions:/home/user/ros2_ws/install/rtabmap_python:/opt/ros/humble:/home/user/ros2_ws/install/rtabmap_msgs:/home/user/ros2_ws/install/rtabmap:/home/user/ros2_ws/install/roboteq_ros2_driver:/home/user/ros2_ws/install/realsense2_description:/home/user/ros2_ws/install/realsense2_camera:/home/user/ros2_ws/install/realsense2_camera_msgs:/home/user/ros2_ws/install/openslam_gmapping:/home/user/ros2_ws/install/lslidar_driver:/home/user/ros2_ws/install/lslidar_msgs:/home/user/ros2_ws/install/amr_bot /usr/bin/cmake --install /home/user/ros2_ws/build/roboteq_ros2_driver
[0.115s] -- Install configuration: "Release"
[0.115s] -- Execute custom install script
[0.115s] -- Up-to-date symlink: /home/user/ros2_ws/install/roboteq_ros2_driver/share/roboteq_ros2_driver//launch/roboteq_ros2_driver.launch.py
[0.115s] -- Up-to-date symlink: /home/user/ros2_ws/install/roboteq_ros2_driver/share/roboteq_ros2_driver//config/roboteq.yaml
[0.115s] -- Up-to-date symlink: /home/user/ros2_ws/install/roboteq_ros2_driver/lib/roboteq_ros2_driver/roboteq_ros2_driver
[0.115s] -- Up-to-date symlink: /home/user/ros2_ws/install/roboteq_ros2_driver/share/ament_index/resource_index/package_run_dependencies/roboteq_ros2_driver
[0.116s] -- Up-to-date symlink: /home/user/ros2_ws/install/roboteq_ros2_driver/share/ament_index/resource_index/parent_prefix_path/roboteq_ros2_driver
[0.116s] -- Up-to-date symlink: /home/user/ros2_ws/install/roboteq_ros2_driver/share/roboteq_ros2_driver/environment/ament_prefix_path.sh
[0.116s] -- Up-to-date symlink: /home/user/ros2_ws/install/roboteq_ros2_driver/share/roboteq_ros2_driver/environment/ament_prefix_path.dsv
[0.116s] -- Up-to-date symlink: /home/user/ros2_ws/install/roboteq_ros2_driver/share/roboteq_ros2_driver/environment/path.sh
[0.116s] -- Up-to-date symlink: /home/user/ros2_ws/install/roboteq_ros2_driver/share/roboteq_ros2_driver/environment/path.dsv
[0.116s] -- Up-to-date symlink: /home/user/ros2_ws/install/roboteq_ros2_driver/share/roboteq_ros2_driver/local_setup.bash
[0.116s] -- Up-to-date symlink: /home/user/ros2_ws/install/roboteq_ros2_driver/share/roboteq_ros2_driver/local_setup.sh
[0.116s] -- Up-to-date symlink: /home/user/ros2_ws/install/roboteq_ros2_driver/share/roboteq_ros2_driver/local_setup.zsh
[0.116s] -- Up-to-date symlink: /home/user/ros2_ws/install/roboteq_ros2_driver/share/roboteq_ros2_driver/local_setup.dsv
[0.116s] -- Symlinking: /home/user/ros2_ws/install/roboteq_ros2_driver/share/roboteq_ros2_driver/package.dsv
[0.123s] -- Up-to-date symlink: /home/user/ros2_ws/install/roboteq_ros2_driver/share/ament_index/resource_index/packages/roboteq_ros2_driver
[0.123s] -- Up-to-date symlink: /home/user/ros2_ws/install/roboteq_ros2_driver/share/roboteq_ros2_driver/cmake/roboteq_ros2_driverConfig.cmake
[0.123s] -- Up-to-date symlink: /home/user/ros2_ws/install/roboteq_ros2_driver/share/roboteq_ros2_driver/cmake/roboteq_ros2_driverConfig-version.cmake
[0.123s] -- Up-to-date symlink: /home/user/ros2_ws/install/roboteq_ros2_driver/share/roboteq_ros2_driver/package.xml
[0.125s] Invoked command in '/home/user/ros2_ws/build/roboteq_ros2_driver' returned '0': CMAKE_PREFIX_PATH=/home/user/ros2_ws/install/serial:/home/user/ros2_ws/install/slam_gmapping:/home/user/ros2_ws/install/rtabmap_ros:/home/user/ros2_ws/install/rtabmap_launch:/home/user/ros2_ws/install/rtabmap_examples:/home/user/ros2_ws/install/rtabmap_demos:/home/user/ros2_ws/install/rtabmap_viz:/home/user/ros2_ws/install/rtabmap_slam:/home/user/ros2_ws/install/rtabmap_odom:/home/user/ros2_ws/install/rtabmap_util:/home/user/ros2_ws/install/rtabmap_sync:/home/user/ros2_ws/install/rtabmap_rviz_plugins:/home/user/ros2_ws/install/rtabmap_conversions:/home/user/ros2_ws/install/rtabmap_python:/opt/ros/humble:/home/user/ros2_ws/install/rtabmap_msgs:/home/user/ros2_ws/install/rtabmap:/home/user/ros2_ws/install/roboteq_ros2_driver:/home/user/ros2_ws/install/realsense2_description:/home/user/ros2_ws/install/realsense2_camera:/home/user/ros2_ws/install/realsense2_camera_msgs:/home/user/ros2_ws/install/openslam_gmapping:/home/user/ros2_ws/install/lslidar_driver:/home/user/ros2_ws/install/lslidar_msgs:/home/user/ros2_ws/install/amr_bot /usr/bin/cmake --install /home/user/ros2_ws/build/roboteq_ros2_driver
