[0.035s] Invoking command in '/home/user/ros2_ws/build/rtabmap': CMAKE_PREFIX_PATH=/home/user/ros2_ws/install/slam_toolbox:/home/user/ros2_ws/install/slam_gmapping:/home/user/ros2_ws/install/serial:/home/user/ros2_ws/install/rtabmap_ros:/home/user/ros2_ws/install/rtabmap_launch:/home/user/ros2_ws/install/rtabmap_examples:/home/user/ros2_ws/install/rtabmap_demos:/home/user/ros2_ws/install/rtabmap_viz:/home/user/ros2_ws/install/rtabmap_slam:/home/user/ros2_ws/install/rtabmap_odom:/home/user/ros2_ws/install/rtabmap_util:/home/user/ros2_ws/install/rtabmap_sync:/home/user/ros2_ws/install/rtabmap_rviz_plugins:/home/user/ros2_ws/install/rtabmap_conversions:/home/user/ros2_ws/install/rtabmap_python:/opt/ros/humble:/home/user/ros2_ws/install/rtabmap_msgs:/home/user/ros2_ws/install/rtabmap:/home/user/ros2_ws/install/roboteq_ros2_driver:/home/user/ros2_ws/install/realsense2_description:/home/user/ros2_ws/install/realsense2_camera:/home/user/ros2_ws/install/realsense2_camera_msgs:/home/user/ros2_ws/install/openslam_gmapping:/home/user/ros2_ws/install/lslidar_driver:/home/user/ros2_ws/install/lslidar_msgs:/home/user/ros2_ws/install/amr_bot /usr/bin/cmake --build /home/user/ros2_ws/build/rtabmap
[0.078s] [  5%] Built target rtabmap_utilite
[0.096s] [  5%] Built target res_tool
[0.221s] [ 56%] Built target rtabmap_core
[0.235s] [ 56%] [34m[1mAutomatic MOC and UIC for target rtabmap_gui[0m
[0.260s] [ 56%] Built target rtabmap_gui_autogen
[0.311s] [ 73%] Built target rtabmap_gui
[0.328s] [ 74%] Built target rtabmap_app
[0.345s] [ 75%] Built target consoleApp
[0.359s] [ 76%] Built target imagesJoiner
[0.377s] [ 76%] Built target extractObject
[0.392s] [ 77%] Built target camera
[0.409s] [ 78%] Built target stereoEval
[0.426s] [ 79%] Built target kitti_dataset
[0.444s] [ 80%] Built target rgbd_dataset
[0.463s] [ 81%] Built target euroc_dataset
[0.476s] [ 82%] Built target recovery
[0.494s] [ 83%] Built target reprocess
[0.512s] [ 84%] Built target detectMoreLoopClosures
[0.530s] [ 85%] Built target export
[0.546s] [ 86%] Built target report
[0.564s] [ 87%] Built target info
[0.580s] [ 88%] Built target cleanupLocalGrids
[0.597s] [ 89%] Built target globalBundleAdjustment
[0.619s] [ 90%] Built target rgbd_camera
[0.637s] [ 91%] Built target databaseViewer
[0.654s] [ 92%] Built target epipolar_geometry
[0.672s] [ 93%] Built target odometryViewer
[0.693s] [ 93%] Built target dataRecorder
[0.713s] [ 94%] Built target calibration
[0.734s] [ 95%] Built target matcher
[0.752s] [ 95%] Built target bow_mapping
[0.766s] [ 96%] [34m[1mAutomatic MOC and UIC for target rgbd_mapping[0m
[0.779s] [ 96%] Built target rgbd_mapping_autogen
[0.802s] [ 97%] Built target rgbd_mapping
[0.816s] [ 98%] [34m[1mAutomatic MOC and UIC for target wifi_mapping[0m
[0.833s] [ 98%] Built target wifi_mapping_autogen
[0.855s] [ 99%] Built target wifi_mapping
[0.869s] [ 99%] [34m[1mAutomatic MOC and UIC for target noEventsExample[0m
[0.882s] [ 99%] Built target noEventsExample_autogen
[0.904s] [100%] Built target noEventsExample
[0.914s] Invoked command in '/home/user/ros2_ws/build/rtabmap' returned '0': CMAKE_PREFIX_PATH=/home/user/ros2_ws/install/slam_toolbox:/home/user/ros2_ws/install/slam_gmapping:/home/user/ros2_ws/install/serial:/home/user/ros2_ws/install/rtabmap_ros:/home/user/ros2_ws/install/rtabmap_launch:/home/user/ros2_ws/install/rtabmap_examples:/home/user/ros2_ws/install/rtabmap_demos:/home/user/ros2_ws/install/rtabmap_viz:/home/user/ros2_ws/install/rtabmap_slam:/home/user/ros2_ws/install/rtabmap_odom:/home/user/ros2_ws/install/rtabmap_util:/home/user/ros2_ws/install/rtabmap_sync:/home/user/ros2_ws/install/rtabmap_rviz_plugins:/home/user/ros2_ws/install/rtabmap_conversions:/home/user/ros2_ws/install/rtabmap_python:/opt/ros/humble:/home/user/ros2_ws/install/rtabmap_msgs:/home/user/ros2_ws/install/rtabmap:/home/user/ros2_ws/install/roboteq_ros2_driver:/home/user/ros2_ws/install/realsense2_description:/home/user/ros2_ws/install/realsense2_camera:/home/user/ros2_ws/install/realsense2_camera_msgs:/home/user/ros2_ws/install/openslam_gmapping:/home/user/ros2_ws/install/lslidar_driver:/home/user/ros2_ws/install/lslidar_msgs:/home/user/ros2_ws/install/amr_bot /usr/bin/cmake --build /home/user/ros2_ws/build/rtabmap
[0.951s] Invoking command in '/home/user/ros2_ws/build/rtabmap': CMAKE_PREFIX_PATH=/home/user/ros2_ws/install/slam_toolbox:/home/user/ros2_ws/install/slam_gmapping:/home/user/ros2_ws/install/serial:/home/user/ros2_ws/install/rtabmap_ros:/home/user/ros2_ws/install/rtabmap_launch:/home/user/ros2_ws/install/rtabmap_examples:/home/user/ros2_ws/install/rtabmap_demos:/home/user/ros2_ws/install/rtabmap_viz:/home/user/ros2_ws/install/rtabmap_slam:/home/user/ros2_ws/install/rtabmap_odom:/home/user/ros2_ws/install/rtabmap_util:/home/user/ros2_ws/install/rtabmap_sync:/home/user/ros2_ws/install/rtabmap_rviz_plugins:/home/user/ros2_ws/install/rtabmap_conversions:/home/user/ros2_ws/install/rtabmap_python:/opt/ros/humble:/home/user/ros2_ws/install/rtabmap_msgs:/home/user/ros2_ws/install/rtabmap:/home/user/ros2_ws/install/roboteq_ros2_driver:/home/user/ros2_ws/install/realsense2_description:/home/user/ros2_ws/install/realsense2_camera:/home/user/ros2_ws/install/realsense2_camera_msgs:/home/user/ros2_ws/install/openslam_gmapping:/home/user/ros2_ws/install/lslidar_driver:/home/user/ros2_ws/install/lslidar_msgs:/home/user/ros2_ws/install/amr_bot /usr/bin/cmake --install /home/user/ros2_ws/build/rtabmap
[0.956s] -- Install configuration: "Release"
[0.956s] -- Up-to-date: /home/user/ros2_ws/install/rtabmap/lib/rtabmap-0.21/RTABMapTargets.cmake
[0.956s] -- Up-to-date: /home/user/ros2_ws/install/rtabmap/lib/rtabmap-0.21/RTABMapConfig.cmake
[0.957s] -- Up-to-date: /home/user/ros2_ws/install/rtabmap/lib/rtabmap-0.21/RTABMapConfigVersion.cmake
[0.957s] -- Up-to-date: /home/user/ros2_ws/install/rtabmap/share/rtabmap/package.xml
[0.957s] -- Up-to-date: /home/user/ros2_ws/install/rtabmap/lib/librtabmap_utilite.so.0.21.4
[0.957s] -- Up-to-date: /home/user/ros2_ws/install/rtabmap/lib/librtabmap_utilite.so.0.21
[0.957s] -- Up-to-date: /home/user/ros2_ws/install/rtabmap/lib/librtabmap_utilite.so
[0.957s] -- Up-to-date: /home/user/ros2_ws/install/rtabmap/include/rtabmap-0.21/rtabmap
[0.957s] -- Up-to-date: /home/user/ros2_ws/install/rtabmap/include/rtabmap-0.21/rtabmap/utilite
[0.957s] -- Up-to-date: /home/user/ros2_ws/install/rtabmap/include/rtabmap-0.21/rtabmap/utilite/UEvent.h
[0.957s] -- Up-to-date: /home/user/ros2_ws/install/rtabmap/include/rtabmap-0.21/rtabmap/utilite/UProcessInfo.h
[0.958s] -- Up-to-date: /home/user/ros2_ws/install/rtabmap/include/rtabmap-0.21/rtabmap/utilite/UFile.h
[0.958s] -- Up-to-date: /home/user/ros2_ws/install/rtabmap/include/rtabmap-0.21/rtabmap/utilite/UDestroyer.h
[0.958s] -- Up-to-date: /home/user/ros2_ws/install/rtabmap/include/rtabmap-0.21/rtabmap/utilite/UObjDeletionThread.h
[0.958s] -- Up-to-date: /home/user/ros2_ws/install/rtabmap/include/rtabmap-0.21/rtabmap/utilite/UMath.h
[0.958s] -- Up-to-date: /home/user/ros2_ws/install/rtabmap/include/rtabmap-0.21/rtabmap/utilite/UStl.h
[0.958s] -- Up-to-date: /home/user/ros2_ws/install/rtabmap/include/rtabmap-0.21/rtabmap/utilite/UTimer.h
[0.959s] -- Up-to-date: /home/user/ros2_ws/install/rtabmap/include/rtabmap-0.21/rtabmap/utilite/UEventsHandler.h
[0.959s] -- Up-to-date: /home/user/ros2_ws/install/rtabmap/include/rtabmap-0.21/rtabmap/utilite/UEventsManager.h
[0.959s] -- Up-to-date: /home/user/ros2_ws/install/rtabmap/include/rtabmap-0.21/rtabmap/utilite/UEventsSender.h
[0.959s] -- Up-to-date: /home/user/ros2_ws/install/rtabmap/include/rtabmap-0.21/rtabmap/utilite/UThread.h
[0.959s] -- Up-to-date: /home/user/ros2_ws/install/rtabmap/include/rtabmap-0.21/rtabmap/utilite/UtiLite.h
[0.959s] -- Up-to-date: /home/user/ros2_ws/install/rtabmap/include/rtabmap-0.21/rtabmap/utilite/UThreadC.h
[0.959s] -- Up-to-date: /home/user/ros2_ws/install/rtabmap/include/rtabmap-0.21/rtabmap/utilite/UException.h
[0.959s] -- Up-to-date: /home/user/ros2_ws/install/rtabmap/include/rtabmap-0.21/rtabmap/utilite/UDirectory.h
[0.959s] -- Up-to-date: /home/user/ros2_ws/install/rtabmap/include/rtabmap-0.21/rtabmap/utilite/UConversion.h
[0.959s] -- Up-to-date: /home/user/ros2_ws/install/rtabmap/include/rtabmap-0.21/rtabmap/utilite/ULogger.h
[0.959s] -- Up-to-date: /home/user/ros2_ws/install/rtabmap/include/rtabmap-0.21/rtabmap/utilite/UVariant.h
[0.960s] -- Up-to-date: /home/user/ros2_ws/install/rtabmap/include/rtabmap-0.21/rtabmap/utilite/Win32
[0.960s] -- Up-to-date: /home/user/ros2_ws/install/rtabmap/include/rtabmap-0.21/rtabmap/utilite/Win32/UThreadC.h
[0.960s] -- Up-to-date: /home/user/ros2_ws/install/rtabmap/include/rtabmap-0.21/rtabmap/utilite/Win32/UWin32.h
[0.960s] -- Up-to-date: /home/user/ros2_ws/install/rtabmap/include/rtabmap-0.21/rtabmap/utilite/UThreadNode.h
[0.960s] -- Up-to-date: /home/user/ros2_ws/install/rtabmap/include/rtabmap-0.21/rtabmap/utilite/Posix
[0.960s] -- Up-to-date: /home/user/ros2_ws/install/rtabmap/include/rtabmap-0.21/rtabmap/utilite/Posix/UThreadC.h
[0.960s] -- Up-to-date: /home/user/ros2_ws/install/rtabmap/include/rtabmap-0.21/rtabmap/utilite/USemaphore.h
[0.960s] -- Up-to-date: /home/user/ros2_ws/install/rtabmap/include/rtabmap-0.21/rtabmap/utilite/UMutex.h
[0.960s] -- Up-to-date: /home/user/ros2_ws/install/rtabmap/include/rtabmap-0.21/rtabmap
[0.960s] -- Up-to-date: /home/user/ros2_ws/install/rtabmap/include/rtabmap-0.21/rtabmap/utilite
[0.960s] -- Up-to-date: /home/user/ros2_ws/install/rtabmap/include/rtabmap-0.21/rtabmap/utilite/utilite_export.h
[0.960s] -- Up-to-date: /home/user/ros2_ws/install/rtabmap/lib/rtabmap-0.21/RTABMap_utiliteTargets.cmake
[0.960s] -- Up-to-date: /home/user/ros2_ws/install/rtabmap/lib/rtabmap-0.21/RTABMap_utiliteTargets-release.cmake
[0.960s] -- Up-to-date: /home/user/ros2_ws/install/rtabmap/bin/rtabmap-res_tool-0.3.0
[0.961s] -- Up-to-date: /home/user/ros2_ws/install/rtabmap/bin/rtabmap-res_tool
[0.961s] -- Up-to-date: /home/user/ros2_ws/install/rtabmap/lib/librtabmap_core.so.0.21.4
[0.961s] -- Up-to-date: /home/user/ros2_ws/install/rtabmap/lib/librtabmap_core.so.0.21
[0.961s] -- Up-to-date: /home/user/ros2_ws/install/rtabmap/lib/librtabmap_core.so
[0.961s] -- Up-to-date: /home/user/ros2_ws/install/rtabmap/include/rtabmap-0.21/rtabmap
[0.961s] -- Up-to-date: /home/user/ros2_ws/install/rtabmap/include/rtabmap-0.21/rtabmap/core
[0.961s] -- Up-to-date: /home/user/ros2_ws/install/rtabmap/include/rtabmap-0.21/rtabmap/core/RegistrationVis.h
[0.961s] -- Up-to-date: /home/user/ros2_ws/install/rtabmap/include/rtabmap-0.21/rtabmap/core/Features2d.h
[0.961s] -- Up-to-date: /home/user/ros2_ws/install/rtabmap/include/rtabmap-0.21/rtabmap/core/Rtabmap.h
[0.961s] -- Up-to-date: /home/user/ros2_ws/install/rtabmap/include/rtabmap-0.21/rtabmap/core/UserDataEvent.h
[0.961s] -- Up-to-date: /home/user/ros2_ws/install/rtabmap/include/rtabmap-0.21/rtabmap/core/optimizer
[0.961s] -- Up-to-date: /home/user/ros2_ws/install/rtabmap/include/rtabmap-0.21/rtabmap/core/optimizer/OptimizerG2O.h
[0.961s] -- Up-to-date: /home/user/ros2_ws/install/rtabmap/include/rtabmap-0.21/rtabmap/core/optimizer/OptimizerGTSAM.h
[0.961s] -- Up-to-date: /home/user/ros2_ws/install/rtabmap/include/rtabmap-0.21/rtabmap/core/optimizer/OptimizerCeres.h
[0.961s] -- Up-to-date: /home/user/ros2_ws/install/rtabmap/include/rtabmap-0.21/rtabmap/core/optimizer/OptimizerCVSBA.h
[0.962s] -- Up-to-date: /home/user/ros2_ws/install/rtabmap/include/rtabmap-0.21/rtabmap/core/optimizer/OptimizerTORO.h
[0.962s] -- Up-to-date: /home/user/ros2_ws/install/rtabmap/include/rtabmap-0.21/rtabmap/core/EpipolarGeometry.h
[0.962s] -- Up-to-date: /home/user/ros2_ws/install/rtabmap/include/rtabmap-0.21/rtabmap/core/StereoDense.h
[0.962s] -- Up-to-date: /home/user/ros2_ws/install/rtabmap/include/rtabmap-0.21/rtabmap/core/odometry
[0.962s] -- Up-to-date: /home/user/ros2_ws/install/rtabmap/include/rtabmap-0.21/rtabmap/core/odometry/OdometryViso2.h
[0.962s] -- Up-to-date: /home/user/ros2_ws/install/rtabmap/include/rtabmap-0.21/rtabmap/core/odometry/OdometryFLOAM.h
[0.962s] -- Up-to-date: /home/user/ros2_ws/install/rtabmap/include/rtabmap-0.21/rtabmap/core/odometry/OdometryVINS.h
[0.962s] -- Up-to-date: /home/user/ros2_ws/install/rtabmap/include/rtabmap-0.21/rtabmap/core/odometry/OdometryFovis.h
[0.962s] -- Up-to-date: /home/user/ros2_ws/install/rtabmap/include/rtabmap-0.21/rtabmap/core/odometry/OdometryORBSLAM2.h
[0.962s] -- Up-to-date: /home/user/ros2_ws/install/rtabmap/include/rtabmap-0.21/rtabmap/core/odometry/OdometryDVO.h
[0.962s] -- Up-to-date: /home/user/ros2_ws/install/rtabmap/include/rtabmap-0.21/rtabmap/core/odometry/OdometryMSCKF.h
[0.962s] -- Up-to-date: /home/user/ros2_ws/install/rtabmap/include/rtabmap-0.21/rtabmap/core/odometry/OdometryF2F.h
[0.962s] -- Up-to-date: /home/user/ros2_ws/install/rtabmap/include/rtabmap-0.21/rtabmap/core/odometry/OdometryF2M.h
[0.962s] -- Up-to-date: /home/user/ros2_ws/install/rtabmap/include/rtabmap-0.21/rtabmap/core/odometry/OdometryOpenVINS.h
[0.962s] -- Up-to-date: /home/user/ros2_ws/install/rtabmap/include/rtabmap-0.21/rtabmap/core/odometry/OdometryORBSLAM3.h
[0.963s] -- Up-to-date: /home/user/ros2_ws/install/rtabmap/include/rtabmap-0.21/rtabmap/core/odometry/OdometryOpen3D.h
[0.963s] -- Up-to-date: /home/user/ros2_ws/install/rtabmap/include/rtabmap-0.21/rtabmap/core/odometry/OdometryMono.h
[0.963s] -- Up-to-date: /home/user/ros2_ws/install/rtabmap/include/rtabmap-0.21/rtabmap/core/odometry/OdometryLOAM.h
[0.963s] -- Up-to-date: /home/user/ros2_ws/install/rtabmap/include/rtabmap-0.21/rtabmap/core/odometry/OdometryOkvis.h
[0.963s] -- Up-to-date: /home/user/ros2_ws/install/rtabmap/include/rtabmap-0.21/rtabmap/core/OccupancyGrid.h
[0.963s] -- Up-to-date: /home/user/ros2_ws/install/rtabmap/include/rtabmap-0.21/rtabmap/core/clams
[0.963s] -- Up-to-date: /home/user/ros2_ws/install/rtabmap/include/rtabmap-0.21/rtabmap/core/clams/slam_calibrator.h
[0.963s] -- Up-to-date: /home/user/ros2_ws/install/rtabmap/include/rtabmap-0.21/rtabmap/core/clams/discrete_depth_distortion_model.h
[0.963s] -- Up-to-date: /home/user/ros2_ws/install/rtabmap/include/rtabmap-0.21/rtabmap/core/clams/frame_projector.h
[0.963s] -- Up-to-date: /home/user/ros2_ws/install/rtabmap/include/rtabmap-0.21/rtabmap/core/IMUFilter.h
[0.963s] -- Up-to-date: /home/user/ros2_ws/install/rtabmap/include/rtabmap-0.21/rtabmap/core/RegistrationIcp.h
[0.963s] -- Up-to-date: /home/user/ros2_ws/install/rtabmap/include/rtabmap-0.21/rtabmap/core/DBDriver.h
[0.963s] -- Up-to-date: /home/user/ros2_ws/install/rtabmap/include/rtabmap-0.21/rtabmap/core/Signature.h
[0.963s] -- Up-to-date: /home/user/ros2_ws/install/rtabmap/include/rtabmap-0.21/rtabmap/core/Compression.h
[0.963s] -- Up-to-date: /home/user/ros2_ws/install/rtabmap/include/rtabmap-0.21/rtabmap/core/Registration.h
[0.963s] -- Up-to-date: /home/user/ros2_ws/install/rtabmap/include/rtabmap-0.21/rtabmap/core/util3d_registration.h
[0.964s] -- Up-to-date: /home/user/ros2_ws/install/rtabmap/include/rtabmap-0.21/rtabmap/core/impl
[0.964s] -- Up-to-date: /home/user/ros2_ws/install/rtabmap/include/rtabmap-0.21/rtabmap/core/impl/LocalMapMaker.hpp
[0.964s] -- Up-to-date: /home/user/ros2_ws/install/rtabmap/include/rtabmap-0.21/rtabmap/core/impl/util3d_surface.hpp
[0.964s] -- Up-to-date: /home/user/ros2_ws/install/rtabmap/include/rtabmap-0.21/rtabmap/core/impl/util3d.hpp
[0.964s] -- Up-to-date: /home/user/ros2_ws/install/rtabmap/include/rtabmap-0.21/rtabmap/core/impl/util3d_mapping.hpp
[0.964s] -- Up-to-date: /home/user/ros2_ws/install/rtabmap/include/rtabmap-0.21/rtabmap/core/Statistics.h
[0.964s] -- Up-to-date: /home/user/ros2_ws/install/rtabmap/include/rtabmap-0.21/rtabmap/core/DBDriverSqlite3.h
[0.964s] -- Up-to-date: /home/user/ros2_ws/install/rtabmap/include/rtabmap-0.21/rtabmap/core/OdometryEvent.h
[0.964s] -- Up-to-date: /home/user/ros2_ws/install/rtabmap/include/rtabmap-0.21/rtabmap/core/Memory.h
[0.964s] -- Up-to-date: /home/user/ros2_ws/install/rtabmap/include/rtabmap-0.21/rtabmap/core/Landmark.h
[0.964s] -- Up-to-date: /home/user/ros2_ws/install/rtabmap/include/rtabmap-0.21/rtabmap/core/GlobalMap.h
[0.964s] -- Up-to-date: /home/user/ros2_ws/install/rtabmap/include/rtabmap-0.21/rtabmap/core/CameraInfo.h
[0.964s] -- Up-to-date: /home/user/ros2_ws/install/rtabmap/include/rtabmap-0.21/rtabmap/core/RtabmapThread.h
[0.964s] -- Up-to-date: /home/user/ros2_ws/install/rtabmap/include/rtabmap-0.21/rtabmap/core/IMUThread.h
[0.964s] -- Up-to-date: /home/user/ros2_ws/install/rtabmap/include/rtabmap-0.21/rtabmap/core/RtabmapEvent.h
[0.964s] -- Up-to-date: /home/user/ros2_ws/install/rtabmap/include/rtabmap-0.21/rtabmap/core/Odometry.h
[0.965s] -- Up-to-date: /home/user/ros2_ws/install/rtabmap/include/rtabmap-0.21/rtabmap/core/LocalGrid.h
[0.965s] -- Up-to-date: /home/user/ros2_ws/install/rtabmap/include/rtabmap-0.21/rtabmap/core/Optimizer.h
[0.965s] -- Up-to-date: /home/user/ros2_ws/install/rtabmap/include/rtabmap-0.21/rtabmap/core/VWDictionary.h
[0.965s] -- Up-to-date: /home/user/ros2_ws/install/rtabmap/include/rtabmap-0.21/rtabmap/core/Graph.h
[0.965s] -- Up-to-date: /home/user/ros2_ws/install/rtabmap/include/rtabmap-0.21/rtabmap/core/OctoMap.h
[0.965s] -- Up-to-date: /home/user/ros2_ws/install/rtabmap/include/rtabmap-0.21/rtabmap/core/CameraThread.h
[0.965s] -- Up-to-date: /home/user/ros2_ws/install/rtabmap/include/rtabmap-0.21/rtabmap/core/Transform.h
[0.965s] -- Up-to-date: /home/user/ros2_ws/install/rtabmap/include/rtabmap-0.21/rtabmap/core/Link.h
[0.965s] -- Up-to-date: /home/user/ros2_ws/install/rtabmap/include/rtabmap-0.21/rtabmap/core/Camera.h
[0.965s] -- Up-to-date: /home/user/ros2_ws/install/rtabmap/include/rtabmap-0.21/rtabmap/core/stereo
[0.965s] -- Up-to-date: /home/user/ros2_ws/install/rtabmap/include/rtabmap-0.21/rtabmap/core/stereo/StereoBM.h
[0.965s] -- Up-to-date: /home/user/ros2_ws/install/rtabmap/include/rtabmap-0.21/rtabmap/core/stereo/StereoSGBM.h
[0.965s] -- Up-to-date: /home/user/ros2_ws/install/rtabmap/include/rtabmap-0.21/rtabmap/core/stereo/stereoRectifyFisheye.h
[0.965s] -- Up-to-date: /home/user/ros2_ws/install/rtabmap/include/rtabmap-0.21/rtabmap/core/CameraEvent.h
[0.965s] -- Up-to-date: /home/user/ros2_ws/install/rtabmap/include/rtabmap-0.21/rtabmap/core/EnvSensor.h
[0.966s] -- Up-to-date: /home/user/ros2_ws/install/rtabmap/include/rtabmap-0.21/rtabmap/core/CameraRGB.h
[0.966s] -- Up-to-date: /home/user/ros2_ws/install/rtabmap/include/rtabmap-0.21/rtabmap/core/BayesFilter.h
[0.966s] -- Up-to-date: /home/user/ros2_ws/install/rtabmap/include/rtabmap-0.21/rtabmap/core/util3d.h
[0.966s] -- Up-to-date: /home/user/ros2_ws/install/rtabmap/include/rtabmap-0.21/rtabmap/core/StereoCameraModel.h
[0.966s] -- Up-to-date: /home/user/ros2_ws/install/rtabmap/include/rtabmap-0.21/rtabmap/core/GPS.h
[0.966s] -- Up-to-date: /home/user/ros2_ws/install/rtabmap/include/rtabmap-0.21/rtabmap/core/LocalGridMaker.h
[0.966s] -- Up-to-date: /home/user/ros2_ws/install/rtabmap/include/rtabmap-0.21/rtabmap/core/ParticleFilter.h
[0.966s] -- Up-to-date: /home/user/ros2_ws/install/rtabmap/include/rtabmap-0.21/rtabmap/core/FlannIndex.h
[0.967s] -- Up-to-date: /home/user/ros2_ws/install/rtabmap/include/rtabmap-0.21/rtabmap/core/ParamEvent.h
[0.967s] -- Up-to-date: /home/user/ros2_ws/install/rtabmap/include/rtabmap-0.21/rtabmap/core/util3d_correspondences.h
[0.968s] -- Up-to-date: /home/user/ros2_ws/install/rtabmap/include/rtabmap-0.21/rtabmap/core/RegistrationInfo.h
[0.968s] -- Up-to-date: /home/user/ros2_ws/install/rtabmap/include/rtabmap-0.21/rtabmap/core/CameraRGBD.h
[0.968s] -- Up-to-date: /home/user/ros2_ws/install/rtabmap/include/rtabmap-0.21/rtabmap/core/DBReader.h
[0.968s] -- Up-to-date: /home/user/ros2_ws/install/rtabmap/include/rtabmap-0.21/rtabmap/core/MarkerDetector.h
[0.968s] -- Up-to-date: /home/user/ros2_ws/install/rtabmap/include/rtabmap-0.21/rtabmap/core/OdometryInfo.h
[0.968s] -- Up-to-date: /home/user/ros2_ws/install/rtabmap/include/rtabmap-0.21/rtabmap/core/util3d_mapping.h
[0.968s] -- Up-to-date: /home/user/ros2_ws/install/rtabmap/include/rtabmap-0.21/rtabmap/core/SensorData.h
[0.968s] -- Up-to-date: /home/user/ros2_ws/install/rtabmap/include/rtabmap-0.21/rtabmap/core/PythonInterface.h
[0.968s] -- Up-to-date: /home/user/ros2_ws/install/rtabmap/include/rtabmap-0.21/rtabmap/core/util3d_surface.h
[0.968s] -- Up-to-date: /home/user/ros2_ws/install/rtabmap/include/rtabmap-0.21/rtabmap/core/OdometryThread.h
[0.968s] -- Up-to-date: /home/user/ros2_ws/install/rtabmap/include/rtabmap-0.21/rtabmap/core/PDALWriter.h
[0.968s] -- Up-to-date: /home/user/ros2_ws/install/rtabmap/include/rtabmap-0.21/rtabmap/core/util3d_motion_estimation.h
[0.968s] -- Up-to-date: /home/user/ros2_ws/install/rtabmap/include/rtabmap-0.21/rtabmap/core/LaserScan.h
[0.969s] -- Up-to-date: /home/user/ros2_ws/install/rtabmap/include/rtabmap-0.21/rtabmap/core/CameraModel.h
[0.969s] -- Up-to-date: /home/user/ros2_ws/install/rtabmap/include/rtabmap-0.21/rtabmap/core/Image.h
[0.969s] -- Up-to-date: /home/user/ros2_ws/install/rtabmap/include/rtabmap-0.21/rtabmap/core/Recovery.h
[0.969s] -- Up-to-date: /home/user/ros2_ws/install/rtabmap/include/rtabmap-0.21/rtabmap/core/camera
[0.969s] -- Up-to-date: /home/user/ros2_ws/install/rtabmap/include/rtabmap-0.21/rtabmap/core/camera/CameraFreenect2.h
[0.969s] -- Up-to-date: /home/user/ros2_ws/install/rtabmap/include/rtabmap-0.21/rtabmap/core/camera/CameraStereoDC1394.h
[0.969s] -- Up-to-date: /home/user/ros2_ws/install/rtabmap/include/rtabmap-0.21/rtabmap/core/camera/CameraStereoImages.h
[0.969s] -- Up-to-date: /home/user/ros2_ws/install/rtabmap/include/rtabmap-0.21/rtabmap/core/camera/CameraVideo.h
[0.969s] -- Up-to-date: /home/user/ros2_ws/install/rtabmap/include/rtabmap-0.21/rtabmap/core/camera/CameraRGBDImages.h
[0.969s] -- Up-to-date: /home/user/ros2_ws/install/rtabmap/include/rtabmap-0.21/rtabmap/core/camera/CameraMyntEye.h
[0.969s] -- Up-to-date: /home/user/ros2_ws/install/rtabmap/include/rtabmap-0.21/rtabmap/core/camera/CameraRealSense.h
[0.969s] -- Up-to-date: /home/user/ros2_ws/install/rtabmap/include/rtabmap-0.21/rtabmap/core/camera/CameraRealSense2.h
[0.969s] -- Up-to-date: /home/user/ros2_ws/install/rtabmap/include/rtabmap-0.21/rtabmap/core/camera/CameraStereoVideo.h
[0.969s] -- Up-to-date: /home/user/ros2_ws/install/rtabmap/include/rtabmap-0.21/rtabmap/core/camera/CameraImages.h
[0.969s] -- Up-to-date: /home/user/ros2_ws/install/rtabmap/include/rtabmap-0.21/rtabmap/core/camera/CameraK4W2.h
[0.969s] -- Up-to-date: /home/user/ros2_ws/install/rtabmap/include/rtabmap-0.21/rtabmap/core/camera/CameraStereoZedOC.h
[0.970s] -- Up-to-date: /home/user/ros2_ws/install/rtabmap/include/rtabmap-0.21/rtabmap/core/camera/CameraStereoTara.h
[0.970s] -- Up-to-date: /home/user/ros2_ws/install/rtabmap/include/rtabmap-0.21/rtabmap/core/camera/CameraFreenect.h
[0.970s] -- Up-to-date: /home/user/ros2_ws/install/rtabmap/include/rtabmap-0.21/rtabmap/core/camera/CameraK4A.h
[0.970s] -- Up-to-date: /home/user/ros2_ws/install/rtabmap/include/rtabmap-0.21/rtabmap/core/camera/CameraDepthAI.h
[0.970s] -- Up-to-date: /home/user/ros2_ws/install/rtabmap/include/rtabmap-0.21/rtabmap/core/camera/CameraStereoFlyCapture2.h
[0.970s] -- Up-to-date: /home/user/ros2_ws/install/rtabmap/include/rtabmap-0.21/rtabmap/core/camera/CameraOpenNICV.h
[0.970s] -- Up-to-date: /home/user/ros2_ws/install/rtabmap/include/rtabmap-0.21/rtabmap/core/camera/CameraOpenNI2.h
[0.970s] -- Up-to-date: /home/user/ros2_ws/install/rtabmap/include/rtabmap-0.21/rtabmap/core/camera/CameraOpenni.h
[0.970s] -- Up-to-date: /home/user/ros2_ws/install/rtabmap/include/rtabmap-0.21/rtabmap/core/camera/CameraStereoZed.h
[0.970s] -- Up-to-date: /home/user/ros2_ws/install/rtabmap/include/rtabmap-0.21/rtabmap/core/Stereo.h
[0.970s] -- Up-to-date: /home/user/ros2_ws/install/rtabmap/include/rtabmap-0.21/rtabmap/core/IMU.h
[0.970s] -- Up-to-date: /home/user/ros2_ws/install/rtabmap/include/rtabmap-0.21/rtabmap/core/ProgressState.h
[0.970s] -- Up-to-date: /home/user/ros2_ws/install/rtabmap/include/rtabmap-0.21/rtabmap/core/GlobalDescriptor.h
[0.970s] -- Up-to-date: /home/user/ros2_ws/install/rtabmap/include/rtabmap-0.21/rtabmap/core/GainCompensator.h
[0.970s] -- Up-to-date: /home/user/ros2_ws/install/rtabmap/include/rtabmap-0.21/rtabmap/core/VisualWord.h
[0.970s] -- Up-to-date: /home/user/ros2_ws/install/rtabmap/include/rtabmap-0.21/rtabmap/core/CameraStereo.h
[0.970s] -- Up-to-date: /home/user/ros2_ws/install/rtabmap/include/rtabmap-0.21/rtabmap/core/global_map
[0.971s] -- Up-to-date: /home/user/ros2_ws/install/rtabmap/include/rtabmap-0.21/rtabmap/core/global_map/CloudMap.h
[0.971s] -- Up-to-date: /home/user/ros2_ws/install/rtabmap/include/rtabmap-0.21/rtabmap/core/global_map/OccupancyGrid.h
[0.971s] -- Up-to-date: /home/user/ros2_ws/install/rtabmap/include/rtabmap-0.21/rtabmap/core/global_map/GridMap.h
[0.971s] -- Up-to-date: /home/user/ros2_ws/install/rtabmap/include/rtabmap-0.21/rtabmap/core/global_map/OctoMap.h
[0.971s] -- Up-to-date: /home/user/ros2_ws/install/rtabmap/include/rtabmap-0.21/rtabmap/core/util3d_features.h
[0.971s] -- Up-to-date: /home/user/ros2_ws/install/rtabmap/include/rtabmap-0.21/rtabmap/core/util3d_filtering.h
[0.971s] -- Up-to-date: /home/user/ros2_ws/install/rtabmap/include/rtabmap-0.21/rtabmap/core/GeodeticCoords.h
[0.971s] -- Up-to-date: /home/user/ros2_ws/install/rtabmap/include/rtabmap-0.21/rtabmap/core/util2d.h
[0.971s] -- Up-to-date: /home/user/ros2_ws/install/rtabmap/include/rtabmap-0.21/rtabmap/core/util3d_transforms.h
[0.971s] -- Up-to-date: /home/user/ros2_ws/install/rtabmap/include/rtabmap-0.21/rtabmap/core/Parameters.h
[0.971s] -- Up-to-date: /home/user/ros2_ws/install/rtabmap/include/rtabmap-0.21/rtabmap
[0.971s] -- Up-to-date: /home/user/ros2_ws/install/rtabmap/include/rtabmap-0.21/rtabmap/core
[0.971s] -- Up-to-date: /home/user/ros2_ws/install/rtabmap/include/rtabmap-0.21/rtabmap/core/Version.h
[0.971s] -- Up-to-date: /home/user/ros2_ws/install/rtabmap/include/rtabmap-0.21/rtabmap/core/rtabmap_core_export.h
[0.971s] -- Up-to-date: /home/user/ros2_ws/install/rtabmap/lib/rtabmap-0.21/RTABMap_coreTargets.cmake
[0.971s] -- Up-to-date: /home/user/ros2_ws/install/rtabmap/lib/rtabmap-0.21/RTABMap_coreTargets-release.cmake
[0.972s] -- Up-to-date: /home/user/ros2_ws/install/rtabmap/lib/librtabmap_gui.so.0.21.4
[0.972s] -- Up-to-date: /home/user/ros2_ws/install/rtabmap/lib/librtabmap_gui.so.0.21
[0.972s] -- Up-to-date: /home/user/ros2_ws/install/rtabmap/lib/librtabmap_gui.so
[0.972s] -- Up-to-date: /home/user/ros2_ws/install/rtabmap/include/rtabmap-0.21/rtabmap
[0.972s] -- Up-to-date: /home/user/ros2_ws/install/rtabmap/include/rtabmap-0.21/rtabmap/gui
[0.972s] -- Up-to-date: /home/user/ros2_ws/install/rtabmap/include/rtabmap-0.21/rtabmap/gui/KeypointItem.h
[0.972s] -- Up-to-date: /home/user/ros2_ws/install/rtabmap/include/rtabmap-0.21/rtabmap/gui/PostProcessingDialog.h
[0.972s] -- Up-to-date: /home/user/ros2_ws/install/rtabmap/include/rtabmap-0.21/rtabmap/gui/MapVisibilityWidget.h
[0.972s] -- Up-to-date: /home/user/ros2_ws/install/rtabmap/include/rtabmap-0.21/rtabmap/gui/GraphViewer.h
[0.972s] -- Up-to-date: /home/user/ros2_ws/install/rtabmap/include/rtabmap-0.21/rtabmap/gui/DataRecorder.h
[0.972s] -- Up-to-date: /home/user/ros2_ws/install/rtabmap/include/rtabmap-0.21/rtabmap/gui/CameraViewer.h
[0.972s] -- Up-to-date: /home/user/ros2_ws/install/rtabmap/include/rtabmap-0.21/rtabmap/gui/LoopClosureViewer.h
[0.972s] -- Up-to-date: /home/user/ros2_ws/install/rtabmap/include/rtabmap-0.21/rtabmap/gui/StatsToolBox.h
[0.972s] -- Up-to-date: /home/user/ros2_ws/install/rtabmap/include/rtabmap-0.21/rtabmap/gui/MainWindow.h
[0.972s] -- Up-to-date: /home/user/ros2_ws/install/rtabmap/include/rtabmap-0.21/rtabmap/gui/ExportCloudsDialog.h
[0.972s] -- Up-to-date: /home/user/ros2_ws/install/rtabmap/include/rtabmap-0.21/rtabmap/gui/AboutDialog.h
[0.972s] -- Up-to-date: /home/user/ros2_ws/install/rtabmap/include/rtabmap-0.21/rtabmap/gui/ProgressDialog.h
[0.972s] -- Up-to-date: /home/user/ros2_ws/install/rtabmap/include/rtabmap-0.21/rtabmap/gui/ExportBundlerDialog.h
[0.972s] -- Up-to-date: /home/user/ros2_ws/install/rtabmap/include/rtabmap-0.21/rtabmap/gui/PdfPlot.h
[0.972s] -- Up-to-date: /home/user/ros2_ws/install/rtabmap/include/rtabmap-0.21/rtabmap/gui/ExportDialog.h
[0.972s] -- Up-to-date: /home/user/ros2_ws/install/rtabmap/include/rtabmap-0.21/rtabmap/gui/LinkRefiningDialog.h
[0.972s] -- Up-to-date: /home/user/ros2_ws/install/rtabmap/include/rtabmap-0.21/rtabmap/gui/DatabaseViewer.h
[0.972s] -- Up-to-date: /home/user/ros2_ws/install/rtabmap/include/rtabmap-0.21/rtabmap/gui/CreateSimpleCalibrationDialog.h
[0.972s] -- Up-to-date: /home/user/ros2_ws/install/rtabmap/include/rtabmap-0.21/rtabmap/gui/MultiSessionLocWidget.h
[0.972s] -- Up-to-date: /home/user/ros2_ws/install/rtabmap/include/rtabmap-0.21/rtabmap/gui/MultiSessionLocSubView.h
[0.972s] -- Up-to-date: /home/user/ros2_ws/install/rtabmap/include/rtabmap-0.21/rtabmap/gui/CloudViewerInteractorStyle.h
[0.972s] -- Up-to-date: /home/user/ros2_ws/install/rtabmap/include/rtabmap-0.21/rtabmap/gui/CloudViewerCellPicker.h
[0.973s] -- Up-to-date: /home/user/ros2_ws/install/rtabmap/include/rtabmap-0.21/rtabmap/gui/EditConstraintDialog.h
[0.973s] -- Up-to-date: /home/user/ros2_ws/install/rtabmap/include/rtabmap-0.21/rtabmap/gui/ImageView.h
[0.973s] -- Up-to-date: /home/user/ros2_ws/install/rtabmap/include/rtabmap-0.21/rtabmap/gui/ConsoleWidget.h
[0.973s] -- Up-to-date: /home/user/ros2_ws/install/rtabmap/include/rtabmap-0.21/rtabmap/gui/ParametersToolBox.h
[0.973s] -- Up-to-date: /home/user/ros2_ws/install/rtabmap/include/rtabmap-0.21/rtabmap/gui/DepthCalibrationDialog.h
[0.973s] -- Up-to-date: /home/user/ros2_ws/install/rtabmap/include/rtabmap-0.21/rtabmap/gui/RecoveryState.h
[0.973s] -- Up-to-date: /home/user/ros2_ws/install/rtabmap/include/rtabmap-0.21/rtabmap/gui/CalibrationDialog.h
[0.973s] -- Up-to-date: /home/user/ros2_ws/install/rtabmap/include/rtabmap-0.21/rtabmap/gui/PreferencesDialog.h
[0.973s] -- Up-to-date: /home/user/ros2_ws/install/rtabmap/include/rtabmap-0.21/rtabmap/gui/EditDepthArea.h
[0.973s] -- Up-to-date: /home/user/ros2_ws/install/rtabmap/include/rtabmap-0.21/rtabmap/gui/OdometryViewer.h
[0.973s] -- Up-to-date: /home/user/ros2_ws/install/rtabmap/include/rtabmap-0.21/rtabmap/gui/TexturingState.h
[0.973s] -- Up-to-date: /home/user/ros2_ws/install/rtabmap/include/rtabmap-0.21/rtabmap/gui/CloudViewer.h
[0.973s] -- Up-to-date: /home/user/ros2_ws/install/rtabmap/include/rtabmap-0.21/rtabmap/gui/EditMapArea.h
[0.973s] -- Up-to-date: /home/user/ros2_ws/install/rtabmap/include/rtabmap-0.21/rtabmap/utilite
[0.973s] -- Up-to-date: /home/user/ros2_ws/install/rtabmap/include/rtabmap-0.21/rtabmap/utilite/UCv2Qt.h
[0.973s] -- Up-to-date: /home/user/ros2_ws/install/rtabmap/include/rtabmap-0.21/rtabmap/utilite/UImageView.h
[0.973s] -- Up-to-date: /home/user/ros2_ws/install/rtabmap/include/rtabmap-0.21/rtabmap/utilite/UPlot.h
[0.973s] -- Up-to-date: /home/user/ros2_ws/install/rtabmap/include/rtabmap-0.21/rtabmap
[0.973s] -- Up-to-date: /home/user/ros2_ws/install/rtabmap/include/rtabmap-0.21/rtabmap/gui
[0.973s] -- Up-to-date: /home/user/ros2_ws/install/rtabmap/include/rtabmap-0.21/rtabmap/gui/rtabmap_gui_export.h
[0.973s] -- Up-to-date: /home/user/ros2_ws/install/rtabmap/lib/rtabmap-0.21/RTABMap_guiTargets.cmake
[0.973s] -- Up-to-date: /home/user/ros2_ws/install/rtabmap/lib/rtabmap-0.21/RTABMap_guiTargets-release.cmake
[0.973s] -- Up-to-date: /home/user/ros2_ws/install/rtabmap/bin/rtabmap
[0.973s] -- Up-to-date: /home/user/ros2_ws/install/rtabmap/bin/rtabmap-console
[0.973s] -- Up-to-date: /home/user/ros2_ws/install/rtabmap/bin/rtabmap-extractObject
[0.973s] -- Up-to-date: /home/user/ros2_ws/install/rtabmap/bin/rtabmap-camera
[0.973s] -- Up-to-date: /home/user/ros2_ws/install/rtabmap/bin/rtabmap-kitti_dataset
[0.973s] -- Up-to-date: /home/user/ros2_ws/install/rtabmap/bin/rtabmap-rgbd_dataset
[0.973s] -- Up-to-date: /home/user/ros2_ws/install/rtabmap/bin/rtabmap-euroc_dataset
[0.973s] -- Up-to-date: /home/user/ros2_ws/install/rtabmap/bin/rtabmap-recovery
[0.973s] -- Up-to-date: /home/user/ros2_ws/install/rtabmap/bin/rtabmap-reprocess
[0.973s] -- Up-to-date: /home/user/ros2_ws/install/rtabmap/bin/rtabmap-detectMoreLoopClosures
[0.973s] -- Up-to-date: /home/user/ros2_ws/install/rtabmap/bin/rtabmap-export
[0.973s] -- Up-to-date: /home/user/ros2_ws/install/rtabmap/bin/rtabmap-report
[0.973s] -- Up-to-date: /home/user/ros2_ws/install/rtabmap/bin/rtabmap-info
[0.973s] -- Up-to-date: /home/user/ros2_ws/install/rtabmap/bin/rtabmap-cleanupLocalGrids
[0.973s] -- Up-to-date: /home/user/ros2_ws/install/rtabmap/bin/rtabmap-globalBundleAdjustment
[0.974s] -- Up-to-date: /home/user/ros2_ws/install/rtabmap/bin/rtabmap-rgbd_camera
[0.974s] -- Up-to-date: /home/user/ros2_ws/install/rtabmap/bin/rtabmap-databaseViewer
[0.974s] -- Up-to-date: /home/user/ros2_ws/install/rtabmap/bin/rtabmap-odometryViewer
[0.974s] -- Up-to-date: /home/user/ros2_ws/install/rtabmap/bin/rtabmap-dataRecorder
[0.974s] -- Up-to-date: /home/user/ros2_ws/install/rtabmap/bin/rtabmap-calibration
[0.974s] Invoked command in '/home/user/ros2_ws/build/rtabmap' returned '0': CMAKE_PREFIX_PATH=/home/user/ros2_ws/install/slam_toolbox:/home/user/ros2_ws/install/slam_gmapping:/home/user/ros2_ws/install/serial:/home/user/ros2_ws/install/rtabmap_ros:/home/user/ros2_ws/install/rtabmap_launch:/home/user/ros2_ws/install/rtabmap_examples:/home/user/ros2_ws/install/rtabmap_demos:/home/user/ros2_ws/install/rtabmap_viz:/home/user/ros2_ws/install/rtabmap_slam:/home/user/ros2_ws/install/rtabmap_odom:/home/user/ros2_ws/install/rtabmap_util:/home/user/ros2_ws/install/rtabmap_sync:/home/user/ros2_ws/install/rtabmap_rviz_plugins:/home/user/ros2_ws/install/rtabmap_conversions:/home/user/ros2_ws/install/rtabmap_python:/opt/ros/humble:/home/user/ros2_ws/install/rtabmap_msgs:/home/user/ros2_ws/install/rtabmap:/home/user/ros2_ws/install/roboteq_ros2_driver:/home/user/ros2_ws/install/realsense2_description:/home/user/ros2_ws/install/realsense2_camera:/home/user/ros2_ws/install/realsense2_camera_msgs:/home/user/ros2_ws/install/openslam_gmapping:/home/user/ros2_ws/install/lslidar_driver:/home/user/ros2_ws/install/lslidar_msgs:/home/user/ros2_ws/install/amr_bot /usr/bin/cmake --install /home/user/ros2_ws/build/rtabmap
