[0.823s] Invoking command in '/home/user/ros2_ws/build/rtabmap_python': PYTHONPATH=/home/user/ros2_ws/build/rtabmap_python/prefix_override:/home/user/ros2_ws/install/rtabmap_python/lib/python3.10/site-packages:${PYTHONPATH} /usr/bin/python3 setup.py develop --editable --build-directory /home/user/ros2_ws/build/rtabmap_python/build --no-deps install_data
[1.100s] running develop
[1.101s] /usr/lib/python3/dist-packages/setuptools/command/easy_install.py:158: EasyInstallDeprecationWarning: easy_install command is deprecated. Use build and pip and other standards-based tools.
[1.101s]   warnings.warn(
[1.102s] /usr/lib/python3/dist-packages/setuptools/command/install.py:34: SetuptoolsDeprecationWarning: setup.py install is deprecated. Use build and pip and other standards-based tools.
[1.102s]   warnings.warn(
[1.270s] running egg_info
[1.271s] writing rtabmap_python.egg-info/PKG-INFO
[1.271s] writing dependency_links to rtabmap_python.egg-info/dependency_links.txt
[1.271s] writing entry points to rtabmap_python.egg-info/entry_points.txt
[1.271s] writing requirements to rtabmap_python.egg-info/requires.txt
[1.271s] writing top-level names to rtabmap_python.egg-info/top_level.txt
[1.272s] reading manifest file 'rtabmap_python.egg-info/SOURCES.txt'
[1.273s] writing manifest file 'rtabmap_python.egg-info/SOURCES.txt'
[1.274s] running build_ext
[1.275s] Creating /home/user/ros2_ws/install/rtabmap_python/lib/python3.10/site-packages/rtabmap-python.egg-link (link to .)
[1.275s] 
[1.276s] Installed /home/user/ros2_ws/build/rtabmap_python
[1.276s] running install_data
[1.316s] Invoked command in '/home/user/ros2_ws/build/rtabmap_python' returned '0': PYTHONPATH=/home/user/ros2_ws/build/rtabmap_python/prefix_override:/home/user/ros2_ws/install/rtabmap_python/lib/python3.10/site-packages:${PYTHONPATH} /usr/bin/python3 setup.py develop --editable --build-directory /home/user/ros2_ws/build/rtabmap_python/build --no-deps install_data
